2022-07-18 17:44:36,181 Calcualting y0............
2022-07-18 17:44:36,181 x=[ 0.  5. 10. 15. 20. 25. 30. 35. 40. 45. 50.]
2022-07-18 17:44:36,181 k=2.9821055500675557
2022-07-18 17:44:36,181 z=[0.0, 0.1, 0.2, 0.3, 0.4, 0.5, 0.6, 0.7, 0.8, 0.9, 1.0]
2022-07-18 17:44:36,181 kz=[0.0, 0.2982105550067556, 0.5964211100135112, 0.8946316650202667, 1.1928422200270223, 1.4910527750337779, 1.7892633300405334, 2.087473885047289, 2.3856844400540447, 2.6838949950608004, 2.9821055500675557]
2022-07-18 17:44:36,181 y0=[0.0, 0.0755825621545495, 0.30910173044611944, 0.7214786110066301, 1.3496582672656698, 2.2499196477766144, 3.502917647064534, 5.220909020401251, 7.55780952604445, 10.722983319647751, 15.0]
2022-07-18 17:44:36,181 y=[30.76800477310779, 30.69242221095324, 30.45890304266167, 30.04652616210116, 29.41834650584212, 28.518085125331176, 27.265087126043255, 25.54709575270654, 23.21019524706334, 20.045021453460038, 15.76800477310779]
2022-07-18 17:44:36,181 tanphi=[0.0, 0.03045674422177496, 0.06364212431082449, 0.10252923606887845, 0.1506019964617522, 0.21216726958797635, 0.2927407209174886, 0.3995409686862665, 0.5421363037324145, 0.7333019177468021, 0.9901644394718498]
2022-07-18 17:44:36,181 




2022-07-18 17:44:36,181 printing arch Axis parameters...........
2022-07-18 17:44:36,181       z        zk  cosh(zk)  sinh(zk)         y0          y   tan_phi
0   0.0  0.000000  1.000000  0.000000   0.000000  30.768005  0.000000
1   0.1  0.298211  1.044795  0.302650   0.075583  30.692422  0.030457
2   0.2  0.596421  1.183194  0.632415   0.309102  30.458903  0.063642
3   0.3  0.894632  1.427596  1.018838   0.721479  30.046526  0.102529
4   0.4  1.192842  1.799897  1.496540   1.349658  29.418347  0.150602
5   0.5  1.491053  2.333452  2.108317   2.249920  28.518085  0.212167
6   0.6  1.789263  3.076063  2.908979   3.502918  27.265087  0.292741
7   0.7  2.087474  4.094259  3.970259   5.220909  25.547096  0.399541
8   0.8  2.385684  5.479262  5.387236   7.557810  23.210195  0.542136
9   0.9  2.683895  7.355155  7.286858  10.722983  20.045021  0.733302
10  1.0  2.982106  9.890000  9.839314  15.000000  15.768005  0.990164
2022-07-18 17:44:36,181 




2022-07-18 17:44:36,181 printing reactions due to dead load..............
2022-07-18 17:44:36,181 Dead load Reaction vd=83311.16197628829
2022-07-18 17:44:36,181 Dead load Horizontal Thrust Hd=84138.71338454264
2022-07-18 17:44:36,181 




2022-07-18 17:44:36,189 Setting Arch Rib thickness................
2022-07-18 17:44:36,189 dc=18.0 ds=27.0
2022-07-18 17:44:36,189 tan_phi_s=0.9901644394718498 cos_phi_s=0.7105926847677596
2022-07-18 17:44:36,189 m=0.250129405155178
2022-07-18 17:44:36,189 




2022-07-18 17:44:36,189 printing arch thickness parameters...........
2022-07-18 17:44:36,189       z        zk  sinh(zk)   tan_phi  1+tanphi_2  sixth_root_1_plus_tan_phi  \
0   0.0  0.000000  0.000000  0.000000    1.000000                   1.000000   
1   0.1  0.298211  0.302650  0.030457    1.000928                   1.000155   
2   0.2  0.596421  0.632415  0.063642    1.004050                   1.000674   
3   0.3  0.894632  1.018838  0.102529    1.010512                   1.001744   
4   0.4  1.192842  1.496540  0.150602    1.022681                   1.003745   
5   0.5  1.491053  2.108317  0.212167    1.045015                   1.007366   
6   0.6  1.789263  2.908979  0.292741    1.085697                   1.013798   
7   0.7  2.087474  3.970259  0.399541    1.159633                   1.024991   
8   0.8  2.385684  5.387236  0.542136    1.293912                   1.043880   
9   0.9  2.683895  7.286858  0.733302    1.537732                   1.074352   
10  1.0  2.982106  9.839314  0.990164    1.980426                   1.120624   

    one_minus_m_z    c_list        d_x  
0        0.000000  1.000000  18.000000  
1        0.074987  1.026323  18.476669  
2        0.149974  1.055656  19.014622  
3        0.224961  1.088660  19.630060  
4        0.299948  1.126220  20.347879  
5        0.374935  1.169567  21.207262  
6        0.449922  1.220465  22.271491  
7        0.524909  1.281567  23.644699  
8        0.599896  1.357092  25.499548  
9        0.674884  1.454299  28.123732  
10       0.749871  1.587127  32.014300  
2022-07-18 17:44:36,199 




2022-07-18 17:44:36,199 Calculating Intregationg of dw fro L to R..
2022-07-18 17:44:36,199 l=1200.0 E=2000000.0 Ic=6399.0 m=0.250129405155178
2022-07-18 17:44:36,199 integration value=5.860897351876128e-08
2022-07-18 17:44:36,199 




2022-07-18 17:44:36,199 Calcualting Delta_sub_HL...............
2022-07-18 17:44:36,199 l=1200.0 r=180.0 Ic=6399.0 E=2000000.0 T1=0.0030379746835443038
2022-07-18 17:44:36,199 g=9.889999999999999 k=2.9821055500675557 m=0.250129405155178 yc=30.76800477310779
2022-07-18 17:44:36,199 T2=0.44375703037120356 T3=0.17093335985059885
2022-07-18 17:44:36,199 T4=0.37114195269482136 T5=0.00632654326533143 T6=0.749870594844822 T7=0.003163271632665715
2022-07-18 17:44:36,199 T8=0.11244858062953274 T9=0.1937570303712036
2022-07-18 17:44:36,199 T_com_1=0.10125630981838582
2022-07-18 17:44:36,199 T_com_2=0.002566489354798112
2022-07-18 17:44:36,199 delta_sub_HL=9.480368909381847e-05
2022-07-18 17:44:36,199 




2022-07-18 17:44:36,199 




2022-07-18 17:44:36,199 Printing Basic input parapmeter............
2022-07-18 17:44:36,201 span=100.0 rise=15.0
2022-07-18 17:44:36,201 wc=505.0 ws=4994.45 g=9.889999999999999
2022-07-18 17:44:36,201 N=0.15
2022-07-18 17:44:36,201 Is=36002.0 Ic=6399.0
2022-07-18 17:44:36,201 cos_phi_s=0.7105926847677596 m=0.250129405155178
2022-07-18 17:44:36,201 




2022-07-18 17:44:36,878 Calcualting Delta_sub_HA...............
2022-07-18 17:44:36,878 l=1200.0 r=180.0 Ic=6399.0 E=2000000.0 T1=0.005063291139240506
2022-07-18 17:44:36,878 g=9.889999999999999 k=2.9821055500675557 m=0.250129405155178 yc=30.76800477310779 z=0.0 y0=0.0
2022-07-18 17:44:36,878 T1=0.005063291139240506
2022-07-18 17:44:36,878 T7=0.749870594844822
2022-07-18 17:44:36,878 T13=0.025297768420592295
2022-07-18 17:44:36,878 T_com_1=0.14170964955409582
2022-07-18 17:44:36,878 T_com_2=0.11244858062953274
2022-07-18 17:44:36,878 T8=0.17093335985059885 T9=0.11248593925759282 T10=0.16666666666666666
2022-07-18 17:44:36,878 T_com_3=0.04723654985136527
2022-07-18 17:44:36,878 T_com_4=0.11244858062953274
2022-07-18 17:44:36,878 T_com_5=-2.299451959456962
2022-07-18 17:44:36,894 delta_sub_HL=0.0001748907771617883
2022-07-18 17:44:36,994 Calcualting Delta_sub_HA...............
2022-07-18 17:44:36,994 l=1200.0 r=180.0 Ic=6399.0 E=2000000.0 T1=0.005063291139240506
2022-07-18 17:44:36,994 g=9.889999999999999 k=2.9821055500675557 m=0.250129405155178 yc=30.76800477310779 z=0.0 y0=0.0
2022-07-18 17:44:36,994 T1=0.005063291139240506
2022-07-18 17:44:36,994 T7=0.749870594844822
2022-07-18 17:44:36,994 T13=0.025297768420592295
2022-07-18 17:44:36,994 T_com_1=0.14170964955409582
2022-07-18 17:44:36,994 T_com_2=0.11244858062953274
2022-07-18 17:44:36,994 T8=0.17093335985059885 T9=0.11248593925759282 T10=0.16666666666666666
2022-07-18 17:44:36,994 T_com_3=0.04723654985136527
2022-07-18 17:44:36,994 T_com_4=0.11244858062953274
2022-07-18 17:44:36,994 T_com_5=-2.299451959456962
2022-07-18 17:44:36,994 delta_sub_HL=0.0001748907771617883
2022-07-18 17:44:37,241 Calcualting Delta_sub_HA...............
2022-07-18 17:44:37,241 l=1200.0 r=180.0 Ic=6399.0 E=2000000.0 T1=0.005063291139240506
2022-07-18 17:44:37,241 g=9.889999999999999 k=2.9821055500675557 m=0.250129405155178 yc=30.76800477310779 z=1.0 y0=180.0
2022-07-18 17:44:37,241 T1=0.005063291139240506
2022-07-18 17:44:37,241 T7=0.749870594844822
2022-07-18 17:44:37,241 T13=0.025297768420592295
2022-07-18 17:44:37,241 T_com_1=0.0
2022-07-18 17:44:37,241 T_com_2=0.0
2022-07-18 17:44:37,241 T8=0.17093335985059885 T9=0.11248593925759282 T10=0.0
2022-07-18 17:44:37,257 T_com_3=0.0
2022-07-18 17:44:37,257 T_com_4=0.0
2022-07-18 17:44:37,257 T_com_5=0.0
2022-07-18 17:44:37,257 delta_sub_HL=0.0
2022-07-18 17:44:37,257 




2022-07-18 17:44:37,257 IL ordinate forment...............
2022-07-18 17:44:37,257 Moment At=-25 Load At=0 
2022-07-18 17:44:37,257 r=15.0  y0=26.99903577331937 y=3.76896899978842 yc=30.76800477310779
2022-07-18 17:44:37,257 V_L=0.49999999999999994 H=0.0 M_prime_left=120.00828107264059
2022-07-18 17:44:37,257 M1=120.00828107264059 M2=-149.99999999999997 M3=0.0
2022-07-18 17:44:37,257 x=-300 y=3.76896899978842 M0=-29.991718927359386
2022-07-18 17:44:37,257 M0/PL=-0.024993099106132823
2022-07-18 17:44:37,479 Calcualting Delta_sub_HA...............
2022-07-18 17:44:37,479 l=1200.0 r=180.0 Ic=6399.0 E=2000000.0 T1=0.005063291139240506
2022-07-18 17:44:37,479 g=9.889999999999999 k=2.9821055500675557 m=0.250129405155178 yc=30.76800477310779 z=1.0 y0=180.0
2022-07-18 17:44:37,479 T1=0.005063291139240506
2022-07-18 17:44:37,479 T7=0.749870594844822
2022-07-18 17:44:37,479 T13=0.025297768420592295
2022-07-18 17:44:37,479 T_com_1=0.0
2022-07-18 17:44:37,479 T_com_2=0.0
2022-07-18 17:44:37,479 T8=0.17093335985059885 T9=0.11248593925759282 T10=0.0
2022-07-18 17:44:37,479 T_com_3=0.0
2022-07-18 17:44:37,479 T_com_4=0.0
2022-07-18 17:44:37,479 T_com_5=0.0
2022-07-18 17:44:37,479 delta_sub_HL=0.0
2022-07-18 17:44:37,479 Calcualting Delta_sub_HA...............
2022-07-18 17:44:37,479 l=1200.0 r=180.0 Ic=6399.0 E=2000000.0 T1=0.005063291139240506
2022-07-18 17:44:37,479 g=9.889999999999999 k=2.9821055500675557 m=0.250129405155178 yc=30.76800477310779 z=0.9 y0=128.675799835773
2022-07-18 17:44:37,479 T1=0.005063291139240506
2022-07-18 17:44:37,479 T7=0.749870594844822
2022-07-18 17:44:37,479 T13=0.025297768420592295
2022-07-18 17:44:37,479 T_com_1=0.0269248334152782
2022-07-18 17:44:37,479 T_com_2=0.03206296366896309
2022-07-18 17:44:37,479 T8=0.17093335985059885 T9=0.11248593925759282 T10=0.031666666666666655
2022-07-18 17:44:37,479 T_com_3=0.0089749444717594
2022-07-18 17:44:37,479 T_com_4=0.04010152536502006
2022-07-18 17:44:37,479 T_com_5=-0.75592404335266
2022-07-18 17:44:37,479 delta_sub_HL=1.9558777577516683e-05
2022-07-18 17:44:37,479 Calcualting Delta_sub_HA...............
2022-07-18 17:44:37,479 l=1200.0 r=180.0 Ic=6399.0 E=2000000.0 T1=0.005063291139240506
2022-07-18 17:44:37,479 g=9.889999999999999 k=2.9821055500675557 m=0.250129405155178 yc=30.76800477310779 z=0.8 y0=90.6937143125334
2022-07-18 17:44:37,479 T1=0.005063291139240506
2022-07-18 17:44:37,479 T7=0.749870594844822
2022-07-18 17:44:37,479 T13=0.025297768420592295
2022-07-18 17:44:37,479 T_com_1=0.051015473839474475
2022-07-18 17:44:37,479 T_com_2=0.05579091703806207
2022-07-18 17:44:37,479 T8=0.17093335985059885 T9=0.11248593925759282 T10=0.05999999999999998
2022-07-18 17:44:37,479 T_com_3=0.017005157946491493
2022-07-18 17:44:37,479 T_com_4=0.06712244975635621
2022-07-18 17:44:37,479 T_com_5=-1.2929311247996562
2022-07-18 17:44:37,479 delta_sub_HL=4.191933522889065e-05
2022-07-18 17:44:37,479 Calcualting Delta_sub_HA...............
2022-07-18 17:44:37,479 l=1200.0 r=180.0 Ic=6399.0 E=2000000.0 T1=0.005063291139240506
2022-07-18 17:44:37,479 g=9.889999999999999 k=2.9821055500675557 m=0.250129405155178 yc=30.76800477310779 z=0.7 y0=62.650908244815014
2022-07-18 17:44:37,479 T1=0.005063291139240506
2022-07-18 17:44:37,479 T7=0.749870594844822
2022-07-18 17:44:37,479 T13=0.025297768420592295
2022-07-18 17:44:37,479 T_com_1=0.07227192127258887
2022-07-18 17:44:37,479 T_com_2=0.07330966003352975
2022-07-18 17:44:37,479 T8=0.17093335985059885 T9=0.11248593925759282 T10=0.085
2022-07-18 17:44:37,479 T_com_3=0.02409064042419629
2022-07-18 17:44:37,479 T_com_4=0.08505133621233064
2022-07-18 17:44:37,479 T_com_5=-1.6680910465984944
2022-07-18 17:44:37,479 delta_sub_HL=6.598035172942983e-05
2022-07-18 17:44:37,479 Calcualting Delta_sub_HA...............
2022-07-18 17:44:37,479 l=1200.0 r=180.0 Ic=6399.0 E=2000000.0 T1=0.005063291139240506
2022-07-18 17:44:37,479 g=9.889999999999999 k=2.9821055500675557 m=0.250129405155178 yc=30.76800477310779 z=0.6 y0=42.03501176477441
2022-07-18 17:44:37,479 T1=0.005063291139240506
2022-07-18 17:44:37,479 T7=0.749870594844822
2022-07-18 17:44:37,479 T13=0.025297768420592295
2022-07-18 17:44:37,479 T_com_1=0.09069417571462132
2022-07-18 17:44:37,479 T_com_2=0.08618870613122945
2022-07-18 17:44:37,479 T8=0.17093335985059885 T9=0.11248593925759282 T10=0.10666666666666667
2022-07-18 17:44:37,479 T_com_3=0.030231391904873776
2022-07-18 17:44:37,479 T_com_4=0.09669265593055076
2022-07-18 17:44:37,479 T_com_5=-1.9239736381396964
2022-07-18 17:44:37,479 delta_sub_HL=9.035410608830056e-05
2022-07-18 17:44:37,479 Calcualting Delta_sub_HA...............
2022-07-18 17:44:37,479 l=1200.0 r=180.0 Ic=6399.0 E=2000000.0 T1=0.005063291139240506
2022-07-18 17:44:37,479 g=9.889999999999999 k=2.9821055500675557 m=0.250129405155178 yc=30.76800477310779 z=0.5 y0=26.99903577331937
2022-07-18 17:44:37,479 T1=0.005063291139240506
2022-07-18 17:44:37,479 T7=0.749870594844822
2022-07-18 17:44:37,479 T13=0.025297768420592295
2022-07-18 17:44:37,479 T_com_1=0.10628223716557186
2022-07-18 17:44:37,479 T_com_2=0.09558189590133417
2022-07-18 17:44:37,479 T8=0.17093335985059885 T9=0.11248593925759282 T10=0.125
2022-07-18 17:44:37,479 T_com_3=0.035427412388523954
2022-07-18 17:44:37,479 T_com_4=0.10401523826543346
2022-07-18 17:44:37,479 T_com_5=-2.0924626095383982
2022-07-18 17:44:37,479 delta_sub_HL=0.00011361118569430834
2022-07-18 17:44:37,479 Calcualting Delta_sub_HA...............
2022-07-18 17:44:37,479 l=1200.0 r=180.0 Ic=6399.0 E=2000000.0 T1=0.005063291139240506
2022-07-18 17:44:37,479 g=9.889999999999999 k=2.9821055500675557 m=0.250129405155178 yc=30.76800477310779 z=0.4 y0=16.195899207188038
2022-07-18 17:44:37,479 T1=0.005063291139240506
2022-07-18 17:44:37,479 T7=0.749870594844822
2022-07-18 17:44:37,479 T13=0.025297768420592295
2022-07-18 17:44:37,479 T_com_1=0.11903610562544048
2022-07-18 17:44:37,479 T_com_2=0.1023307701969368
2022-07-18 17:44:37,479 T8=0.17093335985059885 T9=0.11248593925759282 T10=0.13999999999999999
2022-07-18 17:44:37,479 T_com_3=0.03967870187514683
2022-07-18 17:44:37,479 T_com_4=0.10840145645649436
2022-07-18 17:44:37,479 T_com_5=-2.1976120301327926
2022-07-18 17:44:37,479 delta_sub_HL=0.00013442882208384132
2022-07-18 17:44:37,479 Calcualting Delta_sub_HA...............
2022-07-18 17:44:37,479 l=1200.0 r=180.0 Ic=6399.0 E=2000000.0 T1=0.005063291139240506
2022-07-18 17:44:37,479 g=9.889999999999999 k=2.9821055500675557 m=0.250129405155178 yc=30.76800477310779 z=0.3 y0=8.657743332079562
2022-07-18 17:44:37,479 T1=0.005063291139240506
2022-07-18 17:44:37,479 T7=0.749870594844822
2022-07-18 17:44:37,479 T13=0.025297768420592295
2022-07-18 17:44:37,479 T_com_1=0.1289557810942272
2022-07-18 17:44:37,479 T_com_2=0.10703996424538191
2022-07-18 17:44:37,479 T8=0.17093335985059885 T9=0.11248593925759282 T10=0.15166666666666667
2022-07-18 17:44:37,479 T_com_3=0.0429852603647424
2022-07-18 17:44:37,479 T_com_4=0.11082599571428749
2022-07-18 17:44:37,479 T_com_5=-2.257801345312983
2022-07-18 17:44:37,479 delta_sub_HL=0.00015168090641883472
2022-07-18 17:44:37,479 Calcualting Delta_sub_HA...............
2022-07-18 17:44:37,479 l=1200.0 r=180.0 Ic=6399.0 E=2000000.0 T1=0.005063291139240506
2022-07-18 17:44:37,479 g=9.889999999999999 k=2.9821055500675557 m=0.250129405155178 yc=30.76800477310779 z=0.2 y0=3.7092207653534333
2022-07-18 17:44:37,479 T1=0.005063291139240506
2022-07-18 17:44:37,479 T7=0.749870594844822
2022-07-18 17:44:37,479 T13=0.025297768420592295
2022-07-18 17:44:37,479 T_com_1=0.13604126357193197
2022-07-18 17:44:37,479 T_com_2=0.11013137723894617
2022-07-18 17:44:37,479 T8=0.17093335985059885 T9=0.11248593925759282 T10=0.16
2022-07-18 17:44:37,479 T_com_3=0.04534708785731066
2022-07-18 17:44:37,479 T_com_4=0.11198513995141543
2022-07-18 17:44:37,479 T_com_5=-2.287382000780847
2022-07-18 17:44:37,479 delta_sub_HL=0.0001644964308958696
2022-07-18 17:44:37,479 Calcualting Delta_sub_HA...............
2022-07-18 17:44:37,479 l=1200.0 r=180.0 Ic=6399.0 E=2000000.0 T1=0.005063291139240506
2022-07-18 17:44:37,479 g=9.889999999999999 k=2.9821055500675557 m=0.250129405155178 yc=30.76800477310779 z=0.1 y0=0.906990745854594
2022-07-18 17:44:37,479 T1=0.005063291139240506
2022-07-18 17:44:37,479 T7=0.749870594844822
2022-07-18 17:44:37,479 T13=0.025297768420592295
2022-07-18 17:44:37,479 T_com_1=0.14029255305855487
2022-07-18 17:44:37,479 T_com_2=0.11188197050722457
2022-07-18 17:44:37,479 T8=0.17093335985059885 T9=0.11248593925759282 T10=0.165
2022-07-18 17:44:37,479 T_com_3=0.04676418435285162
2022-07-18 17:44:37,479 T_com_4=0.11239191961730192
2022-07-18 17:44:37,479 T_com_5=-2.2979631961816254
2022-07-18 17:44:37,479 delta_sub_HL=0.00017230586635114508
2022-07-18 17:44:37,479 Calcualting Delta_sub_HA...............
2022-07-18 17:44:37,479 l=1200.0 r=180.0 Ic=6399.0 E=2000000.0 T1=0.005063291139240506
2022-07-18 17:44:37,479 g=9.889999999999999 k=2.9821055500675557 m=0.250129405155178 yc=30.76800477310779 z=0.0 y0=0.0
2022-07-18 17:44:37,479 T1=0.005063291139240506
2022-07-18 17:44:37,479 T7=0.749870594844822
2022-07-18 17:44:37,479 T13=0.025297768420592295
2022-07-18 17:44:37,479 T_com_1=0.14170964955409582
2022-07-18 17:44:37,479 T_com_2=0.11244858062953274
2022-07-18 17:44:37,479 T8=0.17093335985059885 T9=0.11248593925759282 T10=0.16666666666666666
2022-07-18 17:44:37,479 T_com_3=0.04723654985136527
2022-07-18 17:44:37,479 T_com_4=0.11244858062953274
2022-07-18 17:44:37,479 T_com_5=-2.299451959456962
2022-07-18 17:44:37,479 delta_sub_HL=0.0001748907771617883
2022-07-18 17:44:37,764 Calculating Intregationg of dw del_Ma at left side
2022-07-18 17:44:37,764 l=1200.0 E=2000000.0 Ic=6399.0 m=0.250129405155178 z=1.0
2022-07-18 17:44:37,764 del_Ma=3.5165384111256765e-05
2022-07-18 17:44:37,764 




2022-07-18 17:44:37,764 Calculating Intregationg of dw del_Ma at left side
2022-07-18 17:44:37,764 l=1200.0 E=2000000.0 Ic=6399.0 m=0.250129405155178 z=0.9
2022-07-18 17:44:37,764 del_Ma=3.1687541212318156e-05
2022-07-18 17:44:37,764 




2022-07-18 17:44:37,764 Calculating Intregationg of dw del_Ma at left side
2022-07-18 17:44:37,764 l=1200.0 E=2000000.0 Ic=6399.0 m=0.250129405155178 z=0.8
2022-07-18 17:44:37,764 del_Ma=2.8301151608636827e-05
2022-07-18 17:44:37,764 




2022-07-18 17:44:37,764 Calculating Intregationg of dw del_Ma at left side
2022-07-18 17:44:37,764 l=1200.0 E=2000000.0 Ic=6399.0 m=0.250129405155178 z=0.7
2022-07-18 17:44:37,764 del_Ma=2.502730870653753e-05
2022-07-18 17:44:37,780 




2022-07-18 17:44:37,780 Calculating Intregationg of dw del_Ma at left side
2022-07-18 17:44:37,780 l=1200.0 E=2000000.0 Ic=6399.0 m=0.250129405155178 z=0.6
2022-07-18 17:44:37,780 del_Ma=2.1887105912345028e-05
2022-07-18 17:44:37,780 




2022-07-18 17:44:37,780 Calculating Intregationg of dw del_Ma at left side
2022-07-18 17:44:37,780 l=1200.0 E=2000000.0 Ic=6399.0 m=0.250129405155178 z=0.5
2022-07-18 17:44:37,780 del_Ma=1.8901636632384062e-05
2022-07-18 17:44:37,780 




2022-07-18 17:44:37,780 Calculating Intregationg of dw del_Ma at left side
2022-07-18 17:44:37,780 l=1200.0 E=2000000.0 Ic=6399.0 m=0.250129405155178 z=0.4
2022-07-18 17:44:37,780 del_Ma=1.6091994272979377e-05
2022-07-18 17:44:37,780 




2022-07-18 17:44:37,780 Calculating Intregationg of dw del_Ma at left side
2022-07-18 17:44:37,780 l=1200.0 E=2000000.0 Ic=6399.0 m=0.250129405155178 z=0.3
2022-07-18 17:44:37,780 del_Ma=1.3479272240455723e-05
2022-07-18 17:44:37,780 




2022-07-18 17:44:37,780 Calculating Intregationg of dw del_Ma at left side
2022-07-18 17:44:37,780 l=1200.0 E=2000000.0 Ic=6399.0 m=0.250129405155178 z=0.2
2022-07-18 17:44:37,780 del_Ma=1.1084563941137853e-05
2022-07-18 17:44:37,780 




2022-07-18 17:44:37,780 Calculating Intregationg of dw del_Ma at left side
2022-07-18 17:44:37,780 l=1200.0 E=2000000.0 Ic=6399.0 m=0.250129405155178 z=0.1
2022-07-18 17:44:37,780 del_Ma=8.928962781350514e-06
2022-07-18 17:44:37,780 




2022-07-18 17:44:37,780 Calculating Intregationg of dw del_Ma at left side
2022-07-18 17:44:37,780 l=1200.0 E=2000000.0 Ic=6399.0 m=0.250129405155178 z=0.0
2022-07-18 17:44:37,780 del_Ma=7.0335621674184525e-06
2022-07-18 17:44:37,780 




2022-07-18 17:44:37,780 Calculating Intregationg of dw del_Ma at right side....
2022-07-18 17:44:37,780 l=1200.0 E=2000000.0 Ic=6399.0 m=0.250129405155178 z=0.1
2022-07-18 17:44:37,780 del_Ma=5.412424370224836e-06
2022-07-18 17:44:37,780 




2022-07-18 17:44:37,780 Calculating Intregationg of dw del_Ma at right side....
2022-07-18 17:44:37,780 l=1200.0 E=2000000.0 Ic=6399.0 m=0.250129405155178 z=0.2
2022-07-18 17:44:37,780 del_Ma=4.0514871188865e-06
2022-07-18 17:44:37,780 




2022-07-18 17:44:37,780 Calculating Intregationg of dw del_Ma at right side....
2022-07-18 17:44:37,780 l=1200.0 E=2000000.0 Ic=6399.0 m=0.250129405155178 z=0.3
2022-07-18 17:44:37,780 del_Ma=2.929657007078696e-06
2022-07-18 17:44:37,780 




2022-07-18 17:44:37,780 Calculating Intregationg of dw del_Ma at right side....
2022-07-18 17:44:37,780 l=1200.0 E=2000000.0 Ic=6399.0 m=0.250129405155178 z=0.4
2022-07-18 17:44:37,780 del_Ma=2.0258406284766684e-06
2022-07-18 17:44:37,780 




2022-07-18 17:44:37,780 Calculating Intregationg of dw del_Ma at right side....
2022-07-18 17:44:37,780 l=1200.0 E=2000000.0 Ic=6399.0 m=0.250129405155178 z=0.5
2022-07-18 17:44:37,780 del_Ma=1.3189445767556778e-06
2022-07-18 17:44:37,780 




2022-07-18 17:44:37,780 Calculating Intregationg of dw del_Ma at right side....
2022-07-18 17:44:37,780 l=1200.0 E=2000000.0 Ic=6399.0 m=0.250129405155178 z=0.6
2022-07-18 17:44:37,780 del_Ma=7.878754455909723e-07
2022-07-18 17:44:37,780 




2022-07-18 17:44:37,780 Calculating Intregationg of dw del_Ma at right side....
2022-07-18 17:44:37,780 l=1200.0 E=2000000.0 Ic=6399.0 m=0.250129405155178 z=0.7
2022-07-18 17:44:37,780 del_Ma=4.115398286577983e-07
2022-07-18 17:44:37,780 




2022-07-18 17:44:37,780 Calculating Intregationg of dw del_Ma at right side....
2022-07-18 17:44:37,780 l=1200.0 E=2000000.0 Ic=6399.0 m=0.250129405155178 z=0.8
2022-07-18 17:44:37,780 del_Ma=1.6884431963140826e-07
2022-07-18 17:44:37,780 




2022-07-18 17:44:37,780 Calculating Intregationg of dw del_Ma at right side....
2022-07-18 17:44:37,780 l=1200.0 E=2000000.0 Ic=6399.0 m=0.250129405155178 z=0.9
2022-07-18 17:44:37,780 del_Ma=3.869551218705797e-08
2022-07-18 17:44:37,780 




2022-07-18 17:44:37,780 Calculating Intregationg of dw del_Ma at right side....
2022-07-18 17:44:37,780 l=1200.0 E=2000000.0 Ic=6399.0 m=0.250129405155178 z=1.0
2022-07-18 17:44:37,780 del_Ma=-1.0409967413269165e-21
2022-07-18 17:44:37,780 




2022-07-18 17:44:37,780 Printing Mprime Calcualtions................
2022-07-18 17:44:37,780     x_from_left  x_from_center    z  integral_dw_L_to_R      delta_Ma  \
0           0.0          -50.0  1.0        5.860897e-08  3.516538e-05   
1           5.0          -45.0  0.9        5.860897e-08  3.168754e-05   
2          10.0          -40.0  0.8        5.860897e-08  2.830115e-05   
3          15.0          -35.0  0.7        5.860897e-08  2.502731e-05   
4          20.0          -30.0  0.6        5.860897e-08  2.188711e-05   
5          25.0          -25.0  0.5        5.860897e-08  1.890164e-05   
6          30.0          -20.0  0.4        5.860897e-08  1.609199e-05   
7          35.0          -15.0  0.3        5.860897e-08  1.347927e-05   
8          40.0          -10.0  0.2        5.860897e-08  1.108456e-05   
9          45.0           -5.0  0.1        5.860897e-08  8.928963e-06   
10         50.0            0.0  0.0        5.860897e-08  7.033562e-06   
11         55.0            5.0  0.1        5.860897e-08  5.412424e-06   
12         60.0           10.0  0.2        5.860897e-08  4.051487e-06   
13         65.0           15.0  0.3        5.860897e-08  2.929657e-06   
14         70.0           20.0  0.4        5.860897e-08  2.025841e-06   
15         75.0           25.0  0.5        5.860897e-08  1.318945e-06   
16         80.0           30.0  0.6        5.860897e-08  7.878754e-07   
17         85.0           35.0  0.7        5.860897e-08  4.115398e-07   
18         90.0           40.0  0.8        5.860897e-08  1.688443e-07   
19         95.0           45.0  0.9        5.860897e-08  3.869551e-08   
20        100.0           50.0  1.0        5.860897e-08 -1.040997e-21   

         M_prime  M_prime_direct  
0   6.000000e+02    6.000000e+02  
1   5.406602e+02    5.406602e+02  
2   4.828809e+02    4.828809e+02  
3   4.270218e+02    4.270218e+02  
4   3.734429e+02    3.734429e+02  
5   3.225041e+02    3.225041e+02  
6   2.745654e+02    2.745654e+02  
7   2.299865e+02    2.299865e+02  
8   1.891274e+02    1.891274e+02  
9   1.523480e+02    1.523480e+02  
10  1.200083e+02    1.200083e+02  
11  9.234805e+01    9.234805e+01  
12  6.912742e+01    6.912742e+01  
13  4.998649e+01    4.998649e+01  
14  3.456537e+01    3.456537e+01  
15  2.250414e+01    2.250414e+01  
16  1.344291e+01    1.344291e+01  
17  7.021789e+00    7.021789e+00  
18  2.880861e+00    2.880861e+00  
19  6.602319e-01    6.602319e-01  
20 -1.776173e-14   -1.776173e-14  
