2023-08-23 08:18:39,684 - __main__ - 10 - DEBUG - This is a warning message
2023-08-23 08:18:40,464 - __main__ - 2 - DEBUG - 



########################################################
2023-08-23 08:18:40,494 - __main__ - 3 - DEBUG - 



#################################################################################
2023-08-23 08:18:40,498 - __main__ - 4 - DEBUG - Initiated steps to build almanc..........................................................
2023-08-23 08:18:40,502 - __main__ - 11 - DEBUG - almanac starts at <Time tt=2439947.5004882407>
2023-08-23 08:18:40,502 - __main__ - 12 - DEBUG - almanac finishes at <Time tt=2441776.5005113888>
2023-08-23 08:18:40,978 - __main__ - 22 - DEBUG - 1968-04-13T04:51:36Z Full Moon Spring Tide 
2023-08-23 08:18:40,978 - __main__ - 22 - DEBUG - 1968-04-27T15:20:53Z New Moon Spring Tide 
2023-08-23 08:18:40,978 - __main__ - 22 - DEBUG - 1968-05-12T13:04:43Z Full Moon Spring Tide 
2023-08-23 08:18:40,978 - __main__ - 22 - DEBUG - 1968-05-27T07:29:37Z New Moon Spring Tide 
2023-08-23 08:18:40,978 - __main__ - 22 - DEBUG - 1968-06-10T20:12:59Z Full Moon Spring Tide 
2023-08-23 08:18:40,982 - __main__ - 22 - DEBUG - 1968-06-25T22:24:22Z New Moon Spring Tide 
2023-08-23 08:18:40,982 - __main__ - 22 - DEBUG - 1968-07-10T03:17:33Z Full Moon Spring Tide 
2023-08-23 08:18:40,982 - __main__ - 22 - DEBUG - 1968-07-25T11:49:21Z New Moon Spring Tide 
2023-08-23 08:18:40,982 - __main__ - 22 - DEBUG - 1968-08-08T11:32:13Z Full Moon Spring Tide 
2023-08-23 08:18:40,982 - __main__ - 22 - DEBUG - 1968-08-23T23:56:29Z New Moon Spring Tide 
2023-08-23 08:18:40,982 - __main__ - 22 - DEBUG - 1968-09-06T22:07:10Z Full Moon Spring Tide 
2023-08-23 08:18:40,982 - __main__ - 22 - DEBUG - 1968-09-22T11:08:02Z New Moon Spring Tide 
2023-08-23 08:18:40,986 - __main__ - 22 - DEBUG - 1968-10-06T11:46:02Z Full Moon Spring Tide 
2023-08-23 08:18:40,986 - __main__ - 22 - DEBUG - 1968-10-21T21:44:09Z New Moon Spring Tide 
2023-08-23 08:18:40,986 - __main__ - 22 - DEBUG - 1968-11-05T04:24:35Z Full Moon Spring Tide 
2023-08-23 08:18:40,986 - __main__ - 22 - DEBUG - 1968-11-20T08:01:29Z New Moon Spring Tide 
2023-08-23 08:18:40,986 - __main__ - 22 - DEBUG - 1968-12-04T23:07:13Z Full Moon Spring Tide 
2023-08-23 08:18:40,986 - __main__ - 22 - DEBUG - 1968-12-19T18:18:31Z New Moon Spring Tide 
2023-08-23 08:18:40,986 - __main__ - 22 - DEBUG - 1969-01-03T18:27:31Z Full Moon Spring Tide 
2023-08-23 08:18:40,986 - __main__ - 22 - DEBUG - 1969-01-18T04:58:35Z New Moon Spring Tide 
2023-08-23 08:18:40,990 - __main__ - 22 - DEBUG - 1969-02-02T12:55:45Z Full Moon Spring Tide 
2023-08-23 08:18:40,990 - __main__ - 22 - DEBUG - 1969-02-16T16:24:59Z New Moon Spring Tide 
2023-08-23 08:18:40,990 - __main__ - 22 - DEBUG - 1969-03-04T05:17:00Z Full Moon Spring Tide 
2023-08-23 08:18:40,990 - __main__ - 22 - DEBUG - 1969-03-18T04:51:18Z New Moon Spring Tide 
2023-08-23 08:18:40,990 - __main__ - 22 - DEBUG - 1969-04-02T18:44:50Z Full Moon Spring Tide 
2023-08-23 08:18:40,990 - __main__ - 22 - DEBUG - 1969-04-16T18:15:40Z New Moon Spring Tide 
2023-08-23 08:18:40,990 - __main__ - 22 - DEBUG - 1969-05-02T05:13:18Z Full Moon Spring Tide 
2023-08-23 08:18:40,990 - __main__ - 22 - DEBUG - 1969-05-16T08:25:52Z New Moon Spring Tide 
2023-08-23 08:18:40,990 - __main__ - 22 - DEBUG - 1969-05-31T13:18:08Z Full Moon Spring Tide 
2023-08-23 08:18:40,994 - __main__ - 22 - DEBUG - 1969-06-14T23:08:30Z New Moon Spring Tide 
2023-08-23 08:18:40,994 - __main__ - 22 - DEBUG - 1969-06-29T20:03:41Z Full Moon Spring Tide 
2023-08-23 08:18:40,994 - __main__ - 22 - DEBUG - 1969-07-14T14:11:18Z New Moon Spring Tide 
2023-08-23 08:18:40,994 - __main__ - 22 - DEBUG - 1969-07-29T02:44:57Z Full Moon Spring Tide 
2023-08-23 08:18:40,994 - __main__ - 22 - DEBUG - 1969-08-13T05:16:23Z New Moon Spring Tide 
2023-08-23 08:18:40,994 - __main__ - 22 - DEBUG - 1969-08-27T10:32:21Z Full Moon Spring Tide 
2023-08-23 08:18:40,994 - __main__ - 22 - DEBUG - 1969-09-11T19:55:45Z New Moon Spring Tide 
2023-08-23 08:18:40,994 - __main__ - 22 - DEBUG - 1969-09-25T20:20:48Z Full Moon Spring Tide 
2023-08-23 08:18:40,998 - __main__ - 22 - DEBUG - 1969-10-11T09:39:07Z New Moon Spring Tide 
2023-08-23 08:18:40,998 - __main__ - 22 - DEBUG - 1969-10-25T08:44:07Z Full Moon Spring Tide 
2023-08-23 08:18:40,998 - __main__ - 22 - DEBUG - 1969-11-09T22:11:21Z New Moon Spring Tide 
2023-08-23 08:18:40,998 - __main__ - 22 - DEBUG - 1969-11-23T23:53:42Z Full Moon Spring Tide 
2023-08-23 08:18:40,998 - __main__ - 22 - DEBUG - 1969-12-09T09:41:55Z New Moon Spring Tide 
2023-08-23 08:18:40,998 - __main__ - 22 - DEBUG - 1969-12-23T17:34:54Z Full Moon Spring Tide 
2023-08-23 08:18:41,002 - __main__ - 22 - DEBUG - 1970-01-07T20:35:26Z New Moon Spring Tide 
2023-08-23 08:18:41,002 - __main__ - 22 - DEBUG - 1970-01-22T12:55:18Z Full Moon Spring Tide 
2023-08-23 08:18:41,002 - __main__ - 22 - DEBUG - 1970-02-06T07:12:49Z New Moon Spring Tide 
2023-08-23 08:18:41,002 - __main__ - 22 - DEBUG - 1970-02-21T08:18:39Z Full Moon Spring Tide 
2023-08-23 08:18:41,002 - __main__ - 22 - DEBUG - 1970-03-07T17:42:25Z New Moon Spring Tide 
2023-08-23 08:18:41,002 - __main__ - 22 - DEBUG - 1970-03-23T01:52:24Z Full Moon Spring Tide 
2023-08-23 08:18:41,002 - __main__ - 22 - DEBUG - 1970-04-06T04:09:19Z New Moon Spring Tide 
2023-08-23 08:18:41,002 - __main__ - 22 - DEBUG - 1970-04-21T16:21:16Z Full Moon Spring Tide 
2023-08-23 08:18:41,006 - __main__ - 22 - DEBUG - 1970-05-05T14:50:53Z New Moon Spring Tide 
2023-08-23 08:18:41,006 - __main__ - 22 - DEBUG - 1970-05-21T03:37:33Z Full Moon Spring Tide 
2023-08-23 08:18:41,006 - __main__ - 22 - DEBUG - 1970-06-04T02:21:11Z New Moon Spring Tide 
2023-08-23 08:18:41,006 - __main__ - 22 - DEBUG - 1970-06-19T12:27:22Z Full Moon Spring Tide 
2023-08-23 08:18:41,006 - __main__ - 22 - DEBUG - 1970-07-03T15:17:46Z New Moon Spring Tide 
2023-08-23 08:18:41,006 - __main__ - 22 - DEBUG - 1970-07-18T19:58:27Z Full Moon Spring Tide 
2023-08-23 08:18:41,006 - __main__ - 22 - DEBUG - 1970-08-02T05:58:06Z New Moon Spring Tide 
2023-08-23 08:18:41,006 - __main__ - 22 - DEBUG - 1970-08-17T03:15:19Z Full Moon Spring Tide 
2023-08-23 08:18:41,006 - __main__ - 22 - DEBUG - 1970-08-31T22:01:11Z New Moon Spring Tide 
2023-08-23 08:18:41,010 - __main__ - 22 - DEBUG - 1970-09-15T11:09:23Z Full Moon Spring Tide 
2023-08-23 08:18:41,010 - __main__ - 22 - DEBUG - 1970-09-30T14:31:28Z New Moon Spring Tide 
2023-08-23 08:18:41,010 - __main__ - 22 - DEBUG - 1970-10-14T20:21:12Z Full Moon Spring Tide 
2023-08-23 08:18:41,010 - __main__ - 22 - DEBUG - 1970-10-30T06:27:52Z New Moon Spring Tide 
2023-08-23 08:18:41,010 - __main__ - 22 - DEBUG - 1970-11-13T07:27:53Z Full Moon Spring Tide 
2023-08-23 08:18:41,010 - __main__ - 22 - DEBUG - 1970-11-28T21:14:08Z New Moon Spring Tide 
2023-08-23 08:18:41,010 - __main__ - 22 - DEBUG - 1970-12-12T21:03:19Z Full Moon Spring Tide 
2023-08-23 08:18:41,010 - __main__ - 22 - DEBUG - 1970-12-28T10:42:39Z New Moon Spring Tide 
2023-08-23 08:18:41,010 - __main__ - 22 - DEBUG - 1971-01-11T13:20:16Z Full Moon Spring Tide 
2023-08-23 08:18:41,014 - __main__ - 22 - DEBUG - 1971-01-26T22:55:06Z New Moon Spring Tide 
2023-08-23 08:18:41,014 - __main__ - 22 - DEBUG - 1971-02-10T07:41:22Z Full Moon Spring Tide 
2023-08-23 08:18:41,014 - __main__ - 22 - DEBUG - 1971-02-25T09:48:32Z New Moon Spring Tide 
2023-08-23 08:18:41,014 - __main__ - 22 - DEBUG - 1971-03-12T02:33:34Z Full Moon Spring Tide 
2023-08-23 08:18:41,014 - __main__ - 22 - DEBUG - 1971-03-26T19:23:28Z New Moon Spring Tide 
2023-08-23 08:18:41,014 - __main__ - 22 - DEBUG - 1971-04-10T20:09:56Z Full Moon Spring Tide 
2023-08-23 08:18:41,018 - __main__ - 22 - DEBUG - 1971-04-25T04:01:39Z New Moon Spring Tide 
2023-08-23 08:18:41,018 - __main__ - 22 - DEBUG - 1971-05-10T11:23:31Z Full Moon Spring Tide 
2023-08-23 08:18:41,018 - __main__ - 22 - DEBUG - 1971-05-24T12:31:46Z New Moon Spring Tide 
2023-08-23 08:18:41,018 - __main__ - 22 - DEBUG - 1971-06-09T00:03:36Z Full Moon Spring Tide 
2023-08-23 08:18:41,018 - __main__ - 22 - DEBUG - 1971-06-22T21:57:18Z New Moon Spring Tide 
2023-08-23 08:18:41,018 - __main__ - 22 - DEBUG - 1971-07-08T10:36:35Z Full Moon Spring Tide 
2023-08-23 08:18:41,018 - __main__ - 22 - DEBUG - 1971-07-22T09:14:57Z New Moon Spring Tide 
2023-08-23 08:18:41,018 - __main__ - 22 - DEBUG - 1971-08-06T19:42:20Z Full Moon Spring Tide 
2023-08-23 08:18:41,022 - __main__ - 22 - DEBUG - 1971-08-20T22:53:20Z New Moon Spring Tide 
2023-08-23 08:18:41,022 - __main__ - 22 - DEBUG - 1971-09-05T04:02:24Z Full Moon Spring Tide 
2023-08-23 08:18:41,022 - __main__ - 22 - DEBUG - 1971-09-19T14:42:12Z New Moon Spring Tide 
2023-08-23 08:18:41,022 - __main__ - 22 - DEBUG - 1971-10-04T12:19:26Z Full Moon Spring Tide 
2023-08-23 08:18:41,022 - __main__ - 22 - DEBUG - 1971-10-19T07:58:55Z New Moon Spring Tide 
2023-08-23 08:18:41,022 - __main__ - 22 - DEBUG - 1971-11-02T21:19:21Z Full Moon Spring Tide 
2023-08-23 08:18:41,022 - __main__ - 22 - DEBUG - 1971-11-18T01:45:46Z New Moon Spring Tide 
2023-08-23 08:18:41,022 - __main__ - 22 - DEBUG - 1971-12-02T07:48:07Z Full Moon Spring Tide 
2023-08-23 08:18:41,022 - __main__ - 22 - DEBUG - 1971-12-17T19:02:46Z New Moon Spring Tide 
2023-08-23 08:18:41,026 - __main__ - 22 - DEBUG - 1971-12-31T20:19:32Z Full Moon Spring Tide 
2023-08-23 08:18:41,026 - __main__ - 22 - DEBUG - 1972-01-16T10:52:23Z New Moon Spring Tide 
2023-08-23 08:18:41,026 - __main__ - 22 - DEBUG - 1972-01-30T10:58:11Z Full Moon Spring Tide 
2023-08-23 08:18:41,026 - __main__ - 22 - DEBUG - 1972-02-15T00:28:46Z New Moon Spring Tide 
2023-08-23 08:18:41,026 - __main__ - 22 - DEBUG - 1972-02-29T03:11:55Z Full Moon Spring Tide 
2023-08-23 08:18:41,026 - __main__ - 22 - DEBUG - 1972-03-15T11:34:41Z New Moon Spring Tide 
2023-08-23 08:18:41,026 - __main__ - 22 - DEBUG - 1972-03-29T20:05:29Z Full Moon Spring Tide 
2023-08-23 08:18:41,030 - __main__ - 22 - DEBUG - 1972-04-13T20:30:52Z New Moon Spring Tide 
2023-08-23 08:18:41,030 - __main__ - 22 - DEBUG - 1972-04-28T12:44:28Z Full Moon Spring Tide 
2023-08-23 08:18:41,030 - __main__ - 22 - DEBUG - 1972-05-13T04:08:00Z New Moon Spring Tide 
2023-08-23 08:18:41,030 - __main__ - 22 - DEBUG - 1972-05-28T04:27:37Z Full Moon Spring Tide 
2023-08-23 08:18:41,030 - __main__ - 22 - DEBUG - 1972-06-11T11:29:57Z New Moon Spring Tide 
2023-08-23 08:18:41,030 - __main__ - 22 - DEBUG - 1972-06-26T18:46:10Z Full Moon Spring Tide 
2023-08-23 08:18:41,034 - __main__ - 22 - DEBUG - 1972-07-10T19:38:45Z New Moon Spring Tide 
2023-08-23 08:18:41,034 - __main__ - 22 - DEBUG - 1972-07-26T07:23:32Z Full Moon Spring Tide 
2023-08-23 08:18:41,034 - __main__ - 22 - DEBUG - 1972-08-09T05:25:48Z New Moon Spring Tide 
2023-08-23 08:18:41,034 - __main__ - 22 - DEBUG - 1972-08-24T18:21:38Z Full Moon Spring Tide 
2023-08-23 08:18:41,034 - __main__ - 22 - DEBUG - 1972-09-07T17:28:25Z New Moon Spring Tide 
2023-08-23 08:18:41,034 - __main__ - 22 - DEBUG - 1972-09-23T04:06:44Z Full Moon Spring Tide 
2023-08-23 08:18:41,034 - __main__ - 22 - DEBUG - 1972-10-07T08:07:56Z New Moon Spring Tide 
2023-08-23 08:18:41,034 - __main__ - 22 - DEBUG - 1972-10-22T13:25:02Z Full Moon Spring Tide 
2023-08-23 08:18:41,038 - __main__ - 22 - DEBUG - 1972-11-06T01:21:17Z New Moon Spring Tide 
2023-08-23 08:18:41,038 - __main__ - 22 - DEBUG - 1972-11-20T23:06:31Z Full Moon Spring Tide 
2023-08-23 08:18:41,038 - __main__ - 22 - DEBUG - 1972-12-05T20:24:03Z New Moon Spring Tide 
2023-08-23 08:18:41,038 - __main__ - 22 - DEBUG - 1972-12-20T09:45:04Z Full Moon Spring Tide 
2023-08-23 08:18:41,038 - __main__ - 22 - DEBUG - 1973-01-04T15:42:28Z New Moon Spring Tide 
2023-08-23 08:18:41,038 - __main__ - 22 - DEBUG - 1973-01-18T21:28:24Z Full Moon Spring Tide 
2023-08-23 08:18:41,038 - __main__ - 22 - DEBUG - 1973-02-03T09:22:49Z New Moon Spring Tide 
2023-08-23 08:18:41,038 - __main__ - 22 - DEBUG - 1973-02-17T10:06:57Z Full Moon Spring Tide 
2023-08-23 08:18:41,038 - __main__ - 22 - DEBUG - 1973-03-05T00:07:24Z New Moon Spring Tide 
2023-08-23 08:18:41,042 - __main__ - 22 - DEBUG - 1973-03-18T23:33:24Z Full Moon Spring Tide 
2023-08-23 08:18:41,042 - __main__ - 22 - DEBUG - 1973-04-03T11:45:03Z New Moon Spring Tide 
2023-08-23 08:18:41,042 - __main__ - 73 - DEBUG - 




2023-08-23 08:18:41,042 - __main__ - 74 - DEBUG - Calculating HHWS
2023-08-23 08:18:41,046 - __main__ - 102 - DEBUG - WL=[1.94, -1.72]
2023-08-23 08:18:41,046 - __main__ - 103 - DEBUG - Tide Time=[datetime.datetime(1968, 4, 13, 6, 0), datetime.datetime(1968, 4, 13, 12, 0)]
2023-08-23 08:18:41,046 - __main__ - 111 - DEBUG - Time dif=4105.0seconds Phase Angle of Observation=123.06040268456375
2023-08-23 08:18:41,046 - __main__ - 102 - DEBUG - WL=[1.72, -1.39]
2023-08-23 08:18:41,050 - __main__ - 103 - DEBUG - Tide Time=[datetime.datetime(1968, 4, 27, 6, 0), datetime.datetime(1968, 4, 27, 12, 0)]
2023-08-23 08:18:41,050 - __main__ - 111 - DEBUG - Time dif=-33653.0seconds Phase Angle of Observation=-181.03087248322143
2023-08-23 08:18:41,050 - __main__ - 102 - DEBUG - WL=[2.09, -1.54]
2023-08-23 08:18:41,050 - __main__ - 103 - DEBUG - Tide Time=[datetime.datetime(1968, 5, 12, 6, 0), datetime.datetime(1968, 5, 12, 12, 0)]
2023-08-23 08:18:41,050 - __main__ - 111 - DEBUG - Time dif=-25483.0seconds Phase Angle of Observation=-115.23221476510065
2023-08-23 08:18:41,054 - __main__ - 102 - DEBUG - WL=[1.75, -1.05]
2023-08-23 08:18:41,054 - __main__ - 103 - DEBUG - Tide Time=[datetime.datetime(1968, 5, 27, 6, 0), datetime.datetime(1968, 5, 27, 12, 0)]
2023-08-23 08:18:41,054 - __main__ - 111 - DEBUG - Time dif=-5377.0seconds Phase Angle of Observation=46.69530201342282
2023-08-23 08:18:41,054 - __main__ - 102 - DEBUG - WL=[2.12, -1.2]
2023-08-23 08:18:41,058 - __main__ - 103 - DEBUG - Tide Time=[datetime.datetime(1968, 6, 10, 6, 0), datetime.datetime(1968, 6, 10, 12, 0)]
2023-08-23 08:18:41,058 - __main__ - 111 - DEBUG - Time dif=-51179.0seconds Phase Angle of Observation=-322.1798657718121
2023-08-23 08:18:41,058 - __main__ - 102 - DEBUG - WL=[1.94, -0.59]
2023-08-23 08:18:41,058 - __main__ - 103 - DEBUG - Tide Time=[datetime.datetime(1968, 6, 25, 6, 0), datetime.datetime(1968, 6, 25, 12, 0)]
2023-08-23 08:18:41,058 - __main__ - 111 - DEBUG - Time dif=-59062.0seconds Phase Angle of Observation=-385.6671140939597
2023-08-23 08:18:41,062 - __main__ - 102 - DEBUG - WL=[1.84, -1.33]
2023-08-23 08:18:41,062 - __main__ - 103 - DEBUG - Tide Time=[datetime.datetime(1968, 7, 10, 6, 0), datetime.datetime(1968, 7, 10, 12, 0)]
2023-08-23 08:18:41,062 - __main__ - 111 - DEBUG - Time dif=9747.0seconds Phase Angle of Observation=168.49932885906037
2023-08-23 08:18:41,062 - __main__ - 102 - DEBUG - WL=[1.83, -0.94]
2023-08-23 08:18:41,062 - __main__ - 103 - DEBUG - Tide Time=[datetime.datetime(1968, 7, 25, 6, 0), datetime.datetime(1968, 7, 25, 12, 0)]
2023-08-23 08:18:41,062 - __main__ - 111 - DEBUG - Time dif=-20960.0seconds Phase Angle of Observation=-78.80536912751677
2023-08-23 08:18:41,066 - __main__ - 102 - DEBUG - WL=[2.0, -1.13]
2023-08-23 08:18:41,066 - __main__ - 103 - DEBUG - Tide Time=[datetime.datetime(1968, 8, 8, 6, 0), datetime.datetime(1968, 8, 8, 12, 0)]
2023-08-23 08:18:41,066 - __main__ - 111 - DEBUG - Time dif=-19932.0seconds Phase Angle of Observation=-70.5261744966443
2023-08-23 08:18:41,066 - __main__ - 102 - DEBUG - WL=[1.97, -0.73]
2023-08-23 08:18:41,070 - __main__ - 103 - DEBUG - Tide Time=[datetime.datetime(1968, 8, 23, 6, 0), datetime.datetime(1968, 8, 23, 12, 0)]
2023-08-23 08:18:41,070 - __main__ - 111 - DEBUG - Time dif=-64588.0seconds Phase Angle of Observation=-430.17181208053694
2023-08-23 08:18:41,070 - __main__ - 102 - DEBUG - WL=[1.9, -1.29]
2023-08-23 08:18:41,070 - __main__ - 103 - DEBUG - Tide Time=[datetime.datetime(1968, 9, 6, 6, 0), datetime.datetime(1968, 9, 6, 12, 0)]
2023-08-23 08:18:41,070 - __main__ - 111 - DEBUG - Time dif=-58029.0seconds Phase Angle of Observation=-377.34765100671143
2023-08-23 08:18:41,074 - __main__ - 102 - DEBUG - WL=[1.94, -1.39]
2023-08-23 08:18:41,074 - __main__ - 103 - DEBUG - Tide Time=[datetime.datetime(1968, 9, 22, 6, 0), datetime.datetime(1968, 9, 22, 12, 0)]
2023-08-23 08:18:41,074 - __main__ - 111 - DEBUG - Time dif=-18482.0seconds Phase Angle of Observation=-58.848322147651004
2023-08-23 08:18:41,074 - __main__ - 102 - DEBUG - WL=[1.87, -1.08]
2023-08-23 08:18:41,074 - __main__ - 103 - DEBUG - Tide Time=[datetime.datetime(1968, 10, 6, 6, 0), datetime.datetime(1968, 10, 6, 12, 0)]
2023-08-23 08:18:41,074 - __main__ - 111 - DEBUG - Time dif=-20761.0seconds Phase Angle of Observation=-77.2026845637584
2023-08-23 08:18:41,078 - __main__ - 102 - DEBUG - WL=[1.84, -1.45]
2023-08-23 08:18:41,078 - __main__ - 103 - DEBUG - Tide Time=[datetime.datetime(1968, 10, 21, 6, 0), datetime.datetime(1968, 10, 21, 12, 0)]
2023-08-23 08:18:41,078 - __main__ - 111 - DEBUG - Time dif=-56649.0seconds Phase Angle of Observation=-366.23355704697985
2023-08-23 08:18:41,078 - __main__ - 102 - DEBUG - WL=[1.6, -1.19]
2023-08-23 08:18:41,078 - __main__ - 103 - DEBUG - Tide Time=[datetime.datetime(1968, 11, 5, 6, 0), datetime.datetime(1968, 11, 5, 12, 0)]
2023-08-23 08:18:41,078 - __main__ - 111 - DEBUG - Time dif=5726.0seconds Phase Angle of Observation=136.11543624161072
2023-08-23 08:18:41,082 - __main__ - 102 - DEBUG - WL=[1.66, -1.54]
2023-08-23 08:18:41,082 - __main__ - 103 - DEBUG - Tide Time=[datetime.datetime(1968, 11, 20, 6, 0), datetime.datetime(1968, 11, 20, 12, 0)]
2023-08-23 08:18:41,082 - __main__ - 111 - DEBUG - Time dif=-7288.0seconds Phase Angle of Observation=31.30469798657718
2023-08-23 08:18:41,086 - __main__ - 102 - DEBUG - WL=[1.28, -1.13]
2023-08-23 08:18:41,086 - __main__ - 103 - DEBUG - Tide Time=[datetime.datetime(1968, 12, 4, 6, 0), datetime.datetime(1968, 12, 4, 12, 0)]
2023-08-23 08:18:41,086 - __main__ - 111 - DEBUG - Time dif=-61632.0seconds Phase Angle of Observation=-406.3651006711409
2023-08-23 08:18:41,086 - __main__ - 102 - DEBUG - WL=[1.3, -1.54]
2023-08-23 08:18:41,086 - __main__ - 103 - DEBUG - Tide Time=[datetime.datetime(1968, 12, 19, 6, 0), datetime.datetime(1968, 12, 19, 12, 0)]
2023-08-23 08:18:41,090 - __main__ - 111 - DEBUG - Time dif=-44311.0seconds Phase Angle of Observation=-266.86711409395974
2023-08-23 08:18:41,090 - __main__ - 102 - DEBUG - WL=[1.17, -1.17]
2023-08-23 08:18:41,090 - __main__ - 103 - DEBUG - Tide Time=[datetime.datetime(1969, 1, 3, 6, 0), datetime.datetime(1969, 1, 3, 12, 0)]
2023-08-23 08:18:41,090 - __main__ - 111 - DEBUG - Time dif=-44851.0seconds Phase Angle of Observation=-271.2161073825503
2023-08-23 08:18:41,090 - __main__ - 102 - DEBUG - WL=[1.17, -1.39]
2023-08-23 08:18:41,094 - __main__ - 103 - DEBUG - Tide Time=[datetime.datetime(1969, 1, 18, 6, 0), datetime.datetime(1969, 1, 18, 12, 0)]
2023-08-23 08:18:41,094 - __main__ - 111 - DEBUG - Time dif=3685.0seconds Phase Angle of Observation=119.6778523489933
2023-08-23 08:18:41,094 - __main__ - 102 - DEBUG - WL=[1.14, -1.26]
2023-08-23 08:18:41,094 - __main__ - 103 - DEBUG - Tide Time=[datetime.datetime(1969, 2, 2, 6, 0), datetime.datetime(1969, 2, 2, 12, 0)]
2023-08-23 08:18:41,094 - __main__ - 111 - DEBUG - Time dif=-24944.0seconds Phase Angle of Observation=-110.89127516778522
2023-08-23 08:18:41,098 - __main__ - 102 - DEBUG - WL=[1.39, -1.57]
2023-08-23 08:18:41,098 - __main__ - 103 - DEBUG - Tide Time=[datetime.datetime(1969, 2, 16, 6, 0), datetime.datetime(1969, 2, 16, 12, 0)]
2023-08-23 08:18:41,098 - __main__ - 111 - DEBUG - Time dif=-37499.0seconds Phase Angle of Observation=-212.00536912751676
2023-08-23 08:18:41,098 - __main__ - 102 - DEBUG - WL=[1.39, -1.63]
2023-08-23 08:18:41,098 - __main__ - 103 - DEBUG - Tide Time=[datetime.datetime(1969, 3, 4, 6, 0), datetime.datetime(1969, 3, 4, 12, 0)]
2023-08-23 08:18:41,098 - __main__ - 111 - DEBUG - Time dif=2580.0seconds Phase Angle of Observation=110.7785234899329
2023-08-23 08:18:41,102 - __main__ - 102 - DEBUG - WL=[1.78, -1.69]
2023-08-23 08:18:41,102 - __main__ - 103 - DEBUG - Tide Time=[datetime.datetime(1969, 3, 18, 6, 0), datetime.datetime(1969, 3, 18, 12, 0)]
2023-08-23 08:18:41,102 - __main__ - 111 - DEBUG - Time dif=4123.0seconds Phase Angle of Observation=123.20536912751679
2023-08-23 08:18:41,102 - __main__ - 102 - DEBUG - WL=[1.63, -1.6]
2023-08-23 08:18:41,106 - __main__ - 103 - DEBUG - Tide Time=[datetime.datetime(1969, 4, 2, 6, 0), datetime.datetime(1969, 4, 2, 12, 0)]
2023-08-23 08:18:41,106 - __main__ - 111 - DEBUG - Time dif=-45889.0seconds Phase Angle of Observation=-279.57583892617447
2023-08-23 08:18:41,106 - __main__ - 102 - DEBUG - WL=[1.84, -1.51]
2023-08-23 08:18:41,106 - __main__ - 103 - DEBUG - Tide Time=[datetime.datetime(1969, 4, 16, 6, 0), datetime.datetime(1969, 4, 16, 12, 0)]
2023-08-23 08:18:41,106 - __main__ - 111 - DEBUG - Time dif=-44140.0seconds Phase Angle of Observation=-265.489932885906
2023-08-23 08:18:41,110 - __main__ - 102 - DEBUG - WL=[1.84, -1.51]
2023-08-23 08:18:41,110 - __main__ - 103 - DEBUG - Tide Time=[datetime.datetime(1969, 5, 2, 6, 0), datetime.datetime(1969, 5, 2, 12, 0)]
2023-08-23 08:18:41,110 - __main__ - 111 - DEBUG - Time dif=2802.0seconds Phase Angle of Observation=112.56644295302013
2023-08-23 08:18:41,110 - __main__ - 102 - DEBUG - WL=[1.72, -1.11]
2023-08-23 08:18:41,110 - __main__ - 103 - DEBUG - Tide Time=[datetime.datetime(1969, 5, 16, 6, 0), datetime.datetime(1969, 5, 16, 12, 0)]
2023-08-23 08:18:41,110 - __main__ - 111 - DEBUG - Time dif=-8751.0seconds Phase Angle of Observation=19.52214765100672
2023-08-23 08:18:41,114 - __main__ - 102 - DEBUG - WL=[2.0, -1.3]
2023-08-23 08:18:41,114 - __main__ - 103 - DEBUG - Tide Time=[datetime.datetime(1969, 5, 31, 6, 0), datetime.datetime(1969, 5, 31, 12, 0)]
2023-08-23 08:18:41,114 - __main__ - 111 - DEBUG - Time dif=-26288.0seconds Phase Angle of Observation=-121.71543624161075
2023-08-23 08:18:41,118 - __main__ - 102 - DEBUG - WL=[1.84, -0.78]
2023-08-23 08:18:41,118 - __main__ - 103 - DEBUG - Tide Time=[datetime.datetime(1969, 6, 14, 6, 0), datetime.datetime(1969, 6, 14, 12, 0)]
2023-08-23 08:18:41,118 - __main__ - 111 - DEBUG - Time dif=-61710.0seconds Phase Angle of Observation=-406.99328859060404
2023-08-23 08:18:41,118 - __main__ - 102 - DEBUG - WL=[2.0, -1.05]
2023-08-23 08:18:41,118 - __main__ - 103 - DEBUG - Tide Time=[datetime.datetime(1969, 6, 29, 6, 0), datetime.datetime(1969, 6, 29, 12, 0)]
2023-08-23 08:18:41,118 - __main__ - 111 - DEBUG - Time dif=-50620.0seconds Phase Angle of Observation=-317.67785234899327
2023-08-23 08:18:41,122 - __main__ - 102 - DEBUG - WL=[1.9, -0.66]
2023-08-23 08:18:41,122 - __main__ - 103 - DEBUG - Tide Time=[datetime.datetime(1969, 7, 14, 6, 0), datetime.datetime(1969, 7, 14, 12, 0)]
2023-08-23 08:18:41,122 - __main__ - 111 - DEBUG - Time dif=-29477.0seconds Phase Angle of Observation=-147.3986577181208
2023-08-23 08:18:41,122 - __main__ - 102 - DEBUG - WL=[2.12, -0.81]
2023-08-23 08:18:41,122 - __main__ - 103 - DEBUG - Tide Time=[datetime.datetime(1969, 7, 29, 6, 0), datetime.datetime(1969, 7, 29, 12, 0)]
2023-08-23 08:18:41,126 - __main__ - 111 - DEBUG - Time dif=11703.0seconds Phase Angle of Observation=184.2523489932886
2023-08-23 08:18:41,126 - __main__ - 102 - DEBUG - WL=[1.9, -1.05]
2023-08-23 08:18:41,126 - __main__ - 103 - DEBUG - Tide Time=[datetime.datetime(1969, 8, 13, 6, 0), datetime.datetime(1969, 8, 13, 12, 0)]
2023-08-23 08:18:41,126 - __main__ - 111 - DEBUG - Time dif=2617.0seconds Phase Angle of Observation=111.0765100671141
2023-08-23 08:18:41,130 - __main__ - 102 - DEBUG - WL=[2.0, -1.42]
2023-08-23 08:18:41,130 - __main__ - 103 - DEBUG - Tide Time=[datetime.datetime(1969, 8, 27, 6, 0), datetime.datetime(1969, 8, 27, 12, 0)]
2023-08-23 08:18:41,130 - __main__ - 111 - DEBUG - Time dif=-16340.0seconds Phase Angle of Observation=-41.5973154362416
2023-08-23 08:18:41,130 - __main__ - 102 - DEBUG - WL=[2.0, -1.05]
2023-08-23 08:18:41,134 - __main__ - 103 - DEBUG - Tide Time=[datetime.datetime(1969, 9, 11, 6, 0), datetime.datetime(1969, 9, 11, 12, 0)]
2023-08-23 08:18:41,134 - __main__ - 111 - DEBUG - Time dif=-50144.0seconds Phase Angle of Observation=-313.8442953020134
2023-08-23 08:18:41,134 - __main__ - 102 - DEBUG - WL=[1.9, -1.14]
2023-08-23 08:18:41,134 - __main__ - 103 - DEBUG - Tide Time=[datetime.datetime(1969, 9, 25, 6, 0), datetime.datetime(1969, 9, 25, 12, 0)]
2023-08-23 08:18:41,134 - __main__ - 111 - DEBUG - Time dif=-51647.0seconds Phase Angle of Observation=-325.9489932885906
2023-08-23 08:18:41,138 - __main__ - 102 - DEBUG - WL=[1.9, -1.1]
2023-08-23 08:18:41,138 - __main__ - 103 - DEBUG - Tide Time=[datetime.datetime(1969, 10, 11, 6, 0), datetime.datetime(1969, 10, 11, 12, 0)]
2023-08-23 08:18:41,138 - __main__ - 111 - DEBUG - Time dif=-13147.0seconds Phase Angle of Observation=-15.881879194630868
2023-08-23 08:18:41,138 - __main__ - 102 - DEBUG - WL=[1.75, -1.33]
2023-08-23 08:18:41,138 - __main__ - 103 - DEBUG - Tide Time=[datetime.datetime(1969, 10, 25, 6, 0), datetime.datetime(1969, 10, 25, 12, 0)]
2023-08-23 08:18:41,138 - __main__ - 111 - DEBUG - Time dif=-9847.0seconds Phase Angle of Observation=10.695302013422825
2023-08-23 08:18:41,142 - __main__ - 102 - DEBUG - WL=[1.87, -1.16]
2023-08-23 08:18:41,142 - __main__ - 103 - DEBUG - Tide Time=[datetime.datetime(1969, 11, 9, 6, 0), datetime.datetime(1969, 11, 9, 12, 0)]
2023-08-23 08:18:41,142 - __main__ - 111 - DEBUG - Time dif=-58281.0seconds Phase Angle of Observation=-379.3771812080537
2023-08-23 08:18:41,142 - __main__ - 102 - DEBUG - WL=[1.43, -1.26]
2023-08-23 08:18:41,142 - __main__ - 103 - DEBUG - Tide Time=[datetime.datetime(1969, 11, 23, 6, 0), datetime.datetime(1969, 11, 23, 12, 0)]
2023-08-23 08:18:41,142 - __main__ - 111 - DEBUG - Time dif=-64421.0seconds Phase Angle of Observation=-428.8268456375838
2023-08-23 08:18:41,146 - __main__ - 102 - DEBUG - WL=[1.45, -1.33]
2023-08-23 08:18:41,146 - __main__ - 103 - DEBUG - Tide Time=[datetime.datetime(1969, 12, 9, 6, 0), datetime.datetime(1969, 12, 9, 12, 0)]
2023-08-23 08:18:41,146 - __main__ - 111 - DEBUG - Time dif=-13314.0seconds Phase Angle of Observation=-17.226845637583892
2023-08-23 08:18:41,146 - __main__ - 102 - DEBUG - WL=[1.11, -1.26]
2023-08-23 08:18:41,146 - __main__ - 103 - DEBUG - Tide Time=[datetime.datetime(1969, 12, 23, 6, 0), datetime.datetime(1969, 12, 23, 12, 0)]
2023-08-23 08:18:41,150 - __main__ - 111 - DEBUG - Time dif=-41693.0seconds Phase Angle of Observation=-245.78255033557045
2023-08-23 08:18:41,150 - __main__ - 102 - DEBUG - WL=[1.2, -1.28]
2023-08-23 08:18:41,150 - __main__ - 103 - DEBUG - Tide Time=[datetime.datetime(1970, 1, 7, 6, 0), datetime.datetime(1970, 1, 7, 12, 0)]
2023-08-23 08:18:41,150 - __main__ - 111 - DEBUG - Time dif=-52526.0seconds Phase Angle of Observation=-333.02818791946305
2023-08-23 08:18:41,154 - __main__ - 102 - DEBUG - WL=[1.11, -1.23]
2023-08-23 08:18:41,154 - __main__ - 103 - DEBUG - Tide Time=[datetime.datetime(1970, 1, 22, 6, 0), datetime.datetime(1970, 1, 22, 12, 0)]
2023-08-23 08:18:41,154 - __main__ - 111 - DEBUG - Time dif=-24918.0seconds Phase Angle of Observation=-110.68187919463088
2023-08-23 08:18:41,154 - __main__ - 102 - DEBUG - WL=[1.37, -1.72]
2023-08-23 08:18:41,154 - __main__ - 103 - DEBUG - Tide Time=[datetime.datetime(1970, 2, 6, 6, 0), datetime.datetime(1970, 2, 6, 12, 0)]
2023-08-23 08:18:41,154 - __main__ - 111 - DEBUG - Time dif=-4368.0seconds Phase Angle of Observation=54.821476510067114
2023-08-23 08:18:41,158 - __main__ - 102 - DEBUG - WL=[1.25, -1.45]
2023-08-23 08:18:41,158 - __main__ - 103 - DEBUG - Tide Time=[datetime.datetime(1970, 2, 21, 6, 0), datetime.datetime(1970, 2, 21, 12, 0)]
2023-08-23 08:18:41,158 - __main__ - 111 - DEBUG - Time dif=-8319.0seconds Phase Angle of Observation=23.0013422818792
2023-08-23 08:18:41,158 - __main__ - 102 - DEBUG - WL=[1.34, -1.75]
2023-08-23 08:18:41,158 - __main__ - 103 - DEBUG - Tide Time=[datetime.datetime(1970, 3, 7, 6, 0), datetime.datetime(1970, 3, 7, 12, 0)]
2023-08-23 08:18:41,158 - __main__ - 111 - DEBUG - Time dif=-42144.0seconds Phase Angle of Observation=-249.4147651006711
2023-08-23 08:18:41,162 - __main__ - 102 - DEBUG - WL=[1.58, -1.55]
2023-08-23 08:18:41,162 - __main__ - 103 - DEBUG - Tide Time=[datetime.datetime(1970, 3, 23, 6, 0), datetime.datetime(1970, 3, 23, 12, 0)]
2023-08-23 08:18:41,162 - __main__ - 111 - DEBUG - Time dif=14857.0seconds Phase Angle of Observation=209.65369127516777
2023-08-23 08:18:41,162 - __main__ - 102 - DEBUG - WL=[1.77, -1.74]
2023-08-23 08:18:41,166 - __main__ - 103 - DEBUG - Tide Time=[datetime.datetime(1970, 4, 6, 6, 0), datetime.datetime(1970, 4, 6, 12, 0)]
2023-08-23 08:18:41,166 - __main__ - 111 - DEBUG - Time dif=6642.0seconds Phase Angle of Observation=143.49261744966444
2023-08-23 08:18:41,166 - __main__ - 102 - DEBUG - WL=[1.62, -1.46]
2023-08-23 08:18:41,166 - __main__ - 103 - DEBUG - Tide Time=[datetime.datetime(1970, 4, 21, 6, 0), datetime.datetime(1970, 4, 21, 12, 0)]
2023-08-23 08:18:41,166 - __main__ - 111 - DEBUG - Time dif=-37275.0seconds Phase Angle of Observation=-210.2013422818792
2023-08-23 08:18:41,170 - __main__ - 102 - DEBUG - WL=[1.8, -1.34]
2023-08-23 08:18:41,170 - __main__ - 103 - DEBUG - Tide Time=[datetime.datetime(1970, 5, 5, 6, 0), datetime.datetime(1970, 5, 5, 12, 0)]
2023-08-23 08:18:41,170 - __main__ - 111 - DEBUG - Time dif=-31852.0seconds Phase Angle of Observation=-166.52617449664427
2023-08-23 08:18:41,170 - __main__ - 102 - DEBUG - WL=[2.04, -1.22]
2023-08-23 08:18:41,170 - __main__ - 103 - DEBUG - Tide Time=[datetime.datetime(1970, 5, 21, 6, 0), datetime.datetime(1970, 5, 21, 12, 0)]
2023-08-23 08:18:41,170 - __main__ - 111 - DEBUG - Time dif=8548.0seconds Phase Angle of Observation=158.84295302013422
2023-08-23 08:18:41,174 - __main__ - 102 - DEBUG - WL=[1.83, -1.13]
2023-08-23 08:18:41,174 - __main__ - 103 - DEBUG - Tide Time=[datetime.datetime(1970, 6, 4, 6, 0), datetime.datetime(1970, 6, 4, 12, 0)]
2023-08-23 08:18:41,174 - __main__ - 111 - DEBUG - Time dif=13129.0seconds Phase Angle of Observation=195.73691275167783
2023-08-23 08:18:41,174 - __main__ - 102 - DEBUG - WL=[1.92, -0.98]
2023-08-23 08:18:41,174 - __main__ - 103 - DEBUG - Tide Time=[datetime.datetime(1970, 6, 19, 6, 0), datetime.datetime(1970, 6, 19, 12, 0)]
2023-08-23 08:18:41,178 - __main__ - 111 - DEBUG - Time dif=-23242.0seconds Phase Angle of Observation=-97.18389261744966
2023-08-23 08:18:41,178 - __main__ - 102 - DEBUG - WL=[1.9, -0.91]
2023-08-23 08:18:41,178 - __main__ - 103 - DEBUG - Tide Time=[datetime.datetime(1970, 7, 3, 6, 0), datetime.datetime(1970, 7, 3, 12, 0)]
2023-08-23 08:18:41,178 - __main__ - 111 - DEBUG - Time dif=-33466.0seconds Phase Angle of Observation=-179.5248322147651
2023-08-23 08:18:41,182 - __main__ - 102 - DEBUG - WL=[1.98, -0.91]
2023-08-23 08:18:41,182 - __main__ - 103 - DEBUG - Tide Time=[datetime.datetime(1970, 7, 18, 6, 0), datetime.datetime(1970, 7, 18, 12, 0)]
2023-08-23 08:18:41,182 - __main__ - 111 - DEBUG - Time dif=-50306.0seconds Phase Angle of Observation=-315.1489932885906
2023-08-23 08:18:41,182 - __main__ - 102 - DEBUG - WL=[1.92, -0.87]
2023-08-23 08:18:41,186 - __main__ - 103 - DEBUG - Tide Time=[datetime.datetime(1970, 8, 2, 6, 0), datetime.datetime(1970, 8, 2, 12, 0)]
2023-08-23 08:18:41,186 - __main__ - 111 - DEBUG - Time dif=115.0seconds Phase Angle of Observation=90.9261744966443
2023-08-23 08:18:41,186 - __main__ - 102 - DEBUG - WL=[1.95, -1.1]
2023-08-23 08:18:41,186 - __main__ - 103 - DEBUG - Tide Time=[datetime.datetime(1970, 8, 17, 6, 0), datetime.datetime(1970, 8, 17, 12, 0)]
2023-08-23 08:18:41,186 - __main__ - 111 - DEBUG - Time dif=9881.0seconds Phase Angle of Observation=169.57852348993288
2023-08-23 08:18:41,190 - __main__ - 102 - DEBUG - WL=[1.83, -0.88]
2023-08-23 08:18:41,190 - __main__ - 103 - DEBUG - Tide Time=[datetime.datetime(1970, 8, 31, 6, 0), datetime.datetime(1970, 8, 31, 12, 0)]
2023-08-23 08:18:41,190 - __main__ - 111 - DEBUG - Time dif=-57671.0seconds Phase Angle of Observation=-374.4644295302013
2023-08-23 08:18:41,190 - __main__ - 102 - DEBUG - WL=[1.86, -1.07]
2023-08-23 08:18:41,190 - __main__ - 103 - DEBUG - Tide Time=[datetime.datetime(1970, 9, 15, 6, 0), datetime.datetime(1970, 9, 15, 12, 0)]
2023-08-23 08:18:41,190 - __main__ - 111 - DEBUG - Time dif=-18563.0seconds Phase Angle of Observation=-59.50067114093959
2023-08-23 08:18:41,194 - __main__ - 102 - DEBUG - WL=[1.86, -1.16]
2023-08-23 08:18:41,194 - __main__ - 103 - DEBUG - Tide Time=[datetime.datetime(1970, 9, 30, 6, 0), datetime.datetime(1970, 9, 30, 12, 0)]
2023-08-23 08:18:41,194 - __main__ - 111 - DEBUG - Time dif=-30688.0seconds Phase Angle of Observation=-157.151677852349
2023-08-23 08:18:41,194 - __main__ - 102 - DEBUG - WL=[1.77, -1.13]
2023-08-23 08:18:41,194 - __main__ - 103 - DEBUG - Tide Time=[datetime.datetime(1970, 10, 14, 6, 0), datetime.datetime(1970, 10, 14, 12, 0)]
2023-08-23 08:18:41,194 - __main__ - 111 - DEBUG - Time dif=-51672.0seconds Phase Angle of Observation=-326.1503355704698
2023-08-23 08:18:41,198 - __main__ - 102 - DEBUG - WL=[1.62, -0.76]
2023-08-23 08:18:41,198 - __main__ - 103 - DEBUG - Tide Time=[datetime.datetime(1970, 10, 30, 6, 0), datetime.datetime(1970, 10, 30, 12, 0)]
2023-08-23 08:18:41,198 - __main__ - 111 - DEBUG - Time dif=-1672.0seconds Phase Angle of Observation=76.53422818791945
2023-08-23 08:18:41,198 - __main__ - 102 - DEBUG - WL=[1.83, -1.04]
2023-08-23 08:18:41,198 - __main__ - 103 - DEBUG - Tide Time=[datetime.datetime(1970, 11, 13, 6, 0), datetime.datetime(1970, 11, 13, 12, 0)]
2023-08-23 08:18:41,202 - __main__ - 111 - DEBUG - Time dif=-5272.0seconds Phase Angle of Observation=47.540939597315436
2023-08-23 08:18:41,202 - __main__ - 102 - DEBUG - WL=[1.58, -1.22]
2023-08-23 08:18:41,202 - __main__ - 103 - DEBUG - Tide Time=[datetime.datetime(1970, 11, 28, 6, 0), datetime.datetime(1970, 11, 28, 12, 0)]
2023-08-23 08:18:41,202 - __main__ - 111 - DEBUG - Time dif=-54848.0seconds Phase Angle of Observation=-351.72885906040267
2023-08-23 08:18:41,202 - __main__ - 102 - DEBUG - WL=[1.52, -1.04]
2023-08-23 08:18:41,202 - __main__ - 103 - DEBUG - Tide Time=[datetime.datetime(1970, 12, 12, 6, 0), datetime.datetime(1970, 12, 12, 12, 0)]
2023-08-23 08:18:41,206 - __main__ - 111 - DEBUG - Time dif=-54198.0seconds Phase Angle of Observation=-346.4939597315436
2023-08-23 08:18:41,206 - __main__ - 102 - DEBUG - WL=[1.37, -1.16]
2023-08-23 08:18:41,206 - __main__ - 103 - DEBUG - Tide Time=[datetime.datetime(1970, 12, 28, 6, 0), datetime.datetime(1970, 12, 28, 12, 0)]
2023-08-23 08:18:41,206 - __main__ - 111 - DEBUG - Time dif=-16958.0seconds Phase Angle of Observation=-46.57449664429529
2023-08-23 08:18:41,206 - __main__ - 102 - DEBUG - WL=[1.28, -1.07]
2023-08-23 08:18:41,210 - __main__ - 103 - DEBUG - Tide Time=[datetime.datetime(1971, 1, 11, 6, 0), datetime.datetime(1971, 1, 11, 12, 0)]
2023-08-23 08:18:41,210 - __main__ - 111 - DEBUG - Time dif=-26416.0seconds Phase Angle of Observation=-122.7463087248322
2023-08-23 08:18:41,210 - __main__ - 102 - DEBUG - WL=[1.25, -1.16]
2023-08-23 08:18:41,210 - __main__ - 103 - DEBUG - Tide Time=[datetime.datetime(1971, 1, 26, 6, 0), datetime.datetime(1971, 1, 26, 12, 0)]
2023-08-23 08:18:41,210 - __main__ - 111 - DEBUG - Time dif=-60906.0seconds Phase Angle of Observation=-400.5181208053691
2023-08-23 08:18:41,214 - __main__ - 102 - DEBUG - WL=[1.34, -1.16]
2023-08-23 08:18:41,214 - __main__ - 103 - DEBUG - Tide Time=[datetime.datetime(1971, 2, 10, 6, 0), datetime.datetime(1971, 2, 10, 12, 0)]
2023-08-23 08:18:41,214 - __main__ - 111 - DEBUG - Time dif=-6081.0seconds Phase Angle of Observation=41.0255033557047
2023-08-23 08:18:41,214 - __main__ - 102 - DEBUG - WL=[1.31, -1.52]
2023-08-23 08:18:41,214 - __main__ - 103 - DEBUG - Tide Time=[datetime.datetime(1971, 2, 25, 6, 0), datetime.datetime(1971, 2, 25, 12, 0)]
2023-08-23 08:18:41,214 - __main__ - 111 - DEBUG - Time dif=-13712.0seconds Phase Angle of Observation=-20.432214765100664
2023-08-23 08:18:41,218 - __main__ - 102 - DEBUG - WL=[1.48, -1.42]
2023-08-23 08:18:41,218 - __main__ - 103 - DEBUG - Tide Time=[datetime.datetime(1971, 3, 12, 6, 0), datetime.datetime(1971, 3, 12, 12, 0)]
2023-08-23 08:18:41,218 - __main__ - 111 - DEBUG - Time dif=12387.0seconds Phase Angle of Observation=189.76107382550336
2023-08-23 08:18:41,218 - __main__ - 102 - DEBUG - WL=[1.72, -1.39]
2023-08-23 08:18:41,222 - __main__ - 103 - DEBUG - Tide Time=[datetime.datetime(1971, 3, 26, 6, 0), datetime.datetime(1971, 3, 26, 12, 0)]
2023-08-23 08:18:41,222 - __main__ - 111 - DEBUG - Time dif=-48207.0seconds Phase Angle of Observation=-298.24429530201337
2023-08-23 08:18:41,222 - __main__ - 102 - DEBUG - WL=[1.75, -1.3]
2023-08-23 08:18:41,222 - __main__ - 103 - DEBUG - Tide Time=[datetime.datetime(1971, 4, 10, 6, 0), datetime.datetime(1971, 4, 10, 12, 0)]
2023-08-23 08:18:41,222 - __main__ - 111 - DEBUG - Time dif=-50996.0seconds Phase Angle of Observation=-320.7060402684563
2023-08-23 08:18:41,226 - __main__ - 102 - DEBUG - WL=[1.75, -1.36]
2023-08-23 08:18:41,226 - __main__ - 103 - DEBUG - Tide Time=[datetime.datetime(1971, 4, 25, 6, 0), datetime.datetime(1971, 4, 25, 12, 0)]
2023-08-23 08:18:41,226 - __main__ - 111 - DEBUG - Time dif=7101.0seconds Phase Angle of Observation=147.18926174496644
2023-08-23 08:18:41,226 - __main__ - 102 - DEBUG - WL=[1.9, -1.02]
2023-08-23 08:18:41,226 - __main__ - 103 - DEBUG - Tide Time=[datetime.datetime(1971, 5, 10, 6, 0), datetime.datetime(1971, 5, 10, 12, 0)]
2023-08-23 08:18:41,230 - __main__ - 111 - DEBUG - Time dif=-19411.0seconds Phase Angle of Observation=-66.33020134228188
2023-08-23 08:18:41,230 - __main__ - 102 - DEBUG - WL=[1.75, -0.99]
2023-08-23 08:18:41,230 - __main__ - 103 - DEBUG - Tide Time=[datetime.datetime(1971, 5, 24, 6, 0), datetime.datetime(1971, 5, 24, 12, 0)]
2023-08-23 08:18:41,230 - __main__ - 111 - DEBUG - Time dif=-23506.0seconds Phase Angle of Observation=-99.31006711409394
2023-08-23 08:18:41,234 - __main__ - 102 - DEBUG - WL=[1.84, -0.9]
2023-08-23 08:18:41,234 - __main__ - 103 - DEBUG - Tide Time=[datetime.datetime(1971, 6, 9, 6, 0), datetime.datetime(1971, 6, 9, 12, 0)]
2023-08-23 08:18:41,234 - __main__ - 111 - DEBUG - Time dif=21385.0seconds Phase Angle of Observation=262.22818791946304
2023-08-23 08:18:41,234 - __main__ - 102 - DEBUG - WL=[1.9, -0.75]
2023-08-23 08:18:41,234 - __main__ - 103 - DEBUG - Tide Time=[datetime.datetime(1971, 6, 22, 6, 0), datetime.datetime(1971, 6, 22, 12, 0)]
2023-08-23 08:18:41,234 - __main__ - 111 - DEBUG - Time dif=-57438.0seconds Phase Angle of Observation=-372.58791946308725
2023-08-23 08:18:41,238 - __main__ - 102 - DEBUG - WL=[1.76, -0.78]
2023-08-23 08:18:41,238 - __main__ - 103 - DEBUG - Tide Time=[datetime.datetime(1971, 7, 8, 6, 0), datetime.datetime(1971, 7, 8, 12, 0)]
2023-08-23 08:18:41,238 - __main__ - 111 - DEBUG - Time dif=-16594.0seconds Phase Angle of Observation=-43.642953020134215
2023-08-23 08:18:41,238 - __main__ - 102 - DEBUG - WL=[1.84, -0.56]
2023-08-23 08:18:41,238 - __main__ - 103 - DEBUG - Tide Time=[datetime.datetime(1971, 7, 22, 6, 0), datetime.datetime(1971, 7, 22, 12, 0)]
2023-08-23 08:18:41,242 - __main__ - 111 - DEBUG - Time dif=-11697.0seconds Phase Angle of Observation=-4.20402684563758
2023-08-23 08:18:41,242 - __main__ - 102 - DEBUG - WL=[1.57, -0.53]
2023-08-23 08:18:41,242 - __main__ - 103 - DEBUG - Tide Time=[datetime.datetime(1971, 8, 6, 6, 0), datetime.datetime(1971, 8, 6, 12, 0)]
2023-08-23 08:18:41,242 - __main__ - 111 - DEBUG - Time dif=-49339.0seconds Phase Angle of Observation=-307.36107382550335
2023-08-23 08:18:41,242 - __main__ - 102 - DEBUG - WL=[1.84, -0.87]
2023-08-23 08:18:41,246 - __main__ - 103 - DEBUG - Tide Time=[datetime.datetime(1971, 8, 20, 6, 0), datetime.datetime(1971, 8, 20, 12, 0)]
2023-08-23 08:18:41,246 - __main__ - 111 - DEBUG - Time dif=-60800.0seconds Phase Angle of Observation=-399.66442953020135
2023-08-23 08:18:41,246 - __main__ - 102 - DEBUG - WL=[1.97, -0.9]
2023-08-23 08:18:41,246 - __main__ - 103 - DEBUG - Tide Time=[datetime.datetime(1971, 9, 5, 6, 0), datetime.datetime(1971, 9, 5, 12, 0)]
2023-08-23 08:18:41,246 - __main__ - 111 - DEBUG - Time dif=7057.0seconds Phase Angle of Observation=146.83489932885905
2023-08-23 08:18:41,250 - __main__ - 102 - DEBUG - WL=[1.72, -1.17]
2023-08-23 08:18:41,250 - __main__ - 103 - DEBUG - Tide Time=[datetime.datetime(1971, 9, 19, 6, 0), datetime.datetime(1971, 9, 19, 12, 0)]
2023-08-23 08:18:41,250 - __main__ - 111 - DEBUG - Time dif=-31332.0seconds Phase Angle of Observation=-162.338255033557
2023-08-23 08:18:41,250 - __main__ - 102 - DEBUG - WL=[2.03, -1.05]
2023-08-23 08:18:41,254 - __main__ - 103 - DEBUG - Tide Time=[datetime.datetime(1971, 10, 4, 6, 0), datetime.datetime(1971, 10, 4, 12, 0)]
2023-08-23 08:18:41,254 - __main__ - 111 - DEBUG - Time dif=-22766.0seconds Phase Angle of Observation=-93.35033557046978
2023-08-23 08:18:41,254 - __main__ - 102 - DEBUG - WL=[1.9, -1.08]
2023-08-23 08:18:41,254 - __main__ - 103 - DEBUG - Tide Time=[datetime.datetime(1971, 10, 19, 6, 0), datetime.datetime(1971, 10, 19, 12, 0)]
2023-08-23 08:18:41,254 - __main__ - 111 - DEBUG - Time dif=-7135.0seconds Phase Angle of Observation=32.53691275167785
2023-08-23 08:18:41,258 - __main__ - 102 - DEBUG - WL=[2.18, -0.75]
2023-08-23 08:18:41,258 - __main__ - 103 - DEBUG - Tide Time=[datetime.datetime(1971, 11, 2, 6, 0), datetime.datetime(1971, 11, 2, 12, 0)]
2023-08-23 08:18:41,258 - __main__ - 111 - DEBUG - Time dif=-55161.0seconds Phase Angle of Observation=-354.2496644295302
2023-08-23 08:18:41,258 - __main__ - 102 - DEBUG - WL=[1.71, -0.99]
2023-08-23 08:18:41,258 - __main__ - 103 - DEBUG - Tide Time=[datetime.datetime(1971, 11, 18, 6, 0), datetime.datetime(1971, 11, 18, 12, 0)]
2023-08-23 08:18:41,258 - __main__ - 111 - DEBUG - Time dif=15254.0seconds Phase Angle of Observation=212.8510067114094
2023-08-23 08:18:41,262 - __main__ - 102 - DEBUG - WL=[1.54, -1.17]
2023-08-23 08:18:41,262 - __main__ - 103 - DEBUG - Tide Time=[datetime.datetime(1971, 12, 2, 6, 0), datetime.datetime(1971, 12, 2, 12, 0)]
2023-08-23 08:18:41,262 - __main__ - 111 - DEBUG - Time dif=-6487.0seconds Phase Angle of Observation=37.75570469798658
2023-08-23 08:18:41,262 - __main__ - 102 - DEBUG - WL=[1.3, -1.17]
2023-08-23 08:18:41,262 - __main__ - 103 - DEBUG - Tide Time=[datetime.datetime(1971, 12, 17, 6, 0), datetime.datetime(1971, 12, 17, 12, 0)]
2023-08-23 08:18:41,262 - __main__ - 111 - DEBUG - Time dif=-46966.0seconds Phase Angle of Observation=-288.2496644295302
2023-08-23 08:18:41,266 - __main__ - 102 - DEBUG - WL=[1.48, -0.99]
2023-08-23 08:18:41,266 - __main__ - 103 - DEBUG - Tide Time=[datetime.datetime(1971, 12, 31, 6, 0), datetime.datetime(1971, 12, 31, 12, 0)]
2023-08-23 08:18:41,266 - __main__ - 111 - DEBUG - Time dif=-51571.0seconds Phase Angle of Observation=-325.3369127516778
2023-08-23 08:18:41,266 - __main__ - 102 - DEBUG - WL=[1.17, -1.2]
2023-08-23 08:18:41,270 - __main__ - 103 - DEBUG - Tide Time=[datetime.datetime(1972, 1, 16, 6, 0), datetime.datetime(1972, 1, 16, 12, 0)]
2023-08-23 08:18:41,270 - __main__ - 111 - DEBUG - Time dif=-17543.0seconds Phase Angle of Observation=-51.28590604026845
2023-08-23 08:18:41,270 - __main__ - 102 - DEBUG - WL=[1.3, -1.2]
2023-08-23 08:18:41,270 - __main__ - 103 - DEBUG - Tide Time=[datetime.datetime(1972, 1, 30, 6, 0), datetime.datetime(1972, 1, 30, 12, 0)]
2023-08-23 08:18:41,270 - __main__ - 111 - DEBUG - Time dif=-17891.0seconds Phase Angle of Observation=-54.08859060402684
2023-08-23 08:18:41,274 - __main__ - 102 - DEBUG - WL=[1.39, -1.48]
2023-08-23 08:18:41,274 - __main__ - 103 - DEBUG - Tide Time=[datetime.datetime(1972, 2, 15, 6, 0), datetime.datetime(1972, 2, 15, 12, 0)]
2023-08-23 08:18:41,274 - __main__ - 111 - DEBUG - Time dif=19875.0seconds Phase Angle of Observation=250.0671140939597
2023-08-23 08:18:41,274 - __main__ - 102 - DEBUG - WL=[1.39, -1.48]
2023-08-23 08:18:41,274 - __main__ - 103 - DEBUG - Tide Time=[datetime.datetime(1972, 2, 29, 6, 0), datetime.datetime(1972, 2, 29, 12, 0)]
2023-08-23 08:18:41,274 - __main__ - 111 - DEBUG - Time dif=10085.0seconds Phase Angle of Observation=171.2214765100671
2023-08-23 08:18:41,278 - __main__ - 102 - DEBUG - WL=[1.54, -1.39]
2023-08-23 08:18:41,278 - __main__ - 103 - DEBUG - Tide Time=[datetime.datetime(1972, 3, 15, 6, 0), datetime.datetime(1972, 3, 15, 12, 0)]
2023-08-23 08:18:41,278 - __main__ - 111 - DEBUG - Time dif=-20081.0seconds Phase Angle of Observation=-71.72617449664428
2023-08-23 08:18:41,278 - __main__ - 102 - DEBUG - WL=[1.69, -1.39]
2023-08-23 08:18:41,278 - __main__ - 103 - DEBUG - Tide Time=[datetime.datetime(1972, 3, 29, 6, 0), datetime.datetime(1972, 3, 29, 12, 0)]
2023-08-23 08:18:41,278 - __main__ - 111 - DEBUG - Time dif=-50729.0seconds Phase Angle of Observation=-318.5557046979866
2023-08-23 08:18:41,282 - __main__ - 102 - DEBUG - WL=[1.57, -1.23]
2023-08-23 08:18:41,282 - __main__ - 103 - DEBUG - Tide Time=[datetime.datetime(1972, 4, 13, 6, 0), datetime.datetime(1972, 4, 13, 12, 0)]
2023-08-23 08:18:41,282 - __main__ - 111 - DEBUG - Time dif=-52251.0seconds Phase Angle of Observation=-330.81342281879193
2023-08-23 08:18:41,282 - __main__ - 102 - DEBUG - WL=[1.75, -1.33]
2023-08-23 08:18:41,286 - __main__ - 103 - DEBUG - Tide Time=[datetime.datetime(1972, 4, 28, 6, 0), datetime.datetime(1972, 4, 28, 12, 0)]
2023-08-23 08:18:41,286 - __main__ - 111 - DEBUG - Time dif=-24267.0seconds Phase Angle of Observation=-105.43892617449664
2023-08-23 08:18:41,286 - __main__ - 102 - DEBUG - WL=[1.81, -1.23]
2023-08-23 08:18:41,286 - __main__ - 103 - DEBUG - Tide Time=[datetime.datetime(1972, 5, 13, 6, 0), datetime.datetime(1972, 5, 13, 12, 0)]
2023-08-23 08:18:41,286 - __main__ - 111 - DEBUG - Time dif=6721.0seconds Phase Angle of Observation=144.12885906040268
2023-08-23 08:18:41,290 - __main__ - 102 - DEBUG - WL=[1.9, -0.99]
2023-08-23 08:18:41,290 - __main__ - 103 - DEBUG - Tide Time=[datetime.datetime(1972, 5, 28, 6, 0), datetime.datetime(1972, 5, 28, 12, 0)]
2023-08-23 08:18:41,290 - __main__ - 111 - DEBUG - Time dif=5544.0seconds Phase Angle of Observation=134.64966442953022
2023-08-23 08:18:41,290 - __main__ - 102 - DEBUG - WL=[1.87, -1.05]
2023-08-23 08:18:41,290 - __main__ - 103 - DEBUG - Tide Time=[datetime.datetime(1972, 6, 11, 6, 0), datetime.datetime(1972, 6, 11, 12, 0)]
2023-08-23 08:18:41,290 - __main__ - 111 - DEBUG - Time dif=-19796.0seconds Phase Angle of Observation=-69.43087248322146
2023-08-23 08:18:41,294 - __main__ - 102 - DEBUG - WL=[1.81, -0.78]
2023-08-23 08:18:41,294 - __main__ - 103 - DEBUG - Tide Time=[datetime.datetime(1972, 6, 26, 6, 0), datetime.datetime(1972, 6, 26, 12, 0)]
2023-08-23 08:18:41,294 - __main__ - 111 - DEBUG - Time dif=-45970.0seconds Phase Angle of Observation=-280.22818791946304
2023-08-23 08:18:41,294 - __main__ - 102 - DEBUG - WL=[1.97, -0.72]
2023-08-23 08:18:41,294 - __main__ - 103 - DEBUG - Tide Time=[datetime.datetime(1972, 7, 10, 6, 0), datetime.datetime(1972, 7, 10, 12, 0)]
2023-08-23 08:18:41,298 - __main__ - 111 - DEBUG - Time dif=-49125.0seconds Phase Angle of Observation=-305.63758389261744
2023-08-23 08:18:41,298 - __main__ - 102 - DEBUG - WL=[1.78, -0.87]
2023-08-23 08:18:41,298 - __main__ - 103 - DEBUG - Tide Time=[datetime.datetime(1972, 7, 26, 6, 0), datetime.datetime(1972, 7, 26, 12, 0)]
2023-08-23 08:18:41,298 - __main__ - 111 - DEBUG - Time dif=-5011.0seconds Phase Angle of Observation=49.64295302013423
2023-08-23 08:18:41,302 - __main__ - 102 - DEBUG - WL=[1.97, -0.87]
2023-08-23 08:18:41,302 - __main__ - 103 - DEBUG - Tide Time=[datetime.datetime(1972, 8, 9, 6, 0), datetime.datetime(1972, 8, 9, 12, 0)]
2023-08-23 08:18:41,302 - __main__ - 111 - DEBUG - Time dif=2052.0seconds Phase Angle of Observation=106.5261744966443
2023-08-23 08:18:41,302 - __main__ - 102 - DEBUG - WL=[1.87, -0.69]
2023-08-23 08:18:41,302 - __main__ - 103 - DEBUG - Tide Time=[datetime.datetime(1972, 8, 24, 6, 0), datetime.datetime(1972, 8, 24, 12, 0)]
2023-08-23 08:18:41,302 - __main__ - 111 - DEBUG - Time dif=-44498.0seconds Phase Angle of Observation=-268.37315436241613
2023-08-23 08:18:41,306 - __main__ - 102 - DEBUG - WL=[1.84, -1.26]
2023-08-23 08:18:41,306 - __main__ - 103 - DEBUG - Tide Time=[datetime.datetime(1972, 9, 7, 6, 0), datetime.datetime(1972, 9, 7, 12, 0)]
2023-08-23 08:18:41,306 - __main__ - 111 - DEBUG - Time dif=-41305.0seconds Phase Angle of Observation=-242.65771812080536
2023-08-23 08:18:41,306 - __main__ - 102 - DEBUG - WL=[1.84, -1.23]
2023-08-23 08:18:41,306 - __main__ - 103 - DEBUG - Tide Time=[datetime.datetime(1972, 9, 23, 6, 0), datetime.datetime(1972, 9, 23, 12, 0)]
2023-08-23 08:18:41,306 - __main__ - 111 - DEBUG - Time dif=6796.0seconds Phase Angle of Observation=144.73288590604028
2023-08-23 08:18:41,310 - __main__ - 102 - DEBUG - WL=[1.78, -1.2]
2023-08-23 08:18:41,310 - __main__ - 103 - DEBUG - Tide Time=[datetime.datetime(1972, 10, 7, 6, 0), datetime.datetime(1972, 10, 7, 12, 0)]
2023-08-23 08:18:41,310 - __main__ - 111 - DEBUG - Time dif=-7676.0seconds Phase Angle of Observation=28.17986577181208
2023-08-23 08:18:41,310 - __main__ - 102 - DEBUG - WL=[1.75, -1.36]
2023-08-23 08:18:41,310 - __main__ - 103 - DEBUG - Tide Time=[datetime.datetime(1972, 10, 22, 6, 0), datetime.datetime(1972, 10, 22, 12, 0)]
2023-08-23 08:18:41,314 - __main__ - 111 - DEBUG - Time dif=-26702.0seconds Phase Angle of Observation=-125.0496644295302
2023-08-23 08:18:41,314 - __main__ - 102 - DEBUG - WL=[1.45, -1.39]
2023-08-23 08:18:41,314 - __main__ - 103 - DEBUG - Tide Time=[datetime.datetime(1972, 11, 6, 6, 0), datetime.datetime(1972, 11, 6, 12, 0)]
2023-08-23 08:18:41,314 - __main__ - 111 - DEBUG - Time dif=16723.0seconds Phase Angle of Observation=224.68187919463085
2023-08-23 08:18:41,318 - __main__ - 102 - DEBUG - WL=[1.4, -1.4]
2023-08-23 08:18:41,318 - __main__ - 103 - DEBUG - Tide Time=[datetime.datetime(1972, 11, 20, 6, 0), datetime.datetime(1972, 11, 20, 12, 0)]
2023-08-23 08:18:41,318 - __main__ - 111 - DEBUG - Time dif=-61590.0seconds Phase Angle of Observation=-406.0268456375839
2023-08-23 08:18:41,318 - __main__ - 102 - DEBUG - WL=[1.34, -1.22]
2023-08-23 08:18:41,318 - __main__ - 103 - DEBUG - Tide Time=[datetime.datetime(1972, 12, 5, 6, 0), datetime.datetime(1972, 12, 5, 12, 0)]
2023-08-23 08:18:41,318 - __main__ - 111 - DEBUG - Time dif=-51842.0seconds Phase Angle of Observation=-327.5194630872483
2023-08-23 08:18:41,322 - __main__ - 102 - DEBUG - WL=[1.34, -1.28]
2023-08-23 08:18:41,322 - __main__ - 103 - DEBUG - Tide Time=[datetime.datetime(1972, 12, 20, 6, 0), datetime.datetime(1972, 12, 20, 12, 0)]
2023-08-23 08:18:41,322 - __main__ - 111 - DEBUG - Time dif=-13504.0seconds Phase Angle of Observation=-18.757046979865773
2023-08-23 08:18:41,322 - __main__ - 102 - DEBUG - WL=[1.04, -1.19]
2023-08-23 08:18:41,322 - __main__ - 103 - DEBUG - Tide Time=[datetime.datetime(1973, 1, 4, 6, 0), datetime.datetime(1973, 1, 4, 12, 0)]
2023-08-23 08:18:41,322 - __main__ - 111 - DEBUG - Time dif=-34948.0seconds Phase Angle of Observation=-191.46040268456377
2023-08-23 08:18:41,326 - __main__ - 102 - DEBUG - WL=[1.25, -1.4]
2023-08-23 08:18:41,326 - __main__ - 103 - DEBUG - Tide Time=[datetime.datetime(1973, 1, 18, 6, 0), datetime.datetime(1973, 1, 18, 12, 0)]
2023-08-23 08:18:41,326 - __main__ - 111 - DEBUG - Time dif=-55703.0seconds Phase Angle of Observation=-358.61476510067115
2023-08-23 08:18:41,326 - __main__ - 102 - DEBUG - WL=[1.13, -1.4]
2023-08-23 08:18:41,326 - __main__ - 103 - DEBUG - Tide Time=[datetime.datetime(1973, 2, 3, 6, 0), datetime.datetime(1973, 2, 3, 12, 0)]
2023-08-23 08:18:41,330 - __main__ - 111 - DEBUG - Time dif=-12168.0seconds Phase Angle of Observation=-7.997315436241603
2023-08-23 08:18:41,330 - __main__ - 102 - DEBUG - WL=[1.28, -1.46]
2023-08-23 08:18:41,330 - __main__ - 103 - DEBUG - Tide Time=[datetime.datetime(1973, 2, 17, 6, 0), datetime.datetime(1973, 2, 17, 12, 0)]
2023-08-23 08:18:41,330 - __main__ - 111 - DEBUG - Time dif=-14816.0seconds Phase Angle of Observation=-29.323489932885913
2023-08-23 08:18:41,334 - __main__ - 102 - DEBUG - WL=[1.49, -1.52]
2023-08-23 08:18:41,334 - __main__ - 103 - DEBUG - Tide Time=[datetime.datetime(1973, 3, 5, 6, 0), datetime.datetime(1973, 3, 5, 12, 0)]
2023-08-23 08:18:41,334 - __main__ - 111 - DEBUG - Time dif=21157.0seconds Phase Angle of Observation=260.3919463087248
2023-08-23 08:18:41,334 - __main__ - 102 - DEBUG - WL=[1.43, -1.71]
2023-08-23 08:18:41,334 - __main__ - 103 - DEBUG - Tide Time=[datetime.datetime(1973, 3, 18, 6, 0), datetime.datetime(1973, 3, 18, 12, 0)]
2023-08-23 08:18:41,334 - __main__ - 111 - DEBUG - Time dif=-63203.0seconds Phase Angle of Observation=-419.01744966442953
2023-08-23 08:18:41,338 - __main__ - 102 - DEBUG - WL=[1.71, -1.31]
2023-08-23 08:18:41,338 - __main__ - 103 - DEBUG - Tide Time=[datetime.datetime(1973, 4, 3, 6, 0), datetime.datetime(1973, 4, 3, 12, 0)]
2023-08-23 08:18:41,338 - __main__ - 111 - DEBUG - Time dif=-20702.0seconds Phase Angle of Observation=-76.7275167785235
2023-08-23 08:18:42,266 - __main__ - 1 - DEBUG - sucessfully completed calcualtions...............................
