2023-06-25 19:56:15,818 - __main__ - 68 - DEBUG - This is a warning message for testing..............
2023-06-25 19:56:15,847 - __main__ - 94 - DEBUG - Reading Basic Input Parameter for Hydraulic Design
2023-06-25 19:56:15,851 - __main__ - 95 - DEBUG - ####################################################
2023-06-25 19:56:15,883 - __main__ - 115 - DEBUG - Avg_gl=6.0 invert_level=1.0 c/s highest wl=7.0 VH=4.0
2023-06-25 19:56:15,883 - __main__ - 118 - DEBUG - unit discharge=39.6823351548638 cfs
2023-06-25 19:56:15,883 - __main__ - 89 - DEBUG - 

checking Reaulator Vanage..................
2023-06-25 19:56:15,883 - __main__ - 122 - DEBUG - {'q': 37.792700147489334, 'Dc': 3.54, 'cs_max_wl': 7.0, 'Dc_D_2': 3.77, 'CDL': 4.77, 'MDL': 7.0, 'r': 1.9916666666666665, 't1': 1.8928870292887032, 't2': 3.0125523012552304, 'tlc_6': 2.9874476987447696, 'tlc_24': 11.949790794979078, 'w_fact': 0.40878661087866114, 'q_avg': 15.449149809245641, 'Q_dr': 46.347449427736926, 'Q_gen': 35.0, 'N_req': 0.7551656117467821, 'ventage': 'Ok'}
2023-06-25 19:56:15,883 - __main__ - 132 - DEBUG - Flare Anglse=[8.0, 9.0, 10.0, 11.0, 12.0]
2023-06-25 19:56:15,883 - __main__ - 133 - DEBUG - unit discharge after ventage calcualtion=37.792700147489334
2023-06-25 19:56:15,883 - __main__ - 137 - DEBUG - Vno=1.0 Vw=3.0
2023-06-25 19:56:15,887 - __main__ - 138 - DEBUG - Pier Width=2.0 Abutement Width=2.0 Bc=3.0
2023-06-25 19:56:15,887 - __main__ - 139 - DEBUG - Q=113.378100442468
2023-06-25 19:56:15,887 - __main__ - 156 - DEBUG - {'Q': [113.378100442468, 113.378100442468, 113.378100442468, 113.378100442468, 113.378100442468, 113.378100442468, 113.378100442468, 113.378100442468, 113.378100442468, 113.378100442468], 'Bc': [3.0, 3.0, 3.0, 3.0, 3.0, 3.0, 3.0, 3.0, 3.0, 3.0], 'Flare_Angle': [8.0, 8.0, 9.0, 9.0, 10.0, 10.0, 11.0, 11.0, 12.0, 12.0], 'glacis_drop': [2.0, 3.0, 2.0, 3.0, 2.0, 3.0, 2.0, 3.0, 2.0, 3.0]}
2023-06-25 19:56:15,895 - __main__ - 17 - DEBUG - crical cutoff=21.948687928222068 maximum_cutoff=19.68 cutoff length=Not Ok
2023-06-25 19:56:15,895 - __main__ - 36 - DEBUG - b=105.0feet d=21.948687928222068feet
2023-06-25 19:56:15,895 - __main__ - 37 - DEBUG - pi=3.141592653589793 alpha=4.783885047861511 lamda=2.943642575702967
2023-06-25 19:56:15,895 - __main__ - 38 - DEBUG - Phi_D1=0.7295644452741995 Phi_C1=0.6038743364457763  Phi_D=0.2704355547258005 Phi_E=0.39612566355422374
2023-06-25 19:56:15,895 - __main__ - 63 - DEBUG - mutual correction factor=3.3097353495280366
2023-06-25 19:56:15,895 - __main__ - 83 - DEBUG - {'Phi_E': 0.39612566355422374, 'Phi_D': 0.2704355547258005, 'Phi_C1': 0.6038743364457763, 'Phi_D1': 0.7295644452741995}
2023-06-25 19:56:15,895 - __main__ - 86 - DEBUG - thicknes correction us=0.011269836948033638 Phi_C1_cor=0.6482415268890902
2023-06-25 19:56:15,895 - __main__ - 90 - DEBUG - thicknes correction ds=-0.011269836948033638 Phi_E_cor=0.4179531801014705
