08/23/2023 10:29:07	Reading UID database.
08/23/2023 10:29:07	Start loading STAAD model.
08/23/2023 10:29:07	Reading model file.
08/23/2023 10:29:07	Reading model file is complete.
08/23/2023 10:29:07	Processing support.
08/23/2023 10:29:07	Processing springs.
08/23/2023 10:29:07	Processing properties.
08/23/2023 10:29:07	Processing physical properties.
08/23/2023 10:29:07	Processing constants.
08/23/2023 10:29:07	Processing surface constants.
08/23/2023 10:29:07	Processing BETA constants.
08/23/2023 10:29:07	Processing hidden analytical member loads.
08/23/2023 10:29:07	Processing command list for member release.
08/23/2023 10:29:07	Processing command list for member offset.
08/23/2023 10:29:07	Processing command list for member specs (cracked).
08/23/2023 10:29:07	Processing command list for member specs (axial).
08/23/2023 10:29:07	Processing command list for element release.
08/23/2023 10:29:07	Processing command list for element offset.
08/23/2023 10:29:07	Processing command list for element plate stress directive.
08/23/2023 10:29:07	End Processing command list.
08/23/2023 10:29:07	End loading STAAD model.
