2022-07-26 19:47:44,640 Calcualting y0............
2022-07-26 19:47:44,640 x=[  0.  60. 120. 180. 240. 300. 360. 420. 480. 540. 600.]
2022-07-26 19:47:44,640 k=2.9820149817952593
2022-07-26 19:47:44,640 z=[0.0, 0.1, 0.2, 0.3, 0.4, 0.5, 0.6, 0.7, 0.8, 0.9, 1.0]
2022-07-26 19:47:44,640 kz=[0.0, 0.29820149817952596, 0.5964029963590519, 0.8946044945385777, 1.1928059927181038, 1.4910074908976296, 1.7892089890771554, 2.0874104872566814, 2.3856119854362077, 2.6838134836157335, 2.9820149817952593]
2022-07-26 19:47:44,640 y0=[0.0, 0.9070261631480226, 3.709360635249746, 8.658050685411224, 16.196424950921664, 26.999809054648768, 42.036024683598505, 62.65209194151557, 90.69490220997203, 128.6766720020364, 180.00000000000006]
2022-07-26 19:47:44,640 y=[27.10166047218702, 26.194634309039, 23.392299836937276, 18.443609786775795, 10.905235521265357, 0.10185141753825278, -14.934364211411484, -35.55043146932855, -63.59324173778501, -101.57501152984939, -152.89833952781305]
2022-07-26 19:47:44,640 tanphi=[0.0, 0.0304579199650798, 0.0636444141621104, 0.10253249627747026, 0.1506059570267307, 0.21217145971426438, 0.2927443528734872, 0.3995427630317537, 0.5421342309241259, 0.733292820092475, 0.9901434819851873]
2022-07-26 19:47:44,640 




2022-07-26 19:47:44,640 printing arch Axis parameters...........
2022-07-26 19:47:44,640         x    z        zk  cosh(zk)  sinh(zk)          y0           y   tan_phi
0     0.0  0.0  0.000000  1.000000  0.000000    0.000000   27.101660  0.000000
1    60.0  0.1  0.298201  1.044793  0.302641    0.907026   26.194634  0.030458
2   120.0  0.2  0.596403  1.183183  0.632394    3.709361   23.392300  0.063644
3   180.0  0.3  0.894604  1.427569  1.018799    8.658051   18.443610  0.102532
4   240.0  0.4  1.192806  1.799843  1.496474   16.196425   10.905236  0.150606
5   300.0  0.5  1.491007  2.333357  2.108211   26.999809    0.101851  0.212171
6   360.0  0.6  1.789209  3.075904  2.908812   42.036025  -14.934364  0.292744
7   420.0  0.7  2.087410  4.094007  3.969999   62.652092  -35.550431  0.399543
8   480.0  0.8  2.385612  5.478871  5.386839   90.694902  -63.593242  0.542134
9   540.0  0.9  2.683813  7.354561  7.286259  128.676672 -101.575012  0.733293
10  600.0  1.0  2.982015  9.889109  9.838418  180.000000 -152.898340  0.990143
2022-07-26 19:47:44,650 




2022-07-26 19:47:44,650 printing reactions due to dead load..............
2022-07-26 19:47:44,650 Dead load Reaction vd=999673.2978693767
2022-07-26 19:47:44,650 Dead load Horizontal Thrust Hd=1009624.6817330782
2022-07-26 19:47:44,650 




2022-07-26 19:47:44,650 Setting Arch Rib thickness................
2022-07-26 19:47:44,650 dc=18.0 ds=27.0
2022-07-26 19:47:44,650 tan_phi_s=0.9901434819851873 cos_phi_s=0.7106001305606242
2022-07-26 19:47:44,650 m=0.15000040788428673
2022-07-26 19:47:44,650 




2022-07-26 19:47:44,650 printing arch thickness parameters...........
2022-07-26 19:47:44,650       z        zk  sinh(zk)   tan_phi  1+tanphi_2  sixth_root_1_plus_tan_phi  \
0   0.0  0.000000  0.000000  0.000000    1.000000                   1.000000   
1   0.1  0.298201  0.302641  0.030458    1.000928                   1.000155   
2   0.2  0.596403  0.632394  0.063644    1.004051                   1.000674   
3   0.3  0.894604  1.018799  0.102532    1.010513                   1.001745   
4   0.4  1.192806  1.496474  0.150606    1.022682                   1.003745   
5   0.5  1.491007  2.108211  0.212171    1.045017                   1.007366   
6   0.6  1.789209  2.908812  0.292744    1.085699                   1.013798   
7   0.7  2.087410  3.969999  0.399543    1.159634                   1.024991   
8   0.8  2.385612  5.386839  0.542134    1.293910                   1.043880   
9   0.9  2.683813  7.286259  0.733293    1.537718                   1.074351   
10  1.0  2.982015  9.838418  0.990143    1.980384                   1.120620   

    one_minus_m_z    c_list        d_x  
0           0.000  1.000000  18.000000  
1           0.085  1.030053  18.543822  
2           0.170  1.064079  19.166334  
3           0.255  1.103099  19.890424  
4           0.340  1.148555  20.751426  
5           0.425  1.202571  21.805717  
6           0.510  1.268434  23.146855  
7           0.595  1.351600  24.936811  
8           0.680  1.462008  27.470908  
9           0.765  1.620481  31.337364  
10          0.850  1.882070  37.963531  
2022-07-26 19:47:44,650 




2022-07-26 19:47:44,650 Calculating Intregationg of dw fro L to R..
2022-07-26 19:47:44,650 l=1200.0 E=2000000.0 Ic=6399.0 m=0.15000040788428673
2022-07-26 19:47:44,650 integration value=5.391469329040257e-08
2022-07-26 19:47:44,650 




2022-07-26 19:47:44,650 Calcualting Delta_sub_HL...............
2022-07-26 19:47:44,650 l=1200.0 r=180.0 Ic=6399.0 E=2000000.0 T1=0.0030379746835443038
2022-07-26 19:47:44,650 g=9.889108910891089 k=2.9820149817952593 m=0.15000040788428673 yc=27.10166047218702
2022-07-26 19:47:44,650 T2=0.44375139229227 T3=0.15056478040103902
2022-07-26 19:47:44,650 T4=0.3711566413712693 T5=0.006327811738116207 T6=0.8499995921157133 T7=0.0031639058690581035
2022-07-26 19:47:44,650 T8=0.1124554111977142 T9=0.19375139229226998
2022-07-26 19:47:44,650 T_com_1=0.10881815816457113
2022-07-26 19:47:44,650 T_com_2=0.004856568198464472
2022-07-26 19:47:44,650 delta_sub_HL=7.318281155727721e-05
2022-07-26 19:47:44,650 




2022-07-26 19:47:44,650 




2022-07-26 19:47:44,650 Printing Basic input parapmeter............
2022-07-26 19:47:44,650 span=1200.0 rise=180.0
2022-07-26 19:47:44,650 wc=505.0 ws=4994.0 g=9.889108910891089
2022-07-26 19:47:44,650 N=0.15
2022-07-26 19:47:44,650 Is=60033.6 Ic=6399.0
2022-07-26 19:47:44,650 cos_phi_s=0.7106001305606242 m=0.15000040788428673
2022-07-26 19:47:44,650 




2022-07-26 19:47:45,183 Calcualting Delta_sub_HA...............
2022-07-26 19:47:45,183 l=1200.0 r=180.0 Ic=6399.0 E=2000000.0 T1=0.005063291139240506
2022-07-26 19:47:45,183 g=9.889108910891089 k=2.9820149817952593 m=0.15000040788428673 yc=27.10166047218702 z=0.0 y0=0.0
2022-07-26 19:47:45,183 T1=0.005063291139240506 T2=0.15056478040103902 T3=0.11249721541546001
2022-07-26 19:47:45,183 T4=0.5 T5=0.1124554111977142 T6=1.0 T7=0.8499995921157133
2022-07-26 19:47:45,183 T8=0.15056478040103902 T9=0.11249721541546001
2022-07-26 19:47:45,183 T10=0.16666666666666666 T11=0.1124554111977142 T12=1.0 T13=0.025301841236286777
2022-07-26 19:47:45,183 T14=1 T15=0.0 T16=3.299251808149758 T17=0.0
2022-07-26 19:47:45,183 t1=0.3353437209755301 t2=1.0 t3=0.0 t4=0.0
2022-07-26 19:47:45,183 T13=0.025301841236286777
2022-07-26 19:47:45,183 T_com_1=0.13153099790824951
2022-07-26 19:47:45,183 T_com_2=0.1124554111977142
2022-07-26 19:47:45,183 T8=0.15056478040103902 T9=0.11249721541546001 T10=0.16666666666666666
2022-07-26 19:47:45,183 T_com_3=0.0438436659694165
2022-07-26 19:47:45,183 T_com_4=0.1124554111977142
2022-07-26 19:47:45,183 T_com_5=-2.299251808149758
2022-07-26 19:47:45,183 delta_sub_HL=0.00014150155603789944
2022-07-26 19:47:45,831 




2022-07-26 19:47:45,831 IL ordinate forment...............
2022-07-26 19:47:45,831 Moment At=-25 Load At=0 
2022-07-26 19:47:45,831 r=180.0  y0=1.8781113735945563 y=25.223549098592464 yc=27.10166047218702
2022-07-26 19:47:45,831 V_L=0.5 H=9.199335684460768e-16 M_prime_left=113.04350910277066
2022-07-26 19:47:45,831 M1=113.04350910277066 M2=-150.0 M3=2.320398953114299e-14
2022-07-26 19:47:45,831 x=-300 y=25.223549098592464 M0=-36.956490897229365
2022-07-26 19:47:45,831 M0/PL=-0.0025664229789742615
2022-07-26 19:47:47,056 Calculating Intregationg of dw del_Ma at left side
2022-07-26 19:47:47,056 l=1200.0 E=2000000.0 Ic=6399.0 m=0.15000040788428673 z=1.0
2022-07-26 19:47:47,056 del_Ma=3.234881597424154e-05
2022-07-26 19:47:47,056 




2022-07-26 19:47:47,056 Calculating Intregationg of dw del_Ma at left side
2022-07-26 19:47:47,056 l=1200.0 E=2000000.0 Ic=6399.0 m=0.15000040788428673 z=0.9
2022-07-26 19:47:47,056 del_Ma=2.9139016476342206e-05
2022-07-26 19:47:47,056 




2022-07-26 19:47:47,056 Calculating Intregationg of dw del_Ma at left side
2022-07-26 19:47:47,056 l=1200.0 E=2000000.0 Ic=6399.0 m=0.15000040788428673 z=0.8
2022-07-26 19:47:47,056 del_Ma=2.5995321160467026e-05
2022-07-26 19:47:47,056 




2022-07-26 19:47:47,056 Calculating Intregationg of dw del_Ma at left side
2022-07-26 19:47:47,056 l=1200.0 E=2000000.0 Ic=6399.0 m=0.15000040788428673 z=0.7
2022-07-26 19:47:47,056 del_Ma=2.2941640001077758e-05
2022-07-26 19:47:47,056 




2022-07-26 19:47:47,056 Calculating Intregationg of dw del_Ma at left side
2022-07-26 19:47:47,056 l=1200.0 E=2000000.0 Ic=6399.0 m=0.15000040788428673 z=0.6
2022-07-26 19:47:47,056 del_Ma=2.0001882972636166e-05
2022-07-26 19:47:47,056 




2022-07-26 19:47:47,056 Calculating Intregationg of dw del_Ma at left side
2022-07-26 19:47:47,056 l=1200.0 E=2000000.0 Ic=6399.0 m=0.15000040788428673 z=0.5
2022-07-26 19:47:47,056 del_Ma=1.7199960049604027e-05
2022-07-26 19:47:47,056 




2022-07-26 19:47:47,056 Calculating Intregationg of dw del_Ma at left side
2022-07-26 19:47:47,056 l=1200.0 E=2000000.0 Ic=6399.0 m=0.15000040788428673 z=0.4
2022-07-26 19:47:47,056 del_Ma=1.4559781206443094e-05
2022-07-26 19:47:47,056 




2022-07-26 19:47:47,056 Calculating Intregationg of dw del_Ma at left side
2022-07-26 19:47:47,056 l=1200.0 E=2000000.0 Ic=6399.0 m=0.15000040788428673 z=0.3
2022-07-26 19:47:47,056 del_Ma=1.2105256417615128e-05
2022-07-26 19:47:47,056 




2022-07-26 19:47:47,056 Calculating Intregationg of dw del_Ma at left side
2022-07-26 19:47:47,056 l=1200.0 E=2000000.0 Ic=6399.0 m=0.15000040788428673 z=0.2
2022-07-26 19:47:47,056 del_Ma=9.860295657581902e-06
2022-07-26 19:47:47,056 




2022-07-26 19:47:47,056 Calculating Intregationg of dw del_Ma at left side
2022-07-26 19:47:47,056 l=1200.0 E=2000000.0 Ic=6399.0 m=0.15000040788428673 z=0.1
2022-07-26 19:47:47,056 del_Ma=7.848808900805174e-06
2022-07-26 19:47:47,056 




2022-07-26 19:47:47,056 Calculating Intregationg of dw del_Ma at left side
2022-07-26 19:47:47,056 l=1200.0 E=2000000.0 Ic=6399.0 m=0.15000040788428673 z=0.0
2022-07-26 19:47:47,056 del_Ma=6.09470612174671e-06
2022-07-26 19:47:47,056 




2022-07-26 19:47:47,056 Calculating Intregationg of dw del_Ma at right side....
2022-07-26 19:47:47,056 l=1200.0 E=2000000.0 Ic=6399.0 m=0.15000040788428673 z=0.1
2022-07-26 19:47:47,056 del_Ma=4.6139273033810204e-06
2022-07-26 19:47:47,056 




2022-07-26 19:47:47,056 Calculating Intregationg of dw del_Ma at right side....
2022-07-26 19:47:47,056 l=1200.0 E=2000000.0 Ic=6399.0 m=0.15000040788428673 z=0.2
2022-07-26 19:47:47,056 del_Ma=3.390532462733594e-06
2022-07-26 19:47:47,056 




2022-07-26 19:47:47,056 Calculating Intregationg of dw del_Ma at right side....
2022-07-26 19:47:47,056 l=1200.0 E=2000000.0 Ic=6399.0 m=0.15000040788428673 z=0.3
2022-07-26 19:47:47,056 del_Ma=2.4006116253426685e-06
2022-07-26 19:47:47,056 




2022-07-26 19:47:47,056 Calculating Intregationg of dw del_Ma at right side....
2022-07-26 19:47:47,056 l=1200.0 E=2000000.0 Ic=6399.0 m=0.15000040788428673 z=0.4
2022-07-26 19:47:47,056 del_Ma=1.6202548167464776e-06
2022-07-26 19:47:47,056 




2022-07-26 19:47:47,056 Calculating Intregationg of dw del_Ma at right side....
2022-07-26 19:47:47,056 l=1200.0 E=2000000.0 Ic=6399.0 m=0.15000040788428673 z=0.5
2022-07-26 19:47:47,056 del_Ma=1.0255520624832591e-06
2022-07-26 19:47:47,056 




2022-07-26 19:47:47,056 Calculating Intregationg of dw del_Ma at right side....
2022-07-26 19:47:47,056 l=1200.0 E=2000000.0 Ic=6399.0 m=0.15000040788428673 z=0.6
2022-07-26 19:47:47,056 del_Ma=5.925933880912507e-07
2022-07-26 19:47:47,056 




2022-07-26 19:47:47,056 Calculating Intregationg of dw del_Ma at right side....
2022-07-26 19:47:47,056 l=1200.0 E=2000000.0 Ic=6399.0 m=0.15000040788428673 z=0.7
2022-07-26 19:47:47,056 del_Ma=2.9746881910868135e-07
2022-07-26 19:47:47,056 




2022-07-26 19:47:47,056 Calculating Intregationg of dw del_Ma at right side....
2022-07-26 19:47:47,056 l=1200.0 E=2000000.0 Ic=6399.0 m=0.15000040788428673 z=0.8
2022-07-26 19:47:47,056 del_Ma=1.1626838107379359e-07
2022-07-26 19:47:47,056 




2022-07-26 19:47:47,056 Calculating Intregationg of dw del_Ma at right side....
2022-07-26 19:47:47,056 l=1200.0 E=2000000.0 Ic=6399.0 m=0.15000040788428673 z=0.9
2022-07-26 19:47:47,056 del_Ma=2.5082099524819643e-08
2022-07-26 19:47:47,056 




2022-07-26 19:47:47,056 Calculating Intregationg of dw del_Ma at right side....
2022-07-26 19:47:47,056 l=1200.0 E=2000000.0 Ic=6399.0 m=0.15000040788428673 z=1.0
2022-07-26 19:47:47,056 del_Ma=0.0
2022-07-26 19:47:47,056 




2022-07-26 19:47:47,056 Printing Mprime Calcualtions................
2022-07-26 19:47:47,071     x_from_left  x_from_center    z  integral_dw_L_to_R      delta_Ma  \
0           0.0         -600.0  1.0        5.391469e-08  3.234882e-05   
1          60.0         -540.0  0.9        5.391469e-08  2.913902e-05   
2         120.0         -480.0  0.8        5.391469e-08  2.599532e-05   
3         180.0         -420.0  0.7        5.391469e-08  2.294164e-05   
4         240.0         -360.0  0.6        5.391469e-08  2.000188e-05   
5         300.0         -300.0  0.5        5.391469e-08  1.719996e-05   
6         360.0         -240.0  0.4        5.391469e-08  1.455978e-05   
7         420.0         -180.0  0.3        5.391469e-08  1.210526e-05   
8         480.0         -120.0  0.2        5.391469e-08  9.860296e-06   
9         540.0          -60.0  0.1        5.391469e-08  7.848809e-06   
10        600.0            0.0  0.0        5.391469e-08  6.094706e-06   
11        660.0           60.0  0.1        5.391469e-08  4.613927e-06   
12        720.0          120.0  0.2        5.391469e-08  3.390532e-06   
13        780.0          180.0  0.3        5.391469e-08  2.400612e-06   
14        840.0          240.0  0.4        5.391469e-08  1.620255e-06   
15        900.0          300.0  0.5        5.391469e-08  1.025552e-06   
16        960.0          360.0  0.6        5.391469e-08  5.925934e-07   
17       1020.0          420.0  0.7        5.391469e-08  2.974688e-07   
18       1080.0          480.0  0.8        5.391469e-08  1.162684e-07   
19       1140.0          540.0  0.9        5.391469e-08  2.508210e-08   
20       1200.0          600.0  1.0        5.391469e-08  0.000000e+00   

       M_prime  M_prime_direct  Mprime_by_l  
0   600.000000      600.000000     0.041667  
1   540.465218      540.465218     0.037532  
2   482.156525      482.156525     0.033483  
3   425.517398      425.517398     0.029550  
4   370.991315      370.991315     0.025763  
5   319.021755      319.021755     0.022154  
6   270.052194      270.052194     0.018754  
7   224.526111      224.526111     0.015592  
8   182.886984      182.886984     0.012700  
9   145.578291      145.578291     0.010110  
10  113.043509      113.043509     0.007850  
11   85.578291       85.578291     0.005943  
12   62.886984       62.886984     0.004367  
13   44.526111       44.526111     0.003092  
14   30.052194       30.052194     0.002087  
15   19.021755       19.021755     0.001321  
16   10.991315       10.991315     0.000763  
17    5.517398        5.517398     0.000383  
18    2.156525        2.156525     0.000150  
19    0.465218        0.465218     0.000032  
20    0.000000        0.000000     0.000000  
2022-07-26 19:47:47,071 




2022-07-26 19:47:47,172 Printing Vertical Reaction V_L Calcualtions................
2022-07-26 19:47:47,172     x_from_left  x_from_center    z        VL
0           0.0         -600.0  1.0  1.000000
1          60.0         -540.0  0.9  0.996443
2         120.0         -480.0  0.8  0.984193
3         180.0         -420.0  0.7  0.961409
4         240.0         -360.0  0.6  0.926952
5         300.0         -300.0  0.5  0.880388
6         360.0         -240.0  0.4  0.821986
7         420.0         -180.0  0.3  0.752719
8         480.0         -120.0  0.2  0.674262
9         540.0          -60.0  0.1  0.588995
10        600.0            0.0  0.0  0.500000
11        660.0           60.0  0.1  0.411005
12        720.0          120.0  0.2  0.325738
13        780.0          180.0  0.3  0.247281
14        840.0          240.0  0.4  0.178014
15        900.0          300.0  0.5  0.119612
16        960.0          360.0  0.6  0.073048
17       1020.0          420.0  0.7  0.038591
18       1080.0          480.0  0.8  0.015807
19       1140.0          540.0  0.9  0.003557
20       1200.0          600.0  1.0  0.000000
2022-07-26 19:47:47,187 




2022-07-26 19:47:47,334 Printing Horizontal Thrust Calcualtions................
2022-07-26 19:47:47,334     x_from_left  x_from_center    z  delta_sub_HL  delta_sub_Ha             H  \
0           0.0         -600.0  1.0      0.000073  6.732332e-20  9.199336e-16   
1          60.0         -540.0  0.9      0.000073  3.338373e-06  4.561690e-02   
2         120.0         -480.0  0.8      0.000073  1.328808e-05  1.815737e-01   
3         180.0         -420.0  0.7      0.000073  2.890590e-05  3.949821e-01   
4         240.0         -360.0  0.6      0.000073  4.854787e-05  6.633781e-01   
5         300.0         -300.0  0.5      0.000073  7.024170e-05  9.598115e-01   
6         360.0         -240.0  0.4      0.000073  9.192483e-05  1.256099e+00   
7         420.0         -180.0  0.3      0.000073  1.115974e-04  1.524913e+00   
8         480.0         -120.0  0.2      0.000073  1.274253e-04  1.741191e+00   
9         540.0          -60.0  0.1      0.000073  1.378179e-04  1.883200e+00   
10        600.0            0.0  0.0      0.000073  1.415016e-04  1.933535e+00   
11        660.0           60.0  0.1      0.000073  1.378179e-04  1.883200e+00   
12        720.0          120.0  0.2      0.000073  1.274253e-04  1.741191e+00   
13        780.0          180.0  0.3      0.000073  1.115974e-04  1.524913e+00   
14        840.0          240.0  0.4      0.000073  9.192483e-05  1.256099e+00   
15        900.0          300.0  0.5      0.000073  7.024170e-05  9.598115e-01   
16        960.0          360.0  0.6      0.000073  4.854787e-05  6.633781e-01   
17       1020.0          420.0  0.7      0.000073  2.890590e-05  3.949821e-01   
18       1080.0          480.0  0.8      0.000073  1.328808e-05  1.815737e-01   
19       1140.0          540.0  0.9      0.000073  3.338373e-06  4.561690e-02   
20       1200.0          600.0  1.0      0.000073  6.732332e-20  9.199336e-16   

    H_coef_aswani  
0    1.379900e-15  
1    6.842535e-02  
2    2.723606e-01  
3    5.924731e-01  
4    9.950671e-01  
5    1.439717e+00  
6    1.884148e+00  
7    2.287370e+00  
8    2.611787e+00  
9    2.824800e+00  
10   2.900303e+00  
11   2.824800e+00  
12   2.611787e+00  
13   2.287370e+00  
14   1.884148e+00  
15   1.439717e+00  
16   9.950671e-01  
17   5.924731e-01  
18   2.723606e-01  
19   6.842535e-02  
20   1.379900e-15  
2022-07-26 19:47:47,334 




2022-07-26 19:47:47,472 Printing Springing Moment(ML) Calculation................
2022-07-26 19:47:47,472     Load_position      Mprime             H          b           Hxb  \
0             0.0  600.000000  9.199336e-16  152.89834  1.406563e-13   
1            60.0  540.465218  4.561690e-02  152.89834  6.974748e+00   
2           120.0  482.156525  1.815737e-01  152.89834  2.776232e+01   
3           180.0  425.517398  3.949821e-01  152.89834  6.039210e+01   
4           240.0  370.991315  6.633781e-01  152.89834  1.014294e+02   
5           300.0  319.021755  9.598115e-01  152.89834  1.467536e+02   
6           360.0  270.052194  1.256099e+00  152.89834  1.920554e+02   
7           420.0  224.526111  1.524913e+00  152.89834  2.331567e+02   
8           480.0  182.886984  1.741191e+00  152.89834  2.662252e+02   
9           540.0  145.578291  1.883200e+00  152.89834  2.879382e+02   
10          600.0  113.043509  1.933535e+00  152.89834  2.956344e+02   
11          660.0   85.578291  1.883200e+00  152.89834  2.879382e+02   
12          720.0   62.886984  1.741191e+00  152.89834  2.662252e+02   
13          780.0   44.526111  1.524913e+00  152.89834  2.331567e+02   
14          840.0   30.052194  1.256099e+00  152.89834  1.920554e+02   
15          900.0   19.021755  9.598115e-01  152.89834  1.467536e+02   
16          960.0   10.991315  6.633781e-01  152.89834  1.014294e+02   
17         1020.0    5.517398  3.949821e-01  152.89834  6.039210e+01   
18         1080.0    2.156525  1.815737e-01  152.89834  2.776232e+01   
19         1140.0    0.465218  4.561690e-02  152.89834  6.974748e+00   
20         1200.0    0.000000  9.199336e-16  152.89834  1.406563e-13   

           V       L  Vl_by_2_list   ML(inch_lb)       ML_by_l  
0   1.000000  1200.0    600.000000  1.136868e-13  9.473903e-17  
1   0.996443  1200.0    597.865859 -5.042589e+01 -4.202158e-02  
2   0.984193  1200.0    590.515852 -8.059701e+01 -6.716417e-02  
3   0.961409  1200.0    576.845155 -9.093565e+01 -7.577971e-02  
4   0.926952  1200.0    556.171010 -8.375029e+01 -6.979191e-02  
5   0.880388  1200.0    528.232730 -6.245739e+01 -5.204782e-02  
6   0.821986  1200.0    493.191694 -3.108410e+01 -2.590342e-02  
7   0.752719  1200.0    451.631352  6.051434e+00  5.042862e-03  
8   0.674262  1200.0    404.557221  4.455500e+01  3.712917e-02  
9   0.588995  1200.0    353.396885  8.011957e+01  6.676631e-02  
10  0.500000  1200.0    300.000000  1.086779e+02  9.056488e-02  
11  0.411005  1200.0    246.603115  1.269133e+02  1.057611e-01  
12  0.325738  1200.0    195.442779  1.336694e+02  1.113912e-01  
13  0.247281  1200.0    148.368648  1.293141e+02  1.077618e-01  
14  0.178014  1200.0    106.808306  1.152993e+02  9.608274e-02  
15  0.119612  1200.0     71.767270  9.400807e+01  7.834006e-02  
16  0.073048  1200.0     43.828990  6.859173e+01  5.715977e-02  
17  0.038591  1200.0     23.154845  4.275466e+01  3.562888e-02  
18  0.015807  1200.0      9.484148  2.043470e+01  1.702891e-02  
19  0.003557  1200.0      2.134141  5.305825e+00  4.421521e-03  
20  0.000000  1200.0      0.000000  1.406563e-13  1.172136e-16  
2022-07-26 19:47:47,472 




2022-07-26 19:47:47,619 Printing Crown Moment(MC) Calculation................
2022-07-26 19:47:47,619     Load_position      Mprime             H        yc           Hyc  P_xprime  \
0             0.0  600.000000  9.199336e-16  27.10166  2.493173e-14     600.0   
1            60.0  540.465218  4.561690e-02  27.10166  1.236294e+00     540.0   
2           120.0  482.156525  1.815737e-01  27.10166  4.920949e+00     480.0   
3           180.0  425.517398  3.949821e-01  27.10166  1.070467e+01     420.0   
4           240.0  370.991315  6.633781e-01  27.10166  1.797865e+01     360.0   
5           300.0  319.021755  9.598115e-01  27.10166  2.601249e+01     300.0   
6           360.0  270.052194  1.256099e+00  27.10166  3.404236e+01     240.0   
7           420.0  224.526111  1.524913e+00  27.10166  4.132768e+01     180.0   
8           480.0  182.886984  1.741191e+00  27.10166  4.718917e+01     120.0   
9           540.0  145.578291  1.883200e+00  27.10166  5.103785e+01      60.0   
10          600.0  113.043509  1.933535e+00  27.10166  5.240202e+01       0.0   
11          660.0   85.578291  1.883200e+00  27.10166  5.103785e+01       0.0   
12          720.0   62.886984  1.741191e+00  27.10166  4.718917e+01       0.0   
13          780.0   44.526111  1.524913e+00  27.10166  4.132768e+01       0.0   
14          840.0   30.052194  1.256099e+00  27.10166  3.404236e+01       0.0   
15          900.0   19.021755  9.598115e-01  27.10166  2.601249e+01       0.0   
16          960.0   10.991315  6.633781e-01  27.10166  1.797865e+01       0.0   
17         1020.0    5.517398  3.949821e-01  27.10166  1.070467e+01       0.0   
18         1080.0    2.156525  1.815737e-01  27.10166  4.920949e+00       0.0   
19         1140.0    0.465218  4.561690e-02  27.10166  1.236294e+00       0.0   
20         1200.0    0.000000  9.199336e-16  27.10166  2.493173e-14       0.0   

     MC(inch_lb)       MC_by_l  
0   0.000000e+00  0.000000e+00  
1  -7.710754e-01 -6.425628e-04  
2  -2.764424e+00 -2.303687e-03  
3  -5.187272e+00 -4.322727e-03  
4  -6.987332e+00 -5.822776e-03  
5  -6.990731e+00 -5.825609e-03  
6  -3.990166e+00 -3.325138e-03  
7   3.198435e+00  2.665363e-03  
8   1.569781e+01  1.308151e-02  
9   3.454044e+01  2.878370e-02  
10  6.064149e+01  5.053457e-02  
11  3.454044e+01  2.878370e-02  
12  1.569781e+01  1.308151e-02  
13  3.198435e+00  2.665363e-03  
14 -3.990166e+00 -3.325138e-03  
15 -6.990731e+00 -5.825609e-03  
16 -6.987332e+00 -5.822776e-03  
17 -5.187272e+00 -4.322727e-03  
18 -2.764424e+00 -2.303687e-03  
19 -7.710754e-01 -6.425628e-04  
20 -2.493173e-14 -2.077644e-17  
2022-07-26 19:47:47,619 




2022-07-26 19:47:47,805 Printing IL Calcualtion at X=300................
2022-07-26 19:47:47,805               ML        VL             H           y            Hy  \
0   1.136868e-13  1.000000  9.199336e-16  153.000191 -1.407500e-13   
1  -5.042589e+01  0.996443  4.561690e-02  153.000191 -6.979394e+00   
2  -8.059701e+01  0.984193  1.815737e-01  153.000191 -2.778081e+01   
3  -9.093565e+01  0.961409  3.949821e-01  153.000191 -6.043233e+01   
4  -8.375029e+01  0.926952  6.633781e-01  153.000191 -1.014970e+02   
5  -6.245739e+01  0.880388  9.598115e-01  153.000191 -1.468513e+02   
6  -3.108410e+01  0.821986  1.256099e+00  153.000191 -1.921833e+02   
7   6.051434e+00  0.752719  1.524913e+00  153.000191 -2.333120e+02   
8   4.455500e+01  0.674262  1.741191e+00  153.000191 -2.664026e+02   
9   8.011957e+01  0.588995  1.883200e+00  153.000191 -2.881300e+02   
10  1.086779e+02  0.500000  1.933535e+00  153.000191 -2.958313e+02   
11  1.269133e+02  0.411005  1.883200e+00  153.000191 -2.881300e+02   
12  1.336694e+02  0.325738  1.741191e+00  153.000191 -2.664026e+02   
13  1.293141e+02  0.247281  1.524913e+00  153.000191 -2.333120e+02   
14  1.152993e+02  0.178014  1.256099e+00  153.000191 -1.921833e+02   
15  9.400807e+01  0.119612  9.598115e-01  153.000191 -1.468513e+02   
16  6.859173e+01  0.073048  6.633781e-01  153.000191 -1.014970e+02   
17  4.275466e+01  0.038591  3.949821e-01  153.000191 -6.043233e+01   
18  2.043470e+01  0.015807  1.815737e-01  153.000191 -2.778081e+01   
19  5.305825e+00  0.003557  4.561690e-02  153.000191 -6.979394e+00   
20  1.406563e-13  0.000000  9.199336e-16  153.000191 -1.407500e-13   

            Vx             M           M/L  
0   300.000000  0.000000e+00  0.000000e+00  
1   298.932930  1.527643e+00  1.273035e-03  
2   295.257926  6.880105e+00  5.733421e-03  
3   288.422577  1.705459e+01  1.421216e-02  
4   278.085505  3.283824e+01  2.736520e-02  
5   264.116365  5.480763e+01  4.567303e-02  
6   246.595847  2.332841e+01  1.944034e-02  
7   225.815676 -1.444879e+00 -1.204066e-03  
8   202.278610 -1.956897e+01 -1.630747e-02  
9   176.698443 -3.131196e+01 -2.609330e-02  
10  150.000000 -3.715342e+01 -3.096119e-02  
11  123.301557 -3.791507e+01 -3.159589e-02  
12   97.721390 -3.501175e+01 -2.917646e-02  
13   74.184324 -2.981353e+01 -2.484461e-02  
14   53.404153 -2.347989e+01 -1.956658e-02  
15   35.883635 -1.695964e+01 -1.413303e-02  
16   21.914495 -1.099075e+01 -9.158955e-03  
17   11.577423 -6.100254e+00 -5.083545e-03  
18    4.742074 -2.604042e+00 -2.170035e-03  
19    1.067070 -6.064983e-01 -5.054153e-04  
20    0.000000 -9.369654e-17 -7.808045e-20  
2022-07-26 19:47:47,820 




2022-07-26 19:47:47,958 Testing yc..............
2022-07-26 19:47:47,958 g=9.889108910891089 m=0.15000040788428673 yc=27.10166047218702
2022-07-26 19:47:47,974 r=2160.0 yc=27.10166047218702 yc/r=0.012547065033419917
2022-07-26 19:47:47,974 




2022-07-26 19:47:48,121 Printing Internal Forces as Crown................
2022-07-26 19:47:48,121                H         V             M
0   9.199336e-16  1.000000  0.000000e+00
1   4.561690e-02  0.996443 -7.710754e-01
2   1.815737e-01  0.984193 -2.764424e+00
3   3.949821e-01  0.961409 -5.187272e+00
4   6.633781e-01  0.926952 -6.987332e+00
5   9.598115e-01  0.880388 -6.990731e+00
6   1.256099e+00  0.821986 -3.990166e+00
7   1.524913e+00  0.752719  3.198435e+00
8   1.741191e+00  0.674262  1.569781e+01
9   1.883200e+00  0.588995  3.454044e+01
10  1.933535e+00  0.500000  6.064149e+01
11  1.883200e+00  0.411005  3.454044e+01
12  1.741191e+00  0.325738  1.569781e+01
13  1.524913e+00  0.247281  3.198435e+00
14  1.256099e+00  0.178014 -3.990166e+00
15  9.598115e-01  0.119612 -6.990731e+00
16  6.633781e-01  0.073048 -6.987332e+00
17  3.949821e-01  0.038591 -5.187272e+00
18  1.815737e-01  0.015807 -2.764424e+00
19  4.561690e-02  0.003557 -7.710754e-01
20  9.199336e-16  0.000000 -2.493173e-14
2022-07-26 19:47:48,121 




2022-07-26 19:47:48,521 Calcualting y0............
2022-07-26 19:47:48,521 x=[  0.  60. 120. 180. 240. 300. 360. 420. 480. 540. 600.]
2022-07-26 19:47:48,521 k=0.8109302162163293
2022-07-26 19:47:48,521 z=[0.0, 0.1, 0.2, 0.3, 0.4, 0.5, 0.6, 0.7, 0.8, 0.9, 1.0]
2022-07-26 19:47:48,521 kz=[0.0, 0.08109302162163294, 0.16218604324326588, 0.24327906486489878, 0.32437208648653176, 0.40546510810816466, 0.48655812972979756, 0.5676511513514305, 0.6487441729730635, 0.7298371945946964, 0.8109302162163293]
2022-07-26 19:47:48,521 y0=[0.0, 1.7054537505072718, 6.833036346531991, 15.416485654468518, 27.512278047058107, 43.20000000000001, 62.58287174570774, 85.78842642968412, 112.96934923814983, 144.30448201811848, 180.0]
2022-07-26 19:47:48,521 y=[42.73548502695346, 41.03003127644619, 35.90244868042147, 27.318999372484946, 15.223206979895355, -0.46451497304654765, -19.84738671875428, -43.05294140273066, -70.23386421119636, -101.56899699116502, -137.26451497304654]
2022-07-26 19:47:48,521 tanphi=[0.0, 0.05687960826176204, 0.11413346629681655, 0.1721382863232071, 0.23127572165058463, 0.2919348778378783, 0.35451487288440237, 0.4194274632996429, 0.4870997533304321, 0.5579770051713622, 0.6325255686487364]
2022-07-26 19:47:48,521 




2022-07-26 19:47:48,521 printing arch Axis parameters...........
2022-07-26 19:47:48,521         x    z        zk  cosh(zk)  sinh(zk)          y0           y   tan_phi
0     0.0  0.0  0.000000  1.000000  0.000000    0.000000   42.735485  0.000000
1    60.0  0.1  0.081093  1.003290  0.081182    1.705454   41.030031  0.056880
2   120.0  0.2  0.162186  1.013181  0.162898    6.833036   35.902449  0.114133
3   180.0  0.3  0.243279  1.029739  0.245686   15.416486   27.318999  0.172138
4   240.0  0.4  0.324372  1.053072  0.330090   27.512278   15.223207  0.231276
5   300.0  0.5  0.405465  1.083333  0.416667   43.200000   -0.464515  0.291935
6   360.0  0.6  0.486558  1.120723  0.505985   62.582872  -19.847387  0.354515
7   420.0  0.7  0.567651  1.165487  0.598632   85.788426  -43.052941  0.419427
8   480.0  0.8  0.648744  1.217919  0.695217  112.969349  -70.233864  0.487100
9   540.0  0.9  0.729837  1.278365  0.796378  144.304482 -101.568997  0.557977
10  600.0  1.0  0.810930  1.347222  0.902778  180.000000 -137.264515  0.632526
2022-07-26 19:47:48,521 




2022-07-26 19:47:48,521 printing reactions due to dead load..............
2022-07-26 19:47:48,521 Dead load Reaction vd=337318.37980210996
2022-07-26 19:47:48,521 Dead load Horizontal Thrust Hd=533288.1333520205
2022-07-26 19:47:48,521 




2022-07-26 19:47:48,537 Setting Arch Rib thickness................
2022-07-26 19:47:48,537 dc=18.0 ds=27.0
2022-07-26 19:47:48,537 tan_phi_s=0.6325255686487364 cos_phi_s=0.8451275144131943
2022-07-26 19:47:48,537 m=0.29999999999999993
2022-07-26 19:47:48,537 




2022-07-26 19:47:48,537 printing arch thickness parameters...........
2022-07-26 19:47:48,537       z        zk  sinh(zk)   tan_phi  1+tanphi_2  sixth_root_1_plus_tan_phi  \
0   0.0  0.000000  0.000000  0.000000    1.000000                   1.000000   
1   0.1  0.081093  0.081182  0.056880    1.003235                   1.000538   
2   0.2  0.162186  0.162898  0.114133    1.013026                   1.002159   
3   0.3  0.243279  0.245686  0.172138    1.029632                   1.004879   
4   0.4  0.324372  0.330090  0.231276    1.053488                   1.008722   
5   0.5  0.405465  0.416667  0.291935    1.085226                   1.013725   
6   0.6  0.486558  0.505985  0.354515    1.125681                   1.019927   
7   0.7  0.567651  0.598632  0.419427    1.175919                   1.027376   
8   0.8  0.648744  0.695217  0.487100    1.237266                   1.036121   
9   0.9  0.729837  0.796378  0.557977    1.311338                   1.046211   
10  1.0  0.810930  0.902778  0.632526    1.400089                   1.057692   

    one_minus_m_z    c_list        d_x  
0            0.00  1.000000  18.000000  
1            0.07  1.024485  18.450664  
2            0.14  1.051559  18.968944  
3            0.21  1.081744  19.566379  
4            0.28  1.115722  20.258159  
5            0.35  1.154416  21.064674  
6            0.42  1.199105  22.014004  
7            0.49  1.251632  23.146147  
8            0.56  1.314768  24.520659  
9            0.63  1.392941  26.231576  
10           0.70  1.493802  28.439678  
2022-07-26 19:47:48,537 




2022-07-26 19:47:48,537 Calculating Intregationg of dw fro L to R..
2022-07-26 19:47:48,537 l=1200.0 E=2000000.0 Ic=6399.0 m=0.29999999999999993
2022-07-26 19:47:48,537 integration value=6.094702297233942e-08
2022-07-26 19:47:48,537 




2022-07-26 19:47:48,537 Calcualting Delta_sub_HL...............
2022-07-26 19:47:48,537 l=1200.0 r=180.0 Ic=6399.0 E=2000000.0 T1=0.0030379746835443038
2022-07-26 19:47:48,537 g=1.3472222222222228 k=0.8109302162163293 m=0.29999999999999993 yc=42.73548502695346
2022-07-26 19:47:48,537 T2=-0.9399999999999977 T3=0.23741936126085256
2022-07-26 19:47:48,537 T4=3.206194501089357 T5=4.1471999999999865 T6=0.7000000000000001 T7=2.0735999999999932
2022-07-26 19:47:48,537 T8=1.5206631921324916 T9=-1.1899999999999977
2022-07-26 19:47:48,537 T_com_1=-3.7750354815506815
2022-07-26 19:47:48,537 T_com_2=-2.170624082406647
2022-07-26 19:47:48,537 delta_sub_HL=0.00013285822131686226
2022-07-26 19:47:48,537 




2022-07-26 19:47:48,537 




2022-07-26 19:47:48,537 Printing Basic input parapmeter............
2022-07-26 19:47:48,537 span=1200.0 rise=180.0
2022-07-26 19:47:48,537 wc=505.0 ws=680.3472222222225 g=1.3472222222222228
2022-07-26 19:47:48,537 N=0.24
2022-07-26 19:47:48,537 Is=25238.79489926473 Ic=6399.0
2022-07-26 19:47:48,537 cos_phi_s=0.8451275144131943 m=0.29999999999999993
2022-07-26 19:47:48,537 




2022-07-26 19:47:48,537 Calcualting y0............
2022-07-26 19:47:48,537 x=[  0.  60. 120. 180. 240. 300. 360. 420. 480. 540. 600.]
2022-07-26 19:47:48,537 k=1.1630771561490063
2022-07-26 19:47:48,537 z=[0.0, 0.1, 0.2, 0.3, 0.4, 0.5, 0.6, 0.7, 0.8, 0.9, 1.0]
2022-07-26 19:47:48,537 kz=[0.0, 0.11630771561490064, 0.23261543122980127, 0.3489231468447019, 0.46523086245960255, 0.5815385780745032, 0.6978462936894038, 0.8141540093043044, 0.9304617249192051, 1.0467694405341057, 1.1630771561490063]
2022-07-26 19:47:48,537 y0=[0.0, 1.6119247466884972, 6.469528866098584, 14.638597632665787, 26.229762628849567, 41.39999999999999, 60.35475634163649, 83.35073100947866, 110.69935253233419, 142.7709962080018, 180.0]
2022-07-26 19:47:48,537 y=[41.61856871987119, 40.0066439731827, 35.14903985377261, 26.979971087205406, 15.388806091021625, 0.2185687198712003, -18.736187621765296, -41.73216228960747, -69.080783812463, -101.15242748813061, -138.38143128012882]
2022-07-26 19:47:48,537 tanphi=[0.0, 0.05379138148064937, 0.10831124570834533, 0.16429794108329554, 0.22250968092001547, 0.283734811733864, 0.34880248961371396, 0.41859390926810625, 0.49405423781695224, 0.5762054149450335, 0.6661599927664632]
2022-07-26 19:47:48,537 




2022-07-26 19:47:48,537 printing arch Axis parameters...........
2022-07-26 19:47:48,537         x    z        zk  cosh(zk)  sinh(zk)          y0           y   tan_phi
0     0.0  0.0  0.000000  1.000000  0.000000    0.000000   41.618569  0.000000
1    60.0  0.1  0.116308  1.006771  0.116570    1.611925   40.006644  0.053791
2   120.0  0.2  0.232615  1.027177  0.234719    6.469529   35.149040  0.108311
3   180.0  0.3  0.348923  1.061494  0.356046   14.638598   26.979971  0.164298
4   240.0  0.4  0.465231  1.110186  0.482196   26.229763   15.388806  0.222510
5   300.0  0.5  0.581539  1.173913  0.614875   41.400000    0.218569  0.283735
6   360.0  0.6  0.697846  1.253538  0.755882   60.354756  -18.736188  0.348802
7   420.0  0.7  0.814154  1.350140  0.907126   83.350731  -41.732162  0.418594
8   480.0  0.8  0.930462  1.465026  1.070654  110.699353  -69.080784  0.494054
9   540.0  0.9  1.046769  1.599752  1.248682  142.770996 -101.152427  0.576205
10  600.0  1.0  1.163077  1.756144  1.443621  180.000000 -138.381431  0.666160
2022-07-26 19:47:48,537 




2022-07-26 19:47:48,537 printing reactions due to dead load..............
2022-07-26 19:47:48,537 Dead load Reaction vd=376086.0184906177
2022-07-26 19:47:48,537 Dead load Horizontal Thrust Hd=564558.0980160463
2022-07-26 19:47:48,537 




2022-07-26 19:47:48,537 Setting Arch Rib thickness................
2022-07-26 19:47:48,553 dc=18.0 ds=27.0
2022-07-26 19:47:48,553 tan_phi_s=0.6661599927664632 cos_phi_s=0.832244863163902
2022-07-26 19:47:48,553 m=0.3
2022-07-26 19:47:48,553 




2022-07-26 19:47:48,553 printing arch thickness parameters...........
2022-07-26 19:47:48,553       z        zk  sinh(zk)   tan_phi  1+tanphi_2  sixth_root_1_plus_tan_phi  \
0   0.0  0.000000  0.000000  0.000000    1.000000                   1.000000   
1   0.1  0.116308  0.116570  0.053791    1.002894                   1.000482   
2   0.2  0.232615  0.234719  0.108311    1.011731                   1.001946   
3   0.3  0.348923  0.356046  0.164298    1.026994                   1.004449   
4   0.4  0.465231  0.482196  0.222510    1.049511                   1.008087   
5   0.5  0.581539  0.614875  0.283735    1.080505                   1.012988   
6   0.6  0.697846  0.755882  0.348802    1.121663                   1.019320   
7   0.7  0.814154  0.907126  0.418594    1.175221                   1.027275   
8   0.8  0.930462  1.070654  0.494054    1.244090                   1.037071   
9   0.9  1.046769  1.248682  0.576205    1.332013                   1.048942   
10  1.0  1.163077  1.443621  0.666160    1.443769                   1.063122   

    one_minus_m_z    c_list        d_x  
0            0.00  1.000000  18.000000  
1            0.07  1.024485  18.449616  
2            0.14  1.051559  18.964900  
3            0.21  1.081744  19.558015  
4            0.28  1.115722  20.245390  
5            0.35  1.154416  21.049375  
6            0.42  1.199105  22.000890  
7            0.49  1.251632  23.143855  
8            0.56  1.314768  24.543146  
9            0.63  1.392941  26.300055  
10           0.70  1.493802  28.585670  
2022-07-26 19:47:48,559 




2022-07-26 19:47:48,559 Calculating Intregationg of dw fro L to R..
2022-07-26 19:47:48,559 l=1200.0 E=2000000.0 Ic=6399.0 m=0.3
2022-07-26 19:47:48,559 integration value=6.094702297233942e-08
2022-07-26 19:47:48,559 




2022-07-26 19:47:48,559 Calcualting Delta_sub_HL...............
2022-07-26 19:47:48,559 l=1200.0 r=180.0 Ic=6399.0 E=2000000.0 T1=0.0030379746835443038
2022-07-26 19:47:48,559 g=1.756143667296786 k=1.1630771561490063 m=0.3 yc=41.61856871987119
2022-07-26 19:47:48,559 T2=-0.16125000000000028 T3=0.23121427066595107
2022-07-26 19:47:48,559 T4=1.6414975559532743 T5=0.8745031250000008 T6=0.7 T7=0.4372515625000004
2022-07-26 19:47:48,559 T8=0.7392357273526946 T9=-0.4112500000000003
2022-07-26 19:47:48,559 T_com_1=-0.6442291410971435
2022-07-26 19:47:48,559 T_com_2=-0.474932542423863
2022-07-26 19:47:48,559 delta_sub_HL=0.00012973825587084576
2022-07-26 19:47:48,559 




2022-07-26 19:47:48,559 




2022-07-26 19:47:48,559 Printing Basic input parapmeter............
2022-07-26 19:47:48,559 span=1200.0 rise=180.0
2022-07-26 19:47:48,559 wc=505.0 ws=886.852551984877 g=1.756143667296786
2022-07-26 19:47:48,559 N=0.23
2022-07-26 19:47:48,559 Is=25629.476304498712 Ic=6399.0
2022-07-26 19:47:48,559 cos_phi_s=0.832244863163902 m=0.3
2022-07-26 19:47:48,559 




2022-07-26 19:47:48,559 Calcualting y0............
2022-07-26 19:47:48,559 x=[  0.  60. 120. 180. 240. 300. 360. 420. 480. 540. 600.]
2022-07-26 19:47:48,559 k=1.4454343871758315
2022-07-26 19:47:48,559 z=[0.0, 0.1, 0.2, 0.3, 0.4, 0.5, 0.6, 0.7, 0.8, 0.9, 1.0]
2022-07-26 19:47:48,559 kz=[0.0, 0.14454343871758316, 0.2890868774351663, 0.43363031615274944, 0.5781737548703326, 0.7227171935879158, 0.8672606323054989, 1.011804071023082, 1.1563475097406652, 1.3008909484582485, 1.4454343871758315]
2022-07-26 19:47:48,559 y0=[0.0, 1.5194604134073688, 6.109642754840321, 13.866615899755262, 24.95272714321497, 39.59999999999999, 58.11499027273101, 80.88520202165647, 108.38719771726394, 141.1965723147762, 179.99999999999997]
2022-07-26 19:47:48,559 y=[40.49492300982146, 38.9754625964141, 34.38528025498114, 26.628307110066203, 15.542195866606491, 0.8949230098214755, -17.62006726290955, -40.390279011835005, -67.89227470744248, -100.70164930495474, -139.5050769901785]
2022-07-26 19:47:48,559 tanphi=[0.0, 0.050736832508954846, 0.10253554667767603, 0.15648024850678027, 0.2136999578164107, 0.2753922377355295, 0.3428482587482958, 0.4174798218681375, 0.5008489065131169, 0.5947003614961822, 0.7009984233268025]
2022-07-26 19:47:48,559 




2022-07-26 19:47:48,559 printing arch Axis parameters...........
2022-07-26 19:47:48,559         x    z        zk  cosh(zk)  sinh(zk)          y0           y   tan_phi
0     0.0  0.0  0.000000  1.000000  0.000000    0.000000   40.494923  0.000000
1    60.0  0.1  0.144543  1.010465  0.145047    1.519460   38.975463  0.050737
2   120.0  0.2  0.289087  1.042077  0.293130    6.109643   34.385280  0.102536
3   180.0  0.3  0.433630  1.095500  0.447348   13.866616   26.628307  0.156480
4   240.0  0.4  0.578174  1.171851  0.610929   24.952727   15.542196  0.213700
5   300.0  0.5  0.722717  1.272727  0.787296   39.600000    0.894923  0.275392
6   360.0  0.6  0.867261  1.400241  0.980140   58.114990  -17.620067  0.342848
7   420.0  0.7  1.011804  1.557061  1.193498   80.885202  -40.390279  0.417480
8   480.0  0.8  1.156348  1.746468  1.431835  108.387198  -67.892275  0.500849
9   540.0  0.9  1.300891  1.972428  1.700139  141.196572 -100.701649  0.594700
10  600.0  1.0  1.445434  2.239669  2.004026  180.000000 -139.505077  0.700998
2022-07-26 19:47:48,559 




2022-07-26 19:47:48,559 printing reactions due to dead load..............
2022-07-26 19:47:48,559 Dead load Reaction vd=420095.02534349513
2022-07-26 19:47:48,559 Dead load Horizontal Thrust Hd=599280.984613069
2022-07-26 19:47:48,559 




2022-07-26 19:47:48,559 Setting Arch Rib thickness................
2022-07-26 19:47:48,559 dc=18.0 ds=27.0
2022-07-26 19:47:48,559 tan_phi_s=0.7009984233268025 cos_phi_s=0.8188476497787139
2022-07-26 19:47:48,559 m=0.3
2022-07-26 19:47:48,559 




2022-07-26 19:47:48,559 printing arch thickness parameters...........
2022-07-26 19:47:48,559       z        zk  sinh(zk)   tan_phi  1+tanphi_2  sixth_root_1_plus_tan_phi  \
0   0.0  0.000000  0.000000  0.000000    1.000000                   1.000000   
1   0.1  0.144543  0.145047  0.050737    1.002574                   1.000429   
2   0.2  0.289087  0.293130  0.102536    1.010514                   1.001745   
3   0.3  0.433630  0.447348  0.156480    1.024486                   1.004040   
4   0.4  0.578174  0.610929  0.213700    1.045668                   1.007470   
5   0.5  0.722717  0.787296  0.275392    1.075841                   1.012258   
6   0.6  0.867261  0.980140  0.342848    1.117545                   1.018695   
7   0.7  1.011804  1.193498  0.417480    1.174289                   1.027139   
8   0.8  1.156348  1.431835  0.500849    1.250850                   1.038008   
9   0.9  1.300891  1.700139  0.594700    1.353669                   1.051765   
10  1.0  1.445434  2.004026  0.700998    1.491399                   1.068888   

    one_minus_m_z    c_list        d_x  
0            0.00  1.000000  18.000000  
1            0.07  1.024485  18.448637  
2            0.14  1.051559  18.961093  
3            0.21  1.081744  19.550048  
4            0.28  1.115722  20.233016  
5            0.35  1.154416  21.034203  
6            0.42  1.199105  21.987407  
7            0.49  1.251632  23.140797  
8            0.56  1.314768  24.565322  
9            0.63  1.392941  26.370841  
10           0.70  1.493802  28.740725  
2022-07-26 19:47:48,575 




2022-07-26 19:47:48,575 Calculating Intregationg of dw fro L to R..
2022-07-26 19:47:48,575 l=1200.0 E=2000000.0 Ic=6399.0 m=0.3
2022-07-26 19:47:48,575 integration value=6.094702297233942e-08
2022-07-26 19:47:48,575 




2022-07-26 19:47:48,575 Calcualting Delta_sub_HL...............
2022-07-26 19:47:48,575 l=1200.0 r=180.0 Ic=6399.0 E=2000000.0 T1=0.0030379746835443038
2022-07-26 19:47:48,575 g=2.2396694214876045 k=1.4454343871758315 m=0.3 yc=40.49492300982146
2022-07-26 19:47:48,575 T2=0.09666666666666705 T3=0.22497179449900812
2022-07-26 19:47:48,575 T4=1.1184047979441774 T5=0.3253555555555549 T6=0.7 T7=0.16267777777777745
2022-07-26 19:47:48,575 T8=0.4786336576777641 T9=-0.15333333333333293
2022-07-26 19:47:48,575 T_com_1=-0.14349707056853123
2022-07-26 19:47:48,575 T_com_2=-0.1810695670526475
2022-07-26 19:47:48,575 delta_sub_HL=0.00012663278887199415
2022-07-26 19:47:48,575 




2022-07-26 19:47:48,575 




2022-07-26 19:47:48,575 Printing Basic input parapmeter............
2022-07-26 19:47:48,575 span=1200.0 rise=180.0
2022-07-26 19:47:48,575 wc=505.0 ws=1131.0330578512403 g=2.2396694214876045
2022-07-26 19:47:48,575 N=0.22
2022-07-26 19:47:48,575 Is=26048.801636988563 Ic=6399.0
2022-07-26 19:47:48,575 cos_phi_s=0.8188476497787139 m=0.3
2022-07-26 19:47:48,575 




2022-07-26 19:47:48,575 Calcualting y0............
2022-07-26 19:47:48,575 x=[  0.  60. 120. 180. 240. 300. 360. 420. 480. 540. 600.]
2022-07-26 19:47:48,575 k=1.6945957207744073
2022-07-26 19:47:48,575 z=[0.0, 0.1, 0.2, 0.3, 0.4, 0.5, 0.6, 0.7, 0.8, 0.9, 1.0]
2022-07-26 19:47:48,575 kz=[0.0, 0.16945957207744075, 0.3389191441548815, 0.5083787162323222, 0.677838288309763, 0.8472978603872037, 1.0167574324646445, 1.186217004542085, 1.355676576619526, 1.5251361486969666, 1.6945957207744073]
2022-07-26 19:47:48,575 y0=[0.0, 1.4281123030179905, 5.753557899399388, 13.1008461783551, 23.68147127513326, 37.8, 55.86283889510693, 78.3899327818908, 106.0297315455814, 139.57785598068338, 180.00000000000006]
2022-07-26 19:47:48,575 y=[39.36400494504002, 37.93589264202203, 33.61044704564063, 26.263158766684924, 15.682533669906764, 1.5640049450400255, -16.49883395006691, -39.025927836850784, -66.66572660054138, -100.21385103564336, -140.63599505496003]
2022-07-26 19:47:48,575 tanphi=[0.0, 0.047717606875291, 0.09680878092516863, 0.14868662791189496, 0.20484446890447136, 0.2668988260219691, 0.336635954560037, 0.416063260943313, 0.5074670865865929, 0.6134785209924023, 0.7371491385368671]
2022-07-26 19:47:48,575 




2022-07-26 19:47:48,575 printing arch Axis parameters...........
2022-07-26 19:47:48,575         x    z        zk  cosh(zk)  sinh(zk)          y0           y   tan_phi
0     0.0  0.0  0.000000  1.000000  0.000000    0.000000   39.364005  0.000000
1    60.0  0.1  0.169460  1.014393  0.170272    1.428112   37.935893  0.047718
2   120.0  0.2  0.338919  1.057985  0.345445    5.753558   33.610447  0.096809
3   180.0  0.3  0.508379  1.132032  0.530562   13.100846   26.263159  0.148687
4   240.0  0.4  0.677838  1.238664  0.730951   23.681471   15.682534  0.204844
5   300.0  0.5  0.847298  1.380952  0.952381   37.800000    1.564005  0.266899
6   360.0  0.6  1.016757  1.562992  1.201225   55.862839  -16.498834  0.336636
7   420.0  0.7  1.186217  1.790022  1.484648   78.389933  -39.025928  0.416063
8   480.0  0.8  1.355677  2.068579  1.810806  106.029732  -66.665727  0.507467
9   540.0  0.9  1.525136  2.406680  2.189089  139.577856 -100.213851  0.613479
10  600.0  1.0  1.694596  2.814059  2.630385  180.000000 -140.635995  0.737149
2022-07-26 19:47:48,575 




2022-07-26 19:47:48,575 printing reactions due to dead load..............
2022-07-26 19:47:48,575 Dead load Reaction vd=470322.68106806447
2022-07-26 19:47:48,575 Dead load Horizontal Thrust Hd=638029.2080400257
2022-07-26 19:47:48,575 




2022-07-26 19:47:48,575 Setting Arch Rib thickness................
2022-07-26 19:47:48,575 dc=18.0 ds=27.0
2022-07-26 19:47:48,575 tan_phi_s=0.7371491385368671 cos_phi_s=0.8049377963654032
2022-07-26 19:47:48,575 m=0.3
2022-07-26 19:47:48,575 




2022-07-26 19:47:48,575 printing arch thickness parameters...........
2022-07-26 19:47:48,575       z        zk  sinh(zk)   tan_phi  1+tanphi_2  sixth_root_1_plus_tan_phi  \
0   0.0  0.000000  0.000000  0.000000    1.000000                   1.000000   
1   0.1  0.169460  0.170272  0.047718    1.002277                   1.000379   
2   0.2  0.338919  0.345445  0.096809    1.009372                   1.001556   
3   0.3  0.508379  0.530562  0.148687    1.022108                   1.003651   
4   0.4  0.677838  0.730951  0.204844    1.041961                   1.006874   
5   0.5  0.847298  0.952381  0.266899    1.071235                   1.011535   
6   0.6  1.016757  1.201225  0.336636    1.113324                   1.018053   
7   0.7  1.186217  1.484648  0.416063    1.173109                   1.026967   
8   0.8  1.355677  1.810806  0.507467    1.257523                   1.038929   
9   0.9  1.525136  2.189089  0.613479    1.376356                   1.054683   
10  1.0  1.694596  2.630385  0.737149    1.543389                   1.075010   

    one_minus_m_z    c_list        d_x  
0            0.00  1.000000  18.000000  
1            0.07  1.024485  18.447725  
2            0.14  1.051559  18.957522  
3            0.21  1.081744  19.542476  
4            0.28  1.115722  20.221045  
5            0.35  1.154416  21.019167  
6            0.42  1.199105  21.973543  
7            0.49  1.251632  23.136917  
8            0.56  1.314768  24.587116  
9            0.63  1.392941  26.443994  
10           0.70  1.493802  28.905333  
2022-07-26 19:47:48,590 




2022-07-26 19:47:48,590 Calculating Intregationg of dw fro L to R..
2022-07-26 19:47:48,590 l=1200.0 E=2000000.0 Ic=6399.0 m=0.3
2022-07-26 19:47:48,590 integration value=6.094702297233942e-08
2022-07-26 19:47:48,590 




2022-07-26 19:47:48,590 Calcualting Delta_sub_HL...............
2022-07-26 19:47:48,590 l=1200.0 r=180.0 Ic=6399.0 E=2000000.0 T1=0.0030379746835443038
2022-07-26 19:47:48,590 g=2.8140589569161 k=1.6945957207744073 m=0.3 yc=39.36400494504002
2022-07-26 19:47:48,590 T2=0.22437500000000002 T3=0.21868891636133345
2022-07-26 19:47:48,590 T4=0.8556613133292756 T5=0.15193828124999997 T6=0.7 T7=0.07596914062499999
2022-07-26 19:47:48,590 T8=0.3482312880515486 T9=-0.025624999999999988
2022-07-26 19:47:48,590 T_com_1=0.004865361793961546
2022-07-26 19:47:48,590 T_com_2=-0.08507774978342546
2022-07-26 19:47:48,590 delta_sub_HL=0.00012353944253860446
2022-07-26 19:47:48,590 




2022-07-26 19:47:48,590 




2022-07-26 19:47:48,590 Printing Basic input parapmeter............
2022-07-26 19:47:48,590 span=1200.0 rise=180.0
2022-07-26 19:47:48,590 wc=505.0 ws=1421.0997732426304 g=2.8140589569161
2022-07-26 19:47:48,590 N=0.21
2022-07-26 19:47:48,590 Is=26498.94202547448 Ic=6399.0
2022-07-26 19:47:48,590 cos_phi_s=0.8049377963654032 m=0.3
2022-07-26 19:47:48,590 




2022-07-26 19:47:48,590 Calcualting y0............
2022-07-26 19:47:48,590 x=[  0.  60. 120. 180. 240. 300. 360. 420. 480. 540. 600.]
2022-07-26 19:47:48,590 k=1.9248473002384139
2022-07-26 19:47:48,590 z=[0.0, 0.1, 0.2, 0.3, 0.4, 0.5, 0.6, 0.7, 0.8, 0.9, 1.0]
2022-07-26 19:47:48,590 kz=[0.0, 0.1924847300238414, 0.3849694600476828, 0.5774541900715241, 0.7699389200953656, 0.9624236501192069, 1.1549083801430482, 1.3473931101668897, 1.5398778401907312, 1.7323625702145726, 1.9248473002384139]
2022-07-26 19:47:48,590 y0=[0.0, 1.337936645945378, 5.401470874574919, 12.341623556903553, 22.41632482076861, 36.0, 53.59748511706749, 75.86278906682121, 103.62339979613577, 137.9110378163605, 180.0]
2022-07-26 19:47:48,590 y=[38.225199500492714, 36.88726285454734, 32.823728625917795, 25.88357594358916, 15.808874679724102, 2.225199500492714, -15.372285616574779, -37.637589566328494, -65.39820029564305, -99.68583831586778, -141.77480049950728]
2022-07-26 19:47:48,590 tanphi=[0.0, 0.04473550060386286, 0.09113359191974292, 0.14091865468856896, 0.1959409461297605, 0.25824536457840247, 0.330147447941349, 0.4143194304477977, 0.5138895559854498, 0.6325583389931445, 0.7747360937352074]
2022-07-26 19:47:48,590 




2022-07-26 19:47:48,590 printing arch Axis parameters...........
2022-07-26 19:47:48,590         x    z        zk  cosh(zk)  sinh(zk)          y0           y   tan_phi
0     0.0  0.0  0.000000  1.000000  0.000000    0.000000   38.225200  0.000000
1    60.0  0.1  0.192485  1.018582  0.193676    1.337937   36.887263  0.044736
2   120.0  0.2  0.384969  1.075020  0.394549    5.401471   32.823729  0.091134
3   180.0  0.3  0.577454  1.171411  0.610086   12.341624   25.883576  0.140919
4   240.0  0.4  0.769939  1.311338  0.848296   22.416325   15.808875  0.195941
5   300.0  0.5  0.962424  1.500000  1.118034   36.000000    2.225200  0.258245
6   360.0  0.6  1.154908  1.744410  1.429323   53.597485  -15.372286  0.330147
7   420.0  0.7  1.347393  2.053650  1.793733   75.862789  -37.637590  0.414319
8   480.0  0.8  1.539878  2.439214  2.224807  103.623400  -65.398200  0.513890
9   540.0  0.9  1.732363  2.915431  2.738565  137.911038  -99.685838  0.632558
10  600.0  1.0  1.924847  3.500000  3.354102  180.000000 -141.774800  0.774736
2022-07-26 19:47:48,590 




2022-07-26 19:47:48,590 printing reactions due to dead load..............
2022-07-26 19:47:48,590 Dead load Reaction vd=527986.243712826
2022-07-26 19:47:48,590 Dead load Horizontal Thrust Hd=681504.6413640869
2022-07-26 19:47:48,590 




2022-07-26 19:47:48,590 Setting Arch Rib thickness................
2022-07-26 19:47:48,590 dc=18.0 ds=27.0
2022-07-26 19:47:48,590 tan_phi_s=0.7747360937352074 cos_phi_s=0.7905160533197623
2022-07-26 19:47:48,590 m=0.3
2022-07-26 19:47:48,590 




2022-07-26 19:47:48,590 printing arch thickness parameters...........
2022-07-26 19:47:48,590       z        zk  sinh(zk)   tan_phi  1+tanphi_2  sixth_root_1_plus_tan_phi  \
0   0.0  0.000000  0.000000  0.000000    1.000000                   1.000000   
1   0.1  0.192485  0.193676  0.044736    1.002001                   1.000333   
2   0.2  0.384969  0.394549  0.091134    1.008305                   1.001379   
3   0.3  0.577454  0.610086  0.140919    1.019858                   1.003283   
4   0.4  0.769939  0.848296  0.195941    1.038393                   1.006299   
5   0.5  0.962424  1.118034  0.258245    1.066691                   1.010818   
6   0.6  1.154908  1.429323  0.330147    1.108997                   1.017392   
7   0.7  1.347393  1.793733  0.414319    1.171661                   1.026755   
8   0.8  1.539878  2.224807  0.513890    1.264082                   1.039831   
9   0.9  1.732363  2.738565  0.632558    1.400130                   1.057697   
10  1.0  1.924847  3.354102  0.774736    1.600216                   1.081508   

    one_minus_m_z    c_list        d_x  
0            0.00  1.000000  18.000000  
1            0.07  1.024485  18.446879  
2            0.14  1.051559  18.954181  
3            0.21  1.081744  19.535301  
4            0.28  1.115722  20.209487  
5            0.35  1.154416  21.004280  
6            0.42  1.199105  21.959288  
7            0.49  1.251632  23.132154  
8            0.56  1.314768  24.608446  
9            0.63  1.392941  26.519581  
10           0.70  1.493802  29.080053  
2022-07-26 19:47:48,590 




2022-07-26 19:47:48,590 Calculating Intregationg of dw fro L to R..
2022-07-26 19:47:48,590 l=1200.0 E=2000000.0 Ic=6399.0 m=0.3
2022-07-26 19:47:48,590 integration value=6.094702297233942e-08
2022-07-26 19:47:48,590 




2022-07-26 19:47:48,606 Calcualting Delta_sub_HL...............
2022-07-26 19:47:48,606 l=1200.0 r=180.0 Ic=6399.0 E=2000000.0 T1=0.0030379746835443038
2022-07-26 19:47:48,606 g=3.5 k=1.9248473002384139 m=0.3 yc=38.225199500492714
2022-07-26 19:47:48,606 T2=0.3 T3=0.21236221944718175
2022-07-26 19:47:48,606 T4=0.6970115428552159 T5=0.08 T6=0.7 T7=0.04
2022-07-26 19:47:48,606 T8=0.2699028282630047 T9=0.05
2022-07-26 19:47:48,606 T_com_1=0.06108454463552668
2022-07-26 19:47:48,606 T_com_2=-0.04382202223185298
2022-07-26 19:47:48,606 delta_sub_HL=0.00012045553770641285
2022-07-26 19:47:48,606 




2022-07-26 19:47:48,606 




2022-07-26 19:47:48,606 Printing Basic input parapmeter............
2022-07-26 19:47:48,606 span=1200.0 rise=180.0
2022-07-26 19:47:48,606 wc=505.0 ws=1767.5 g=3.5
2022-07-26 19:47:48,606 N=0.2
2022-07-26 19:47:48,606 Is=26982.37424834693 Ic=6399.0
2022-07-26 19:47:48,606 cos_phi_s=0.7905160533197623 m=0.3
2022-07-26 19:47:48,606 




2022-07-26 19:47:48,606 Calcualting y0............
2022-07-26 19:47:48,606 x=[  0.  60. 120. 180. 240. 300. 360. 420. 480. 540. 600.]
2022-07-26 19:47:48,606 k=2.143704198244209
2022-07-26 19:47:48,606 z=[0.0, 0.1, 0.2, 0.3, 0.4, 0.5, 0.6, 0.7, 0.8, 0.9, 1.0]
2022-07-26 19:47:48,606 kz=[0.0, 0.21437041982442093, 0.42874083964884185, 0.6431112594732628, 0.8574816792976837, 1.0718520991221046, 1.2862225189465255, 1.5005929387709462, 1.7149633585953674, 1.9293337784197881, 2.143704198244209]
2022-07-26 19:47:48,606 y0=[0.0, 1.2489950034964332, 5.053597318464373, 11.589316798336359, 21.15765227873987, 34.2, 51.3180156274064, 73.30136918823159, 101.16417328663323, 136.1917650639705, 180.00000000000006]
2022-07-26 19:47:48,606 y=[37.07780588577403, 35.8288108822776, 32.02420856730966, 25.488489087437674, 15.920153607034162, 2.8778058857740305, -14.24020974163237, -36.223563302457556, -64.08636740085919, -99.11395917819647, -142.92219411422602]
2022-07-26 19:47:48,606 tanphi=[0.0, 0.041792481363052025, 0.08551288887222298, 0.1331780857049748, 0.1869869118496651, 0.24942161864512025, 0.3233623773501507, 0.4122201441301235, 0.5200940106463514, 0.6519602989777485, 0.8139021239998663]
2022-07-26 19:47:48,606 




2022-07-26 19:47:48,606 printing arch Axis parameters...........
2022-07-26 19:47:48,606         x    z        zk  cosh(zk)  sinh(zk)          y0           y   tan_phi
0     0.0  0.0  0.000000  1.000000  0.000000    0.000000   37.077806  0.000000
1    60.0  0.1  0.214370  1.023065  0.216016    1.248995   35.828811  0.041792
2   120.0  0.2  0.428741  1.093326  0.441997    5.053597   32.024209  0.085513
3   180.0  0.3  0.643111  1.214022  0.688368   11.589317   25.488489  0.133178
4   240.0  0.4  0.857482  1.390723  0.966494   21.157652   15.920154  0.186987
5   300.0  0.5  1.071852  1.631579  1.289205   34.200000    2.877806  0.249422
6   360.0  0.6  1.286223  1.947701  1.671389   51.318016  -14.240210  0.323362
7   420.0  0.7  1.500593  2.353673  2.130675   73.301369  -36.223563  0.412220
8   480.0  0.8  1.714963  2.868221  2.688251  101.164173  -64.086367  0.520094
9   540.0  0.9  1.929334  3.515083  3.369838  136.191765  -99.113959  0.651960
10  600.0  1.0  2.143704  4.324100  4.206880  180.000000 -142.922194  0.813902
2022-07-26 19:47:48,606 




2022-07-26 19:47:48,606 printing reactions due to dead load..............
2022-07-26 19:47:48,606 Dead load Reaction vd=594617.7685856785
2022-07-26 19:47:48,606 Dead load Horizontal Thrust Hd=730576.5042895704
2022-07-26 19:47:48,606 




2022-07-26 19:47:48,606 Setting Arch Rib thickness................
2022-07-26 19:47:48,622 dc=18.0 ds=27.0
2022-07-26 19:47:48,622 tan_phi_s=0.8139021239998663 cos_phi_s=0.7755815072681995
2022-07-26 19:47:48,622 m=0.3
2022-07-26 19:47:48,622 




2022-07-26 19:47:48,622 printing arch thickness parameters...........
2022-07-26 19:47:48,622       z        zk  sinh(zk)   tan_phi  1+tanphi_2  sixth_root_1_plus_tan_phi  \
0   0.0  0.000000  0.000000  0.000000    1.000000                   1.000000   
1   0.1  0.214370  0.216016  0.041792    1.001747                   1.000291   
2   0.2  0.428741  0.441997  0.085513    1.007312                   1.001215   
3   0.3  0.643111  0.688368  0.133178    1.017736                   1.002934   
4   0.4  0.857482  0.966494  0.186987    1.034964                   1.005744   
5   0.5  1.071852  1.289205  0.249422    1.062211                   1.010110   
6   0.6  1.286223  1.671389  0.323362    1.104563                   1.016713   
7   0.7  1.500593  2.130675  0.412220    1.169925                   1.026502   
8   0.8  1.714963  2.688251  0.520094    1.270498                   1.040708   
9   0.9  1.929334  3.369838  0.651960    1.425052                   1.060812   
10  1.0  2.143704  4.206880  0.813902    1.662437                   1.088406   

    one_minus_m_z    c_list        d_x  
0            0.00  1.000000  18.000000  
1            0.07  1.024485  18.446098  
2            0.14  1.051559  18.951069  
3            0.21  1.081744  19.528521  
4            0.28  1.115722  20.198350  
5            0.35  1.154416  20.989553  
6            0.42  1.199105  21.944630  
7            0.49  1.251632  23.126441  
8            0.56  1.314768  24.629217  
9            0.63  1.392941  26.597678  
10           0.70  1.493802  29.265522  
2022-07-26 19:47:48,622 




2022-07-26 19:47:48,622 Calculating Intregationg of dw fro L to R..
2022-07-26 19:47:48,622 l=1200.0 E=2000000.0 Ic=6399.0 m=0.3
2022-07-26 19:47:48,622 integration value=6.094702297233942e-08
2022-07-26 19:47:48,622 




2022-07-26 19:47:48,622 Calcualting Delta_sub_HL...............
2022-07-26 19:47:48,622 l=1200.0 r=180.0 Ic=6399.0 E=2000000.0 T1=0.0030379746835443038
2022-07-26 19:47:48,622 g=4.324099722991691 k=2.143704198244209 m=0.3 yc=37.07780588577403
2022-07-26 19:47:48,622 T2=0.34958333333333336 T3=0.2059878104765224
2022-07-26 19:47:48,622 T4=0.5903658263460668 T5=0.04525034722222219 T6=0.7 T7=0.022625173611111094
2022-07-26 19:47:48,622 T8=0.2176057079608373 T9=0.09958333333333338
2022-07-26 19:47:48,622 T_com_1=0.08477388951095673
2022-07-26 19:47:48,622 T_com_2=-0.023154221578946376
2022-07-26 19:47:48,622 delta_sub_HL=0.00011737803779990582
2022-07-26 19:47:48,622 




2022-07-26 19:47:48,622 




2022-07-26 19:47:48,622 Printing Basic input parapmeter............
2022-07-26 19:47:48,622 span=1200.0 rise=180.0
2022-07-26 19:47:48,622 wc=505.0 ws=2183.670360110804 g=4.324099722991691
2022-07-26 19:47:48,622 N=0.19
2022-07-26 19:47:48,622 Is=27501.945056851375 Ic=6399.0
2022-07-26 19:47:48,622 cos_phi_s=0.7755815072681995 m=0.3
2022-07-26 19:47:48,622 




2022-07-26 19:47:48,622 Calcualting y0............
2022-07-26 19:47:48,622 x=[  0.  60. 120. 180. 240. 300. 360. 420. 480. 540. 600.]
2022-07-26 19:47:48,622 k=2.355856921731525
2022-07-26 19:47:48,622 z=[0.0, 0.1, 0.2, 0.3, 0.4, 0.5, 0.6, 0.7, 0.8, 0.9, 1.0]
2022-07-26 19:47:48,622 kz=[0.0, 0.2355856921731525, 0.471171384346305, 0.7067570765194575, 0.94234276869261, 1.1779284608657625, 1.413514153038915, 1.6490998452120675, 1.88468553738522, 2.1202712295583725, 2.355856921731525]
2022-07-26 19:47:48,622 y0=[0.0, 1.1613550478794155, 4.710174778833463, 10.844333527292218, 19.905858409779075, 32.4, 49.02340398268106, 70.70295457522677, 98.64745554042776, 134.41503040911283, 180.0]
2022-07-26 19:47:48,622 y=[35.9210203823513, 34.75966533447188, 31.21084560351784, 25.076686855059084, 16.015161972572226, 3.5210203823513027, -13.102383600329759, -34.78193419287547, -62.726435158076455, -98.49401002676153, -144.0789796176487]
2022-07-26 19:47:48,622 tanphi=[0.0, 0.03889071376146412, 0.0799498876545988, 0.12546689034907382, 0.1779796491830578, 0.240416159374997, 0.31625774255715244, 0.4097331575654251, 0.5260543866735279, 0.6717072441901142, 0.8548130111111004]
2022-07-26 19:47:48,622 




2022-07-26 19:47:48,622 printing arch Axis parameters...........
2022-07-26 19:47:48,622         x    z        zk  cosh(zk)  sinh(zk)          y0           y   tan_phi
0     0.0  0.0  0.000000  1.000000  0.000000    0.000000   35.921020  0.000000
1    60.0  0.1  0.235586  1.027879  0.237771    1.161355   34.759665  0.038891
2   120.0  0.2  0.471171  1.113070  0.488799    4.710175   31.210846  0.079950
3   180.0  0.3  0.706757  1.260324  0.767082   10.844334   25.076687  0.125467
4   240.0  0.4  0.942343  1.477850  1.088136   19.905858   16.015162  0.177980
5   300.0  0.5  1.177928  1.777778  1.469862   32.400000    3.521020  0.240416
6   360.0  0.6  1.413514  2.176831  1.933544   49.023404  -13.102384  0.316258
7   420.0  0.7  1.649100  2.697259  2.505036   70.702955  -34.781934  0.409733
8   480.0  0.8  1.884686  3.368080  3.216203   98.647456  -62.726435  0.526054
9   540.0  0.9  2.120271  4.226698  4.106699  134.415030  -98.494010  0.671707
10  600.0  1.0  2.355857  5.320988  5.226175  180.000000 -144.078980  0.854813
2022-07-26 19:47:48,637 




2022-07-26 19:47:48,637 printing reactions due to dead load..............
2022-07-26 19:47:48,637 Dead load Reaction vd=672167.7961252974
2022-07-26 19:47:48,637 Dead load Horizontal Thrust Hd=786333.1364734406
2022-07-26 19:47:48,637 




2022-07-26 19:47:48,637 Setting Arch Rib thickness................
2022-07-26 19:47:48,637 dc=18.0 ds=27.0
2022-07-26 19:47:48,637 tan_phi_s=0.8548130111111004 cos_phi_s=0.7601309924918593
2022-07-26 19:47:48,637 m=0.3
2022-07-26 19:47:48,637 




2022-07-26 19:47:48,637 printing arch thickness parameters...........
2022-07-26 19:47:48,637       z        zk  sinh(zk)   tan_phi  1+tanphi_2  sixth_root_1_plus_tan_phi  \
0   0.0  0.000000  0.000000  0.000000    1.000000                   1.000000   
1   0.1  0.235586  0.237771  0.038891    1.001512                   1.000252   
2   0.2  0.471171  0.488799  0.079950    1.006392                   1.001063   
3   0.3  0.706757  0.767082  0.125467    1.015742                   1.002607   
4   0.4  0.942343  1.088136  0.177980    1.031677                   1.005211   
5   0.5  1.177928  1.469862  0.240416    1.057800                   1.009409   
6   0.6  1.413514  1.933544  0.316258    1.100019                   1.016015   
7   0.7  1.649100  2.505036  0.409733    1.167881                   1.026203   
8   0.8  1.884686  3.216203  0.526054    1.276733                   1.041558   
9   0.9  2.120271  4.106699  0.671707    1.451191                   1.064031   
10  1.0  2.355857  5.226175  0.854813    1.730705                   1.095731   

    one_minus_m_z    c_list        d_x  
0            0.00  1.000000  18.000000  
1            0.07  1.024485  18.445379  
2            0.14  1.051559  18.948182  
3            0.21  1.081744  19.522138  
4            0.28  1.115722  20.187643  
5            0.35  1.154416  20.975000  
6            0.42  1.199105  21.929558  
7            0.49  1.251632  23.119702  
8            0.56  1.314768  24.649322  
9            0.63  1.392941  26.678373  
10           0.70  1.493802  29.462478  
2022-07-26 19:47:48,637 




2022-07-26 19:47:48,637 Calculating Intregationg of dw fro L to R..
2022-07-26 19:47:48,637 l=1200.0 E=2000000.0 Ic=6399.0 m=0.3
2022-07-26 19:47:48,637 integration value=6.094702297233942e-08
2022-07-26 19:47:48,637 




2022-07-26 19:47:48,637 Calcualting Delta_sub_HL...............
2022-07-26 19:47:48,637 l=1200.0 r=180.0 Ic=6399.0 E=2000000.0 T1=0.0030379746835443038
2022-07-26 19:47:48,637 g=5.320987654320987 k=2.355856921731525 m=0.3 yc=35.9210203823513
2022-07-26 19:47:48,637 T2=0.3842857142857143 T3=0.19956122434639612
2022-07-26 19:47:48,637 T4=0.5133954878467619 T5=0.0267795918367347 T6=0.7 T7=0.01338979591836735
2022-07-26 19:47:48,637 T8=0.1801781727138577 T9=0.13428571428571429
2022-07-26 19:47:48,637 T_com_1=0.09483671962964052
2022-07-26 19:47:48,637 T_com_2=-0.011761222125698686
2022-07-26 19:47:48,637 delta_sub_HL=0.00011430347876895382
2022-07-26 19:47:48,637 




2022-07-26 19:47:48,637 




2022-07-26 19:47:48,637 Printing Basic input parapmeter............
2022-07-26 19:47:48,637 span=1200.0 rise=180.0
2022-07-26 19:47:48,637 wc=505.0 ws=2687.0987654320984 g=5.320987654320987
2022-07-26 19:47:48,637 N=0.18
2022-07-26 19:47:48,637 Is=28060.95292875252 Ic=6399.0
2022-07-26 19:47:48,637 cos_phi_s=0.7601309924918593 m=0.3
2022-07-26 19:47:48,637 




2022-07-26 19:47:48,637 Calcualting y0............
2022-07-26 19:47:48,637 x=[  0.  60. 120. 180. 240. 300. 360. 420. 480. 540. 600.]
2022-07-26 19:47:48,637 k=2.5646197589211277
2022-07-26 19:47:48,637 z=[0.0, 0.1, 0.2, 0.3, 0.4, 0.5, 0.6, 0.7, 0.8, 0.9, 1.0]
2022-07-26 19:47:48,637 kz=[0.0, 0.2564619758921128, 0.5129239517842256, 0.7693859276763383, 1.0258479035684511, 1.2823098794605639, 1.5387718553526766, 1.7952338312447893, 2.0516958071369022, 2.308157783029015, 2.5646197589211277]
2022-07-26 19:47:48,637 y0=[0.0, 1.075091502154515, 4.371466153977849, 10.107126531469556, 18.661395032543393, 30.6, 46.71248962288002, 68.06444794867973, 96.06796626231571, 132.5750303888963, 179.99999999999994]
2022-07-26 19:47:48,637 y=[34.75391458444074, 33.67882308228623, 30.382448430462894, 24.64678805297119, 16.09251955189735, 4.1539145844407415, -11.958575038439278, -33.310533364238985, -61.314051677874964, -97.82111580445556, -145.2460854155592]
2022-07-26 19:47:48,637 tanphi=[0.0, 0.03603258986468714, 0.07444816050071726, 0.11778728882719605, 0.16891616652883448, 0.23121615289401262, 0.308807397768208, 0.40682132371233354, 0.5317399877121843, 0.6918247658001621, 0.8976627112355783]
2022-07-26 19:47:48,637 




2022-07-26 19:47:48,637 printing arch Axis parameters...........
2022-07-26 19:47:48,637         x    z        zk  cosh(zk)  sinh(zk)          y0           y   tan_phi
0     0.0  0.0  0.000000  1.000000  0.000000    0.000000   34.753915  0.000000
1    60.0  0.1  0.256462  1.033067  0.259283    1.075092   33.678823  0.036033
2   120.0  0.2  0.512924  1.134455  0.535713    4.371466   30.382448  0.074448
3   180.0  0.3  0.769386  1.310869  0.847571   10.107127   24.646788  0.117787
4   240.0  0.4  1.025848  1.573976  1.215484   18.661395   16.092520  0.168916
5   300.0  0.5  1.282310  1.941176  1.663781   30.600000    4.153915  0.231216
6   360.0  0.6  1.538772  2.436755  2.222110   46.712490  -11.958575  0.308807
7   420.0  0.7  1.795234  3.093486  2.927397   68.064448  -33.310533  0.406821
8   480.0  0.8  2.051696  3.954801  3.826284   96.067966  -61.314052  0.531740
9   540.0  0.9  2.308158  5.077663  4.978219  132.575030  -97.821116  0.691825
10  600.0  1.0  2.564620  6.536332  6.459384  180.000000 -145.246085  0.897663
2022-07-26 19:47:48,653 




2022-07-26 19:47:48,653 printing reactions due to dead load..............
2022-07-26 19:47:48,653 Dead load Reaction vd=763151.4449483767
2022-07-26 19:47:48,653 Dead load Horizontal Thrust Hd=850153.8889790187
2022-07-26 19:47:48,653 




2022-07-26 19:47:48,653 Setting Arch Rib thickness................
2022-07-26 19:47:48,653 dc=18.0 ds=27.0
2022-07-26 19:47:48,653 tan_phi_s=0.8976627112355783 cos_phi_s=0.7441583768554731
2022-07-26 19:47:48,653 m=0.3
2022-07-26 19:47:48,653 




2022-07-26 19:47:48,653 printing arch thickness parameters...........
2022-07-26 19:47:48,653       z        zk  sinh(zk)   tan_phi  1+tanphi_2  sixth_root_1_plus_tan_phi  \
0   0.0  0.000000  0.000000  0.000000    1.000000                   1.000000   
1   0.1  0.256462  0.259283  0.036033    1.001298                   1.000216   
2   0.2  0.512924  0.535713  0.074448    1.005543                   1.000922   
3   0.3  0.769386  0.847571  0.117787    1.013874                   1.002299   
4   0.4  1.025848  1.215484  0.168916    1.028533                   1.004700   
5   0.5  1.282310  1.663781  0.231216    1.053461                   1.008718   
6   0.6  1.538772  2.222110  0.308807    1.095362                   1.015297   
7   0.7  1.795234  2.927397  0.406821    1.165504                   1.025854   
8   0.8  2.051696  3.826284  0.531740    1.282747                   1.042374   
9   0.9  2.308158  4.978219  0.691825    1.478622                   1.067357   
10  1.0  2.564620  6.459384  0.897663    1.805798                   1.103515   

    one_minus_m_z    c_list        d_x  
0            0.00  1.000000  18.000000  
1            0.07  1.024485  18.444722  
2            0.14  1.051559  18.945516  
3            0.21  1.081744  19.516149  
4            0.28  1.115722  20.177376  
5            0.35  1.154416  20.960636  
6            0.42  1.199105  21.914057  
7            0.49  1.251632  23.111850  
8            0.56  1.314768  24.668636  
9            0.63  1.392941  26.761766  
10           0.70  1.493802  29.671782  
2022-07-26 19:47:48,659 




2022-07-26 19:47:48,659 Calculating Intregationg of dw fro L to R..
2022-07-26 19:47:48,659 l=1200.0 E=2000000.0 Ic=6399.0 m=0.3
2022-07-26 19:47:48,659 integration value=6.094702297233942e-08
2022-07-26 19:47:48,659 




2022-07-26 19:47:48,659 Calcualting Delta_sub_HL...............
2022-07-26 19:47:48,659 l=1200.0 r=180.0 Ic=6399.0 E=2000000.0 T1=0.0030379746835443038
2022-07-26 19:47:48,659 g=6.536332179930794 k=2.5646197589211277 m=0.3 yc=34.75391458444074
2022-07-26 19:47:48,659 T2=0.4096875 T3=0.193077303246893
2022-07-26 19:47:48,659 T4=0.45493145129967194 T5=0.016312695312500014 T6=0.7 T7=0.008156347656250007
2022-07-26 19:47:48,659 T8=0.15203865960082705 T9=0.15968749999999995
2022-07-26 19:47:48,659 T_com_1=0.09854279117519844
2022-07-26 19:47:48,659 T_com_2=-0.005076540929992963
2022-07-26 19:47:48,659 delta_sub_HL=0.00011122788046994269
2022-07-26 19:47:48,659 




2022-07-26 19:47:48,659 




2022-07-26 19:47:48,659 Printing Basic input parapmeter............
2022-07-26 19:47:48,659 span=1200.0 rise=180.0
2022-07-26 19:47:48,659 wc=505.0 ws=3300.847750865051 g=6.536332179930794
2022-07-26 19:47:48,659 N=0.17
2022-07-26 19:47:48,659 Is=28663.25323129785 Ic=6399.0
2022-07-26 19:47:48,659 cos_phi_s=0.7441583768554731 m=0.3
2022-07-26 19:47:48,659 




2022-07-26 19:47:48,659 Calcualting y0............
2022-07-26 19:47:48,659 x=[  0.  60. 120. 180. 240. 300. 360. 420. 480. 540. 600.]
2022-07-26 19:47:48,659 k=2.772588722239781
2022-07-26 19:47:48,659 z=[0.0, 0.1, 0.2, 0.3, 0.4, 0.5, 0.6, 0.7, 0.8, 0.9, 1.0]
2022-07-26 19:47:48,659 kz=[0.0, 0.2772588722239781, 0.5545177444479562, 0.8317766166719344, 1.1090354888959124, 1.3862943611198906, 1.6635532333438687, 1.9408121055678467, 2.218070977791825, 2.495329850015803, 2.772588722239781]
2022-07-26 19:47:48,659 y0=[0.0, 0.990287283559593, 4.037763892361801, 9.378201493019294, 17.424769417139455, 28.8, 44.38395153798882, 65.38229504951835, 93.41959245297016, 130.66498273928306, 180.0]
2022-07-26 19:47:48,659 y=[33.57540746310816, 32.58512017954856, 29.537643570746354, 24.197205970088863, 16.1506380459687, 4.775407463108156, -10.808544074880665, -31.80688758641019, -59.84418498986201, -97.08957527617491, -146.42459253689185]
2022-07-26 19:47:48,659 tanphi=[0.0, 0.033220766359589024, 0.06901169697511596, 0.11014179992902771, 0.15979315474685205, 0.2218070977791825, 0.3009814117751054, 0.4034415120732705, 0.5371143466734838, 0.7123416740337102, 0.9426801655615255]
2022-07-26 19:47:48,659 




2022-07-26 19:47:48,659 printing arch Axis parameters...........
2022-07-26 19:47:48,659         x    z        zk  cosh(zk)  sinh(zk)          y0           y   tan_phi
0     0.0  0.0  0.000000  1.000000  0.000000    0.000000   33.575407  0.000000
1    60.0  0.1  0.277259  1.038683  0.280825    0.990287   32.585120  0.033221
2   120.0  0.2  0.554518  1.157725  0.583376    4.037764   29.537644  0.069012
3   180.0  0.3  0.831777  1.366336  0.931061    9.378201   24.197206  0.110142
4   240.0  0.4  1.109035  1.680655  1.350778   17.424769   16.150638  0.159793
5   300.0  0.5  1.386294  2.125000  1.875000   28.800000    4.775407  0.221807
6   360.0  0.6  1.663553  2.733748  2.544284   44.383952  -10.808544  0.300981
7   420.0  0.7  1.940812  3.553996  3.410409   65.382295  -31.806888  0.403442
8   480.0  0.8  2.218071  4.649203  4.540384   93.419592  -59.844185  0.537114
9   540.0  0.9  2.495330  6.104101  6.021632  130.664983  -97.089575  0.712342
10  600.0  1.0  2.772589  8.031250  7.968750  180.000000 -146.424593  0.942680
2022-07-26 19:47:48,659 




2022-07-26 19:47:48,659 printing reactions due to dead load..............
2022-07-26 19:47:48,659 Dead load Reaction vd=870858.0651116074
2022-07-26 19:47:48,659 Dead load Horizontal Thrust Hd=923810.7440107899
2022-07-26 19:47:48,659 




2022-07-26 19:47:48,659 Setting Arch Rib thickness................
2022-07-26 19:47:48,659 dc=18.0 ds=27.0
2022-07-26 19:47:48,659 tan_phi_s=0.9426801655615255 cos_phi_s=0.7276536807782199
2022-07-26 19:47:48,659 m=0.3
2022-07-26 19:47:48,659 




2022-07-26 19:47:48,659 printing arch thickness parameters...........
2022-07-26 19:47:48,659       z        zk  sinh(zk)   tan_phi  1+tanphi_2  sixth_root_1_plus_tan_phi  \
0   0.0  0.000000  0.000000  0.000000    1.000000                   1.000000   
1   0.1  0.277259  0.280825  0.033221    1.001104                   1.000184   
2   0.2  0.554518  0.583376  0.069012    1.004763                   1.000792   
3   0.3  0.831777  0.931061  0.110142    1.012131                   1.002012   
4   0.4  1.109035  1.350778  0.159793    1.025534                   1.004211   
5   0.5  1.386294  1.875000  0.221807    1.049198                   1.008037   
6   0.6  1.663553  2.544284  0.300981    1.090590                   1.014558   
7   0.7  1.940812  3.410409  0.403442    1.162765                   1.025452   
8   0.8  2.218071  4.540384  0.537114    1.288492                   1.043150   
9   0.9  2.495330  6.021632  0.712342    1.507431                   1.070795   
10  1.0  2.772589  7.968750  0.942680    1.888646                   1.111796   

    one_minus_m_z    c_list        d_x  
0            0.00  1.000000  18.000000  
1            0.07  1.024485  18.444124  
2            0.14  1.051559  18.943066  
3            0.21  1.081744  19.510554  
4            0.28  1.115722  20.167559  
5            0.35  1.154416  20.946477  
6            0.42  1.199105  21.898116  
7            0.49  1.251632  23.102791  
8            0.56  1.314768  24.687014  
9            0.63  1.392941  26.847972  
10           0.70  1.493802  29.894446  
2022-07-26 19:47:48,675 




2022-07-26 19:47:48,675 Calculating Intregationg of dw fro L to R..
2022-07-26 19:47:48,675 l=1200.0 E=2000000.0 Ic=6399.0 m=0.3
2022-07-26 19:47:48,675 integration value=6.094702297233942e-08
2022-07-26 19:47:48,675 




2022-07-26 19:47:48,675 Calcualting Delta_sub_HL...............
2022-07-26 19:47:48,675 l=1200.0 r=180.0 Ic=6399.0 E=2000000.0 T1=0.0030379746835443038
2022-07-26 19:47:48,675 g=8.03125 k=2.772588722239781 m=0.3 yc=33.57540746310816
2022-07-26 19:47:48,675 T2=0.4288888888888889 T3=0.18653004146171198
2022-07-26 19:47:48,675 T4=0.40876359491853964 T5=0.01011358024691358 T6=0.7 T7=0.00505679012345679
2022-07-26 19:47:48,675 T8=0.13008556131285048 T9=0.17888888888888888
2022-07-26 19:47:48,675 T_com_1=0.0990674737346467
2022-07-26 19:47:48,675 T_com_2=-0.0009940036215128254
2022-07-26 19:47:48,675 delta_sub_HL=0.00010814663315188519
2022-07-26 19:47:48,675 




2022-07-26 19:47:48,675 




2022-07-26 19:47:48,675 Printing Basic input parapmeter............
2022-07-26 19:47:48,675 span=1200.0 rise=180.0
2022-07-26 19:47:48,675 wc=505.0 ws=4055.78125 g=8.03125
2022-07-26 19:47:48,675 N=0.16
2022-07-26 19:47:48,675 Is=29313.395319031075 Ic=6399.0
2022-07-26 19:47:48,675 cos_phi_s=0.7276536807782199 m=0.3
2022-07-26 19:47:48,675 




2022-07-26 19:47:48,675 Calcualting y0............
2022-07-26 19:47:48,675 x=[  0.  60. 120. 180. 240. 300. 360. 420. 480. 540. 600.]
2022-07-26 19:47:48,675 k=2.9819926179896172
2022-07-26 19:47:48,675 z=[0.0, 0.1, 0.2, 0.3, 0.4, 0.5, 0.6, 0.7, 0.8, 0.9, 1.0]
2022-07-26 19:47:48,675 kz=[0.0, 0.2981992617989617, 0.5963985235979234, 0.8945977853968852, 1.192797047195847, 1.4909963089948086, 1.7891955707937703, 2.087394832592732, 2.385594094391694, 2.6837933561906557, 2.9819926179896172]
2022-07-26 19:47:48,675 y0=[0.0, 0.9070349087411593, 3.709395173302912, 8.658126580038509, 16.196554772394162, 27.000000000000007, 42.03627480173125, 62.652384228708414, 90.69519553354348, 128.67688736243167, 180.00000000000006]
2022-07-26 19:47:48,675 y=[32.38422899393941, 31.47719408519825, 28.674833820636497, 23.7261024139009, 16.187674221545247, 5.384228993939402, -9.652045807791843, -30.268155234769004, -58.310966539604074, -96.29265836849225, -147.61577100606064]
2022-07-26 19:47:48,675 tanphi=[0.0, 0.030458210291335868, 0.06364497959422936, 0.10253330131767441, 0.1506069350019695, 0.21217249436975072, 0.29274524969487026, 0.39954320609074473, 0.54213371907671, 0.7332905736338605, 0.9901383070588369]
2022-07-26 19:47:48,675 




2022-07-26 19:47:48,675 printing arch Axis parameters...........
2022-07-26 19:47:48,675         x    z        zk  cosh(zk)  sinh(zk)          y0           y   tan_phi
0     0.0  0.0  0.000000  1.000000  0.000000    0.000000   32.384229  0.000000
1    60.0  0.1  0.298199  1.044792  0.302638    0.907035   31.477194  0.030458
2   120.0  0.2  0.596399  1.183180  0.632388    3.709395   28.674834  0.063645
3   180.0  0.3  0.894598  1.427562  1.018790    8.658127   23.726102  0.102533
4   240.0  0.4  1.192797  1.799830  1.496458   16.196555   16.187674  0.150607
5   300.0  0.5  1.490996  2.333333  2.108185   27.000000    5.384229  0.212172
6   360.0  0.6  1.789196  3.075865  2.908771   42.036275   -9.652046  0.292745
7   420.0  0.7  2.087395  4.093945  3.969935   62.652384  -30.268155  0.399543
8   480.0  0.8  2.385594  5.478775  5.386741   90.695196  -58.310967  0.542134
9   540.0  0.9  2.683793  7.354414  7.286111  128.676887  -96.292658  0.733291
10  600.0  1.0  2.981993  9.888889  9.838197  180.000000 -147.615771  0.990138
2022-07-26 19:47:48,691 




2022-07-26 19:47:48,691 printing reactions due to dead load..............
2022-07-26 19:47:48,691 Dead load Reaction vd=999658.3234317626
2022-07-26 19:47:48,691 Dead load Horizontal Thrust Hd=1009614.8349226125
2022-07-26 19:47:48,691 




2022-07-26 19:47:48,691 Setting Arch Rib thickness................
2022-07-26 19:47:48,691 dc=18.0 ds=27.0
2022-07-26 19:47:48,691 tan_phi_s=0.9901383070588369 cos_phi_s=0.7106019691244272
2022-07-26 19:47:48,691 m=0.29999999999999993
2022-07-26 19:47:48,691 




2022-07-26 19:47:48,691 printing arch thickness parameters...........
2022-07-26 19:47:48,691       z        zk  sinh(zk)   tan_phi  1+tanphi_2  sixth_root_1_plus_tan_phi  \
0   0.0  0.000000  0.000000  0.000000    1.000000                   1.000000   
1   0.1  0.298199  0.302638  0.030458    1.000928                   1.000155   
2   0.2  0.596399  0.632388  0.063645    1.004051                   1.000674   
3   0.3  0.894598  1.018790  0.102533    1.010513                   1.001745   
4   0.4  1.192797  1.496458  0.150607    1.022682                   1.003745   
5   0.5  1.490996  2.108185  0.212172    1.045017                   1.007366   
6   0.6  1.789196  2.908771  0.292745    1.085700                   1.013798   
7   0.7  2.087395  3.969935  0.399543    1.159635                   1.024991   
8   0.8  2.385594  5.386741  0.542134    1.293909                   1.043880   
9   0.9  2.683793  7.286111  0.733291    1.537715                   1.074350   
10  1.0  2.981993  9.838197  0.990138    1.980374                   1.120619   

    one_minus_m_z    c_list        d_x  
0            0.00  1.000000  18.000000  
1            0.07  1.024485  18.443584  
2            0.14  1.051559  18.940828  
3            0.21  1.081744  19.505352  
4            0.28  1.115722  20.158203  
5            0.35  1.154416  20.932541  
6            0.42  1.199105  21.881720  
7            0.49  1.251632  23.092413  
8            0.56  1.314768  24.704282  
9            0.63  1.392941  26.937125  
10           0.70  1.493802  30.131676  
2022-07-26 19:47:48,691 




2022-07-26 19:47:48,691 Calculating Intregationg of dw fro L to R..
2022-07-26 19:47:48,691 l=1200.0 E=2000000.0 Ic=6399.0 m=0.29999999999999993
2022-07-26 19:47:48,691 integration value=6.094702297233942e-08
2022-07-26 19:47:48,691 




2022-07-26 19:47:48,691 Calcualting Delta_sub_HL...............
2022-07-26 19:47:48,691 l=1200.0 r=180.0 Ic=6399.0 E=2000000.0 T1=0.0030379746835443038
2022-07-26 19:47:48,691 g=9.888888888888891 k=2.9819926179896172 m=0.29999999999999993 yc=32.38422899393941
2022-07-26 19:47:48,691 T2=0.44375000000000003 T3=0.1799123832996634
2022-07-26 19:47:48,691 T4=0.37116026860090184 T5=0.006328124999999997 T6=0.7000000000000001 T7=0.0031640624999999985
2022-07-26 19:47:48,691 T8=0.1124570979493009 T9=0.19375
2022-07-26 19:47:48,691 T_com_1=0.09792604068151875
2022-07-26 19:47:48,691 T_com_2=0.001556138216654637
2022-07-26 19:47:48,691 delta_sub_HL=0.0001050543499932573
2022-07-26 19:47:48,691 




2022-07-26 19:47:48,691 




2022-07-26 19:47:48,691 Printing Basic input parapmeter............
2022-07-26 19:47:48,691 span=1200.0 rise=180.0
2022-07-26 19:47:48,691 wc=505.0 ws=4993.88888888889 g=9.888888888888891
2022-07-26 19:47:48,691 N=0.15
2022-07-26 19:47:48,691 Is=30016.803958877143 Ic=6399.0
2022-07-26 19:47:48,691 cos_phi_s=0.7106019691244272 m=0.29999999999999993
2022-07-26 19:47:48,691 




2022-07-26 19:47:48,691 Printing Variation of delta_sub_HL
2022-07-26 19:47:48,691       N         g    m  delta_sub_HL         C   yc_by_r
0  0.24  1.347222  0.3      0.000133  0.043732  0.237419
1  0.23  1.756144  0.3      0.000130  0.042706  0.231214
2  0.22  2.239669  0.3      0.000127  0.041683  0.224972
3  0.21  2.814059  0.3      0.000124  0.040665  0.218689
4  0.20  3.500000  0.3      0.000120  0.039650  0.212362
5  0.19  4.324100  0.3      0.000117  0.038637  0.205988
6  0.18  5.320988  0.3      0.000114  0.037625  0.199561
7  0.17  6.536332  0.3      0.000111  0.036613  0.193077
8  0.16  8.031250  0.3      0.000108  0.035598  0.186530
9  0.15  9.888889  0.3      0.000105  0.034580  0.179912
2022-07-26 19:47:49,138 




2022-07-26 19:47:49,138 Testing delta_sub_Ha Calcualtion
2022-07-26 19:47:49,138 {'l': 1200.0, 'r': 180.0, 'E': 2000000.0, 'Ic': 6399.0, 'k': 2.9820149817952593, 'g': 9.889108910891089, 'yc': 27.10166047218702, 'TC1': 0.005063291139240506, 'TC2': 0.26306199581649903, 'TC3': 0.1124554111977142, 'TC4': 0.8499995921157133, 'TC5': 0.025301841236286777, 'TC6': 3.299251808149758, 'z': 0.9, 'y0': 128.6766720020364, 'TV1': 0.18999999999999995, 'TV2': 0.2709999999999999, 'TV3': 0.7148704000113134, 'TV4': 0.643383360010182, 'TS': 7.286258655271477, 'T1': 0.0249908896025674, 'T2': 0.03206436641136751, 'T3': 0.011881633477711867, 'T4': 0.040103470890002185, 'T5': -0.01912441488290238, 'Tbr2': 0.0006593286304839383, 'del_sub_Ha': 3.338372812576903e-06}
