****************************************************************************************************                    
**             MIDAS/CIVIL V9.1.0 - Modeling, Integrated Design & Analysis Software               **                    
**                         GENERAL STRUCTURE DESIGN SYSTEM FOR WINDOWS                            **                    
****************************************************************************************************                    
                                                                                                                        
                                   ....xxxxxxxx*********xxxxxxxx......                                                  
                               xXXXXXX***''               ```***XXXXXXXXXXx.                                            
                           XXXXXXX                                   ``*XXXXXXXx.                                       
         XXXXXXXXXX      XXXXXXX XX                                        `*XXXXXX.                                    
         XXXXXXXXXXX    XXXXXX XXXX                                           `*XXXXX                                   
         XXXXXXXXXXXX  XXXXXX XXXXX  XXXXX  XXXXXXXXXXx        XXXXX      .XXXX.`XXXXX                                  
         XXXXXXXXXXXX::XXXXX XXXXXX  XXXXX  XXXXXXXXXXXX      XXXXXXX    :XXXXXX: XXXXX                                 
         XXXXXX XXXXX XXXXX: XXXXXX  XXXXX  XXXXX   xXXXX    :XXXXXXX:   XXXX:     XXXXX                                
         XXXXXX  XXXX XXXXX  XXXXXX  XXXXX  XXXXX    XXXXX  :XXXX:XXXX   XXXXXXXXX:                                     
         XXXXXX  XXX XXXXX:  XXXXXX  XXXXX  XXXXX    :XXXX  XXXXX XXXXX   :XXXXXXXXXX                                   
         XXXXXX  :XX XXXXX   XXXXXX  XXXXX  XXXXX    :XXXX :XXXX: :XXXX:    `:XXXXXXXX:                                 
         XXXXXX   XX XXXXX   XXXXXX  XXXXX  XXXXX    XXXXX XXXXX   XXXXX XXXX     XXXXX                                 
         XXXXXX   XX XXXXX   XXXXXX  XXXXX  XXXXX   xXXXX XXXXX:   :XXXXX:XXXX   .XXXX                                  
         XXXXXX   :XXXXXXX   XXXXXX  XXXXX  XXXXXXXXXXXX :XXXX:     XXXXX XXXXXXXXXXX:                                  
         XXXXXX    XXXXXXX   XXXXXX  XXXXX  XXXXXXXXXXx  XXXXX      :XXXXX `XXXXXXX'     /CIVIL                         
                                                                                                                        
         ----------------- PC WINDOWS XP/VISTA/7/8/10  VERSION. V9.1.0 ------------------                               
                                                                                                                        
                  Copyright ¨Ï SINCE 1989 MIDAS Information Technology Co., Ltd.                                        
                           ALL RIGHTS RESERVED MIDAS IT Co., Ltd.                                                       
                                                                                                                        
****************************************************************************************************                    
  
  
 -----------------------------------------S T A R T I N G       S O L U T I O N

 MULTI-FRONTAL SOLVER
 AVAILABLE MEMORY =   16.0 GBYTES

 INTERNAL DATA REGENERATION ( ENTRY REGEN_MODEL )

**  MIDAS/CIVIL WINDOWS VERSION 9.1.0                                DATE JUL/20/2023  TIME 11:36:33
**  Modeling, Integrated Design & Analysis Software              PC WINDOWS XP/VISTA/7/8/10 VERSION 
====================================================================================================
  
  
 N U M B E R I N G   E Q U A T I O N
 ===================================


 INFORMATION FOR EQUATION NUMBER
 -------------------------------

  SERIAL   NODE          EQUATION NUMBERS FOR EACH DEGREE OF FREEDOM
    NO.     NO.         X       Y        Z        XX       YY       ZZ
 -------  -------   -------- -------- -------- -------- -------- --------
      1        1           1        2        3        4        5        6
      2        2           7        8        9       10       11       12
      3        3          13       14       15       16       17       18
      4        4          19       20       21       22       23       24
      5        5          25       26       27       28       29       30
      6        6          31       32       33       34       35       36
      7        7          37       38       39       40       41       42
      8        8          43       44       45       46       47       48
      9        9          49       50       51       52       53       54
     10       10          55       56       57       58       59       60
     11       11          61       62       63       64       65       66
     12       12          67       68       69       70       71       72
     13       13          73       74       75       76       77       78
     14       14          79       80       81       82       83       84
     15       15          85       86       87       88       89       90
     16       16          91       92       93       94       95       96
     17       17          97       98       99      100      101      102
     18       18         103      104      105      106      107      108
     19       19         109      110      111      112      113      114
     20       20         115      116      117      118      119      120
     21       21         121      122      123      124      125      126
     22       22         127      128      129      130      131      132
     23       23         133      134      135      136      137      138
     24       24         139      140      141      142      143      144
     25       25         145      146      147      148      149      150
     26       26         151      152      153      154      155      156
     27       27         157      158      159      160      161      162
     28       28         163      164      165      166      167      168
     29       29         169      170      171      172      173      174
     30       30         175      176      177      178      179      180
     31       31         181      182      183      184      185      186
     32       32         187      188      189      190      191      192
     33       33         193      194      195      196      197      198
     34       34         199      200      201      202      203      204
     35       35         205      206      207      208      209      210
     36       36         211      212      213      214      215      216
     37       37         217      218      219      220      221      222
     38       38         223      224      225      226      227      228
     39       39         229      230      231      232      233      234
     40       40         235      236      237      238      239      240
     41       41         241      242      243      244      245      246
     42       42         247      248      249      250      251      252
     43       43         253      254      255      256      257      258
     44       44         259      260      261      262      263      264
     45       45         265      266      267      268      269      270
     46       46         271      272      273      274      275      276
     47       47         277      278      279      280      281      282
     48       48         283      284      285      286      287      288
     49       49         289      290      291      292      293      294
     50       50         295      296      297      298      299      300
     51       51         301      302      303      304      305      306
     52       52         307      308      309      310      311      312
     53       53         313      314      315      316      317      318
     54       54         319      320      321      322      323      324
     55       55         325      326      327      328      329      330
     56       56         331      332      333      334      335      336
     57       57         337      338      339      340      341      342
     58       58         343      344      345      346      347      348
     59       59         349      350      351      352      353      354
     60       60         355      356      357      358      359      360
     61       61         361      362      363      364      365      366
     62       62         367      368      369      370      371      372
     63       63         373      374      375      376      377      378
     64       64         379      380      381      382      383      384
     65       65         385      386      387      388      389      390
     66       66         391      392      393      394      395      396
     67       67         397      398      399      400      401      402
     68       68         403      404      405      406      407      408
     69       69         409      410      411      412      413      414
     70       70         415      416      417      418      419      420
     71       71         421      422      423      424      425      426
     72       72         427      428      429      430      431      432
     73       73         433      434      435      436      437      438
     74       74         439      440      441      442      443      444
     75       75         445      446      447      448      449      450
     76       76         451      452      453      454      455      456
     77       77         457      458      459      460      461      462
     78       78         463      464      465      466      467      468
     79       79         469      470      471      472      473      474
     80       80         475      476      477      478      479      480
     81       81         481      482      483      484      485      486
     82       82         487      488      489      490      491      492
     83       83         493      494      495      496      497      498
     84       84         499      500      501      502      503      504
     85       85         505      506      507      508      509      510
     86       86         511      512      513      514      515      516
     87       87         517      518      519      520      521      522
     88       88         523      524      525      526      527      528
     89       89         529      530      531      532      533      534
     90       90         535      536      537      538      539      540
     91       91         541      542      543      544      545      546
     92       92         547      548      549      550      551      552
     93       93         553      554      555      556      557      558
     94       94         559      560      561      562      563      564
     95       95         565      566      567      568      569      570
     96       96         571      572      573      574      575      576
     97       97         577      578      579      580      581      582
     98       98         583      584      585      586      587      588
     99       99         589      590      591      592      593      594
    100      100         595      596      597      598      599      600
    101      101         601      602      603      604      605      606
    102      102         607      608      609      610      611      612
    103      103         613      614      615      616      617      618
    104      104         619      620      621      622      623      624
    105      105         625      626      627      628      629      630
    106      106         631      632      633      634      635      636
    107      107         637      638      639      640      641      642
    108      108         643      644      645      646      647      648
    109      109         649      650      651      652      653      654
    110      110         655      656      657      658      659      660
    111      111         661      662      663      664      665      666
    112      112         667      668      669      670      671      672
    113      113         673      674      675      676      677      678
    114      114         679      680      681      682      683      684
    115      115         685      686      687      688      689      690
    116      116         691      692      693      694      695      696
    117      117         697      698      699      700      701      702
    118      118         703      704      705      706      707      708
    119      119         709      710      711      712      713      714
    120      120         715      716      717      718      719      720
    121      121         721      722      723      724      725      726
    122      122         727      728      729      730      731      732
    123      123         733      734      735      736      737      738
    124      124         739      740      741      742      743      744
    125      125         745      746      747      748      749      750
    126      126         751      752      753      754      755      756
    127      127         757      758      759      760      761      762
    128      128         763      764      765      766      767      768
    129      129         769      770      771      772      773      774
    130      130         775      776      777      778      779      780
    131      131         781      782      783      784      785      786
    132      132         787      788      789      790      791      792
    133      133         793      794      795      796      797      798
    134      134         799      800      801      802      803      804
    135      135         805      806      807      808      809      810
    136      136         811      812      813      814      815      816
    137      137         817      818      819      820      821      822
    138      138         823      824      825      826      827      828
    139      139         829      830      831      832      833      834
    140      140         835      836      837      838      839      840
    141      141         841      842      843      844      845      846
    142      142         847      848      849      850      851      852
    143      143         853      854      855      856      857      858
    144      144         859      860      861      862      863      864
    145      145         865      866      867      868      869      870
    146      146         871      872      873      874      875      876
    147      147         877      878      879      880      881      882
    148      148         883      884      885      886      887      888
    149      149         889      890      891      892      893      894
    150      150         895      896      897      898      899      900
    151      151         901      902      903      904      905      906
    152      152         907      908      909      910      911      912
    153      153         913      914      915      916      917      918
    154      154         919      920      921      922      923      924
    155      155         925      926      927      928      929      930
    156      156         931      932      933      934      935      936
    157      157         937      938      939      940      941      942
    158      158         943      944      945      946      947      948
    159      159         949      950      951      952      953      954
    160      160         955      956      957      958      959      960
    161      161         961      962      963      964      965      966
    162      162         967      968      969      970      971      972
    163      163         973      974      975      976      977      978
    164      164         979      980      981      982      983      984
    165      165         985      986      987      988      989      990
    166      166         991      992      993      994      995      996
    167      167         997      998      999     1000     1001     1002
    168      168        1003     1004     1005     1006     1007     1008
    169      169        1009     1010     1011     1012     1013     1014
    170      170        1015     1016     1017     1018     1019     1020
    171      171        1021     1022     1023     1024     1025     1026
    172      172        1027     1028     1029     1030     1031     1032
    173      173        1033     1034     1035     1036     1037     1038
    174      174        1039     1040     1041     1042     1043     1044
    175      175        1045     1046     1047     1048     1049     1050
    176      176        1051     1052     1053     1054     1055     1056
    177      177        1057     1058     1059     1060     1061     1062
    178      178        1063     1064     1065     1066     1067     1068
    179      179        1069     1070     1071     1072     1073     1074
    180      180        1075     1076     1077     1078     1079     1080
    181      181        1081     1082     1083     1084     1085     1086
    182      182        1087     1088     1089     1090     1091     1092
    183      183        1093     1094     1095     1096     1097     1098
    184      184        1099     1100     1101     1102     1103     1104
    185      185        1105     1106     1107     1108     1109     1110
    186      186        1111     1112     1113     1114     1115     1116
    187      187        1117     1118     1119     1120     1121     1122
    188      188        1123     1124     1125     1126     1127     1128
    189      189        1129     1130     1131     1132     1133     1134
    190      190        1135     1136     1137     1138     1139     1140
    191      191        1141     1142     1143     1144     1145     1146
    192      192        1147     1148     1149     1150     1151     1152
    193      193        1153     1154     1155     1156     1157     1158
    194      194        1159     1160     1161     1162     1163     1164
    195      195        1165     1166     1167     1168     1169     1170
    196      196        1171     1172     1173     1174     1175     1176
    197      197        1177     1178     1179     1180     1181     1182
    198      198        1183     1184     1185     1186     1187     1188
    199      199        1189     1190     1191     1192     1193     1194
    200      200        1195     1196     1197     1198     1199     1200
    201      201        1201     1202     1203     1204     1205     1206
    202      202        1207     1208     1209     1210     1211     1212
    203      203        1213     1214     1215     1216     1217     1218
    204      204        1219     1220     1221     1222     1223     1224
    205      205        1225     1226     1227     1228     1229     1230
    206      206        1231     1232     1233     1234     1235     1236
    207      207        1237     1238     1239     1240     1241     1242
    208      208        1243     1244     1245     1246     1247     1248
    209      209        1249     1250     1251     1252     1253     1254
    210      210        1255     1256     1257     1258     1259     1260
    211      211        1261     1262     1263     1264     1265     1266
    212      212        1267     1268     1269     1270     1271     1272
    213      213        1273     1274     1275     1276     1277     1278
    214      214        1279     1280     1281     1282     1283     1284
    215      215        1285     1286     1287     1288     1289     1290
    216      216        1291     1292     1293     1294     1295     1296
    217      217        1297     1298     1299     1300     1301     1302
    218      218        1303     1304     1305     1306     1307     1308
    219      219        1309     1310     1311     1312     1313     1314
    220      220        1315     1316     1317     1318     1319     1320
    221      221        1321     1322     1323     1324     1325     1326
    222      222        1327     1328     1329     1330     1331     1332
    223      223        1333     1334     1335     1336     1337     1338
    224      224        1339     1340     1341     1342     1343     1344
    225      225        1345     1346     1347     1348     1349     1350
    226      226        1351     1352     1353     1354     1355     1356
    227      227        1357     1358     1359     1360     1361     1362
    228      228        1363     1364     1365     1366     1367     1368
    229      229        1369     1370     1371     1372     1373     1374
    230      230        1375     1376     1377     1378     1379     1380
    231      231        1381     1382     1383     1384     1385     1386
    232      232        1387     1388     1389     1390     1391     1392
    233      233        1393     1394     1395     1396     1397     1398
    234      234        1399     1400     1401     1402     1403     1404
    235      235        1405     1406     1407     1408     1409     1410
    236      236        1411     1412     1413     1414     1415     1416
    237      237        1417     1418     1419     1420     1421     1422
    238      238        1423     1424     1425     1426     1427     1428
    239      239        1429     1430     1431     1432     1433     1434
    240      240        1435     1436     1437     1438     1439     1440
    241      241        1441     1442     1443     1444     1445     1446
    242      242        1447     1448     1449     1450     1451     1452
    243      243        1453     1454     1455     1456     1457     1458
    244      244        1459     1460     1461     1462     1463     1464
    245      245        1465     1466     1467     1468     1469     1470
    246      246        1471     1472     1473     1474     1475     1476
    247      247        1477     1478     1479     1480     1481     1482
    248      248        1483     1484     1485     1486     1487     1488
    249      249        1489     1490     1491     1492     1493     1494
    250      250        1495     1496     1497     1498     1499     1500
    251      251        1501     1502     1503     1504     1505     1506
    252      252        1507     1508     1509     1510     1511     1512
    253      253        1513     1514     1515     1516     1517     1518
    254      254        1519     1520     1521     1522     1523     1524
    255      255        1525     1526     1527     1528     1529     1530
    256      256        1531     1532     1533     1534     1535     1536
    257      257        1537     1538     1539     1540     1541     1542
    258      258        1543     1544     1545     1546     1547     1548
    259      259        1549     1550     1551     1552     1553     1554
    260      260        1555     1556     1557     1558     1559     1560
    261      261        1561     1562     1563     1564     1565     1566
    262      262        1567     1568     1569     1570     1571     1572
    263      263        1573     1574     1575     1576     1577     1578
    264      264        1579     1580     1581     1582     1583     1584
    265      265        1585     1586     1587     1588     1589     1590
    266      266        1591     1592     1593     1594     1595     1596
    267      267        1597     1598     1599     1600     1601     1602
    268      268        1603     1604     1605     1606     1607     1608
    269      269        1609     1610     1611     1612     1613     1614
    270      270        1615     1616     1617     1618     1619     1620
    271      271        1621     1622     1623     1624     1625     1626
    272      272        1627     1628     1629     1630     1631     1632
    273      273        1633     1634     1635     1636     1637     1638
    274      274        1639     1640     1641     1642     1643     1644
    275      275        1645     1646     1647     1648     1649     1650
    276      276        1651     1652     1653     1654     1655     1656
    277      277        1657     1658     1659     1660     1661     1662
    278      278        1663     1664     1665     1666     1667     1668
    279      279        1669     1670     1671     1672     1673     1674
    280      280        1675     1676     1677     1678     1679     1680
    281      281        1681     1682     1683     1684     1685     1686
    282      282        1687     1688     1689     1690     1691     1692
    283      283        1693     1694     1695     1696     1697     1698
    284      284        1699     1700     1701     1702     1703     1704
    285      285        1705     1706     1707     1708     1709     1710
    286      286        1711     1712     1713     1714     1715     1716
    287      287        1717     1718     1719     1720     1721     1722
    288      288        1723     1724     1725     1726     1727     1728
    289      289        1729     1730     1731     1732     1733     1734
    290      290        1735     1736     1737     1738     1739     1740
    291      291        1741     1742     1743     1744     1745     1746
    292      292        1747     1748     1749     1750     1751     1752
    293      293        1753     1754     1755     1756     1757     1758
    294      294        1759     1760     1761     1762     1763     1764
    295      295        1765     1766     1767     1768     1769     1770
    296      296        1771     1772     1773     1774     1775     1776
    297      297        1777     1778     1779     1780     1781     1782
    298      298        1783     1784     1785     1786     1787     1788
    299      299        1789     1790     1791     1792     1793     1794
    300      300        1795     1796     1797     1798     1799     1800
    301      301        1801     1802     1803     1804     1805     1806
    302      302        1807     1808     1809     1810     1811     1812
    303      303        1813     1814     1815     1816     1817     1818
    304      304        1819     1820     1821     1822     1823     1824
    305      305        1825     1826     1827     1828     1829     1830
    306      306        1831     1832     1833     1834     1835     1836
    307      307        1837     1838     1839     1840     1841     1842
    308      308        1843     1844     1845     1846     1847     1848
    309      309        1849     1850     1851     1852     1853     1854
    310      310        1855     1856     1857     1858     1859     1860
    311      311        1861     1862     1863     1864     1865     1866
    312      312        1867     1868     1869     1870     1871     1872
    313      313        1873     1874     1875     1876     1877     1878
    314      314        1879     1880     1881     1882     1883     1884
    315      315        1885     1886     1887     1888     1889     1890
    316      316        1891     1892     1893     1894     1895     1896
    317      317        1897     1898     1899     1900     1901     1902
    318      318        1903     1904     1905     1906     1907     1908
    319      319        1909     1910     1911     1912     1913     1914
    320      320        1915     1916     1917     1918     1919     1920
    321      321        1921     1922     1923     1924     1925     1926
    322      322        1927     1928     1929     1930     1931     1932
    323      323        1933     1934     1935     1936     1937     1938
    324      324        1939     1940     1941     1942     1943     1944
    325      325        1945     1946     1947     1948     1949     1950
    326      326        1951     1952     1953     1954     1955     1956
    327      327        1957     1958     1959     1960     1961     1962
    328      328        1963     1964     1965     1966     1967     1968
    329      329        1969     1970     1971     1972     1973     1974
    330      330        1975     1976     1977     1978     1979     1980
    331      331        1981     1982     1983     1984     1985     1986
    332      332        1987     1988     1989     1990     1991     1992
    333      333        1993     1994     1995     1996     1997     1998
    334      334        1999     2000     2001     2002     2003     2004
    335      335        2005     2006     2007     2008     2009     2010
    336      336        2011     2012     2013     2014     2015     2016
    337      337        2017     2018     2019     2020     2021     2022
    338      338        2023     2024     2025     2026     2027     2028
    339      339        2029     2030     2031     2032     2033     2034
    340      340        2035     2036     2037     2038     2039     2040
    341      341        2041     2042     2043     2044     2045     2046
    342      342        2047     2048     2049     2050     2051     2052
    343      343        2053     2054     2055     2056     2057     2058
    344      344        2059     2060     2061     2062     2063     2064
    345      345        2065     2066     2067     2068     2069     2070
    346      346        2071     2072     2073     2074     2075     2076
    347      347        2077     2078     2079     2080     2081     2082
    348      348        2083     2084     2085     2086     2087     2088
    349      349        2089     2090     2091     2092     2093     2094
    350      350        2095     2096     2097     2098     2099     2100
    351      351        2101     2102     2103     2104     2105     2106
    352      352        2107     2108     2109     2110     2111     2112
    353      353        2113     2114     2115     2116     2117     2118
    354      354        2119     2120     2121     2122     2123     2124
    355      355        2125     2126     2127     2128     2129     2130
    356      356        2131     2132     2133     2134     2135     2136
    357      357        2137     2138     2139     2140     2141     2142
    358      358        2143     2144     2145     2146     2147     2148
    359      359        2149     2150     2151     2152     2153     2154
    360      360        2155     2156     2157     2158     2159     2160
    361      361        2161     2162     2163     2164     2165     2166
    362      362        2167     2168     2169     2170     2171     2172
    363      363        2173     2174     2175     2176     2177     2178
    364      364        2179     2180     2181     2182     2183     2184
    365      365        2185     2186     2187     2188     2189     2190
    366      366        2191     2192     2193     2194     2195     2196
    367      367        2197     2198     2199     2200     2201     2202
    368      368        2203     2204     2205     2206     2207     2208
    369      369        2209     2210     2211     2212     2213     2214
    370      370        2215     2216     2217     2218     2219     2220
    371      371        2221     2222     2223     2224     2225     2226
    372      372        2227     2228     2229     2230     2231     2232
    373      373        2233     2234     2235     2236     2237     2238
    374      374        2239     2240     2241     2242     2243     2244
    375      375        2245     2246     2247     2248     2249     2250
    376      376        2251     2252     2253     2254     2255     2256
    377      377        2257     2258     2259     2260     2261     2262
    378      378        2263     2264     2265     2266     2267     2268
    379      379        2269     2270     2271     2272     2273     2274
    380      380        2275     2276     2277     2278     2279     2280
    381      381        2281     2282     2283     2284     2285     2286
    382      382        2287     2288     2289     2290     2291     2292
    383      383        2293     2294     2295     2296     2297     2298
    384      384        2299     2300     2301     2302     2303     2304
    385      385        2305     2306     2307     2308     2309     2310
    386      386        2311     2312     2313     2314     2315     2316
    387      387        2317     2318     2319     2320     2321     2322
    388      388        2323     2324     2325     2326     2327     2328
    389      389        2329     2330     2331     2332     2333     2334
    390      390        2335     2336     2337     2338     2339     2340
    391      391        2341     2342     2343     2344     2345     2346
    392      392        2347     2348     2349     2350     2351     2352
    393      393        2353     2354     2355     2356     2357     2358
    394      394        2359     2360     2361     2362     2363     2364
    395      395        2365     2366     2367     2368     2369     2370
    396      396        2371     2372     2373     2374     2375     2376
    397      397        2377     2378     2379     2380     2381     2382
    398      398        2383     2384     2385     2386     2387     2388
    399      399        2389     2390     2391     2392     2393     2394
    400      400        2395     2396     2397     2398     2399     2400
    401      401        2401     2402     2403     2404     2405     2406
    402      402        2407     2408     2409     2410     2411     2412
    403      403        2413     2414     2415     2416     2417     2418
    404      404        2419     2420     2421     2422     2423     2424
    405      405        2425     2426     2427     2428     2429     2430
    406      406        2431     2432     2433     2434     2435     2436
    407      407        2437     2438     2439     2440     2441     2442
    408      408        2443     2444     2445     2446     2447     2448
    409      409        2449     2450     2451     2452     2453     2454
    410      410        2455     2456     2457     2458     2459     2460
    411      411        2461     2462     2463     2464     2465     2466
    412      412        2467     2468     2469     2470     2471     2472
    413      413        2473     2474     2475     2476     2477     2478
    414      414        2479     2480     2481     2482     2483     2484
    415      415        2485     2486     2487     2488     2489     2490
    416      416        2491     2492     2493     2494     2495     2496
    417      417        2497     2498     2499     2500     2501     2502
    418      418        2503     2504     2505     2506     2507     2508
    419      419        2509     2510     2511     2512     2513     2514
    420      420        2515     2516     2517     2518     2519     2520
    421      421        2521     2522     2523     2524     2525     2526
    422      422        2527     2528     2529     2530     2531     2532
    423      423        2533     2534     2535     2536     2537     2538
    424      424        2539     2540     2541     2542     2543     2544
    425      425        2545     2546     2547     2548     2549     2550
    426      426        2551     2552     2553     2554     2555     2556
    427      427        2557     2558     2559     2560     2561     2562
    428      428        2563     2564     2565     2566     2567     2568
    429      429        2569     2570     2571     2572     2573     2574
    430      430        2575     2576     2577     2578     2579     2580
    431      431        2581     2582     2583     2584     2585     2586
    432      432        2587     2588     2589     2590     2591     2592
    433      433        2593     2594     2595     2596     2597     2598
    434      434        2599     2600     2601     2602     2603     2604
    435      435        2605     2606     2607     2608     2609     2610
    436      436        2611     2612     2613     2614     2615     2616
    437      437        2617     2618     2619     2620     2621     2622
    438      438        2623     2624     2625     2626     2627     2628
    439      439        2629     2630     2631     2632     2633     2634
    440      440        2635     2636     2637     2638     2639     2640
    441      441        2641     2642     2643     2644     2645     2646
    442      442        2647     2648     2649     2650     2651     2652
    443      443        2653     2654     2655     2656     2657     2658
    444      444        2659     2660     2661     2662     2663     2664
    445      445        2665     2666     2667     2668     2669     2670
    446      446        2671     2672     2673     2674     2675     2676
    447      447        2677     2678     2679     2680     2681     2682
    448      448        2683     2684     2685     2686     2687     2688
    449      449        2689     2690     2691     2692     2693     2694
    450      450        2695     2696     2697     2698     2699     2700
    451      451        2701     2702     2703     2704     2705     2706
    452      452        2707     2708     2709     2710     2711     2712
    453      453        2713     2714     2715     2716     2717     2718
    454      454        2719     2720     2721     2722     2723     2724
    455      455        2725     2726     2727     2728     2729     2730
    456      456        2731     2732     2733     2734     2735     2736
    457      457        2737     2738     2739     2740     2741     2742
    458      458        2743     2744     2745     2746     2747     2748
    459      459        2749     2750     2751     2752     2753     2754
    460      460        2755     2756     2757     2758     2759     2760
    461      461           0        0     2761        0        0        0
    462      462           0        0     2762        0        0        0
    463      463           0        0     2763        0        0        0
    464      464           0        0     2764        0        0        0
    465      465           0        0     2765        0        0        0
    466      466           0        0     2766        0        0        0
    467      467           0        0     2767        0        0        0
    468      468           0        0     2768        0        0        0
    469      469           0        0     2769        0        0        0
    470      470           0        0     2770        0        0        0
    471      471           0        0     2771        0        0        0
    472      472           0        0     2772        0        0        0
    473      473           0        0     2773        0        0        0
    474      474           0        0     2774        0        0        0
    475      475           0        0     2775        0        0        0
    476      476           0        0     2776        0        0        0
    477      477           0        0     2777        0        0        0
    478      478           0        0     2778        0        0        0
    479      479           0        0     2779        0        0        0
    480      480           0        0     2780        0        0        0
    481      481        2781     2782     2783     2784     2785     2786
    482      482        2787     2788     2789     2790     2791     2792
    483      483        2793     2794     2795     2796     2797     2798
    484      484        2799     2800     2801     2802     2803     2804
    485      485        2805     2806     2807     2808     2809     2810
    486      486        2811     2812     2813     2814     2815     2816
    487      487        2817     2818     2819     2820     2821     2822
    488      488        2823     2824     2825     2826     2827     2828
    489      489        2829     2830     2831     2832     2833     2834
    490      490        2835     2836     2837     2838     2839     2840
    491      491        2841     2842     2843     2844     2845     2846
    492      492        2847     2848     2849     2850     2851     2852
    493      493        2853     2854     2855     2856     2857     2858
    494      494        2859     2860     2861     2862     2863     2864
    495      495        2865     2866     2867     2868     2869     2870
    496      496        2871     2872     2873     2874     2875     2876
    497      497        2877     2878     2879     2880     2881     2882
    498      498        2883     2884     2885     2886     2887     2888
    499      499        2889     2890     2891     2892     2893     2894
    500      500        2895     2896     2897     2898     2899     2900
    501      501        2901     2902     2903     2904     2905     2906
    502      502        2907     2908     2909     2910     2911     2912
    503      503        2913     2914     2915     2916     2917     2918
    504      504        2919     2920     2921     2922     2923     2924
    505      505        2925     2926     2927     2928     2929     2930
    506      506        2931     2932     2933     2934     2935     2936
    507      507        2937     2938     2939     2940     2941     2942
    508      508        2943     2944     2945     2946     2947     2948
    509      509        2949     2950     2951     2952     2953     2954
    510      510        2955     2956     2957     2958     2959     2960
    511      511        2961     2962     2963     2964     2965     2966
    512      512        2967     2968     2969     2970     2971     2972
    513      513        2973     2974     2975     2976     2977     2978
    514      514        2979     2980     2981     2982     2983     2984
    515      515        2985     2986     2987     2988     2989     2990
    516      516        2991     2992     2993     2994     2995     2996
    517      517        2997     2998     2999     3000     3001     3002
    518      518        3003     3004     3005     3006     3007     3008
    519      519        3009     3010     3011     3012     3013     3014
    520      520        3015     3016     3017     3018     3019     3020
    521      521        3021     3022     3023     3024     3025     3026
    522      522        3027     3028     3029     3030     3031     3032
    523      523        3033     3034     3035     3036     3037     3038
    524      524        3039     3040     3041     3042     3043     3044
    525      525        3045     3046     3047     3048     3049     3050
    526      526        3051     3052     3053     3054     3055     3056
    527      527        3057     3058     3059     3060     3061     3062
    528      528        3063     3064     3065     3066     3067     3068
    529      529        3069     3070     3071     3072     3073     3074
    530      530        3075     3076     3077     3078     3079     3080
    531      531        3081     3082     3083     3084     3085     3086
    532      532        3087     3088     3089     3090     3091     3092
    533      533        3093     3094     3095     3096     3097     3098
    534      534        3099     3100     3101     3102     3103     3104
    535      535        3105     3106     3107     3108     3109     3110
    536      536        3111     3112     3113     3114     3115     3116
    537      537        3117     3118     3119     3120     3121     3122
    538      538        3123     3124     3125     3126     3127     3128
    539      539        3129     3130     3131     3132     3133     3134
    540      540        3135     3136     3137     3138     3139     3140
    541      541        3141     3142     3143     3144     3145     3146
    542      542        3147     3148     3149     3150     3151     3152
    543      543        3153     3154     3155     3156     3157     3158
    544      544        3159     3160     3161     3162     3163     3164
    545      545        3165     3166     3167     3168     3169     3170
    546      546        3171     3172     3173     3174     3175     3176
    547      547        3177     3178     3179     3180     3181     3182
    548      548        3183     3184     3185     3186     3187     3188
    549      549        3189     3190     3191     3192     3193     3194
    550      550        3195     3196     3197     3198     3199     3200
    551      551        3201     3202     3203     3204     3205     3206
    552      552        3207     3208     3209     3210     3211     3212
    553      553        3213     3214     3215     3216     3217     3218
    554      554        3219     3220     3221     3222     3223     3224
    555      555        3225     3226     3227     3228     3229     3230
    556      556        3231     3232     3233     3234     3235     3236
    557      557        3237     3238     3239     3240     3241     3242
    558      558        3243     3244     3245     3246     3247     3248
    559      559        3249     3250     3251     3252     3253     3254
    560      560        3255     3256     3257     3258     3259     3260
    561      561        3261     3262     3263     3264     3265     3266
    562      562        3267     3268     3269     3270     3271     3272
    563      563        3273     3274     3275     3276     3277     3278
    564      564        3279     3280     3281     3282     3283     3284
    565      565        3285     3286     3287     3288     3289     3290
    566      566        3291     3292     3293     3294     3295     3296
    567      567        3297     3298     3299     3300     3301     3302
    568      568        3303     3304     3305     3306     3307     3308
    569      569        3309     3310     3311     3312     3313     3314
    570      570        3315     3316     3317     3318     3319     3320
    571      571        3321     3322     3323     3324     3325     3326
    572      572        3327     3328     3329     3330     3331     3332
    573      573        3333     3334     3335     3336     3337     3338
    574      574        3339     3340     3341     3342     3343     3344
    575      575        3345     3346     3347     3348     3349     3350
    576      576        3351     3352     3353     3354     3355     3356
    577      577        3357     3358     3359     3360     3361     3362
    578      578        3363     3364     3365     3366     3367     3368
    579      579        3369     3370     3371     3372     3373     3374
    580      580        3375     3376     3377     3378     3379     3380
    581      581        3381     3382     3383     3384     3385     3386
    582      582        3387     3388     3389     3390     3391     3392
    583      583        3393     3394     3395     3396     3397     3398
    584      584        3399     3400     3401     3402     3403     3404
    585      585        3405     3406     3407     3408     3409     3410
    586      586        3411     3412     3413     3414     3415     3416
    587      587        3417     3418     3419     3420     3421     3422
    588      588        3423     3424     3425     3426     3427     3428
    589      589        3429     3430     3431     3432     3433     3434
    590      590        3435     3436     3437     3438     3439     3440
    591      591        3441     3442     3443     3444     3445     3446
    592      592        3447     3448     3449     3450     3451     3452
    593      593        3453     3454     3455     3456     3457     3458
    594      594        3459     3460     3461     3462     3463     3464
    595      595        3465     3466     3467     3468     3469     3470
    596      596        3471     3472     3473     3474     3475     3476
    597      597        3477     3478     3479     3480     3481     3482
    598      598        3483     3484     3485     3486     3487     3488
    599      599        3489     3490     3491     3492     3493     3494
    600      600        3495     3496     3497     3498     3499     3500
    601      601        3501     3502     3503     3504     3505     3506
    602      602        3507     3508     3509     3510     3511     3512
    603      603        3513     3514     3515     3516     3517     3518
    604      604        3519     3520     3521     3522     3523     3524
    605      605        3525     3526     3527     3528     3529     3530
    606      606        3531     3532     3533     3534     3535     3536
    607      607        3537     3538     3539     3540     3541     3542
    608      608        3543     3544     3545     3546     3547     3548
    609      609        3549     3550     3551     3552     3553     3554
    610      610        3555     3556     3557     3558     3559     3560
    611      611        3561     3562     3563     3564     3565     3566
    612      612        3567     3568     3569     3570     3571     3572
    613      613        3573     3574     3575     3576     3577     3578
    614      614        3579     3580     3581     3582     3583     3584
    615      615        3585     3586     3587     3588     3589     3590
    616      616        3591     3592     3593     3594     3595     3596
    617      617        3597     3598     3599     3600     3601     3602
    618      618        3603     3604     3605     3606     3607     3608
    619      619        3609     3610     3611     3612     3613     3614
    620      620        3615     3616     3617     3618     3619     3620
    621      621           0        0     3621        0        0        0
    622      622           0        0     3622        0        0        0
    623      623           0        0     3623        0        0        0
    624      624           0        0     3624        0        0        0
    625      625           0        0     3625        0        0        0
    626      626           0        0     3626        0        0        0
    627      627           0        0     3627        0        0        0
    628      628           0        0     3628        0        0        0
    629      629           0        0     3629        0        0        0
    630      630           0        0     3630        0        0        0
    631      631           0        0     3631        0        0        0
    632      632           0        0     3632        0        0        0
    633      633           0        0     3633        0        0        0
    634      634           0        0     3634        0        0        0
    635      635           0        0     3635        0        0        0
    636      636           0        0     3636        0        0        0
    637      637           0        0     3637        0        0        0
    638      638           0        0     3638        0        0        0
    639      639           0        0     3639        0        0        0
    640      640           0        0     3640        0        0        0
    641      641           0        0     3641        0        0        0
    642      642        3642     3643     3644     3645     3646     3647
    643      643        3648     3649     3650     3651     3652     3653
    644      644           0        0     3654        0        0        0
    645      645        3655     3656     3657     3658     3659     3660
    646      646        3661     3662     3663     3664     3665     3666
    647      647           0        0     3667        0        0        0
    648      648        3668     3669     3670     3671     3672     3673
    649      649        3674     3675     3676     3677     3678     3679
    650      650           0        0     3680        0        0        0
    651      651        3681     3682     3683     3684     3685     3686
    652      652        3687     3688     3689     3690     3691     3692
    653      653        3693     3694     3695     3696     3697     3698
    654      654        3699     3700     3701     3702     3703     3704
    655      655        3705     3706     3707     3708     3709     3710
    656      656        3711     3712     3713     3714     3715     3716
    657      657        3717     3718     3719     3720     3721     3722
    658      658        3723     3724     3725     3726     3727     3728
    659      659        3729     3730     3731     3732     3733     3734
    660      660        3735     3736     3737     3738     3739     3740
    661      661        3741     3742     3743     3744     3745     3746
    662      662        3747     3748     3749     3750     3751     3752
    663      663        3753     3754     3755     3756     3757     3758
    664      664        3759     3760     3761     3762     3763     3764
    665      665        3765     3766     3767     3768     3769     3770
    666      666        3771     3772     3773     3774     3775     3776
    667      667        3777     3778     3779     3780     3781     3782
    668      668        3783     3784     3785     3786     3787     3788
    669      669           0        0     3789        0        0        0
    670      670        3790     3791     3792     3793     3794     3795
    671      671        3796     3797     3798     3799     3800     3801
    672      672        3802     3803     3804     3805     3806     3807
    673      673        3808     3809     3810     3811     3812     3813
    674      674        3814     3815     3816     3817     3818     3819
    675      675        3820     3821     3822     3823     3824     3825
    676      676        3826     3827     3828     3829     3830     3831
    677      677        3832     3833     3834     3835     3836     3837
    678      678        3838     3839     3840     3841     3842     3843
    679      679        3844     3845     3846     3847     3848     3849
    680      680        3850     3851     3852     3853     3854     3855
    681      681        3856     3857     3858     3859     3860     3861
    682      682        3862     3863     3864     3865     3866     3867
    683      683        3868     3869     3870     3871     3872     3873
    684      684        3874     3875     3876     3877     3878     3879
    685      685        3880     3881     3882     3883     3884     3885
    686      686        3886     3887     3888     3889     3890     3891
    687      687        3892     3893     3894     3895     3896     3897
    688      688        3898     3899     3900     3901     3902     3903
    689      689        3904     3905     3906     3907     3908     3909
    690      690        3910     3911     3912     3913     3914     3915
    691      691        3916     3917     3918     3919     3920     3921
    692      692        3922     3923     3924     3925     3926     3927
    693      693        3928     3929     3930     3931     3932     3933
    694      694        3934     3935     3936     3937     3938     3939
    695      695        3940     3941     3942     3943     3944     3945
    696      696        3946     3947     3948     3949     3950     3951
    697      697        3952     3953     3954     3955     3956     3957
    698      698        3958     3959     3960     3961     3962     3963
    699      699        3964     3965     3966     3967     3968     3969
    700      700        3970     3971     3972     3973     3974     3975
    701      701        3976     3977     3978     3979     3980     3981
    702      702        3982     3983     3984     3985     3986     3987
    703      703        3988     3989     3990     3991     3992     3993
    704      704        3994     3995     3996     3997     3998     3999
    705      705        4000     4001     4002     4003     4004     4005
    706      706        4006     4007     4008     4009     4010     4011
    707      707        4012     4013     4014     4015     4016     4017
    708      708        4018     4019     4020     4021     4022     4023
    709      709        4024     4025     4026     4027     4028     4029
    710      710        4030     4031     4032     4033     4034     4035
    711      711           0        0     4036        0        0        0
    712      712        4037     4038     4039     4040     4041     4042
    713      713        4043     4044     4045     4046     4047     4048
    714      714        4049     4050     4051     4052     4053     4054
    715      715        4055     4056     4057     4058     4059     4060
    716      716        4061     4062     4063     4064     4065     4066
    717      717        4067     4068     4069     4070     4071     4072
    718      718        4073     4074     4075     4076     4077     4078
    719      719        4079     4080     4081     4082     4083     4084
    720      720        4085     4086     4087     4088     4089     4090
    721      721        4091     4092     4093     4094     4095     4096
    722      722        4097     4098     4099     4100     4101     4102
    723      723        4103     4104     4105     4106     4107     4108
    724      724        4109     4110     4111     4112     4113     4114
    725      725        4115     4116     4117     4118     4119     4120
    726      726        4121     4122     4123     4124     4125     4126
    727      727        4127     4128     4129     4130     4131     4132
    728      728        4133     4134     4135     4136     4137     4138
    729      729        4139     4140     4141     4142     4143     4144
    730      730        4145     4146     4147     4148     4149     4150
    731      731        4151     4152     4153     4154     4155     4156
    732      732        4157     4158     4159     4160     4161     4162
    733      733        4163     4164     4165     4166     4167     4168
    734      734        4169     4170     4171     4172     4173     4174
    735      735        4175     4176     4177     4178     4179     4180
    736      736        4181     4182     4183     4184     4185     4186
    737      737        4187     4188     4189     4190     4191     4192
    738      738        4193     4194     4195     4196     4197     4198
    739      739        4199     4200     4201     4202     4203     4204
    740      740        4205     4206     4207     4208     4209     4210
    741      741        4211     4212     4213     4214     4215     4216
    742      742        4217     4218     4219     4220     4221     4222
    743      743        4223     4224     4225     4226     4227     4228
    744      744        4229     4230     4231     4232     4233     4234
    745      745        4235     4236     4237     4238     4239     4240
    746      746        4241     4242     4243     4244     4245     4246
    747      747        4247     4248     4249     4250     4251     4252
    748      748        4253     4254     4255     4256     4257     4258
    749      749        4259     4260     4261     4262     4263     4264
    750      750        4265     4266     4267     4268     4269     4270
    751      751        4271     4272     4273     4274     4275     4276
    752      752           0        0     4277        0        0        0
    753      753        4278     4279     4280     4281     4282     4283
    754      754        4284     4285     4286     4287     4288     4289
    755      755        4290     4291     4292     4293     4294     4295
    756      756        4296     4297     4298     4299     4300     4301
    757      757        4302     4303     4304     4305     4306     4307
    758      758        4308     4309     4310     4311     4312     4313
    759      759        4314     4315     4316     4317     4318     4319
    760      760        4320     4321     4322     4323     4324     4325
    761      761        4326     4327     4328     4329     4330     4331
    762      762        4332     4333     4334     4335     4336     4337
    763      763        4338     4339     4340     4341     4342     4343
    764      764        4344     4345     4346     4347     4348     4349
    765      765        4350     4351     4352     4353     4354     4355
    766      766        4356     4357     4358     4359     4360     4361
    767      767        4362     4363     4364     4365     4366     4367
    768      768        4368     4369     4370     4371     4372     4373
    769      769        4374     4375     4376     4377     4378     4379
    770      770        4380     4381     4382     4383     4384     4385
    771      771        4386     4387     4388     4389     4390     4391
    772      772        4392     4393     4394     4395     4396     4397
    773      773        4398     4399     4400     4401     4402     4403
    774      774        4404     4405     4406     4407     4408     4409
    775      775        4410     4411     4412     4413     4414     4415
    776      776        4416     4417     4418     4419     4420     4421
    777      777        4422     4423     4424     4425     4426     4427
    778      778        4428     4429     4430     4431     4432     4433
    779      779        4434     4435     4436     4437     4438     4439
    780      780        4440     4441     4442     4443     4444     4445
    781      781        4446     4447     4448     4449     4450     4451
    782      782        4452     4453     4454     4455     4456     4457
    783      783        4458     4459     4460     4461     4462     4463
    784      784        4464     4465     4466     4467     4468     4469
    785      785        4470     4471     4472     4473     4474     4475
    786      786        4476     4477     4478     4479     4480     4481
    787      787        4482     4483     4484     4485     4486     4487
    788      788        4488     4489     4490     4491     4492     4493
    789      789        4494     4495     4496     4497     4498     4499
    790      790        4500     4501     4502     4503     4504     4505
    791      791        4506     4507     4508     4509     4510     4511
    792      792        4512     4513     4514     4515     4516     4517
    793      793           0        0     4518        0        0        0
    794      794        4519     4520     4521     4522     4523     4524
    795      795        4525     4526     4527     4528     4529     4530
    796      796        4531     4532     4533     4534     4535     4536
    797      797        4537     4538     4539     4540     4541     4542
    798      798        4543     4544     4545     4546     4547     4548
    799      799        4549     4550     4551     4552     4553     4554
    800      800        4555     4556     4557     4558     4559     4560
    801      801        4561     4562     4563     4564     4565     4566
    802      802        4567     4568     4569     4570     4571     4572
    803      803        4573     4574     4575     4576     4577     4578
    804      804        4579     4580     4581     4582     4583     4584
    805      805        4585     4586     4587     4588     4589     4590
    806      806        4591     4592     4593     4594     4595     4596
    807      807        4597     4598     4599     4600     4601     4602
    808      808        4603     4604     4605     4606     4607     4608
    809      809        4609     4610     4611     4612     4613     4614
    810      810        4615     4616     4617     4618     4619     4620
    811      811        4621     4622     4623     4624     4625     4626
    812      812        4627     4628     4629     4630     4631     4632
    813      813        4633     4634     4635     4636     4637     4638
    814      814        4639     4640     4641     4642     4643     4644
    815      815        4645     4646     4647     4648     4649     4650
    816      816        4651     4652     4653     4654     4655     4656
    817      817        4657     4658     4659     4660     4661     4662
    818      818        4663     4664     4665     4666     4667     4668


 RIGID TYPE SPRING STIFFNESS       DIMENSION UNIT :  KIPS , FT  
 TRANSLATIONAL STIFFNESS :    1.7622170E+11
 ROTATIONAL    STIFFNESS :    1.8968347E+12


 EQUATION STATUS
 ---------------

 TOTAL NUMBER OF VALID DOFS IN MODEL ..........:    4668
 NUMBER OF EQUATIONS IN A BLOCK ...............:    4668
 NUMBER OF BLOCKS .............................:       1
 NUMBER OF INTERNAL LOADCASES .................:      11

**  MIDAS/CIVIL WINDOWS VERSION 9.1.0                                DATE JUL/20/2023  TIME 11:36:33
**  Modeling, Integrated Design & Analysis Software              PC WINDOWS XP/VISTA/7/8/10 VERSION 
====================================================================================================
  
  


 S E T U P   E Q U A T I O N   P R O F I L E
 ===========================================


 THE TOTAL WEIGHT OF MODEL
 -------------------------

 TOTAL WEIGHT ...........:  2.40277E+03   KIPS


 THE CENTER OF GRAVITY OF FINITE ELEMENT MODEL 
 ---------------------------------------------

 X-COORDINATE OF C.G ....:  3.18463E+01   FT  
 Y-COORDINATE OF C.G ....:  2.98000E+01   FT  
 Z-COORDINATE OF C.G ....: -7.34212E+00   FT  

 STATIC ANALYSIS TIME LOG ( IN SECOND )
 --------------------------------------
 MULTI-FRONTAL SOLUTION .....................:     0.07
 DISPLACEMENT OUTPUT ........................:     0.07
 STRESS OUTPUT ..............................:     0.27
 TOTAL SOLUTION TIME (SUM OF THE ABOVE) .....:     0.42

 SETTLEMENT LOAD ANALYSIS
 SETTLEMENT LOAD CASE 
 ----------------------------------------------------------------------------------------------------------------
 MLDC     COM.  SETTLEMENT NUMBER
               L01  L02  L03  L04  L05  L06  L07  L08  L09  L10  L11  L12  L13  L14  L15  L16  L17  L18  L19  L20
 ----------------------------------------------------------------------------------------------------------------
    1       1 1.00 0.00
    1       2 0.00 1.00
    1       3 1.00 1.00
 ----------------------------------------------------------------------------------------------------------------


 SETTLEMENT LOAD ANALYSIS TIME (SEC) ........:     5.45

**  MIDAS/CIVIL WINDOWS VERSION 9.1.0                                DATE JUL/20/2023  TIME 11:36:39
**  Modeling, Integrated Design & Analysis Software              PC WINDOWS XP/VISTA/7/8/10 VERSION 
====================================================================================================
  
  


 =========================================================
 ** O V E R A L L   T I M E   L O G   I N   S E C O N D **
 =========================================================

  - INPUT DATA READING AND GENERATION ..........:     0.01
  - FORM ELEMENT STIFFNESS MATRICES ............:     0.08
  - FORM GLOBAL LOAD VECTOR ....................:     0.03
  - FORM TOTAL STIFFNESS MATRICES ..............:     0.07
  - P-DELTA ANALYSIS ...........................:     0.00
  - STATIC ANALYSIS ............................:     0.42
  - MOVING LOAD ANALYSIS .......................:     0.00
  - SETTLEMENT ANALYSIS ........................:     5.45
  - EIGENVALUE EXTRACTION ......................:     0.00
  - RESPONSE SPECTRUM ANALYSIS .................:     0.00
  - TIME HISTORY ANALYSIS ......................:     0.00
  - PRINT DYNAMIC INFORMATION OUTPUT ...........:     0.05
  - TOTAL ELAPSED TIME .........................:     6.13
