2022-07-05 12:24:58,400 Printing Calcualtion of ecentricity..................
2022-07-05 12:24:58,401 P=-320.013 M=657.0289363333334 center of Reactions=-2.053132017553454
2022-07-05 12:24:58,401 P=-320.013 M=657.0289363333334 center of Reactions=-2.053132017553454 ecentricity=0.09686798244654593
2022-07-05 12:24:58,408 Calcualting Heel Moment...........
2022-07-05 12:24:58,408 x0=0.0 x1=2.3499999999999996 L=2.3499999999999996 a=64.36245635478642 b=75.35736479555258
2022-07-05 12:24:58,408 M=187.84072958700915lb-feet
2022-07-05 12:24:58,409 Calcualting Toe Moment...........
2022-07-05 12:24:58,409 x0=2.8499999999999996 x1=4.3 L=1.4500000000000002 a=77.69670701699219 b=84.48079945916706
2022-07-05 12:24:58,409 M=86.43318137150395lb-feet
2022-07-05 12:24:58,410 Printing Basic Info....................
2022-07-05 12:24:58,410 H=5 gmma_s=17.3 ca=0.33
2022-07-05 12:24:58,410 Ttop=0.3 Tbot=0.5 Tfoot=0.6
2022-07-05 12:24:58,410 Lheel=2.3499999999999996 Ltoe=1.45
2022-07-05 12:24:58,410 X1=2.3499999999999996 X2=2.55 X3=2.8499999999999996 X4=4.3
2022-07-05 12:24:58,410 



2022-07-05 12:24:58,410 printing earth pressure calcualtion.................
2022-07-05 12:24:58,410   component   area       PV        PH     Arm_V     Arm_H           M
0        C1   1.50  -35.400   0.00000 -1.600000  0.000000   56.640000
1        C2   0.50  -11.800   0.00000 -1.816667  0.000000   21.436667
2        C3   2.58  -60.888   0.00000 -2.150000  0.000000  130.909200
3        S1   0.50   -8.650   0.00000 -1.816667  0.000000   15.714167
4        S2  11.75 -203.275   0.00000 -3.125000  0.000000  635.234375
5        SH   0.00    0.000  89.51712  0.000000  2.266667 -202.905472
2022-07-05 12:24:58,420 



2022-07-05 12:24:58,420 Printing Reaction and ecectricity.........
2022-07-05 12:24:58,420 Ecentrictiy(+) if P is left to cente..........
2022-07-05 12:24:58,420 P=-320.013 e=0.09686798244654593
2022-07-05 12:24:58,420    dist        P  A_list        P/A         I     c          S        P*e  \
0  0.00  320.013     4.3  74.421628  6.625583 -2.15  -3.081667  30.999014   
1  2.35  320.013     4.3  74.421628  6.625583  0.20  33.127917  30.999014   
2  2.55  320.013     4.3  74.421628  6.625583  0.40  16.563958  30.999014   
3  2.85  320.013     4.3  74.421628  6.625583  0.70   9.465119  30.999014   
4  4.30  320.013     4.3  74.421628  6.625583  2.15   3.081667  30.999014   

         M/S          R  
0 -10.059172  64.362456  
1   0.935737  75.357365  
2   1.871474  76.293102  
3   3.275079  77.696707  
4  10.059172  84.480799  
2022-07-05 12:24:58,429 




2022-07-05 12:24:58,429 Mheel=188.0 ft-lb Mtoe=86.0 ft-lb
