2022-08-28 21:26:44,755 Printing Calcualtion of ecentricity..................
2022-08-28 21:26:44,755 P=-320.013 M=657.0289363333334 center of Reactions=-2.053132017553454
2022-08-28 21:26:44,755 P=-320.013 M=657.0289363333334 center of Reactions=-2.053132017553454 ecentricity=0.09686798244654593
2022-08-28 21:26:44,765 




2022-08-28 21:26:44,765 printing informations about During operation pressure calc......
2022-08-28 21:26:44,765 del_t=0.2 h=5.0 slope=0.04
2022-08-28 21:26:44,765 t4=0.0772 t5=0.1228
2022-08-28 21:26:44,765 printing area=[1.5, 0.5, 2.5799999999999996, 7.451503999999998, 0.188498, 4.535499999999999, 0.07449800000000001, 2.465, 10.879, 0, 0, 0, 0]
2022-08-28 21:26:44,765 printing vertical loads=[-35.400000000000006, -11.8, -60.888, -128.91101919999997, -3.2610154000000002, -85.72094999999997, -1.4080122000000002, -24.157, 106.6142, 0, 0, 0, 0]
2022-08-28 21:26:44,765 Horizontal Pressure=[0, 0, 0, 0, 0, 0, 0, 0, 0, 26.90337705, 44.3423739, 40.97536135, 33.123999999999995]
2022-08-28 21:26:44,765 moment arm for vertical loads=[-1.6, -1.8166666666666669, -2.15, -3.0864000000000003, -1.8318666666666668, -3.125, -1.9242666666666666, -0.725, -2.15, 0, 0, 0, 0]
2022-08-28 21:26:44,765 moment arm for horizontal pressure=[0, 0, 0, 0, 0, 0, 0, 0, 0, 3.5533333333333332, 1.265, 0.8433333333333333, 0.7666666666666666]
2022-08-28 21:26:44,765 P=-244.93179679999992 M=460.0705122560133 center of Reactions=-1.8783617246383317 ecentricity=0.2716382753616682
2022-08-28 21:26:44,765 data={'component': ['C1', 'C2', 'C3', 'S1', 'S2', 'S3', 'S4', 'W', 'U', 'P1', 'P2', 'P3', 'P4'], 'area': [1.5, 0.5, 2.5799999999999996, 7.451503999999998, 0.188498, 4.535499999999999, 0.07449800000000001, 2.465, 10.879, 0, 0, 0, 0], 'PV': [-35.400000000000006, -11.8, -60.888, -128.91101919999997, -3.2610154000000002, -85.72094999999997, -1.4080122000000002, -24.157, 106.6142, 0, 0, 0, 0], 'PH': [0, 0, 0, 0, 0, 0, 0, 0, 0, 26.90337705, 44.3423739, 40.97536135, 33.123999999999995], 'Arm_V': [-1.6, -1.8166666666666669, -2.15, -3.0864000000000003, -1.8318666666666668, -3.125, -1.9242666666666666, -0.725, -2.15, 0, 0, 0, 0], 'Arm_H': [0, 0, 0, 0, 0, 0, 0, 0, 0, 3.5533333333333332, 1.265, 0.8433333333333333, 0.7666666666666666], 'M': [56.640000000000015, 21.43666666666667, 130.9092, 397.8709696588799, 5.973745410746667, 267.8779687499999, 2.7093909427200003, 17.513825, -229.22053, -95.59666645099999, -56.093102983499996, -34.55588807183333, -25.39506666666666]}
2022-08-28 21:26:44,765 lengths=[13, 13, 13, 13, 13, 13, 13]
2022-08-28 21:26:44,765 px2=12.803
2022-08-28 21:26:44,765 B=4.3
2022-08-28 21:26:44,765 




2022-08-28 21:26:44,765 




2022-08-28 21:26:44,765 printing informations Stem Pressure During Construction......
2022-08-28 21:26:44,765 P1=26.90337705 P2=33.8263959 P3=23.84494735 P=84.5747203
2022-08-28 21:26:44,765 M1=79.45464022099999 M2=32.6424720435 M3=15.340249461833334 M=127.43736172633334
2022-08-28 21:26:44,765 




2022-08-28 21:26:44,765 




2022-08-28 21:26:44,765 printing informations Toe Design Moment..........
2022-08-28 21:26:44,765 After Construction.......................
2022-08-28 21:26:44,765 P1=84.48079945916706 P2=77.69670701699219 L=1.4500000000000002
2022-08-28 21:26:44,765 V1=117.57869219521547 V2=20.532000000000004 V=97.04669219521546
2022-08-28 21:26:44,765 M1=86.43318137150395 M2=14.885700000000005 M=71.54748137150395
2022-08-28 21:26:44,765 During Operations.......................
2022-08-28 21:26:44,765 P1=78.55077509053103 P2=63.99015017658175 L=1.4500000000000002
2022-08-28 21:26:44,765 V1=103.34217081865678 V2=35.9513 V3=20.532000000000004 V=118.76147081865676
2022-08-28 21:26:44,765 M1=77.47421666699104 M2=26.064692500000007 M3=14.885700000000005 M=88.65320916699105
2022-08-28 21:26:44,765 




2022-08-28 21:26:44,765 




2022-08-28 21:26:44,775 printing informations Heel Design Moment..........
2022-08-28 21:26:44,775 After Construction.......................
2022-08-28 21:26:44,775 P1=64.36245635478642 P2=75.35736479555258 L=2.3499999999999996
2022-08-28 21:26:44,775 V1=164.1707898516483 V2=33.275999999999996 V3=203.27499999999998 V=-72.3802101483517
2022-08-28 21:26:44,775 M1=187.84072958700915 M2=39.09929999999999 M3=238.84812499999992 M=-90.10669541299077
2022-08-28 21:26:44,775 During Operations.......................
2022-08-28 21:26:44,775 P1=35.37099086295729 P2=58.969245033840615 L=-2.3499999999999996
2022-08-28 21:26:44,775 V1=-110.84977717873753 V2=-58.265899999999995 V3=-33.275999999999996 V4=-210.53179999999995 V=-63.45946703038584
2022-08-28 21:26:44,775 M1=119.38837496345796 M2=68.46243249999998 M3=39.09929999999999 M4=247.37486499999991 M=-98.62335753654196
2022-08-28 21:26:44,775 




2022-08-28 21:26:44,775 Printing Basic Info....................
2022-08-28 21:26:44,775 H=5.0 gmma_s=17.3 ca=0.33
2022-08-28 21:26:44,775 Ttop=0.3 Tbot=0.5 Tfoot=0.6
2022-08-28 21:26:44,775 Lheel=2.3499999999999996 Ltoe=1.45
2022-08-28 21:26:44,775 X1=2.3499999999999996 X2=2.55 X3=2.8499999999999996 X4=4.3
2022-08-28 21:26:44,775 



2022-08-28 21:26:44,775 printing earth pressure calcualtion Case B.................
2022-08-28 21:26:44,775   component   area       PV        PH     Arm_V     Arm_H           M
0        C1   1.50  -35.400   0.00000 -1.600000  0.000000   56.640000
1        C2   0.50  -11.800   0.00000 -1.816667  0.000000   21.436667
2        C3   2.58  -60.888   0.00000 -2.150000  0.000000  130.909200
3        S1   0.50   -8.650   0.00000 -1.816667  0.000000   15.714167
4        S2  11.75 -203.275   0.00000 -3.125000  0.000000  635.234375
5        SH   0.00    0.000  89.51712  0.000000  2.266667 -202.905472
2022-08-28 21:26:44,775 



2022-08-28 21:26:44,775 Printing Reaction and ecectricity Case B.........
2022-08-28 21:26:44,775 Ecentrictiy(+) if P is left to cente..........
2022-08-28 21:26:44,775 P=-320.013 e=0.09686798244654593
2022-08-28 21:26:44,775    dist        P  A_list        P/A         I     c          S        P*e  \
0  0.00  320.013     4.3  74.421628  6.625583 -2.15  -3.081667  30.999014   
1  2.35  320.013     4.3  74.421628  6.625583  0.20  33.127917  30.999014   
2  2.55  320.013     4.3  74.421628  6.625583  0.40  16.563958  30.999014   
3  2.85  320.013     4.3  74.421628  6.625583  0.70   9.465119  30.999014   
4  4.30  320.013     4.3  74.421628  6.625583  2.15   3.081667  30.999014   

         M/S          R  
0 -10.059172  64.362456  
1   0.935737  75.357365  
2   1.871474  76.293102  
3   3.275079  77.696707  
4  10.059172  84.480799  
2022-08-28 21:26:44,790 




2022-08-28 21:26:44,790 printing earth pressure calcualtion Case C.................
2022-08-28 21:26:44,790    component       area          PV         PH     Arm_V     Arm_H           M
0         C1   1.500000  -35.400000   0.000000 -1.600000  0.000000   56.640000
1         C2   0.500000  -11.800000   0.000000 -1.816667  0.000000   21.436667
2         C3   2.580000  -60.888000   0.000000 -2.150000  0.000000  130.909200
3         S1   7.451504 -128.911019   0.000000 -3.086400  0.000000  397.870970
4         S2   0.188498   -3.261015   0.000000 -1.831867  0.000000    5.973745
5         S3   4.535500  -85.720950   0.000000 -3.125000  0.000000  267.877969
6         S4   0.074498   -1.408012   0.000000 -1.924267  0.000000    2.709391
7          W   2.465000  -24.157000   0.000000 -0.725000  0.000000   17.513825
8          U  10.879000  106.614200   0.000000 -2.150000  0.000000 -229.220530
9         P1   0.000000    0.000000  26.903377  0.000000  3.553333  -95.596666
10        P2   0.000000    0.000000  44.342374  0.000000  1.265000  -56.093103
11        P3   0.000000    0.000000  40.975361  0.000000  0.843333  -34.555888
12        P4   0.000000    0.000000  33.124000  0.000000  0.766667  -25.395067
2022-08-28 21:26:44,795 



2022-08-28 21:26:44,795 Printing Reaction and ecectricity Case C.........
2022-08-28 21:26:44,795 Ecentrictiy(+) if P is left to cente..........
2022-08-28 21:26:44,795 P=-244.93179679999992 e=0.2716382753616682
2022-08-28 21:26:44,795    dist           P  A_list        P/A         I     c          S        P*e  \
0  0.00  244.931797     4.3  56.960883  6.625583 -2.15  -3.081667  66.532851   
1  2.35  244.931797     4.3  56.960883  6.625583  0.20  33.127917  66.532851   
2  2.55  244.931797     4.3  56.960883  6.625583  0.40  16.563958  66.532851   
3  2.85  244.931797     4.3  56.960883  6.625583  0.70   9.465119  66.532851   
4  4.30  244.931797     4.3  56.960883  6.625583  2.15   3.081667  66.532851   

         M/S          R  
0 -21.589892  35.370991  
1   2.008362  58.969245  
2   4.016724  60.977607  
3   7.029267  63.990150  
4  21.589892  78.550775  
2022-08-28 21:26:44,801 printing stem design forces.........
2022-08-28 21:26:44,801      Case                Desc         V           M
0  Case B  After Construction  71.36250  118.937500
1  Case C    During Operation  84.57472  127.437362
2022-08-28 21:26:44,805 Printing Toe Design Forces.........
2022-08-28 21:26:44,805      Case                Desc          V          M
0  Case B  After Construction -72.380210 -90.106695
1  Case C    During Operation -63.459467 -98.623358
2022-08-28 22:02:48,876 Printing Calcualtion of ecentricity..................
2022-08-28 22:02:48,876 P=-320.013 M=657.0289363333334 center of Reactions=-2.053132017553454
2022-08-28 22:02:48,876 P=-320.013 M=657.0289363333334 center of Reactions=-2.053132017553454 ecentricity=0.09686798244654593
2022-08-28 22:02:48,881 




2022-08-28 22:02:48,881 printing informations about During operation pressure calc......
2022-08-28 22:02:48,881 del_t=0.2 h=5.0 slope=0.04
2022-08-28 22:02:48,881 t4=0.0772 t5=0.1228
2022-08-28 22:02:48,881 printing area=[1.5, 0.5, 2.5799999999999996, 7.451503999999998, 0.188498, 4.535499999999999, 0.07449800000000001, 2.465, 10.879, 0, 0, 0, 0]
2022-08-28 22:02:48,881 printing vertical loads=[-35.400000000000006, -11.8, -60.888, -128.91101919999997, -3.2610154000000002, -85.72094999999997, -1.4080122000000002, -24.157, 106.6142, 0, 0, 0, 0]
2022-08-28 22:02:48,881 Horizontal Pressure=[0, 0, 0, 0, 0, 0, 0, 0, 0, 26.90337705, 44.3423739, 40.97536135, 33.123999999999995]
2022-08-28 22:02:48,881 moment arm for vertical loads=[-1.6, -1.8166666666666669, -2.15, -3.0864000000000003, -1.8318666666666668, -3.125, -1.9242666666666666, -0.725, -2.15, 0, 0, 0, 0]
2022-08-28 22:02:48,881 moment arm for horizontal pressure=[0, 0, 0, 0, 0, 0, 0, 0, 0, 3.5533333333333332, 1.265, 0.8433333333333333, 0.7666666666666666]
2022-08-28 22:02:48,881 P=-244.93179679999992 M=460.0705122560133 center of Reactions=-1.8783617246383317 ecentricity=0.2716382753616682
2022-08-28 22:02:48,881 data={'component': ['C1', 'C2', 'C3', 'S1', 'S2', 'S3', 'S4', 'W', 'U', 'P1', 'P2', 'P3', 'P4'], 'area': [1.5, 0.5, 2.5799999999999996, 7.451503999999998, 0.188498, 4.535499999999999, 0.07449800000000001, 2.465, 10.879, 0, 0, 0, 0], 'PV': [-35.400000000000006, -11.8, -60.888, -128.91101919999997, -3.2610154000000002, -85.72094999999997, -1.4080122000000002, -24.157, 106.6142, 0, 0, 0, 0], 'PH': [0, 0, 0, 0, 0, 0, 0, 0, 0, 26.90337705, 44.3423739, 40.97536135, 33.123999999999995], 'Arm_V': [-1.6, -1.8166666666666669, -2.15, -3.0864000000000003, -1.8318666666666668, -3.125, -1.9242666666666666, -0.725, -2.15, 0, 0, 0, 0], 'Arm_H': [0, 0, 0, 0, 0, 0, 0, 0, 0, 3.5533333333333332, 1.265, 0.8433333333333333, 0.7666666666666666], 'M': [56.640000000000015, 21.43666666666667, 130.9092, 397.8709696588799, 5.973745410746667, 267.8779687499999, 2.7093909427200003, 17.513825, -229.22053, -95.59666645099999, -56.093102983499996, -34.55588807183333, -25.39506666666666]}
2022-08-28 22:02:48,881 lengths=[13, 13, 13, 13, 13, 13, 13]
2022-08-28 22:02:48,881 px2=12.803
2022-08-28 22:02:48,881 B=4.3
2022-08-28 22:02:48,886 




2022-08-28 22:02:48,891 




2022-08-28 22:02:48,891 printing informations Stem Pressure During Construction......
2022-08-28 22:02:48,891 P1=26.90337705 P2=33.8263959 P3=23.84494735 P=84.5747203
2022-08-28 22:02:48,891 M1=79.45464022099999 M2=32.6424720435 M3=15.340249461833334 M=127.43736172633334
2022-08-28 22:02:48,891 




2022-08-28 22:02:48,891 




2022-08-28 22:02:48,891 printing informations Toe Design Moment..........
2022-08-28 22:02:48,891 After Construction.......................
2022-08-28 22:02:48,891 P1=84.48079945916706 P2=77.69670701699219 L=1.4500000000000002
2022-08-28 22:02:48,891 V1=117.57869219521547 V2=20.532000000000004 V=97.04669219521546
2022-08-28 22:02:48,891 M1=86.43318137150395 M2=14.885700000000005 M=71.54748137150395
2022-08-28 22:02:48,891 During Operations.......................
2022-08-28 22:02:48,891 P1=78.55077509053103 P2=63.99015017658175 L=1.4500000000000002
2022-08-28 22:02:48,891 V1=103.34217081865678 V2=35.9513 V3=20.532000000000004 V=118.76147081865676
2022-08-28 22:02:48,891 M1=77.47421666699104 M2=26.064692500000007 M3=14.885700000000005 M=88.65320916699105
2022-08-28 22:02:48,891 




2022-08-28 22:02:48,895 




2022-08-28 22:02:48,895 printing informations Heel Design Moment..........
2022-08-28 22:02:48,895 After Construction.......................
2022-08-28 22:02:48,895 P1=64.36245635478642 P2=75.35736479555258 L=2.3499999999999996
2022-08-28 22:02:48,895 V1=164.1707898516483 V2=33.275999999999996 V3=203.27499999999998 V=-72.3802101483517
2022-08-28 22:02:48,895 M1=187.84072958700915 M2=39.09929999999999 M3=238.84812499999992 M=-90.10669541299077
2022-08-28 22:02:48,895 During Operations.......................
2022-08-28 22:02:48,895 P1=35.37099086295729 P2=58.969245033840615 L=-2.3499999999999996
2022-08-28 22:02:48,895 V1=-110.84977717873753 V2=-58.265899999999995 V3=-33.275999999999996 V4=-210.53179999999995 V=-63.45946703038584
2022-08-28 22:02:48,895 M1=119.38837496345796 M2=68.46243249999998 M3=39.09929999999999 M4=247.37486499999991 M=-98.62335753654196
2022-08-28 22:02:48,900 




2022-08-28 22:02:48,900 Printing Basic Info....................
2022-08-28 22:02:48,900 H=5.0 gmma_s=17.3 ca=0.33
2022-08-28 22:02:48,900 Ttop=0.3 Tbot=0.5 Tfoot=0.6
2022-08-28 22:02:48,900 Lheel=2.3499999999999996 Ltoe=1.45
2022-08-28 22:02:48,900 X1=2.3499999999999996 X2=2.55 X3=2.8499999999999996 X4=4.3
2022-08-28 22:02:48,900 



2022-08-28 22:02:48,900 printing earth pressure calcualtion Case B.................
2022-08-28 22:02:48,900   component   area       PV        PH     Arm_V     Arm_H           M
0        C1   1.50  -35.400   0.00000 -1.600000  0.000000   56.640000
1        C2   0.50  -11.800   0.00000 -1.816667  0.000000   21.436667
2        C3   2.58  -60.888   0.00000 -2.150000  0.000000  130.909200
3        S1   0.50   -8.650   0.00000 -1.816667  0.000000   15.714167
4        S2  11.75 -203.275   0.00000 -3.125000  0.000000  635.234375
5        SH   0.00    0.000  89.51712  0.000000  2.266667 -202.905472
2022-08-28 22:02:48,910 



2022-08-28 22:02:48,910 Printing Reaction and ecectricity Case B.........
2022-08-28 22:02:48,910 Ecentrictiy(+) if P is left to cente..........
2022-08-28 22:02:48,910 P=-320.013 e=0.09686798244654593
2022-08-28 22:02:48,910    dist        P  A_list        P/A         I     c          S        P*e  \
0  0.00  320.013     4.3  74.421628  6.625583 -2.15  -3.081667  30.999014   
1  2.35  320.013     4.3  74.421628  6.625583  0.20  33.127917  30.999014   
2  2.55  320.013     4.3  74.421628  6.625583  0.40  16.563958  30.999014   
3  2.85  320.013     4.3  74.421628  6.625583  0.70   9.465119  30.999014   
4  4.30  320.013     4.3  74.421628  6.625583  2.15   3.081667  30.999014   

         M/S          R  
0 -10.059172  64.362456  
1   0.935737  75.357365  
2   1.871474  76.293102  
3   3.275079  77.696707  
4  10.059172  84.480799  
2022-08-28 22:02:48,935 




2022-08-28 22:02:48,935 printing earth pressure calcualtion Case C.................
2022-08-28 22:02:48,935    component       area          PV         PH     Arm_V     Arm_H           M
0         C1   1.500000  -35.400000   0.000000 -1.600000  0.000000   56.640000
1         C2   0.500000  -11.800000   0.000000 -1.816667  0.000000   21.436667
2         C3   2.580000  -60.888000   0.000000 -2.150000  0.000000  130.909200
3         S1   7.451504 -128.911019   0.000000 -3.086400  0.000000  397.870970
4         S2   0.188498   -3.261015   0.000000 -1.831867  0.000000    5.973745
5         S3   4.535500  -85.720950   0.000000 -3.125000  0.000000  267.877969
6         S4   0.074498   -1.408012   0.000000 -1.924267  0.000000    2.709391
7          W   2.465000  -24.157000   0.000000 -0.725000  0.000000   17.513825
8          U  10.879000  106.614200   0.000000 -2.150000  0.000000 -229.220530
9         P1   0.000000    0.000000  26.903377  0.000000  3.553333  -95.596666
10        P2   0.000000    0.000000  44.342374  0.000000  1.265000  -56.093103
11        P3   0.000000    0.000000  40.975361  0.000000  0.843333  -34.555888
12        P4   0.000000    0.000000  33.124000  0.000000  0.766667  -25.395067
2022-08-28 22:02:48,950 



2022-08-28 22:02:48,950 Printing Reaction and ecectricity Case C.........
2022-08-28 22:02:48,950 Ecentrictiy(+) if P is left to cente..........
2022-08-28 22:02:48,950 P=-244.93179679999992 e=0.2716382753616682
2022-08-28 22:02:48,950    dist           P  A_list        P/A         I     c          S        P*e  \
0  0.00  244.931797     4.3  56.960883  6.625583 -2.15  -3.081667  66.532851   
1  2.35  244.931797     4.3  56.960883  6.625583  0.20  33.127917  66.532851   
2  2.55  244.931797     4.3  56.960883  6.625583  0.40  16.563958  66.532851   
3  2.85  244.931797     4.3  56.960883  6.625583  0.70   9.465119  66.532851   
4  4.30  244.931797     4.3  56.960883  6.625583  2.15   3.081667  66.532851   

         M/S          R  
0 -21.589892  35.370991  
1   2.008362  58.969245  
2   4.016724  60.977607  
3   7.029267  63.990150  
4  21.589892  78.550775  
2022-08-28 22:02:48,976 printing stem design forces.........
2022-08-28 22:02:48,976      Case                Desc         V           M
0  Case B  After Construction  71.36250  118.937500
1  Case C    During Operation  84.57472  127.437362
2022-08-28 22:02:48,985 Printing Toe Design Forces.........
2022-08-28 22:02:48,985      Case                Desc          V          M
0  Case B  After Construction -72.380210 -90.106695
1  Case C    During Operation -63.459467 -98.623358
2022-08-28 22:03:26,815 Printing Calcualtion of ecentricity..................
2022-08-28 22:03:26,815 P=-320.013 M=657.0289363333334 center of Reactions=-2.053132017553454
2022-08-28 22:03:26,815 P=-320.013 M=657.0289363333334 center of Reactions=-2.053132017553454 ecentricity=0.09686798244654593
2022-08-28 22:03:26,826 




2022-08-28 22:03:26,826 printing informations about During operation pressure calc......
2022-08-28 22:03:26,826 del_t=0.2 h=5.0 slope=0.04
2022-08-28 22:03:26,826 t4=0.0772 t5=0.1228
2022-08-28 22:03:26,826 printing area=[1.5, 0.5, 2.5799999999999996, 7.451503999999998, 0.188498, 4.535499999999999, 0.07449800000000001, 2.465, 10.879, 0, 0, 0, 0]
2022-08-28 22:03:26,826 printing vertical loads=[-35.400000000000006, -11.8, -60.888, -128.91101919999997, -3.2610154000000002, -85.72094999999997, -1.4080122000000002, -24.157, 106.6142, 0, 0, 0, 0]
2022-08-28 22:03:26,826 Horizontal Pressure=[0, 0, 0, 0, 0, 0, 0, 0, 0, 26.90337705, 44.3423739, 40.97536135, 33.123999999999995]
2022-08-28 22:03:26,826 moment arm for vertical loads=[-1.6, -1.8166666666666669, -2.15, -3.0864000000000003, -1.8318666666666668, -3.125, -1.9242666666666666, -0.725, -2.15, 0, 0, 0, 0]
2022-08-28 22:03:26,826 moment arm for horizontal pressure=[0, 0, 0, 0, 0, 0, 0, 0, 0, 3.5533333333333332, 1.265, 0.8433333333333333, 0.7666666666666666]
2022-08-28 22:03:26,826 P=-244.93179679999992 M=460.0705122560133 center of Reactions=-1.8783617246383317 ecentricity=0.2716382753616682
2022-08-28 22:03:26,826 data={'component': ['C1', 'C2', 'C3', 'S1', 'S2', 'S3', 'S4', 'W', 'U', 'P1', 'P2', 'P3', 'P4'], 'area': [1.5, 0.5, 2.5799999999999996, 7.451503999999998, 0.188498, 4.535499999999999, 0.07449800000000001, 2.465, 10.879, 0, 0, 0, 0], 'PV': [-35.400000000000006, -11.8, -60.888, -128.91101919999997, -3.2610154000000002, -85.72094999999997, -1.4080122000000002, -24.157, 106.6142, 0, 0, 0, 0], 'PH': [0, 0, 0, 0, 0, 0, 0, 0, 0, 26.90337705, 44.3423739, 40.97536135, 33.123999999999995], 'Arm_V': [-1.6, -1.8166666666666669, -2.15, -3.0864000000000003, -1.8318666666666668, -3.125, -1.9242666666666666, -0.725, -2.15, 0, 0, 0, 0], 'Arm_H': [0, 0, 0, 0, 0, 0, 0, 0, 0, 3.5533333333333332, 1.265, 0.8433333333333333, 0.7666666666666666], 'M': [56.640000000000015, 21.43666666666667, 130.9092, 397.8709696588799, 5.973745410746667, 267.8779687499999, 2.7093909427200003, 17.513825, -229.22053, -95.59666645099999, -56.093102983499996, -34.55588807183333, -25.39506666666666]}
2022-08-28 22:03:26,826 lengths=[13, 13, 13, 13, 13, 13, 13]
2022-08-28 22:03:26,826 px2=12.803
2022-08-28 22:03:26,826 B=4.3
2022-08-28 22:03:26,826 




2022-08-28 22:03:26,826 




2022-08-28 22:03:26,826 printing informations Stem Pressure During Construction......
2022-08-28 22:03:26,826 P1=26.90337705 P2=33.8263959 P3=23.84494735 P=84.5747203
2022-08-28 22:03:26,826 M1=79.45464022099999 M2=32.6424720435 M3=15.340249461833334 M=127.43736172633334
2022-08-28 22:03:26,826 




2022-08-28 22:03:26,826 




2022-08-28 22:03:26,826 printing informations Toe Design Moment..........
2022-08-28 22:03:26,826 After Construction.......................
2022-08-28 22:03:26,826 P1=84.48079945916706 P2=77.69670701699219 L=1.4500000000000002
2022-08-28 22:03:26,826 V1=117.57869219521547 V2=20.532000000000004 V=97.04669219521546
2022-08-28 22:03:26,831 M1=86.43318137150395 M2=14.885700000000005 M=71.54748137150395
2022-08-28 22:03:26,831 During Operations.......................
2022-08-28 22:03:26,831 P1=78.55077509053103 P2=63.99015017658175 L=1.4500000000000002
2022-08-28 22:03:26,831 V1=103.34217081865678 V2=35.9513 V3=20.532000000000004 V=118.76147081865676
2022-08-28 22:03:26,831 M1=77.47421666699104 M2=26.064692500000007 M3=14.885700000000005 M=88.65320916699105
2022-08-28 22:03:26,831 




2022-08-28 22:03:26,831 




2022-08-28 22:03:26,831 printing informations Heel Design Moment..........
2022-08-28 22:03:26,831 After Construction.......................
2022-08-28 22:03:26,831 P1=64.36245635478642 P2=75.35736479555258 L=2.3499999999999996
2022-08-28 22:03:26,831 V1=164.1707898516483 V2=33.275999999999996 V3=203.27499999999998 V=-72.3802101483517
2022-08-28 22:03:26,831 M1=187.84072958700915 M2=39.09929999999999 M3=238.84812499999992 M=-90.10669541299077
2022-08-28 22:03:26,835 During Operations.......................
2022-08-28 22:03:26,835 P1=35.37099086295729 P2=58.969245033840615 L=-2.3499999999999996
2022-08-28 22:03:26,835 V1=-110.84977717873753 V2=-58.265899999999995 V3=-33.275999999999996 V4=-210.53179999999995 V=-63.45946703038584
2022-08-28 22:03:26,835 M1=119.38837496345796 M2=68.46243249999998 M3=39.09929999999999 M4=247.37486499999991 M=-98.62335753654196
2022-08-28 22:03:26,835 




2022-08-28 22:03:26,835 Printing Basic Info....................
2022-08-28 22:03:26,835 H=5.0 gmma_s=17.3 ca=0.33
2022-08-28 22:03:26,835 Ttop=0.3 Tbot=0.5 Tfoot=0.6
2022-08-28 22:03:26,835 Lheel=2.3499999999999996 Ltoe=1.45
2022-08-28 22:03:26,835 X1=2.3499999999999996 X2=2.55 X3=2.8499999999999996 X4=4.3
2022-08-28 22:03:26,835 



2022-08-28 22:03:26,835 printing earth pressure calcualtion Case B.................
2022-08-28 22:03:26,835   component   area       PV        PH     Arm_V     Arm_H           M
0        C1   1.50  -35.400   0.00000 -1.600000  0.000000   56.640000
1        C2   0.50  -11.800   0.00000 -1.816667  0.000000   21.436667
2        C3   2.58  -60.888   0.00000 -2.150000  0.000000  130.909200
3        S1   0.50   -8.650   0.00000 -1.816667  0.000000   15.714167
4        S2  11.75 -203.275   0.00000 -3.125000  0.000000  635.234375
5        SH   0.00    0.000  89.51712  0.000000  2.266667 -202.905472
2022-08-28 22:03:26,840 



2022-08-28 22:03:26,840 Printing Reaction and ecectricity Case B.........
2022-08-28 22:03:26,840 Ecentrictiy(+) if P is left to cente..........
2022-08-28 22:03:26,840 P=-320.013 e=0.09686798244654593
2022-08-28 22:03:26,840    dist        P  A_list        P/A         I     c          S        P*e  \
0  0.00  320.013     4.3  74.421628  6.625583 -2.15  -3.081667  30.999014   
1  2.35  320.013     4.3  74.421628  6.625583  0.20  33.127917  30.999014   
2  2.55  320.013     4.3  74.421628  6.625583  0.40  16.563958  30.999014   
3  2.85  320.013     4.3  74.421628  6.625583  0.70   9.465119  30.999014   
4  4.30  320.013     4.3  74.421628  6.625583  2.15   3.081667  30.999014   

         M/S          R  
0 -10.059172  64.362456  
1   0.935737  75.357365  
2   1.871474  76.293102  
3   3.275079  77.696707  
4  10.059172  84.480799  
2022-08-28 22:03:26,845 




2022-08-28 22:03:26,845 printing earth pressure calcualtion Case C.................
2022-08-28 22:03:26,845    component       area          PV         PH     Arm_V     Arm_H           M
0         C1   1.500000  -35.400000   0.000000 -1.600000  0.000000   56.640000
1         C2   0.500000  -11.800000   0.000000 -1.816667  0.000000   21.436667
2         C3   2.580000  -60.888000   0.000000 -2.150000  0.000000  130.909200
3         S1   7.451504 -128.911019   0.000000 -3.086400  0.000000  397.870970
4         S2   0.188498   -3.261015   0.000000 -1.831867  0.000000    5.973745
5         S3   4.535500  -85.720950   0.000000 -3.125000  0.000000  267.877969
6         S4   0.074498   -1.408012   0.000000 -1.924267  0.000000    2.709391
7          W   2.465000  -24.157000   0.000000 -0.725000  0.000000   17.513825
8          U  10.879000  106.614200   0.000000 -2.150000  0.000000 -229.220530
9         P1   0.000000    0.000000  26.903377  0.000000  3.553333  -95.596666
10        P2   0.000000    0.000000  44.342374  0.000000  1.265000  -56.093103
11        P3   0.000000    0.000000  40.975361  0.000000  0.843333  -34.555888
12        P4   0.000000    0.000000  33.124000  0.000000  0.766667  -25.395067
2022-08-28 22:03:26,845 



2022-08-28 22:03:26,845 Printing Reaction and ecectricity Case C.........
2022-08-28 22:03:26,845 Ecentrictiy(+) if P is left to cente..........
2022-08-28 22:03:26,845 P=-244.93179679999992 e=0.2716382753616682
2022-08-28 22:03:26,845    dist           P  A_list        P/A         I     c          S        P*e  \
0  0.00  244.931797     4.3  56.960883  6.625583 -2.15  -3.081667  66.532851   
1  2.35  244.931797     4.3  56.960883  6.625583  0.20  33.127917  66.532851   
2  2.55  244.931797     4.3  56.960883  6.625583  0.40  16.563958  66.532851   
3  2.85  244.931797     4.3  56.960883  6.625583  0.70   9.465119  66.532851   
4  4.30  244.931797     4.3  56.960883  6.625583  2.15   3.081667  66.532851   

         M/S          R  
0 -21.589892  35.370991  
1   2.008362  58.969245  
2   4.016724  60.977607  
3   7.029267  63.990150  
4  21.589892  78.550775  
2022-08-28 22:03:26,855 printing stem design forces.........
2022-08-28 22:03:26,855      Case                Desc         V           M
0  Case B  After Construction  71.36250  118.937500
1  Case C    During Operation  84.57472  127.437362
2022-08-28 22:03:26,860 Printing Toe Design Forces.........
2022-08-28 22:03:26,860      Case                Desc          V          M
0  Case B  After Construction -72.380210 -90.106695
1  Case C    During Operation -63.459467 -98.623358
2022-08-28 22:39:43,746 Printing Calcualtion of ecentricity..................
2022-08-28 22:39:43,746 P=-320.013 M=657.0289363333334 center of Reactions=-2.053132017553454
2022-08-28 22:39:43,746 P=-320.013 M=657.0289363333334 center of Reactions=-2.053132017553454 ecentricity=0.09686798244654593
2022-08-28 22:39:43,751 




2022-08-28 22:39:43,751 printing informations about During operation pressure calc......
2022-08-28 22:39:43,751 del_t=0.2 h=5.0 slope=0.04
2022-08-28 22:39:43,751 t4=0.0772 t5=0.1228
2022-08-28 22:39:43,751 printing area=[1.5, 0.5, 2.5799999999999996, 7.451503999999998, 0.188498, 4.535499999999999, 0.07449800000000001, 2.465, 10.879, 0, 0, 0, 0]
2022-08-28 22:39:43,751 printing vertical loads=[-35.400000000000006, -11.8, -60.888, -128.91101919999997, -3.2610154000000002, -85.72094999999997, -1.4080122000000002, -24.157, 106.6142, 0, 0, 0, 0]
2022-08-28 22:39:43,751 Horizontal Pressure=[0, 0, 0, 0, 0, 0, 0, 0, 0, 26.90337705, 44.3423739, 40.97536135, 33.123999999999995]
2022-08-28 22:39:43,751 moment arm for vertical loads=[-1.6, -1.8166666666666669, -2.15, -3.0864000000000003, -1.8318666666666668, -3.125, -1.9242666666666666, -0.725, -2.15, 0, 0, 0, 0]
2022-08-28 22:39:43,751 moment arm for horizontal pressure=[0, 0, 0, 0, 0, 0, 0, 0, 0, 3.5533333333333332, 1.265, 0.8433333333333333, 0.7666666666666666]
2022-08-28 22:39:43,751 P=-244.93179679999992 M=460.0705122560133 center of Reactions=-1.8783617246383317 ecentricity=0.2716382753616682
2022-08-28 22:39:43,751 data={'component': ['C1', 'C2', 'C3', 'S1', 'S2', 'S3', 'S4', 'W', 'U', 'P1', 'P2', 'P3', 'P4'], 'area': [1.5, 0.5, 2.5799999999999996, 7.451503999999998, 0.188498, 4.535499999999999, 0.07449800000000001, 2.465, 10.879, 0, 0, 0, 0], 'PV': [-35.400000000000006, -11.8, -60.888, -128.91101919999997, -3.2610154000000002, -85.72094999999997, -1.4080122000000002, -24.157, 106.6142, 0, 0, 0, 0], 'PH': [0, 0, 0, 0, 0, 0, 0, 0, 0, 26.90337705, 44.3423739, 40.97536135, 33.123999999999995], 'Arm_V': [-1.6, -1.8166666666666669, -2.15, -3.0864000000000003, -1.8318666666666668, -3.125, -1.9242666666666666, -0.725, -2.15, 0, 0, 0, 0], 'Arm_H': [0, 0, 0, 0, 0, 0, 0, 0, 0, 3.5533333333333332, 1.265, 0.8433333333333333, 0.7666666666666666], 'M': [56.640000000000015, 21.43666666666667, 130.9092, 397.8709696588799, 5.973745410746667, 267.8779687499999, 2.7093909427200003, 17.513825, -229.22053, -95.59666645099999, -56.093102983499996, -34.55588807183333, -25.39506666666666]}
2022-08-28 22:39:43,751 lengths=[13, 13, 13, 13, 13, 13, 13]
2022-08-28 22:39:43,751 px2=12.803
2022-08-28 22:39:43,751 B=4.3
2022-08-28 22:39:43,751 




2022-08-28 22:39:43,761 




2022-08-28 22:39:43,761 printing informations Stem Pressure During Construction......
2022-08-28 22:39:43,761 P1=26.90337705 P2=33.8263959 P3=23.84494735 P=84.5747203
2022-08-28 22:39:43,761 M1=79.45464022099999 M2=32.6424720435 M3=15.340249461833334 M=127.43736172633334
2022-08-28 22:39:43,761 




2022-08-28 22:39:43,761 




2022-08-28 22:39:43,761 printing informations Toe Design Moment..........
2022-08-28 22:39:43,761 After Construction.......................
2022-08-28 22:39:43,761 P1=84.48079945916706 P2=77.69670701699219 L=1.4500000000000002
2022-08-28 22:39:43,761 V1=117.57869219521547 V2=20.532000000000004 V=97.04669219521546
2022-08-28 22:39:43,761 M1=86.43318137150395 M2=14.885700000000005 M=71.54748137150395
2022-08-28 22:39:43,761 During Operations.......................
2022-08-28 22:39:43,761 P1=78.55077509053103 P2=63.99015017658175 L=1.4500000000000002
2022-08-28 22:39:43,761 V1=103.34217081865678 V2=35.9513 V3=20.532000000000004 V=118.76147081865676
2022-08-28 22:39:43,761 M1=77.47421666699104 M2=26.064692500000007 M3=14.885700000000005 M=88.65320916699105
2022-08-28 22:39:43,761 




2022-08-28 22:39:43,766 




2022-08-28 22:39:43,766 printing informations Heel Design Moment..........
2022-08-28 22:39:43,766 After Construction.......................
2022-08-28 22:39:43,766 P1=64.36245635478642 P2=75.35736479555258 L=2.3499999999999996
2022-08-28 22:39:43,766 V1=164.1707898516483 V2=33.275999999999996 V3=203.27499999999998 V=-72.3802101483517
2022-08-28 22:39:43,766 M1=187.84072958700915 M2=39.09929999999999 M3=238.84812499999992 M=-90.10669541299077
2022-08-28 22:39:43,766 During Operations.......................
2022-08-28 22:39:43,766 P1=35.37099086295729 P2=58.969245033840615 L=-2.3499999999999996
2022-08-28 22:39:43,766 V1=-110.84977717873753 V2=-58.265899999999995 V3=-33.275999999999996 V4=-210.53179999999995 V=-63.45946703038584
2022-08-28 22:39:43,766 M1=119.38837496345796 M2=68.46243249999998 M3=39.09929999999999 M4=247.37486499999991 M=-98.62335753654196
2022-08-28 22:39:43,766 




2022-08-28 22:39:43,766 Printing Basic Info....................
2022-08-28 22:39:43,766 H=5.0 gmma_s=17.3 ca=0.33
2022-08-28 22:39:43,766 Ttop=0.3 Tbot=0.5 Tfoot=0.6
2022-08-28 22:39:43,766 Lheel=2.3499999999999996 Ltoe=1.45
2022-08-28 22:39:43,766 X1=2.3499999999999996 X2=2.55 X3=2.8499999999999996 X4=4.3
2022-08-28 22:39:43,766 



2022-08-28 22:39:43,766 printing earth pressure calcualtion Case B.................
2022-08-28 22:39:43,766   component   area       PV        PH     Arm_V     Arm_H           M
0        C1   1.50  -35.400   0.00000 -1.600000  0.000000   56.640000
1        C2   0.50  -11.800   0.00000 -1.816667  0.000000   21.436667
2        C3   2.58  -60.888   0.00000 -2.150000  0.000000  130.909200
3        S1   0.50   -8.650   0.00000 -1.816667  0.000000   15.714167
4        S2  11.75 -203.275   0.00000 -3.125000  0.000000  635.234375
5        SH   0.00    0.000  89.51712  0.000000  2.266667 -202.905472
2022-08-28 22:39:43,776 



2022-08-28 22:39:43,776 Printing Reaction and ecectricity Case B.........
2022-08-28 22:39:43,776 Ecentrictiy(+) if P is left to cente..........
2022-08-28 22:39:43,776 P=-320.013 e=0.09686798244654593
2022-08-28 22:39:43,776    dist        P  A_list        P/A         I     c          S        P*e  \
0  0.00  320.013     4.3  74.421628  6.625583 -2.15  -3.081667  30.999014   
1  2.35  320.013     4.3  74.421628  6.625583  0.20  33.127917  30.999014   
2  2.55  320.013     4.3  74.421628  6.625583  0.40  16.563958  30.999014   
3  2.85  320.013     4.3  74.421628  6.625583  0.70   9.465119  30.999014   
4  4.30  320.013     4.3  74.421628  6.625583  2.15   3.081667  30.999014   

         M/S          R  
0 -10.059172  64.362456  
1   0.935737  75.357365  
2   1.871474  76.293102  
3   3.275079  77.696707  
4  10.059172  84.480799  
2022-08-28 22:39:43,786 




2022-08-28 22:39:43,786 printing earth pressure calcualtion Case C.................
2022-08-28 22:39:43,786    component       area          PV         PH     Arm_V     Arm_H           M
0         C1   1.500000  -35.400000   0.000000 -1.600000  0.000000   56.640000
1         C2   0.500000  -11.800000   0.000000 -1.816667  0.000000   21.436667
2         C3   2.580000  -60.888000   0.000000 -2.150000  0.000000  130.909200
3         S1   7.451504 -128.911019   0.000000 -3.086400  0.000000  397.870970
4         S2   0.188498   -3.261015   0.000000 -1.831867  0.000000    5.973745
5         S3   4.535500  -85.720950   0.000000 -3.125000  0.000000  267.877969
6         S4   0.074498   -1.408012   0.000000 -1.924267  0.000000    2.709391
7          W   2.465000  -24.157000   0.000000 -0.725000  0.000000   17.513825
8          U  10.879000  106.614200   0.000000 -2.150000  0.000000 -229.220530
9         P1   0.000000    0.000000  26.903377  0.000000  3.553333  -95.596666
10        P2   0.000000    0.000000  44.342374  0.000000  1.265000  -56.093103
11        P3   0.000000    0.000000  40.975361  0.000000  0.843333  -34.555888
12        P4   0.000000    0.000000  33.124000  0.000000  0.766667  -25.395067
2022-08-28 22:39:43,801 



2022-08-28 22:39:43,801 Printing Reaction and ecectricity Case C.........
2022-08-28 22:39:43,801 Ecentrictiy(+) if P is left to cente..........
2022-08-28 22:39:43,801 P=-244.93179679999992 e=0.2716382753616682
2022-08-28 22:39:43,801    dist           P  A_list        P/A         I     c          S        P*e  \
0  0.00  244.931797     4.3  56.960883  6.625583 -2.15  -3.081667  66.532851   
1  2.35  244.931797     4.3  56.960883  6.625583  0.20  33.127917  66.532851   
2  2.55  244.931797     4.3  56.960883  6.625583  0.40  16.563958  66.532851   
3  2.85  244.931797     4.3  56.960883  6.625583  0.70   9.465119  66.532851   
4  4.30  244.931797     4.3  56.960883  6.625583  2.15   3.081667  66.532851   

         M/S          R  
0 -21.589892  35.370991  
1   2.008362  58.969245  
2   4.016724  60.977607  
3   7.029267  63.990150  
4  21.589892  78.550775  
2022-08-28 22:39:43,811 printing stem design forces.........
2022-08-28 22:39:43,811      Case                Desc         V           M
0  Case B  After Construction  71.36250  118.937500
1  Case C    During Operation  84.57472  127.437362
2022-08-28 22:39:43,816 Printing Toe Design Forces.........
2022-08-28 22:39:43,816      Case                Desc          V          M
0  Case B  After Construction -72.380210 -90.106695
1  Case C    During Operation -63.459467 -98.623358
2022-08-28 22:39:44,926 Printing Calcualtion of ecentricity..................
2022-08-28 22:39:44,926 P=-2827.812 M=-25675.37808333333 center of Reactions=9.079591600620313
2022-08-28 22:39:44,926 P=-2827.812 M=-25675.37808333333 center of Reactions=9.079591600620313 ecentricity=11.229591600620314
2022-08-28 22:39:44,936 




2022-08-28 22:39:44,936 printing informations about During operation pressure calc......
2022-08-28 22:39:44,936 del_t=-0.5 h=16.4 slope=-0.030487804878048783
2022-08-28 22:39:44,936 t4=-0.1929878048780488 t5=-0.3070121951219512
2022-08-28 22:39:44,936 printing area=[16.4, -4.1, 2.5799999999999996, 21.721112804878047, -1.5458064024390243, 14.875499999999997, -0.6108064024390245, 8.085199999999999, 29.798999999999996, 0, 0, 0, 0]
2022-08-28 22:39:44,936 printing vertical loads=[-2460.0, 615.0, -386.99999999999994, -2389.322408536585, 170.0387042682927, -1785.0599999999997, 73.29676829268294, -504.5164799999999, 1859.4575999999997, 0, 0, 0, 0]
2022-08-28 22:39:44,936 Horizontal Pressure=[0, 0, 0, 0, 0, 0, 0, 0, 0, 1840.4989350000005, 2533.1991300000004, 1954.8055295999998, 1308.4835711999997]
2022-08-28 22:39:44,936 moment arm for vertical loads=[-1.9500000000000002, -2.2833333333333337, -2.15, -3.2214939024390246, -2.2453252032520328, -3.125, -2.0143292682926828, -0.725, -2.15, 0, 0, 0, 0]
2022-08-28 22:39:44,936 moment arm for horizontal pressure=[0, 0, 0, 0, 0, 0, 0, 0, 0, 10.286666666666667, 3.465, 2.31, 2.0586666666666664]
2022-08-28 22:39:44,936 P=-4808.10581597561 M=-21580.66165124001 center of Reactions=4.488391578141899 ecentricity=6.638391578141899
2022-08-28 22:39:44,936 data={'component': ['C1', 'C2', 'C3', 'S1', 'S2', 'S3', 'S4', 'W', 'U', 'P1', 'P2', 'P3', 'P4'], 'area': [16.4, -4.1, 2.5799999999999996, 21.721112804878047, -1.5458064024390243, 14.875499999999997, -0.6108064024390245, 8.085199999999999, 29.798999999999996, 0, 0, 0, 0], 'PV': [-2460.0, 615.0, -386.99999999999994, -2389.322408536585, 170.0387042682927, -1785.0599999999997, 73.29676829268294, -504.5164799999999, 1859.4575999999997, 0, 0, 0, 0], 'PH': [0, 0, 0, 0, 0, 0, 0, 0, 0, 1840.4989350000005, 2533.1991300000004, 1954.8055295999998, 1308.4835711999997], 'Arm_V': [-1.9500000000000002, -2.2833333333333337, -2.15, -3.2214939024390246, -2.2453252032520328, -3.125, -2.0143292682926828, -0.725, -2.15, 0, 0, 0, 0], 'Arm_H': [0, 0, 0, 0, 0, 0, 0, 0, 0, 10.286666666666667, 3.465, 2.31, 2.0586666666666664], 'M': [4797.0, -1404.2500000000002, 832.0499999999998, 7697.187570061533, -381.7921882219166, 5578.312499999999, -147.64382564321835, 365.7744479999999, -3997.8338399999993, -18932.599044700008, -8777.534985450002, -4515.600773376, -2693.731511910399]}
2022-08-28 22:39:44,936 lengths=[13, 13, 13, 13, 13, 13, 13]
2022-08-28 22:39:44,936 px2=81.408
2022-08-28 22:39:44,936 B=4.3
2022-08-28 22:39:44,936 




2022-08-28 22:39:44,946 




2022-08-28 22:39:44,946 printing informations Stem Pressure During Construction......
2022-08-28 22:39:44,946 P1=1840.4989350000005 P2=2313.8745300000005 P3=1630.9645056 P=5785.3379706000005
2022-08-28 22:39:44,946 M1=17828.299683700006 M2=7323.412887450002 M3=3441.3351068159996 M=28593.04767796601
2022-08-28 22:39:44,946 




2022-08-28 22:39:44,946 




2022-08-28 22:39:44,946 printing informations Toe Design Moment..........
2022-08-28 22:39:44,946 After Construction.......................
2022-08-28 22:39:44,946 P1=10962.17603569497 P2=4012.598947262504 L=1.4500000000000002
2022-08-28 22:39:44,946 V1=10856.711862644172 V2=130.50000000000003 V=10726.211862644172
2022-08-28 22:39:44,946 M1=9088.739919452797 M2=94.61250000000003 M=8994.127419452798
2022-08-28 22:39:44,946 During Operations.......................
2022-08-28 22:39:44,946 P1=11475.57544306223 P2=4490.344566444774 L=1.4500000000000002
2022-08-28 22:39:44,946 V1=11575.292006892578 V2=627.0264 V3=130.50000000000003 V=12071.818406892578
2022-08-28 22:39:44,946 M1=9615.957364837803 M2=454.59414000000004 M3=94.61250000000003 M=9975.939004837803
2022-08-28 22:39:44,946 




2022-08-28 22:39:44,946 




2022-08-28 22:39:44,946 printing informations Heel Design Moment..........
2022-08-28 22:39:44,946 After Construction.......................
2022-08-28 22:39:44,946 P1=-9646.914640346135 P2=1616.193054699585 L=2.3499999999999996
2022-08-28 22:39:44,946 V1=-9436.097863134695 V2=211.49999999999994 V3=4239.399999999999 V=-13886.997863134693
2022-08-28 22:39:44,946 M1=-16270.791009674092 M2=248.5124999999999 M3=4981.294999999997 M=-21500.59850967409
2022-08-28 22:39:44,946 During Operations.......................
2022-08-28 22:39:44,946 P1=-9239.247156561945 P2=2081.644264162893 L=-2.3499999999999996
2022-08-28 22:39:44,946 V1=8410.183398568886 V2=-1016.2151999999998 V3=-211.49999999999994 V4=-4388.155 V=21492.46606170358
2022-08-28 22:39:44,946 M1=-15091.934065897845 M2=1194.0528599999996 M3=248.5124999999999 M4=5156.082124999999 M=-19302.475830897845
2022-08-28 22:39:44,946 




2022-08-28 22:39:44,946 Printing Basic Info....................
2022-08-28 22:39:44,946 H=16.4 gmma_s=17.3 ca=0.33
2022-08-28 22:39:44,946 Ttop=1.0 Tbot=0.5 Tfoot=0.6
2022-08-28 22:39:44,946 Lheel=2.3499999999999996 Ltoe=1.45
2022-08-28 22:39:44,946 X1=2.3499999999999996 X2=1.8499999999999996 X3=2.8499999999999996 X4=4.3
2022-08-28 22:39:44,946 



2022-08-28 22:39:44,946 printing earth pressure calcualtion Case B.................
2022-08-28 22:39:44,946   component   area        PV       PH     Arm_V     Arm_H             M
0        C1  16.40 -2460.000     0.00 -1.950000  0.000000   4797.000000
1        C2  -4.10   615.000     0.00 -2.283333  0.000000  -1404.250000
2        C3   2.58  -387.000     0.00 -2.150000  0.000000    832.050000
3        S1  -4.10    70.930     0.00 -2.283333  0.000000   -161.956833
4        S2  38.54  -666.742     0.00 -3.125000  0.000000   2083.568750
5        SH   0.00     0.000  5245.35  0.000000  6.066667 -31821.790000
2022-08-28 22:39:44,961 



2022-08-28 22:39:44,961 Printing Reaction and ecectricity Case B.........
2022-08-28 22:39:44,961 Ecentrictiy(+) if P is left to cente..........
2022-08-28 22:39:44,961 P=-2827.812 e=11.229591600620314
2022-08-28 22:39:44,961    dist         P  A_list         P/A         I     c          S  \
0  0.00  2827.812     4.3  657.630698  6.625583 -2.15  -3.081667   
1  2.35  2827.812     4.3  657.630698  6.625583  0.20  33.127917   
2  1.85  2827.812     4.3  657.630698  6.625583 -0.30 -22.085278   
3  2.85  2827.812     4.3  657.630698  6.625583  0.70   9.465119   
4  4.30  2827.812     4.3  657.630698  6.625583  2.15   3.081667   

            P*e           M/S             R  
0  31755.173883 -10304.545338  -9646.914640  
1  31755.173883    958.562357   1616.193055  
2  31755.173883  -1437.843536   -780.212838  
3  31755.173883   3354.968250   4012.598947  
4  31755.173883  10304.545338  10962.176036  
2022-08-28 22:39:44,966 




2022-08-28 22:39:44,966 printing earth pressure calcualtion Case C.................
2022-08-28 22:39:44,966    component       area           PV           PH     Arm_V      Arm_H  \
0         C1  16.400000 -2460.000000     0.000000 -1.950000   0.000000   
1         C2  -4.100000   615.000000     0.000000 -2.283333   0.000000   
2         C3   2.580000  -387.000000     0.000000 -2.150000   0.000000   
3         S1  21.721113 -2389.322409     0.000000 -3.221494   0.000000   
4         S2  -1.545806   170.038704     0.000000 -2.245325   0.000000   
5         S3  14.875500 -1785.060000     0.000000 -3.125000   0.000000   
6         S4  -0.610806    73.296768     0.000000 -2.014329   0.000000   
7          W   8.085200  -504.516480     0.000000 -0.725000   0.000000   
8          U  29.799000  1859.457600     0.000000 -2.150000   0.000000   
9         P1   0.000000     0.000000  1840.498935  0.000000  10.286667   
10        P2   0.000000     0.000000  2533.199130  0.000000   3.465000   
11        P3   0.000000     0.000000  1954.805530  0.000000   2.310000   
12        P4   0.000000     0.000000  1308.483571  0.000000   2.058667   

               M  
0    4797.000000  
1   -1404.250000  
2     832.050000  
3    7697.187570  
4    -381.792188  
5    5578.312500  
6    -147.643826  
7     365.774448  
8   -3997.833840  
9  -18932.599045  
10  -8777.534985  
11  -4515.600773  
12  -2693.731512  
2022-08-28 22:39:44,966 



2022-08-28 22:39:44,966 Printing Reaction and ecectricity Case C.........
2022-08-28 22:39:44,966 Ecentrictiy(+) if P is left to cente..........
2022-08-28 22:39:44,966 P=-4808.10581597561 e=6.638391578141899
2022-08-28 22:39:44,966    dist            P  A_list          P/A         I     c          S  \
0  0.00  4808.105816     4.3  1118.164143  6.625583 -2.15  -3.081667   
1  2.35  4808.105816     4.3  1118.164143  6.625583  0.20  33.127917   
2  1.85  4808.105816     4.3  1118.164143  6.625583 -0.30 -22.085278   
3  2.85  4808.105816     4.3  1118.164143  6.625583  0.70   9.465119   
4  4.30  4808.105816     4.3  1118.164143  6.625583  2.15   3.081667   

            P*e           M/S             R  
0  31918.089156 -10357.411300  -9239.247157  
1  31918.089156    963.480121   2081.644264  
2  31918.089156  -1445.220181   -327.056038  
3  31918.089156   3372.180423   4490.344566  
4  31918.089156  10357.411300  11475.575443  
2022-08-28 22:39:44,966 printing stem design forces.........
2022-08-28 22:39:44,966      Case                Desc            V             M
0  Case B  After Construction  4881.624000  26686.211200
1  Case C    During Operation  5785.337971  28593.047678
2022-08-28 22:39:44,976 Printing Toe Design Forces.........
2022-08-28 22:39:44,976      Case                Desc             V             M
0  Case B  After Construction -13886.997863 -21500.598510
1  Case C    During Operation  21492.466062 -19302.475831
