2022-07-04 16:40:07,204 sucesfully initiated Uframe object building...................
2022-07-04 16:40:07,204 passed parameters.................
2022-07-04 16:40:07,205 heights=[19.35, 4.1, 15.252, 15.252]
2022-07-04 16:40:07,205 thickness=[0.984, 1.968, 2.624]
2022-07-04 16:40:07,206 Printing Geomatrical Information....................
2022-07-04 16:40:07,207 All units are in feet
2022-07-04 16:40:07,207 h=19.35 h1=4.1 h2=15.252 h3=15.252
2022-07-04 16:40:07,207 t1=0.984 t2=1.968 t3=0.984 t4=0.7756055813953487 t5=2.624
2022-07-04 16:40:07,207 B=17.056
2022-07-04 16:40:07,207 




2022-07-04 16:40:07,207 Printing Unit Weights of Materials....................
2022-07-04 16:40:07,207 All units are in lb/cft
2022-07-04 16:40:07,207 gamma_c=150
2022-07-04 16:40:07,207 gamma_s_m=110
2022-07-04 16:40:07,207 gamma_s_sat=120
2022-07-04 16:40:07,207 gamma_w=62.4
2022-07-04 16:40:07,207 




2022-07-04 16:40:07,208 Loads....................
2022-07-04 16:40:07,208 All units are in lb
2022-07-04 16:40:07,208 Dead Load of wingwall WW=4284.5328
2022-07-04 16:40:07,208 Soil Behind Wingwall S=737.4817048349767
2022-07-04 16:40:07,208 Dead Load of Appron A=3356.6208
2022-07-04 16:40:07,208 Weight of Water W=6243.314688
2022-07-04 16:40:07,208 uplift U=8116.3090944000005
2022-07-04 16:40:07,208 Foundation Pressure F=6505.640898434977
2022-07-04 16:40:07,208 




2022-07-04 16:40:07,208 Pressure....................
2022-07-04 16:40:07,208 All units are in lb
2022-07-04 16:40:07,208 P1=308.1833333333333
2022-07-04 16:40:07,208 P2=2292.884
2022-07-04 16:40:07,208 P3=9491.0389632
2022-07-04 16:40:07,208 P4=7257.853324800001
2022-07-04 16:40:07,208 P1+P2+P3=12092.106296533333
2022-07-04 16:40:07,208 




2022-07-04 16:40:07,208 Printing Moments.......................
2022-07-04 16:40:07,208 All units are in lb and lb-ft
2022-07-04 16:40:07,209            Description Load Case            F             P          Mend  \
0  During Construction         A  7641.153600      0.000000      0.000000   
1   After Construction         B  8378.635305   6864.412500  44275.460625   
2     During Operation         C  6505.640898   4834.252972  33960.645259   
3   During Maintenance         D   262.326210  12092.106297  70859.571562   

            Mcl  
0  14053.267584  
1 -27803.253049  
2 -23631.859336  
3 -54387.363986  
2022-07-04 16:40:07,212 




2022-07-04 16:40:07,212 Checking moment calcualtion Case C................
2022-07-04 16:40:07,213 Checking End moment....................
2022-07-04 16:40:07,213 P1=308.1833333333333 P2=2292.884 P3=9491.0389632 P4=7257.853324800001
2022-07-04 16:40:07,213 h1=4.1 h2=15.252 h3=15.252 h=19.35
2022-07-04 16:40:07,213 M1=5121.596088888888 M2=17485.533384000002 M3=48252.4420889088 M4=36898.9263032832 Mend=33960.645258514494
2022-07-04 16:40:07,213 


2022-07-04 16:40:07,213 Checking Appron moment at Center.................
2022-07-04 16:40:07,213 WW+S=5022.014504834977
2022-07-04 16:40:07,213 M1=16472.207575858727 M2=6143.421652992 M3=33960.645258514494 Mcl=-23631.85933564777
2022-07-04 16:40:07,213 




2022-07-04 16:40:07,213 Checking Weight Calcualtions...............
2022-07-04 16:40:07,213 h1+h2=19.352 t1+t2=2.952 gamma_c=150 WW=4284.5328
2022-07-04 16:40:07,213 S=1106.5632382511626
2022-07-04 16:40:07,213 W=6243.314688
