2022-08-30 08:51:13,558 sucesfully initiated Uframe object building...................
2022-08-30 08:51:13,558 passed parameters.................
2022-08-30 08:51:13,558 heights=[19.35, 4.1, 15.252, 15.252]
2022-08-30 08:51:13,558 thickness=[0.984, 1.968, 2.624]
2022-08-30 08:51:13,743 Printing Geomatrical Information....................
2022-08-30 08:51:13,743 All units are in feet
2022-08-30 08:51:13,743 h=19.35 h1=4.1 h2=15.252 h3=15.252
2022-08-30 08:51:13,743 t1=0.984 t2=1.968 t3=0.984 t4=0.7756055813953487 t5=2.624
2022-08-30 08:51:13,743 B=17.056
2022-08-30 08:51:13,743 




2022-08-30 08:51:13,743 Printing Unit Weights of Materials....................
2022-08-30 08:51:13,743 All units are in lb/cft
2022-08-30 08:51:13,743 gamma_c=150
2022-08-30 08:51:13,743 gamma_s_m=110
2022-08-30 08:51:13,743 gamma_s_sat=120
2022-08-30 08:51:13,743 gamma_w=62.4
2022-08-30 08:51:13,743 




2022-08-30 08:51:13,743 Loads....................
2022-08-30 08:51:13,743 All units are in lb
2022-08-30 08:51:13,743 Dead Load of wingwall WW=4284.5328
2022-08-30 08:51:13,743 Soil Behind Wingwall S=737.4817048349767
2022-08-30 08:51:13,743 Dead Load of Appron A=3356.6208
2022-08-30 08:51:13,743 Weight of Water W=6243.314688
2022-08-30 08:51:13,743 uplift U=8116.3090944000005
2022-08-30 08:51:13,743 Foundation Pressure F=6505.640898434977
2022-08-30 08:51:13,743 




2022-08-30 08:51:13,743 Pressure....................
2022-08-30 08:51:13,743 All units are in lb
2022-08-30 08:51:13,743 P1=308.1833333333333
2022-08-30 08:51:13,743 P2=2292.884
2022-08-30 08:51:13,743 P3=9491.0389632
2022-08-30 08:51:13,743 P4=7257.853324800001
2022-08-30 08:51:13,743 P1+P2+P3=12092.106296533333
2022-08-30 08:51:13,743 




2022-08-30 08:51:13,743 Printing Moments.......................
2022-08-30 08:51:13,743 All units are in lb and lb-ft
2022-08-30 08:51:13,743            Description Load Case            F             P          Mend  \
0  During Construction         A  7641.153600      0.000000      0.000000   
1   After Construction         B  8378.635305   6864.412500  44275.460625   
2     During Operation         C  6505.640898   4834.252972  33960.645259   
3   During Maintenance         D   262.326210  12092.106297  70859.571562   

            Mcl  
0  14053.267584  
1 -27803.253049  
2 -23631.859336  
3 -54387.363986  
2022-08-30 08:51:13,774 




2022-08-30 08:51:13,774 Checking moment calcualtion Case C................
2022-08-30 08:51:13,774 Checking End moment....................
2022-08-30 08:51:13,774 P1=308.1833333333333 P2=2292.884 P3=9491.0389632 P4=7257.853324800001
2022-08-30 08:51:13,774 h1=4.1 h2=15.252 h3=15.252 h=19.35
2022-08-30 08:51:13,774 M1=5121.596088888888 M2=17485.533384000002 M3=48252.4420889088 M4=36898.9263032832 Mend=33960.645258514494
2022-08-30 08:51:13,774 


2022-08-30 08:51:13,774 Checking Appron moment at Center.................
2022-08-30 08:51:13,774 WW+S=5022.014504834977
2022-08-30 08:51:13,774 M1=16472.207575858727 M2=6143.421652992 M3=33960.645258514494 Mcl=-23631.85933564777
2022-08-30 08:51:13,774 




2022-08-30 08:51:13,774 Checking Weight Calcualtions...............
2022-08-30 08:51:13,774 h1+h2=19.352 t1+t2=2.952 gamma_c=150 WW=4284.5328
2022-08-30 08:51:13,774 S=1106.5632382511626
2022-08-30 08:51:13,774 W=6243.314688
2022-08-30 09:01:33,052 sucesfully initiated Uframe object building...................
2022-08-30 09:01:33,052 passed parameters.................
2022-08-30 09:01:33,052 heights=[19.35, 10.0696, 6.330399999999999, 5.576]
2022-08-30 09:01:33,052 thickness=[0.984, 1.968, 2.624]
2022-08-30 09:01:33,052 Printing Geomatrical Information....................
2022-08-30 09:01:33,052 All units are in feet
2022-08-30 09:01:33,067 h=19.35 h1=10.0696 h2=6.330399999999999 h3=5.576
2022-08-30 09:01:33,067 t1=0.984 t2=1.968 t3=0.984 t4=0.3219180155038759 t5=2.624
2022-08-30 09:01:33,067 B=17.065
2022-08-30 09:01:33,067 




2022-08-30 09:01:33,067 Printing Unit Weights of Materials....................
2022-08-30 09:01:33,067 All units are in lb/cft
2022-08-30 09:01:33,067 gamma_c=150
2022-08-30 09:01:33,067 gamma_s_m=110
2022-08-30 09:01:33,067 gamma_s_sat=120
2022-08-30 09:01:33,067 gamma_w=62.4
2022-08-30 09:01:33,067 




2022-08-30 09:01:33,067 Loads....................
2022-08-30 09:01:33,067 All units are in lb
2022-08-30 09:01:33,067 Dead Load of wingwall WW=3630.9599999999996
2022-08-30 09:01:33,067 Soil Behind Wingwall S=781.9446130844377
2022-08-30 09:01:33,067 Dead Load of Appron A=3358.3920000000003
2022-08-30 09:01:33,067 Weight of Water W=2284.0678848000002
2022-08-30 09:01:33,067 uplift U=3370.4822111999997
2022-08-30 09:01:33,067 Foundation Pressure F=6684.882286684438
2022-08-30 09:01:33,067 




2022-08-30 09:01:33,067 Pressure....................
2022-08-30 09:01:33,067 All units are in lb
2022-08-30 09:01:33,067 P1=1840.352721504
2022-08-30 09:01:33,067 P2=2313.928828992
2022-08-30 09:01:33,067 P3=1631.1706371686394
2022-08-30 09:01:33,067 P4=970.0634111999998
2022-08-30 09:01:33,067 P1+P2+P3=5785.4521876646395
2022-08-30 09:01:33,067 




2022-08-30 09:01:33,067 Printing Moments.......................
2022-08-30 09:01:33,067 All units are in lb and lb-ft
2022-08-30 09:01:33,067            Description Load Case            F            P          Mend  \
0  During Construction         A  6989.352000     0.000000      0.000000   
1   After Construction         B  7771.296613  6795.768375  43832.706019   
2     During Operation         C  6684.882287  4815.388776  26790.384659   
3   During Maintenance         D  4400.814402  5785.452188  28593.409186   

            Mcl  
0  11917.718460  
1 -29348.449852  
2 -14553.651292  
3 -14109.153020  
2022-08-30 09:01:33,074 




2022-08-30 09:01:33,074 Checking moment calcualtion Case C................
2022-08-30 09:01:33,074 Checking End moment....................
2022-08-30 09:01:33,074 P1=1840.352721504 P2=2313.928828992 P3=1631.1706371686394 P4=970.0634111999998
2022-08-30 09:01:33,074 h1=10.0696 h2=6.330399999999999 h3=5.576 h=19.35
2022-08-30 09:01:33,074 M1=17827.374123027814 M2=7324.047529525477 M3=3441.9875338441175 M4=1803.0245269503994 Mend=26790.38465944701
2022-08-30 09:01:33,074 


2022-08-30 09:01:33,074 Checking Appron moment at Center.................
2022-08-30 09:01:33,074 WW+S=4412.904613084437
2022-08-30 09:01:33,074 M1=14484.256166296396 M2=2247.5227986432 M3=26790.38465944701 Mcl=-14553.651291793813
2022-08-30 09:01:33,074 




2022-08-30 09:01:33,074 Checking Weight Calcualtions...............
2022-08-30 09:01:33,074 h1+h2=16.4 t1+t2=2.952 gamma_c=150 WW=3630.9599999999996
2022-08-30 09:01:33,074 S=845.5261510112247
2022-08-30 09:01:33,074 W=2284.0678848000002
