2022-07-04 16:31:10,853 sucesfully initiated Uframe object building...................
2022-07-04 16:31:10,854 passed parameters.................
2022-07-04 16:31:10,854 heights=[5.9, 1.25, 4.65, 4.65]
2022-07-04 16:31:10,854 thickness=[0.3, 0.6, 0.8]
2022-07-04 16:31:10,857 Printing Geomatrical Information....................
2022-07-04 16:31:10,857 All units are in meter
2022-07-04 16:31:10,859 h=5.9 h1=1.25 h2=4.65 h3=4.65
2022-07-04 16:31:10,859 t1=0.3 t2=0.6 t3=0.3 t4=0.2364406779661017 t5=0.8
2022-07-04 16:31:10,859 B=5.2
2022-07-04 16:31:10,859 




2022-07-04 16:31:10,859 Printing Unit Weights of Materials....................
2022-07-04 16:31:10,859 All units are in Kn/m^3
2022-07-04 16:31:10,860 gamma_c=23.6
2022-07-04 16:31:10,860 gamma_s_m=17.3
2022-07-04 16:31:10,860 gamma_s_sat=18.9
2022-07-04 16:31:10,860 gamma_w=9.8
2022-07-04 16:31:10,860 




2022-07-04 16:31:10,860 Loads....................
2022-07-04 16:31:10,860 All units are in Kn
2022-07-04 16:31:10,860 Dead Load of wingwall WW=62.658
2022-07-04 16:31:10,860 Soil Behind Wingwall S=10.80275847457627
2022-07-04 16:31:10,860 Dead Load of Appron A=49.08800000000001
2022-07-04 16:31:10,861 Weight of Water W=91.14000000000001
2022-07-04 16:31:10,861 uplift U=118.48200000000003
2022-07-04 16:31:10,861 Foundation Pressure F=95.20675847457625
2022-07-04 16:31:10,861 




2022-07-04 16:31:10,861 Pressure....................
2022-07-04 16:31:10,861 All units are in Kn
2022-07-04 16:31:10,861 P1=4.505208333333333
2022-07-04 16:31:10,861 P2=33.518750000000004
2022-07-04 16:31:10,861 P3=138.74437500000002
2022-07-04 16:31:10,861 P4=105.95025000000003
2022-07-04 16:31:10,861 P1+P2+P3=176.76833333333337
2022-07-04 16:31:10,861 




2022-07-04 16:31:10,861 Printing Moments.......................
2022-07-04 16:31:10,861 All units are in Kn and Kn-m
2022-07-04 16:31:10,862            Description Load Case           F           P        Mend  \
0  During Construction         A  111.746000    0.000000    0.000000   
1   After Construction         B  122.548758  100.368833  197.392039   
2     During Operation         C   95.206758   70.818083  151.588376   
3   During Maintenance         D    4.066758  176.768333  315.811264   

          Mcl  
0   62.658000  
1 -123.931280  
2 -105.469618  
3 -242.350505  
2022-07-04 16:31:10,866 




2022-07-04 16:31:10,866 Checking moment calcualtion Case C................
2022-07-04 16:31:10,866 Checking End moment....................
2022-07-04 16:31:10,866 P1=4.505208333333333 P2=33.518750000000004 P3=138.74437500000002 P4=105.95025000000003
2022-07-04 16:31:10,866 h1=1.25 h2=4.65 h3=4.65 h=5.9
2022-07-04 16:31:10,866 M1=22.82638888888889 M2=77.93109375000002 M3=215.05378125000001 M4=164.22288750000004 Mend=151.58837638888886
2022-07-04 16:31:10,866 


2022-07-04 16:31:10,866 Checking Appron moment at Center.................
2022-07-04 16:31:10,866 WW+S=73.46075847457627
2022-07-04 16:31:10,866 M1=73.46075847457627 M2=27.342000000000002 M3=151.58837638888886 Mcl=-105.4696179143126
2022-07-04 16:31:10,866 




2022-07-04 16:31:10,866 Checking Weight Calcualtions...............
2022-07-04 16:31:10,867 h1+h2=5.9 t1+t2=0.8999999999999999 gamma_c=23.6 WW=62.658
2022-07-04 16:31:10,867 S=16.1900593220339
2022-07-04 16:31:10,867 W=91.14000000000001
