2022-08-29 12:37:11,709 Printing Calcualtion of ecentricity..................
2022-08-29 12:37:11,709 P=-320.013 M=657.0289363333334 center of Reactions=-2.053132017553454
2022-08-29 12:37:11,709 P=-320.013 M=657.0289363333334 center of Reactions=-2.053132017553454 ecentricity=0.09686798244654593
2022-08-29 12:37:11,724 




2022-08-29 12:37:11,724 printing informations about During operation pressure calc......
2022-08-29 12:37:11,724 del_t=0.2 h=5.0 slope=0.04
2022-08-29 12:37:11,724 t4=0.0772 t5=0.1228
2022-08-29 12:37:11,724 printing area=[1.5, 0.5, 2.5799999999999996, 7.451503999999998, 0.188498, 4.535499999999999, 0.07449800000000001, 2.465, 10.879, 0, 0, 0, 0]
2022-08-29 12:37:11,724 printing vertical loads=[-35.400000000000006, -11.8, -60.888, -128.91101919999997, -3.2610154000000002, -85.72094999999997, -1.4080122000000002, -24.157, 106.6142, 0, 0, 0, 0]
2022-08-29 12:37:11,724 Horizontal Pressure=[0, 0, 0, 0, 0, 0, 0, 0, 0, 26.90337705, 44.3423739, 40.97536135, 33.123999999999995]
2022-08-29 12:37:11,724 moment arm for vertical loads=[-1.6, -1.8166666666666669, -2.15, -3.0864000000000003, -1.8318666666666668, -3.125, -1.9242666666666666, -0.725, -2.15, 0, 0, 0, 0]
2022-08-29 12:37:11,724 moment arm for horizontal pressure=[0, 0, 0, 0, 0, 0, 0, 0, 0, 3.5533333333333332, 1.265, 0.8433333333333333, 0.7666666666666666]
2022-08-29 12:37:11,724 P=-244.93179679999992 M=460.0705122560133 center of Reactions=-1.8783617246383317 ecentricity=0.2716382753616682
2022-08-29 12:37:11,724 data={'component': ['C1', 'C2', 'C3', 'S1', 'S2', 'S3', 'S4', 'W', 'U', 'P1', 'P2', 'P3', 'P4'], 'area': [1.5, 0.5, 2.5799999999999996, 7.451503999999998, 0.188498, 4.535499999999999, 0.07449800000000001, 2.465, 10.879, 0, 0, 0, 0], 'PV': [-35.400000000000006, -11.8, -60.888, -128.91101919999997, -3.2610154000000002, -85.72094999999997, -1.4080122000000002, -24.157, 106.6142, 0, 0, 0, 0], 'PH': [0, 0, 0, 0, 0, 0, 0, 0, 0, 26.90337705, 44.3423739, 40.97536135, 33.123999999999995], 'Arm_V': [-1.6, -1.8166666666666669, -2.15, -3.0864000000000003, -1.8318666666666668, -3.125, -1.9242666666666666, -0.725, -2.15, 0, 0, 0, 0], 'Arm_H': [0, 0, 0, 0, 0, 0, 0, 0, 0, 3.5533333333333332, 1.265, 0.8433333333333333, 0.7666666666666666], 'M': [56.640000000000015, 21.43666666666667, 130.9092, 397.8709696588799, 5.973745410746667, 267.8779687499999, 2.7093909427200003, 17.513825, -229.22053, -95.59666645099999, -56.093102983499996, -34.55588807183333, -25.39506666666666]}
2022-08-29 12:37:11,724 lengths=[13, 13, 13, 13, 13, 13, 13]
2022-08-29 12:37:11,724 px2=12.803
2022-08-29 12:37:11,724 B=4.3
2022-08-29 12:37:11,724 




2022-08-29 12:37:11,731 




2022-08-29 12:37:11,731 printing informations Stem Pressure During Construction......
2022-08-29 12:37:11,731 P1=26.90337705 P2=33.8263959 P3=23.84494735 P=84.5747203
2022-08-29 12:37:11,731 M1=79.45464022099999 M2=32.6424720435 M3=15.340249461833334 M=127.43736172633334
2022-08-29 12:37:11,731 




2022-08-29 12:37:11,731 




2022-08-29 12:37:11,731 printing informations Toe Design Moment..........
2022-08-29 12:37:11,731 After Construction.......................
2022-08-29 12:37:11,731 P1=84.48079945916706 P2=77.69670701699219 L=1.4500000000000002
2022-08-29 12:37:11,731 V1=117.57869219521547 V2=20.532000000000004 V=97.04669219521546
2022-08-29 12:37:11,731 M1=86.43318137150395 M2=14.885700000000005 M=71.54748137150395
2022-08-29 12:37:11,731 During Operations.......................
2022-08-29 12:37:11,731 P1=78.55077509053103 P2=63.99015017658175 L=1.4500000000000002
2022-08-29 12:37:11,731 V1=103.34217081865678 V2=35.9513 V3=20.532000000000004 V=118.76147081865676
2022-08-29 12:37:11,731 M1=77.47421666699104 M2=26.064692500000007 M3=14.885700000000005 M=88.65320916699105
2022-08-29 12:37:11,731 




2022-08-29 12:37:11,731 




2022-08-29 12:37:11,731 printing informations Heel Design Moment..........
2022-08-29 12:37:11,731 After Construction.......................
2022-08-29 12:37:11,731 P1=64.36245635478642 P2=75.35736479555258 L=2.3499999999999996
2022-08-29 12:37:11,731 V1=164.1707898516483 V2=33.275999999999996 V3=203.27499999999998 V=-72.3802101483517
2022-08-29 12:37:11,731 M1=187.84072958700915 M2=39.09929999999999 M3=238.84812499999992 M=-90.10669541299077
2022-08-29 12:37:11,731 During Operations.......................
2022-08-29 12:37:11,731 P1=35.37099086295729 P2=58.969245033840615 L=-2.3499999999999996
2022-08-29 12:37:11,731 V1=-110.84977717873753 V2=-58.265899999999995 V3=-33.275999999999996 V4=-210.53179999999995 V=-63.45946703038584
2022-08-29 12:37:11,731 M1=119.38837496345796 M2=68.46243249999998 M3=39.09929999999999 M4=247.37486499999991 M=-98.62335753654196
2022-08-29 12:37:11,731 




2022-08-29 12:37:11,731 






2022-08-29 12:37:11,731 ################################################
2022-08-29 12:37:11,731 ################################################
2022-08-29 12:37:11,731 Printing Design Result..................
2022-08-29 12:37:11,731 Printing Basic Info....................
2022-08-29 12:37:11,731 H=5.0 gmma_s_m=17.3 ca=0.33
2022-08-29 12:37:11,731 Ttop=0.3 Tbot=0.5 Tfoot=0.6
2022-08-29 12:37:11,731 Lheel=2.3499999999999996 Ltoe=1.45
2022-08-29 12:37:11,731 X1=2.3499999999999996 X2=2.55 X3=2.8499999999999996 X4=4.3
2022-08-29 12:37:11,731 



2022-08-29 12:37:11,731 printing earth pressure calcualtion Case B.................
2022-08-29 12:37:11,731   component   area       PV        PH     Arm_V     Arm_H           M
0        C1   1.50  -35.400   0.00000 -1.600000  0.000000   56.640000
1        C2   0.50  -11.800   0.00000 -1.816667  0.000000   21.436667
2        C3   2.58  -60.888   0.00000 -2.150000  0.000000  130.909200
3        S1   0.50   -8.650   0.00000 -1.816667  0.000000   15.714167
4        S2  11.75 -203.275   0.00000 -3.125000  0.000000  635.234375
5        SH   0.00    0.000  89.51712  0.000000  2.266667 -202.905472
2022-08-29 12:37:11,731 



2022-08-29 12:37:11,731 Printing Reaction and ecectricity Case B.........
2022-08-29 12:37:11,731 Ecentrictiy(+) if P is left to cente..........
2022-08-29 12:37:11,731 P=-320.013 e=0.09686798244654593
2022-08-29 12:37:11,731    dist        P  A_list        P/A         I     c          S        P*e  \
0  0.00  320.013     4.3  74.421628  6.625583 -2.15  -3.081667  30.999014   
1  2.35  320.013     4.3  74.421628  6.625583  0.20  33.127917  30.999014   
2  2.55  320.013     4.3  74.421628  6.625583  0.40  16.563958  30.999014   
3  2.85  320.013     4.3  74.421628  6.625583  0.70   9.465119  30.999014   
4  4.30  320.013     4.3  74.421628  6.625583  2.15   3.081667  30.999014   

         M/S          R  
0 -10.059172  64.362456  
1   0.935737  75.357365  
2   1.871474  76.293102  
3   3.275079  77.696707  
4  10.059172  84.480799  
2022-08-29 12:37:11,731 




2022-08-29 12:37:11,731 printing earth pressure calcualtion Case C.................
2022-08-29 12:37:11,731    component       area          PV         PH     Arm_V     Arm_H           M
0         C1   1.500000  -35.400000   0.000000 -1.600000  0.000000   56.640000
1         C2   0.500000  -11.800000   0.000000 -1.816667  0.000000   21.436667
2         C3   2.580000  -60.888000   0.000000 -2.150000  0.000000  130.909200
3         S1   7.451504 -128.911019   0.000000 -3.086400  0.000000  397.870970
4         S2   0.188498   -3.261015   0.000000 -1.831867  0.000000    5.973745
5         S3   4.535500  -85.720950   0.000000 -3.125000  0.000000  267.877969
6         S4   0.074498   -1.408012   0.000000 -1.924267  0.000000    2.709391
7          W   2.465000  -24.157000   0.000000 -0.725000  0.000000   17.513825
8          U  10.879000  106.614200   0.000000 -2.150000  0.000000 -229.220530
9         P1   0.000000    0.000000  26.903377  0.000000  3.553333  -95.596666
10        P2   0.000000    0.000000  44.342374  0.000000  1.265000  -56.093103
11        P3   0.000000    0.000000  40.975361  0.000000  0.843333  -34.555888
12        P4   0.000000    0.000000  33.124000  0.000000  0.766667  -25.395067
2022-08-29 12:37:11,746 



2022-08-29 12:37:11,746 Printing Reaction and ecectricity Case C.........
2022-08-29 12:37:11,746 Ecentrictiy(+) if P is left to cente..........
2022-08-29 12:37:11,746 P=-244.93179679999992 e=0.2716382753616682
2022-08-29 12:37:11,746    dist           P  A_list        P/A         I     c          S        P*e  \
0  0.00  244.931797     4.3  56.960883  6.625583 -2.15  -3.081667  66.532851   
1  2.35  244.931797     4.3  56.960883  6.625583  0.20  33.127917  66.532851   
2  2.55  244.931797     4.3  56.960883  6.625583  0.40  16.563958  66.532851   
3  2.85  244.931797     4.3  56.960883  6.625583  0.70   9.465119  66.532851   
4  4.30  244.931797     4.3  56.960883  6.625583  2.15   3.081667  66.532851   

         M/S          R  
0 -21.589892  35.370991  
1   2.008362  58.969245  
2   4.016724  60.977607  
3   7.029267  63.990150  
4  21.589892  78.550775  
2022-08-29 12:37:11,746 ################################################
2022-08-29 12:37:11,746 ################################################
2022-08-29 12:37:11,746 printing stem design forces.........
2022-08-29 12:37:11,746      Case                Desc         V           M
0  Case B  After Construction  71.36250  118.937500
1  Case C    During Operation  84.57472  127.437362
2022-08-29 12:37:11,746 ################################################
2022-08-29 12:37:11,746 ################################################
2022-08-29 12:37:11,746 Printing Toe Design Forces.........
2022-08-29 12:37:11,746      Case                Desc           V          M
0  Case B  After Construction   97.046692  71.547481
1  Case C    During Operation  118.761471  88.653209
2022-08-29 12:37:11,746 ################################################
2022-08-29 12:37:11,746 ################################################
2022-08-29 12:37:11,746      Case                Desc          V          M
0  Case B  After Construction -72.380210 -90.106695
1  Case C    During Operation -63.459467 -98.623358
2022-08-29 12:37:12,611 Printing Calcualtion of ecentricity..................
2022-08-29 12:37:12,611 P=-21893.212799999998 M=147438.18226044584 center of Reactions=-6.734424207508085
2022-08-29 12:37:12,611 P=-21893.212799999998 M=147438.18226044584 center of Reactions=-6.734424207508085 ecentricity=0.3175757924919145
2022-08-29 12:37:12,611 




2022-08-29 12:37:12,611 printing informations about During operation pressure calc......
2022-08-29 12:37:12,611 del_t=0.6399999999999999 h=16.4 slope=0.03902439024390244
2022-08-29 12:37:12,611 t4=0.24703999999999995 t5=0.39296
2022-08-29 12:37:12,611 printing area=[16.4, 5.247999999999998, 27.756671999999995, 80.10407078399999, 1.9784750079999998, 48.794723199999986, 0.7819310079999997, 26.519455999999995, 117.04063359999998, 0, 0, 0, 0]
2022-08-29 12:37:12,611 printing vertical loads=[-2460.0, -787.1999999999998, -4163.500799999999, -8811.447786239998, -217.63225088, -5855.366783999998, -93.83172095999997, -1654.8140543999996, 7303.335536639998, 0, 0, 0, 0]
2022-08-29 12:37:12,611 Horizontal Pressure=[0, 0, 0, 0, 0, 0, 0, 0, 0, 1840.3527215039999, 3033.284941632, 2803.017565962239, 1919.6840831999996]
2022-08-29 12:37:12,611 moment arm for vertical loads=[-5.256, -5.969333333333333, -7.052, -10.126479999999999, -6.017973333333333, -10.25, -6.313653333333332, -2.3779999999999997, -7.052, 0, 0, 0, 0]
2022-08-29 12:37:12,611 moment arm for horizontal pressure=[0, 0, 0, 0, 0, 0, 0, 0, 0, 11.654933333333332, 4.1491999999999996, 2.766133333333333, 2.5146666666666664]
2022-08-29 12:37:12,611 P=-16740.457859839993 M=103954.65775661441 center of Reactions=-6.2097858151179635 ecentricity=0.8422141848820361
2022-08-29 12:37:12,611 data={'component': ['C1', 'C2', 'C3', 'S1', 'S2', 'S3', 'S4', 'W', 'U', 'P1', 'P2', 'P3', 'P4'], 'area': [16.4, 5.247999999999998, 27.756671999999995, 80.10407078399999, 1.9784750079999998, 48.794723199999986, 0.7819310079999997, 26.519455999999995, 117.04063359999998, 0, 0, 0, 0], 'PV': [-2460.0, -787.1999999999998, -4163.500799999999, -8811.447786239998, -217.63225088, -5855.366783999998, -93.83172095999997, -1654.8140543999996, 7303.335536639998, 0, 0, 0, 0], 'PH': [0, 0, 0, 0, 0, 0, 0, 0, 0, 1840.3527215039999, 3033.284941632, 2803.017565962239, 1919.6840831999996], 'Arm_V': [-5.256, -5.969333333333333, -7.052, -10.126479999999999, -6.017973333333333, -10.25, -6.313653333333332, -2.3779999999999997, -7.052, 0, 0, 0, 0], 'Arm_H': [0, 0, 0, 0, 0, 0, 0, 0, 0, 11.654933333333332, 4.1491999999999996, 2.766133333333333, 2.5146666666666664], 'M': [12929.76, 4699.059199999999, 29361.00764159999, 89228.9497784036, 1309.7050822691497, 60017.50953599998, 592.4209578115069, 3935.1478213631985, -51503.12220438527, -21449.188278947684, -12585.705879819494, -7753.520323127013, -4827.365574553598]}
2022-08-29 12:37:12,611 lengths=[13, 13, 13, 13, 13, 13, 13]
2022-08-29 12:37:12,611 px2=81.408
2022-08-29 12:37:12,611 B=14.104
2022-08-29 12:37:12,611 




2022-08-29 12:37:12,627 




2022-08-29 12:37:12,627 printing informations Stem Pressure During Construction......
2022-08-29 12:37:12,627 P1=1840.3527215039999 P2=2313.928828992 P3=1631.1706371686396 P=5785.4521876646395
2022-08-29 12:37:12,627 M1=17827.37412302781 M2=7324.047529525477 M3=3441.9875338441184 M=28593.409186397406
2022-08-29 12:37:12,627 




2022-08-29 12:37:12,627 




2022-08-29 12:37:12,627 printing informations Toe Design Moment..........
2022-08-29 12:37:12,627 After Construction.......................
2022-08-29 12:37:12,627 P1=1761.98189232413 P2=1620.5481336825992 L=4.756
2022-08-29 12:37:12,627 V1=8043.656401844002 V2=1403.9712 V=6639.685201844002
2022-08-29 12:37:12,627 M1=19394.412089852325 M2=3338.6435136 M=16055.768576252325
2022-08-29 12:37:12,627 During Operations.......................
2022-08-29 12:37:12,627 P1=1612.1917562289414 P2=1325.387179215696 L=4.756
2022-08-29 12:37:12,627 V1=6985.562708487348 V2=2462.75268096 V3=1403.9712 V=8044.344189447347
2022-08-29 12:37:12,627 M1=17152.283658675904 M2=5856.42587532288 M3=3338.6435136 M=19670.066020398783
2022-08-29 12:37:12,627 




2022-08-29 12:37:12,633 




2022-08-29 12:37:12,633 printing informations Heel Design Moment..........
2022-08-29 12:37:12,633 After Construction.......................
2022-08-29 12:37:12,633 P1=1342.5576425595905 P2=1571.7778720820713 L=7.707999999999999
2022-08-29 12:37:12,633 V1=11231.849073428963 V2=2275.4015999999997 V3=13905.231999999998 V=-4948.784526571035
2022-08-29 12:37:12,633 M1=42152.65282809858 M2=8769.397766399998 M3=53590.76412799999 M=-20207.509066301405
2022-08-29 12:37:12,633 During Operations.......................
2022-08-29 12:37:12,633 P1=761.6678381896622 P2=1226.4890492111288 L=-7.707999999999999
2022-08-29 12:37:12,633 V1=-7662.3566440426475 V2=-3991.3577932799994 V3=-2275.4015999999997 V4=-14393.179231999997 V=-4429.528310751613
2022-08-29 12:37:12,633 M1=27229.34372920552 M2=15382.692935301116 M3=8769.397766399998 M4=55471.312760127985 M=-21628.673862021344
2022-08-29 12:37:12,633 




2022-08-29 12:37:12,633 






2022-08-29 12:37:12,633 ################################################
2022-08-29 12:37:12,633 ################################################
2022-08-29 12:37:12,633 Printing Design Result..................
2022-08-29 12:37:12,633 Printing Basic Info....................
2022-08-29 12:37:12,633 H=16.4 gmma_s_m=110 ca=0.33
2022-08-29 12:37:12,633 Ttop=1.0 Tbot=1.64 Tfoot=1.9679999999999997
2022-08-29 12:37:12,633 Lheel=7.707999999999999 Ltoe=4.755999999999999
2022-08-29 12:37:12,633 X1=7.707999999999999 X2=8.347999999999999 X3=9.347999999999999 X4=14.104
2022-08-29 12:37:12,633 



2022-08-29 12:37:12,633 printing earth pressure calcualtion Case B.................
2022-08-29 12:37:12,633   component        area          PV           PH      Arm_V     Arm_H  \
0        C1   16.400000  -2460.0000     0.000000  -5.256000  0.000000   
1        C2    5.248000   -787.2000     0.000000  -5.969333  0.000000   
2        C3   27.756672  -4163.5008     0.000000  -7.052000  0.000000   
3        S1    5.248000   -577.2800     0.000000  -5.969333  0.000000   
4        S2  126.411200 -13905.2320     0.000000 -10.250000  0.000000   
5        SH    0.000000      0.0000  6123.509146   0.000000  7.434667   

               M  
0   12929.760000  
1    4699.059200  
2   29361.007642  
3    3445.976747  
4  142528.628000  
5  -45526.249328  
2022-08-29 12:37:12,633 



2022-08-29 12:37:12,633 Printing Reaction and ecectricity Case B.........
2022-08-29 12:37:12,633 Ecentrictiy(+) if P is left to cente..........
2022-08-29 12:37:12,633 P=-21893.212799999998 e=0.3175757924919145
2022-08-29 12:37:12,633      dist           P  A_list          P/A           I      c           S  \
0   0.000  21893.2128  14.104  1552.269767  233.800616 -7.052  -33.153803   
1   7.708  21893.2128  14.104  1552.269767  233.800616  0.656  356.403379   
2   8.348  21893.2128  14.104  1552.269767  233.800616  1.296  180.401710   
3   9.348  21893.2128  14.104  1552.269767  233.800616  2.296  101.829537   
4  14.104  21893.2128  14.104  1552.269767  233.800616  7.052   33.153803   

           P*e         M/S            R  
0  6952.754405 -209.712125  1342.557643  
1  6952.754405   19.508105  1571.777872  
2  6952.754405   38.540402  1590.810169  
3  6952.754405   68.278366  1620.548134  
4  6952.754405  209.712125  1761.981892  
2022-08-29 12:37:12,633 




2022-08-29 12:37:12,633 printing earth pressure calcualtion Case C.................
2022-08-29 12:37:12,633    component        area           PV           PH      Arm_V      Arm_H  \
0         C1   16.400000 -2460.000000     0.000000  -5.256000   0.000000   
1         C2    5.248000  -787.200000     0.000000  -5.969333   0.000000   
2         C3   27.756672 -4163.500800     0.000000  -7.052000   0.000000   
3         S1   80.104071 -8811.447786     0.000000 -10.126480   0.000000   
4         S2    1.978475  -217.632251     0.000000  -6.017973   0.000000   
5         S3   48.794723 -5855.366784     0.000000 -10.250000   0.000000   
6         S4    0.781931   -93.831721     0.000000  -6.313653   0.000000   
7          W   26.519456 -1654.814054     0.000000  -2.378000   0.000000   
8          U  117.040634  7303.335537     0.000000  -7.052000   0.000000   
9         P1    0.000000     0.000000  1840.352722   0.000000  11.654933   
10        P2    0.000000     0.000000  3033.284942   0.000000   4.149200   
11        P3    0.000000     0.000000  2803.017566   0.000000   2.766133   
12        P4    0.000000     0.000000  1919.684083   0.000000   2.514667   

               M  
0   12929.760000  
1    4699.059200  
2   29361.007642  
3   89228.949778  
4    1309.705082  
5   60017.509536  
6     592.420958  
7    3935.147821  
8  -51503.122204  
9  -21449.188279  
10 -12585.705880  
11  -7753.520323  
12  -4827.365575  
2022-08-29 12:37:12,633 



2022-08-29 12:37:12,633 Printing Reaction and ecectricity Case C.........
2022-08-29 12:37:12,633 Ecentrictiy(+) if P is left to cente..........
2022-08-29 12:37:12,633 P=-16740.457859839993 e=0.8422141848820361
2022-08-29 12:37:12,633      dist            P  A_list          P/A           I      c           S  \
0   0.000  16740.45786  14.104  1186.929797  233.800616 -7.052  -33.153803   
1   7.708  16740.45786  14.104  1186.929797  233.800616  0.656  356.403379   
2   8.348  16740.45786  14.104  1186.929797  233.800616  1.296  180.401710   
3   9.348  16740.45786  14.104  1186.929797  233.800616  2.296  101.829537   
4  14.104  16740.45786  14.104  1186.929797  233.800616  7.052   33.153803   

            P*e         M/S            R  
0  14099.051071 -425.261959   761.667838  
1  14099.051071   39.559252  1226.489049  
2  14099.051071   78.153644  1265.083441  
3  14099.051071  138.457382  1325.387179  
4  14099.051071  425.261959  1612.191756  
2022-08-29 12:37:12,649 ################################################
2022-08-29 12:37:12,649 ################################################
2022-08-29 12:37:12,649 printing stem design forces.........
2022-08-29 12:37:12,649      Case                Desc            V             M
0  Case B  After Construction  4881.624000  26686.211200
1  Case C    During Operation  5785.452188  28593.409186
2022-08-29 12:37:12,649 ################################################
2022-08-29 12:37:12,649 ################################################
2022-08-29 12:37:12,649 Printing Toe Design Forces.........
2022-08-29 12:37:12,649      Case                Desc            V             M
0  Case B  After Construction  6639.685202  16055.768576
1  Case C    During Operation  8044.344189  19670.066020
2022-08-29 12:37:12,649 ################################################
2022-08-29 12:37:12,649 ################################################
2022-08-29 12:37:12,649      Case                Desc            V             M
0  Case B  After Construction -4948.784527 -20207.509066
1  Case C    During Operation -4429.528311 -21628.673862
