2022-08-30 13:01:57,442 sucesfully initiated Uframe object building...................
2022-08-30 13:01:57,442 passed parameters.................
2022-08-30 13:01:57,442 heights=[19.35, 10.0696, 6.330399999999999, 5.576]
2022-08-30 13:01:57,442 thickness=[0.984, 1.968, 2.624]
2022-08-30 13:01:57,442 Printing Geomatrical Information....................
2022-08-30 13:01:57,442 All units are in feet
2022-08-30 13:01:57,442 h=19.35 h1=10.0696 h2=6.330399999999999 h3=5.576
2022-08-30 13:01:57,442 t1=0.984 t2=1.968 t3=0.984 t4=0.3219180155038759 t5=2.624
2022-08-30 13:01:57,442 B=17.065
2022-08-30 13:01:57,442 




2022-08-30 13:01:57,442 Printing Unit Weights of Materials....................
2022-08-30 13:01:57,442 All units are in lb/cft
2022-08-30 13:01:57,442 gamma_c=150
2022-08-30 13:01:57,442 gamma_s_m=110
2022-08-30 13:01:57,442 gamma_s_sat=120
2022-08-30 13:01:57,442 gamma_w=62.4
2022-08-30 13:01:57,442 




2022-08-30 13:01:57,442 Loads....................
2022-08-30 13:01:57,442 All units are in lb
2022-08-30 13:01:57,442 Dead Load of wingwall WW=3630.9599999999996
2022-08-30 13:01:57,442 Soil Behind Wingwall S=781.9446130844377
2022-08-30 13:01:57,442 Dead Load of Appron A=3358.3920000000003
2022-08-30 13:01:57,442 Weight of Water W=2284.0678848000002
2022-08-30 13:01:57,442 uplift U=3370.4822111999997
2022-08-30 13:01:57,442 Foundation Pressure F=6684.882286684438
2022-08-30 13:01:57,442 




2022-08-30 13:01:57,442 Pressure....................
2022-08-30 13:01:57,442 All units are in lb
2022-08-30 13:01:57,442 P1=1840.352721504
2022-08-30 13:01:57,442 P2=2313.928828992
2022-08-30 13:01:57,442 P3=1631.1706371686394
2022-08-30 13:01:57,442 P4=970.0634111999998
2022-08-30 13:01:57,442 P1+P2+P3=5785.4521876646395
2022-08-30 13:01:57,442 




2022-08-30 13:01:57,442 Printing Moments.......................
2022-08-30 13:01:57,442 All units are in lb and lb-ft
2022-08-30 13:01:57,442            Description Load Case        F        P      Mend       Mcl
0  During Construction         A  6989.35     0.00      0.00  11917.72
1   After Construction         B  7771.30  6795.77  43832.71 -29348.45
2     During Operation         C  6684.88  4815.39  26790.38 -14553.65
3   During Maintenance         D  4400.81  5785.45  28593.41 -14109.15
2022-08-30 13:01:57,458 




2022-08-30 13:01:57,458 Checking moment calcualtion Case C................
2022-08-30 13:01:57,458 Checking End moment....................
2022-08-30 13:01:57,458 P1=1840.352721504 P2=2313.928828992 P3=1631.1706371686394 P4=970.0634111999998
2022-08-30 13:01:57,458 h1=10.0696 h2=6.330399999999999 h3=5.576 h=19.35
2022-08-30 13:01:57,458 M1=17827.374123027814 M2=7324.047529525477 M3=3441.9875338441175 M4=1803.0245269503994 Mend=26790.38465944701
2022-08-30 13:01:57,458 


2022-08-30 13:01:57,458 Checking Appron moment at Center.................
2022-08-30 13:01:57,458 WW+S=4412.904613084437
2022-08-30 13:01:57,458 M1=14484.256166296396 M2=2247.5227986432 M3=26790.38465944701 Mcl=-14553.651291793813
2022-08-30 13:01:57,458 




2022-08-30 13:01:57,458 Checking Weight Calcualtions...............
2022-08-30 13:01:57,458 h1+h2=16.4 t1+t2=2.952 gamma_c=150 WW=3630.9599999999996
2022-08-30 13:01:57,458 S=845.5261510112247
2022-08-30 13:01:57,458 W=2284.0678848000002
