06/12/2022 00:32:58	Reading UID database.
06/12/2022 00:32:58	Start loading STAAD model.
06/12/2022 00:32:58	Reading model file.
06/12/2022 00:32:58	Reading model file is complete.
06/12/2022 00:32:58	Processing support.
06/12/2022 00:32:58	Processing springs.
06/12/2022 00:32:58	Processing properties.
06/12/2022 00:32:58	Processing physical properties.
06/12/2022 00:32:58	Processing constants.
06/12/2022 00:32:58	Processing surface constants.
06/12/2022 00:32:58	Processing BETA constants.
06/12/2022 00:32:58	Processing hidden analytical member loads.
06/12/2022 00:32:58	Processing command list for member release.
06/12/2022 00:32:58	Processing command list for member offset.
06/12/2022 00:32:58	Processing command list for member specs (cracked).
06/12/2022 00:32:58	Processing command list for member specs (axial).
06/12/2022 00:32:58	Processing command list for element release.
06/12/2022 00:32:58	Processing command list for element offset.
06/12/2022 00:32:58	Processing command list for element plate stress directive.
06/12/2022 00:32:58	Processing parameter for Chinese wind load case.
06/12/2022 00:32:58	End Processing command list.
06/12/2022 00:32:58	End loading STAAD model.
