07/22/2023 03:35:37	Reading UID database.
07/22/2023 03:35:37	Start loading STAAD model.
07/22/2023 03:35:38	Reading model file.
07/22/2023 03:35:38	Reading model file is complete.
07/22/2023 03:35:38	Processing support.
07/22/2023 03:35:38	Processing springs.
07/22/2023 03:35:38	Processing properties.
07/22/2023 03:35:38	Processing physical properties.
07/22/2023 03:35:38	Processing constants.
07/22/2023 03:35:38	Processing surface constants.
07/22/2023 03:35:38	Processing BETA constants.
07/22/2023 03:35:38	Processing hidden analytical member loads.
07/22/2023 03:35:38	Processing command list for member release.
07/22/2023 03:35:38	Processing command list for member offset.
07/22/2023 03:35:38	Processing command list for member specs (cracked).
07/22/2023 03:35:38	Processing command list for member specs (axial).
07/22/2023 03:35:38	Processing command list for element release.
07/22/2023 03:35:38	Processing command list for element offset.
07/22/2023 03:35:38	Processing command list for element plate stress directive.
07/22/2023 03:35:38	End Processing command list.
07/22/2023 03:35:38	End loading STAAD model.
