2023-01-10 14:12:30,685 - __main__ - 10 - DEBUG - This is a warning message
2023-01-10 14:12:31,950 - __main__ - 6 - DEBUG - Initiated Drafting Parameter Extraction from Excel file........................
2023-01-10 14:12:31,950 - __main__ - 7 - DEBUG -    parameters    unit  values                                       Remarks  \
0         EL1   m-pwd   -2.40                              C/S Glacis Level   
1         EL2   m-pwd   -1.50                                  Invert Level   
2         EL3   m-pwd   -2.55                              R/S Glacis Level   
3         EL4   m-pwd    2.50                         Existing Ground Level   
4         EL5   m-pwd    5.50                          Embankment Creslevel   
5         EL6   m-PWD    3.95                            Design Water Level   
6         EL7   m-pwd    1.00                           Avg Canal Banklevel   
7         Vno    none    5.00                                Number of Vent   
8          Vw   meter    1.50                                    Vent Width   
9          Vh   meter    1.80                                   Vent Height   
10         Wa   meter    0.45             width of Abutment at Appron Level   
11         Wp   meter    0.35                 width of Pier at Appron Level   
12       Wepa   meter    0.50            width of Extended Part : Abutment    
13       Wepp   meter    0.60                 width of Extended Part:  Pier   
14        Ecw   meter    5.50                        Embankment Crest Width   
15       Ecss    none    2.00                    CS slope of the embankment   
16       Erss    none    3.00                  R/S  Slope of the Embankment   
17       Lext   meter    2.15                       Length of Extended Part   
18         Gd   meter    0.90                                   Glacis Drop   
19         Lb   meter   12.25                      Length of Stilling Basin   
20      Theta  degree   11.00                                   Flare Angle   
21         D1   meter    0.79         incoming flow depth in Stiiling Basin   
22         D2   meter    2.54          conjugate depth after hydraulic jump   
23        Fr1    none    2.98  Incoming flow froude numer in Stiiling Basin   
24         Tw   meter    0.45           Wing wall thickness at Appron Level   
25         Tr   meter    0.35         Return Wall thickness at Appron Level   

    Unnamed: 4  
0            0  
1            1  
2            2  
3            3  
4            4  
5            5  
6            6  
7            7  
8            8  
9            9  
10          10  
11          11  
12          12  
13          13  
14          14  
15          15  
16          16  
17          17  
18          18  
19          19  
20          20  
21          21  
22          22  
23          23  
24          24  
25          25  
2023-01-10 14:12:32,003 - __main__ - 969 - DEBUG - 




2023-01-10 14:12:32,003 - __main__ - 970 - DEBUG - Displaying Elevation Parameter
2023-01-10 14:12:32,003 - __main__ - 971 - DEBUG - C/S Apron Top=-2.4 m-PWD
2023-01-10 14:12:32,003 - __main__ - 972 - DEBUG - Invert Level=-1.5 m-PWD
2023-01-10 14:12:32,019 - __main__ - 973 - DEBUG - R/S Apron Top=-2.55 m-PWD
2023-01-10 14:12:32,019 - __main__ - 974 - DEBUG - EGL=2.5m-PWD
2023-01-10 14:12:32,019 - __main__ - 975 - DEBUG - Embankment Creslevel=5.5 m-PWD
2023-01-10 14:12:32,019 - __main__ - 976 - DEBUG - Design Water Level=3.95 m-PWD
2023-01-10 14:12:32,019 - __main__ - 977 - DEBUG - AVG GL at Regulator Site=1.0 m-PWD
2023-01-10 14:12:32,019 - __main__ - 982 - DEBUG - 




2023-01-10 14:12:32,035 - __main__ - 983 - DEBUG - Displaying Vent Related Parameter.................................
2023-01-10 14:12:32,035 - __main__ - 984 - DEBUG - Number of Vent=5.0
2023-01-10 14:12:32,035 - __main__ - 985 - DEBUG -  Vent Width=1.5 meter
2023-01-10 14:12:32,035 - __main__ - 986 - DEBUG - Vent Height=1.8 meter
2023-01-10 14:12:32,035 - __main__ - 987 - DEBUG - width of Abutment=0.45 meter
2023-01-10 14:12:32,035 - __main__ - 988 - DEBUG - width of Pier=0.35 meter
2023-01-10 14:12:32,050 - __main__ - 989 - DEBUG - width of Extended Part:Abutment=0.5 meter
2023-01-10 14:12:32,050 - __main__ - 990 - DEBUG - width of Extended Part:Pier=0.6 meter
2023-01-10 14:12:32,050 - __main__ - 995 - DEBUG - 




2023-01-10 14:12:32,050 - __main__ - 996 - DEBUG - Displaying Embankment Related Parameter.................................
2023-01-10 14:12:32,050 - __main__ - 997 - DEBUG - Embankment Crest Width=5.5 meter
2023-01-10 14:12:32,050 - __main__ - 998 - DEBUG - C/S Slope of the Embankment=2.0
2023-01-10 14:12:32,066 - __main__ - 999 - DEBUG - R/S Slope of the Embankment=3.0
2023-01-10 14:12:32,066 - __main__ - 1002 - DEBUG - 




2023-01-10 14:12:32,066 - __main__ - 1003 - DEBUG - Displaying Basin Related Parameter.................................
2023-01-10 14:12:32,066 - __main__ - 1004 - DEBUG - Length of Extended Part=2.15 meter
2023-01-10 14:12:32,066 - __main__ - 1005 - DEBUG - Glacis Drop=0.9 meter
2023-01-10 14:12:32,066 - __main__ - 1006 - DEBUG - Length of Stilling Basin=12.25 meter
2023-01-10 14:12:32,066 - __main__ - 1007 - DEBUG - Length of Return Wall=7.1 meter
2023-01-10 14:12:32,066 - __main__ - 1008 - DEBUG - Flare Angle=11.0 degree
2023-01-10 14:12:32,081 - __main__ - 1009 - DEBUG - ncoming flow depth in Stiiling Basin=0.79 meter
2023-01-10 14:12:32,081 - __main__ - 1010 - DEBUG - conjugate depth after hydraulic jump=2.54 meter
2023-01-10 14:12:32,081 - __main__ - 1011 - DEBUG - Incoming flow froude numer in Stiiling Basin=2.98
2023-01-10 14:12:32,081 - __main__ - 1014 - DEBUG - 




2023-01-10 14:12:32,081 - __main__ - 1015 - DEBUG - E:/Design-8/Designs_All2/Xen Jakaria/Regulator_Drafting_programme\draft_Chakbara_input.dxf
2023-01-10 14:12:32,081 - __main__ - 1018 - DEBUG - 




2023-01-10 14:12:32,081 - __main__ - 1019 - DEBUG - Displaying Wingwall and Returnwall Related Parameter................
2023-01-10 14:12:32,081 - __main__ - 1020 - DEBUG - Wing wall thickness at Appron Level=450.0 mm
2023-01-10 14:12:32,097 - __main__ - 1021 - DEBUG - Return Wall thickness at Appron Level=350.0 mm
2023-01-10 14:12:32,119 - __main__ - 283 - DEBUG - 




2023-01-10 14:12:32,119 - __main__ - 284 - DEBUG - (X_extreme,Y_extreme)=(2750.0,5450.0)mm
2023-01-10 14:12:32,119 - __main__ - 127 - DEBUG - [(2750.0, 5450.0)]
2023-01-10 14:12:32,119 - __main__ - 127 - DEBUG - [(-2750.0, 5450.0)]
2023-01-10 14:12:32,135 - __main__ - 127 - DEBUG - [(-2750.0, 4950.0)]
2023-01-10 14:12:32,135 - __main__ - 127 - DEBUG - [(-2750.0, 4950.0)]
2023-01-10 14:12:32,135 - __main__ - 127 - DEBUG - [(2750.0, 5450.0)]
2023-01-10 14:12:32,135 - __main__ - 127 - DEBUG - [(2750.0, 5450.0), (-2750.0, 5450.0), (-2750.0, 4950.0), (-2700.0, 5000.0), (2700.0, 5000.0), (2750.0, 4950.0)]
2023-01-10 14:12:32,135 - __main__ - 351 - DEBUG - differrece betewenn extended part and pier=250.0
2023-01-10 14:12:32,135 - __main__ - 354 - DEBUG - drawing pier no=1
2023-01-10 14:12:32,150 - __main__ - 127 - DEBUG - [(-2750.0, 4950.0)]
2023-01-10 14:12:32,150 - __main__ - 127 - DEBUG - [(-2750.0, 3200.0)]
2023-01-10 14:12:32,150 - __main__ - 127 - DEBUG - [(2750.0, 3200.0)]
2023-01-10 14:12:32,150 - __main__ - 127 - DEBUG - [(2750.0, 2850.0)]
2023-01-10 14:12:32,150 - __main__ - 127 - DEBUG - [(-2750.0, 2850.0)]
2023-01-10 14:12:32,150 - __main__ - 354 - DEBUG - drawing pier no=2
2023-01-10 14:12:32,150 - __main__ - 127 - DEBUG - [(-2750.0, 3100.0)]
2023-01-10 14:12:32,150 - __main__ - 127 - DEBUG - [(-2750.0, 1350.0)]
2023-01-10 14:12:32,150 - __main__ - 127 - DEBUG - [(2750.0, 1350.0)]
2023-01-10 14:12:32,166 - __main__ - 127 - DEBUG - [(2750.0, 1000.0)]
2023-01-10 14:12:32,166 - __main__ - 127 - DEBUG - [(-2750.0, 1000.0)]
2023-01-10 14:12:32,166 - __main__ - 354 - DEBUG - drawing pier no=3
2023-01-10 14:12:32,166 - __main__ - 127 - DEBUG - [(-2750.0, 1250.0)]
2023-01-10 14:12:32,166 - __main__ - 127 - DEBUG - [(-2750.0, -500.0)]
2023-01-10 14:12:32,166 - __main__ - 127 - DEBUG - [(2750.0, -500.0)]
2023-01-10 14:12:32,166 - __main__ - 127 - DEBUG - [(2750.0, -850.0)]
2023-01-10 14:12:32,166 - __main__ - 127 - DEBUG - [(-2750.0, -850.0)]
2023-01-10 14:12:32,166 - __main__ - 354 - DEBUG - drawing pier no=4
2023-01-10 14:12:32,182 - __main__ - 127 - DEBUG - [(-2750.0, -600.0)]
2023-01-10 14:12:32,182 - __main__ - 127 - DEBUG - [(-2750.0, -2350.0)]
2023-01-10 14:12:32,182 - __main__ - 127 - DEBUG - [(2750.0, -2350.0)]
2023-01-10 14:12:32,182 - __main__ - 127 - DEBUG - [(2750.0, -2700.0)]
2023-01-10 14:12:32,182 - __main__ - 127 - DEBUG - [(-2750.0, -2700.0)]
2023-01-10 14:12:32,182 - __main__ - 127 - DEBUG - 




2023-01-10 14:12:32,182 - __main__ - 128 - DEBUG - Calcualting Key Points for Walls............
2023-01-10 14:12:32,182 - __main__ - 150 - DEBUG - half_width=5450.0 mm
2023-01-10 14:12:32,182 - __main__ - 127 - DEBUG - [(4920.0, 4950.0)]
2023-01-10 14:12:32,197 - __main__ - 127 - DEBUG - [(17170.0, 7331.158786937051)]
2023-01-10 14:12:32,197 - __main__ - 127 - DEBUG - [(17170.0, 14431.158786937052)]
2023-01-10 14:12:32,197 - __main__ - 127 - DEBUG - [(17170.0, 7331.158786937051)]
2023-01-10 14:12:32,197 - __main__ - 127 - DEBUG - [(16820.0, 7781.158786937051)]
2023-01-10 14:12:32,204 - __main__ - 127 - DEBUG - [(16820.0, 7781.158786937051)]
2023-01-10 14:12:32,204 - __main__ - 127 - DEBUG - [(4920.0, 4950.0)]
2023-01-10 14:12:32,204 - __main__ - 127 - DEBUG - [(4920.0, 4950.0), (17170.0, 7331.158786937051), (17170.0, 14431.158786937052), (16820.0, 14431.158786937052), (16820.0, 7931.158786937051), (16670.0, 7781.158786937051), (4920.0, 5400.0)]
2023-01-10 14:12:32,204 - __main__ - 127 - DEBUG - [(-4920.0, 4950.0), (-17170.0, 7331.158786937051), (-17170.0, 14431.158786937052), (-16820.0, 14431.158786937052), (-16820.0, 7931.158786937051), (-16670.0, 7781.158786937051), (-4920.0, 5400.0)]
2023-01-10 14:12:32,204 - __main__ - 127 - DEBUG - [(4920.0, 4950.0), (17170.0, 7331.158786937051), (17170.0, 14431.158786937052), (16820.0, 14431.158786937052), (16820.0, 7931.158786937051), (16670.0, 7781.158786937051), (4920.0, 5400.0)]
2023-01-10 14:12:32,204 - __main__ - 253 - DEBUG - Extreme Point of Barrel =5450.0 mm
2023-01-10 14:12:32,219 - __main__ - 254 - DEBUG - [(4920.0, 4950.0)]
2023-01-10 14:12:32,219 - __main__ - 255 - DEBUG - tx=0 mm ty=450.0 mm for point B
2023-01-10 14:12:32,219 - __main__ - 256 - DEBUG - Wal1 kepoints=[(4920.0, 4950.0), (17170.0, 7331.158786937051), (17170.0, 14431.158786937052), (16820.0, 14431.158786937052), (16820.0, 7931.158786937051), (16670.0, 7781.158786937051), (4920.0, 5400.0)]
2023-01-10 14:12:32,219 - __main__ - 429 - DEBUG - 




2023-01-10 14:12:32,219 - __main__ - 430 - DEBUG - Drawing Extended Part of Pier................
2023-01-10 14:12:32,219 - __main__ - 127 - DEBUG - [(2750.0, 4950.0)]
2023-01-10 14:12:32,219 - __main__ - 127 - DEBUG - [(3465.0, 4950.0)]
2023-01-10 14:12:32,219 - __main__ - 127 - DEBUG - [(3465.0, 5050.0)]
2023-01-10 14:12:32,219 - __main__ - 127 - DEBUG - [(3615.0, 5050.0)]
2023-01-10 14:12:32,235 - __main__ - 127 - DEBUG - [(3615.0, 4950.0)]
2023-01-10 14:12:32,235 - __main__ - 127 - DEBUG - [(4140.0, 4950.0)]
2023-01-10 14:12:32,235 - __main__ - 127 - DEBUG - [(4140.0, 5050.0)]
2023-01-10 14:12:32,235 - __main__ - 127 - DEBUG - [(4290.0, 5050.0)]
2023-01-10 14:12:32,235 - __main__ - 127 - DEBUG - [(4290.0, 4950.0)]
2023-01-10 14:12:32,235 - __main__ - 127 - DEBUG - [(4900.0, 4950.0)]
2023-01-10 14:12:32,235 - __main__ - 127 - DEBUG - [(4900.0, 5450.0)]
2023-01-10 14:12:32,235 - __main__ - 127 - DEBUG - [(2750.0, 4950.0), (3465.0, 4950.0), (3465.0, 5050.0), (3615.0, 5050.0), (3615.0, 4950.0), (4140.0, 4950.0), (4140.0, 5050.0), (4290.0, 5050.0), (4290.0, 4950.0), (4900.0, 4950.0), (4900.0, 5450.0), (2750.0, 5450.0)]
2023-01-10 14:12:32,251 - __main__ - 127 - DEBUG - [(-2750.0, 4950.0), (-3465.0, 4950.0), (-3465.0, 5050.0), (-3615.0, 5050.0), (-3615.0, 4950.0), (-4140.0, 4950.0), (-4140.0, 5050.0), (-4290.0, 5050.0), (-4290.0, 4950.0), (-4900.0, 4950.0), (-4900.0, 5450.0), (-2750.0, 5450.0)]
2023-01-10 14:12:32,251 - __main__ - 127 - DEBUG - [(-2750.0, -4950.0), (-3465.0, -4950.0), (-3465.0, -5050.0), (-3615.0, -5050.0), (-3615.0, -4950.0), (-4140.0, -4950.0), (-4140.0, -5050.0), (-4290.0, -5050.0), (-4290.0, -4950.0), (-4900.0, -4950.0), (-4900.0, -5450.0), (-2750.0, -5450.0)]
2023-01-10 14:12:32,251 - __main__ - 573 - DEBUG - drawing extender pier no=1
2023-01-10 14:12:32,251 - __main__ - 127 - DEBUG - [(2750.0, 3450.0)]
2023-01-10 14:12:32,251 - __main__ - 127 - DEBUG - [(2575.0, 3325.0)]
2023-01-10 14:12:32,251 - __main__ - 127 - DEBUG - [(2700.0, 3450.0)]
2023-01-10 14:12:32,266 - __main__ - 127 - DEBUG - [(2750.0, 3450.0)]
2023-01-10 14:12:32,266 - __main__ - 127 - DEBUG - [(3465.0, 3450.0)]
2023-01-10 14:12:32,266 - __main__ - 127 - DEBUG - [(3465.0, 3350.0)]
2023-01-10 14:12:32,266 - __main__ - 127 - DEBUG - [(3615.0, 3350.0)]
2023-01-10 14:12:32,266 - __main__ - 127 - DEBUG - [(3615.0, 3450.0)]
2023-01-10 14:12:32,266 - __main__ - 127 - DEBUG - [(4140.0, 3450.0)]
2023-01-10 14:12:32,266 - __main__ - 127 - DEBUG - [(4140.0, 3350.0)]
2023-01-10 14:12:32,266 - __main__ - 127 - DEBUG - [(4290.0, 3350.0)]
2023-01-10 14:12:32,266 - __main__ - 127 - DEBUG - [(4290.0, 3450.0)]
2023-01-10 14:12:32,282 - __main__ - 127 - DEBUG - [(4600.0, 3450.0)]
2023-01-10 14:12:32,282 - __main__ - 127 - DEBUG - [(4600.0, 2850.0)]
2023-01-10 14:12:32,282 - __main__ - 127 - DEBUG - [(4290.0, 2850.0)]
2023-01-10 14:12:32,282 - __main__ - 127 - DEBUG - [(4290.0, 2950.0)]
2023-01-10 14:12:32,282 - __main__ - 127 - DEBUG - [(4140.0, 2950.0)]
2023-01-10 14:12:32,282 - __main__ - 127 - DEBUG - [(4140.0, 2850.0)]
2023-01-10 14:12:32,282 - __main__ - 127 - DEBUG - [(3615.0, 2850.0)]
2023-01-10 14:12:32,282 - __main__ - 127 - DEBUG - [(3615.0, 2950.0)]
2023-01-10 14:12:32,282 - __main__ - 127 - DEBUG - [(3465.0, 2950.0)]
2023-01-10 14:12:32,298 - __main__ - 127 - DEBUG - [(3465.0, 2850.0)]
2023-01-10 14:12:32,298 - __main__ - 127 - DEBUG - [(2750.0, 2850.0)]
2023-01-10 14:12:32,298 - __main__ - 127 - DEBUG - [(2700.0, 2850.0)]
2023-01-10 14:12:32,304 - __main__ - 127 - DEBUG - [(2575.0, 3325.0), (2700.0, 3450.0), (2750.0, 3450.0), (3465.0, 3450.0), (3465.0, 3350.0), (3615.0, 3350.0), (3615.0, 3450.0), (4140.0, 3450.0), (4140.0, 3350.0), (4290.0, 3350.0), (4290.0, 3450.0), (4600.0, 3450.0), (4600.0, 2850.0), (4290.0, 2850.0), (4290.0, 2950.0), (4140.0, 2950.0), (4140.0, 2850.0), (3615.0, 2850.0), (3615.0, 2950.0), (3465.0, 2950.0), (3465.0, 2850.0), (2750.0, 2850.0), (2700.0, 2850.0), (2575.0, 2975.0)]
2023-01-10 14:12:32,304 - __main__ - 817 - DEBUG - mid pint y=3150.0
2023-01-10 14:12:32,304 - __main__ - 127 - DEBUG - [(2750.0, 3150.0)]
2023-01-10 14:12:32,304 - __main__ - 127 - DEBUG - [(2750.0, 3325.0)]
2023-01-10 14:12:32,304 - __main__ - 127 - DEBUG - [(-2750.0, 3325.0)]
2023-01-10 14:12:32,304 - __main__ - 127 - DEBUG - [(-2750.0, 2975.0)]
2023-01-10 14:12:32,320 - __main__ - 573 - DEBUG - drawing extender pier no=2
2023-01-10 14:12:32,320 - __main__ - 127 - DEBUG - [(2750.0, 1350.0)]
2023-01-10 14:12:32,320 - __main__ - 127 - DEBUG - [(2575.0, 1225.0)]
2023-01-10 14:12:32,320 - __main__ - 127 - DEBUG - [(2700.0, 1350.0)]
2023-01-10 14:12:32,320 - __main__ - 127 - DEBUG - [(2750.0, 1350.0)]
2023-01-10 14:12:32,320 - __main__ - 127 - DEBUG - [(3465.0, 1350.0)]
2023-01-10 14:12:32,320 - __main__ - 127 - DEBUG - [(3465.0, 1250.0)]
2023-01-10 14:12:32,335 - __main__ - 127 - DEBUG - [(3615.0, 1250.0)]
2023-01-10 14:12:32,335 - __main__ - 127 - DEBUG - [(3615.0, 1350.0)]
2023-01-10 14:12:32,335 - __main__ - 127 - DEBUG - [(4140.0, 1350.0)]
2023-01-10 14:12:32,335 - __main__ - 127 - DEBUG - [(4140.0, 1250.0)]
2023-01-10 14:12:32,335 - __main__ - 127 - DEBUG - [(4290.0, 1250.0)]
2023-01-10 14:12:32,335 - __main__ - 127 - DEBUG - [(4290.0, 1350.0)]
2023-01-10 14:12:32,351 - __main__ - 127 - DEBUG - [(4600.0, 1350.0)]
2023-01-10 14:12:32,351 - __main__ - 127 - DEBUG - [(4600.0, 750.0)]
2023-01-10 14:12:32,351 - __main__ - 127 - DEBUG - [(4290.0, 750.0)]
2023-01-10 14:12:32,351 - __main__ - 127 - DEBUG - [(4290.0, 850.0)]
2023-01-10 14:12:32,351 - __main__ - 127 - DEBUG - [(4140.0, 850.0)]
2023-01-10 14:12:32,351 - __main__ - 127 - DEBUG - [(4140.0, 750.0)]
2023-01-10 14:12:32,367 - __main__ - 127 - DEBUG - [(3615.0, 750.0)]
2023-01-10 14:12:32,367 - __main__ - 127 - DEBUG - [(3615.0, 850.0)]
2023-01-10 14:12:32,367 - __main__ - 127 - DEBUG - [(3465.0, 850.0)]
2023-01-10 14:12:32,367 - __main__ - 127 - DEBUG - [(3465.0, 750.0)]
2023-01-10 14:12:32,367 - __main__ - 127 - DEBUG - [(2750.0, 750.0)]
2023-01-10 14:12:32,367 - __main__ - 127 - DEBUG - [(2700.0, 750.0)]
2023-01-10 14:12:32,367 - __main__ - 127 - DEBUG - [(2575.0, 1225.0), (2700.0, 1350.0), (2750.0, 1350.0), (3465.0, 1350.0), (3465.0, 1250.0), (3615.0, 1250.0), (3615.0, 1350.0), (4140.0, 1350.0), (4140.0, 1250.0), (4290.0, 1250.0), (4290.0, 1350.0), (4600.0, 1350.0), (4600.0, 750.0), (4290.0, 750.0), (4290.0, 850.0), (4140.0, 850.0), (4140.0, 750.0), (3615.0, 750.0), (3615.0, 850.0), (3465.0, 850.0), (3465.0, 750.0), (2750.0, 750.0), (2700.0, 750.0), (2575.0, 875.0)]
2023-01-10 14:12:32,382 - __main__ - 817 - DEBUG - mid pint y=1050.0
2023-01-10 14:12:32,382 - __main__ - 127 - DEBUG - [(2750.0, 1050.0)]
2023-01-10 14:12:32,382 - __main__ - 127 - DEBUG - [(2750.0, 1225.0)]
2023-01-10 14:12:32,382 - __main__ - 127 - DEBUG - [(-2750.0, 1225.0)]
2023-01-10 14:12:32,382 - __main__ - 127 - DEBUG - [(-2750.0, 875.0)]
2023-01-10 14:12:32,382 - __main__ - 573 - DEBUG - drawing extender pier no=3
2023-01-10 14:12:32,382 - __main__ - 127 - DEBUG - [(2750.0, -750.0)]
2023-01-10 14:12:32,382 - __main__ - 127 - DEBUG - [(2575.0, -875.0)]
2023-01-10 14:12:32,382 - __main__ - 127 - DEBUG - [(2700.0, -750.0)]
2023-01-10 14:12:32,398 - __main__ - 127 - DEBUG - [(2750.0, -750.0)]
2023-01-10 14:12:32,398 - __main__ - 127 - DEBUG - [(3465.0, -750.0)]
2023-01-10 14:12:32,398 - __main__ - 127 - DEBUG - [(3465.0, -850.0)]
2023-01-10 14:12:32,398 - __main__ - 127 - DEBUG - [(3615.0, -850.0)]
2023-01-10 14:12:32,404 - __main__ - 127 - DEBUG - [(3615.0, -750.0)]
2023-01-10 14:12:32,404 - __main__ - 127 - DEBUG - [(4140.0, -750.0)]
2023-01-10 14:12:32,404 - __main__ - 127 - DEBUG - [(4140.0, -850.0)]
2023-01-10 14:12:32,404 - __main__ - 127 - DEBUG - [(4290.0, -850.0)]
2023-01-10 14:12:32,404 - __main__ - 127 - DEBUG - [(4290.0, -750.0)]
2023-01-10 14:12:32,404 - __main__ - 127 - DEBUG - [(4600.0, -750.0)]
2023-01-10 14:12:32,420 - __main__ - 127 - DEBUG - [(4600.0, -1350.0)]
2023-01-10 14:12:32,420 - __main__ - 127 - DEBUG - [(4290.0, -1350.0)]
2023-01-10 14:12:32,420 - __main__ - 127 - DEBUG - [(4290.0, -1250.0)]
2023-01-10 14:12:32,420 - __main__ - 127 - DEBUG - [(4140.0, -1250.0)]
2023-01-10 14:12:32,420 - __main__ - 127 - DEBUG - [(4140.0, -1350.0)]
2023-01-10 14:12:32,420 - __main__ - 127 - DEBUG - [(3615.0, -1350.0)]
2023-01-10 14:12:32,420 - __main__ - 127 - DEBUG - [(3615.0, -1250.0)]
2023-01-10 14:12:32,420 - __main__ - 127 - DEBUG - [(3465.0, -1250.0)]
2023-01-10 14:12:32,436 - __main__ - 127 - DEBUG - [(3465.0, -1350.0)]
2023-01-10 14:12:32,436 - __main__ - 127 - DEBUG - [(2750.0, -1350.0)]
2023-01-10 14:12:32,436 - __main__ - 127 - DEBUG - [(2700.0, -1350.0)]
2023-01-10 14:12:32,436 - __main__ - 127 - DEBUG - [(2575.0, -875.0), (2700.0, -750.0), (2750.0, -750.0), (3465.0, -750.0), (3465.0, -850.0), (3615.0, -850.0), (3615.0, -750.0), (4140.0, -750.0), (4140.0, -850.0), (4290.0, -850.0), (4290.0, -750.0), (4600.0, -750.0), (4600.0, -1350.0), (4290.0, -1350.0), (4290.0, -1250.0), (4140.0, -1250.0), (4140.0, -1350.0), (3615.0, -1350.0), (3615.0, -1250.0), (3465.0, -1250.0), (3465.0, -1350.0), (2750.0, -1350.0), (2700.0, -1350.0), (2575.0, -1225.0)]
2023-01-10 14:12:32,451 - __main__ - 817 - DEBUG - mid pint y=-1050.0
2023-01-10 14:12:32,451 - __main__ - 127 - DEBUG - [(2750.0, -1050.0)]
2023-01-10 14:12:32,451 - __main__ - 127 - DEBUG - [(2750.0, -875.0)]
2023-01-10 14:12:32,451 - __main__ - 127 - DEBUG - [(-2750.0, -875.0)]
2023-01-10 14:12:32,451 - __main__ - 127 - DEBUG - [(-2750.0, -1225.0)]
2023-01-10 14:12:32,451 - __main__ - 573 - DEBUG - drawing extender pier no=4
2023-01-10 14:12:32,451 - __main__ - 127 - DEBUG - [(2750.0, -2850.0)]
2023-01-10 14:12:32,467 - __main__ - 127 - DEBUG - [(2575.0, -2975.0)]
2023-01-10 14:12:32,467 - __main__ - 127 - DEBUG - [(2700.0, -2850.0)]
2023-01-10 14:12:32,467 - __main__ - 127 - DEBUG - [(2750.0, -2850.0)]
2023-01-10 14:12:32,467 - __main__ - 127 - DEBUG - [(3465.0, -2850.0)]
2023-01-10 14:12:32,467 - __main__ - 127 - DEBUG - [(3465.0, -2950.0)]
2023-01-10 14:12:32,467 - __main__ - 127 - DEBUG - [(3615.0, -2950.0)]
2023-01-10 14:12:32,467 - __main__ - 127 - DEBUG - [(3615.0, -2850.0)]
2023-01-10 14:12:32,483 - __main__ - 127 - DEBUG - [(4140.0, -2850.0)]
2023-01-10 14:12:32,483 - __main__ - 127 - DEBUG - [(4140.0, -2950.0)]
2023-01-10 14:12:32,483 - __main__ - 127 - DEBUG - [(4290.0, -2950.0)]
2023-01-10 14:12:32,483 - __main__ - 127 - DEBUG - [(4290.0, -2850.0)]
2023-01-10 14:12:32,483 - __main__ - 127 - DEBUG - [(4600.0, -2850.0)]
2023-01-10 14:12:32,483 - __main__ - 127 - DEBUG - [(4600.0, -3450.0)]
2023-01-10 14:12:32,483 - __main__ - 127 - DEBUG - [(4290.0, -3450.0)]
2023-01-10 14:12:32,483 - __main__ - 127 - DEBUG - [(4290.0, -3350.0)]
2023-01-10 14:12:32,483 - __main__ - 127 - DEBUG - [(4140.0, -3350.0)]
2023-01-10 14:12:32,498 - __main__ - 127 - DEBUG - [(4140.0, -3450.0)]
2023-01-10 14:12:32,498 - __main__ - 127 - DEBUG - [(3615.0, -3450.0)]
2023-01-10 14:12:32,498 - __main__ - 127 - DEBUG - [(3615.0, -3350.0)]
2023-01-10 14:12:32,498 - __main__ - 127 - DEBUG - [(3465.0, -3350.0)]
2023-01-10 14:12:32,505 - __main__ - 127 - DEBUG - [(3465.0, -3450.0)]
2023-01-10 14:12:32,505 - __main__ - 127 - DEBUG - [(2750.0, -3450.0)]
2023-01-10 14:12:32,505 - __main__ - 127 - DEBUG - [(2700.0, -3450.0)]
2023-01-10 14:12:32,505 - __main__ - 127 - DEBUG - [(2575.0, -2975.0), (2700.0, -2850.0), (2750.0, -2850.0), (3465.0, -2850.0), (3465.0, -2950.0), (3615.0, -2950.0), (3615.0, -2850.0), (4140.0, -2850.0), (4140.0, -2950.0), (4290.0, -2950.0), (4290.0, -2850.0), (4600.0, -2850.0), (4600.0, -3450.0), (4290.0, -3450.0), (4290.0, -3350.0), (4140.0, -3350.0), (4140.0, -3450.0), (3615.0, -3450.0), (3615.0, -3350.0), (3465.0, -3350.0), (3465.0, -3450.0), (2750.0, -3450.0), (2700.0, -3450.0), (2575.0, -3325.0)]
2023-01-10 14:12:32,505 - __main__ - 817 - DEBUG - mid pint y=-3150.0
2023-01-10 14:12:32,505 - __main__ - 127 - DEBUG - [(2750.0, -3150.0)]
2023-01-10 14:12:32,520 - __main__ - 127 - DEBUG - [(2750.0, -2975.0)]
2023-01-10 14:12:32,520 - __main__ - 127 - DEBUG - [(-2750.0, -2975.0)]
2023-01-10 14:12:32,520 - __main__ - 127 - DEBUG - [(-2750.0, -3325.0)]
