2023-01-26 19:22:00,162 - __main__ - 10 - DEBUG - This is a warning message
2023-01-26 19:22:01,108 - __main__ - 124 - DEBUG - Printing Calcualtion of ecentricity..................
2023-01-26 19:22:01,124 - __main__ - 126 - DEBUG - P=-75797.91969750001 M=1037028.7023327004 center of Reactions=-13.681492928451755
2023-01-26 19:22:01,124 - __main__ - 130 - DEBUG - P=-75797.91969750001 M=1037028.7023327004 center of Reactions=-13.681492928451755 ecentricity=0.8578570715482456
2023-01-26 19:22:01,124 - __main__ - 276 - DEBUG - 




2023-01-26 19:22:01,124 - __main__ - 277 - DEBUG - printing informations about During operation pressure calc......
2023-01-26 19:22:01,155 - __main__ - 278 - DEBUG - del_t=4.1835 h=25.62 slope=0.1632903981264637
2023-01-26 19:22:01,155 - __main__ - 279 - DEBUG - t4=2.545697306791569 t5=1.6378026932084313
2023-01-26 19:22:01,171 - __main__ - 280 - DEBUG - printing area=[7.686, 53.590635000000006, 130.37435145, 172.1220598488056, 8.21914903559719, 227.667006, 19.84371050644028, 48.600115200000005, 583.71128445, 0, 0, 0, 0]
2023-01-26 19:22:01,171 - __main__ - 281 - DEBUG - printing vertical loads=[-1152.9, -8038.595250000001, -19556.1527175, -18933.426583368615, -904.106393915691, -27320.040719999997, -2381.2452607728337, -3032.6471884800003, 36423.58414968, 0, 0, 0, 0]
2023-01-26 19:22:01,171 - __main__ - 282 - DEBUG - Horizontal Pressure=[0, 0, 0, 0, 0, 0, 0, 0, 0, 2714.8716967679998, 10859.43268872, 18258.262066752, 2903.9167950000005]
2023-01-26 19:22:01,171 - __main__ - 283 - DEBUG - moment arm for vertical loads=[-10.1418, -11.686300000000003, -14.53935, -20.504151346604218, -11.383668462138957, -21.777, -13.626734231069477, -4.995900000000001, -14.53935, 0, 0, 0, 0]
2023-01-26 19:22:01,171 - __main__ - 284 - DEBUG - moment arm for horizontal pressure=[0, 0, 0, 0, 0, 0, 0, 0, 0, 23.4191, 10.03675, 6.691166666666667, 3.1158333333333332]
2023-01-26 19:22:01,187 - __main__ - 285 - DEBUG - P=-44895.529964357134 M=597655.7863988744 center of Reactions=-13.312144591529654 ecentricity=1.227205408470347
2023-01-26 19:22:01,187 - __main__ - 286 - DEBUG - data={'component': ['C1', 'C2', 'C3', 'S1', 'S2', 'S3', 'S4', 'W', 'U', 'P1', 'P2', 'P3', 'P4'], 'area': [7.686, 53.590635000000006, 130.37435145, 172.1220598488056, 8.21914903559719, 227.667006, 19.84371050644028, 48.600115200000005, 583.71128445, 0, 0, 0, 0], 'PV': [-1152.9, -8038.595250000001, -19556.1527175, -18933.426583368615, -904.106393915691, -27320.040719999997, -2381.2452607728337, -3032.6471884800003, 36423.58414968, 0, 0, 0, 0], 'PH': [0, 0, 0, 0, 0, 0, 0, 0, 0, 2714.8716967679998, 10859.43268872, 18258.262066752, 2903.9167950000005], 'Arm_V': [-10.1418, -11.686300000000003, -14.53935, -20.504151346604218, -11.383668462138957, -21.777, -13.626734231069477, -4.995900000000001, -14.53935, 0, 0, 0, 0], 'Arm_H': [0, 0, 0, 0, 0, 0, 0, 0, 0, 23.4191, 10.03675, 6.691166666666667, 3.1158333333333332], 'M': [11692.481220000001, 93941.43567007504, 284333.74901318364, 388213.8441752097, 10292.047442836232, 594948.52675944, 32448.596307545136, 15150.802088927236, -529575.2382066499, -63579.85175377946, -108993.41103851046, -122169.07453231541, -9048.120747087502]}
2023-01-26 19:22:01,187 - __main__ - 287 - DEBUG - lengths=[13, 13, 13, 13, 13, 13, 13]
2023-01-26 19:22:01,193 - __main__ - 288 - DEBUG - px2=90.624
2023-01-26 19:22:01,193 - __main__ - 289 - DEBUG - B=29.0787
2023-01-26 19:22:01,193 - __main__ - 290 - DEBUG - 




2023-01-26 19:22:01,209 - __main__ - 538 - DEBUG - 




2023-01-26 19:22:01,209 - __main__ - 539 - DEBUG - printing informations Stem Pressure During Construction......
2023-01-26 19:22:01,209 - __main__ - 540 - DEBUG - P1=2714.8716967679998 P2=8433.9330768 P3=11012.9955072 P=22161.800280768
2023-01-26 19:22:01,209 - __main__ - 541 - DEBUG - M1=51407.72450132014 M2=65742.508333656 M3=57230.86665241599 M=174381.09948739212
2023-01-26 19:22:01,209 - __main__ - 542 - DEBUG - 




2023-01-26 19:22:01,209 - __main__ - 546 - DEBUG - 




2023-01-26 19:22:01,224 - __main__ - 547 - DEBUG - printing informations Toe Design Moment..........
2023-01-26 19:22:01,224 - __main__ - 578 - DEBUG - After Construction.......................
2023-01-26 19:22:01,224 - __main__ - 579 - DEBUG - P1=3069.04 P2=2751.26 L=9.989999999999998
2023-01-26 19:22:01,224 - __main__ - 580 - DEBUG - V1=29072.398499999996 V2=6718.52475 V=22353.873749999995
2023-01-26 19:22:01,224 - __main__ - 581 - DEBUG - M1=147859.50348899997 M2=33559.031126249996 M=114300.47236274998
2023-01-26 19:22:01,224 - __main__ - 600 - DEBUG - During Operations.......................
2023-01-26 19:22:01,240 - __main__ - 601 - DEBUG - P1=1934.88 P2=1666.21 L=9.989999999999998
2023-01-26 19:22:01,240 - __main__ - 602 - DEBUG - V1=17987.444549999997 V2=12513.338135999997 V3=6718.52475 V=23782.25793599999
2023-01-26 19:22:01,240 - __main__ - 603 - DEBUG - M1=92081.72659949998 M2=62504.123989319974 M3=33559.031126249996 M=121026.81946256995
2023-01-26 19:22:01,240 - __main__ - 604 - DEBUG - 




2023-01-26 19:22:01,240 - __main__ - 616 - DEBUG - 




2023-01-26 19:22:01,240 - __main__ - 617 - DEBUG - printing informations Heel Design Moment..........
2023-01-26 19:22:01,240 - __main__ - 653 - DEBUG - After Construction.......................
2023-01-26 19:22:01,256 - __main__ - 654 - DEBUG - P1=2144.02 P2=2608.44 L=14.6
2023-01-26 19:22:01,256 - __main__ - 655 - DEBUG - V1=34692.958 V2=9818.865000000002 V3=41145.72 V=-16271.627000000004
2023-01-26 19:22:01,256 - __main__ - 656 - DEBUG - M1=245008.9461333333 M2=71677.71450000002 M3=300363.756 M=-127032.52436666674
2023-01-26 19:22:01,256 - __main__ - 678 - DEBUG - During Operations.......................
2023-01-26 19:22:01,256 - __main__ - 679 - DEBUG - P1=1152.98 P2=1545.65 L=-14.6
2023-01-26 19:22:01,271 - __main__ - 680 - DEBUG - V1=-19699.999 V2=-18287.76144 V3=-9818.865000000002 V4=-43432.7808 V=-11897.268439999993
2023-01-26 19:22:01,271 - __main__ - 681 - DEBUG - M1=136834.86459999997 M2=133500.658512 M3=71677.71450000002 M4=317059.29984 M=-118401.49122800003
2023-01-26 19:22:01,271 - __main__ - 682 - DEBUG - 




2023-01-26 19:22:01,271 - __main__ - 704 - DEBUG - 






2023-01-26 19:22:01,271 - __main__ - 705 - DEBUG - ################################################
2023-01-26 19:22:01,271 - __main__ - 706 - DEBUG - ################################################
2023-01-26 19:22:01,271 - __main__ - 707 - DEBUG - Printing Design Result..................
2023-01-26 19:22:01,287 - __main__ - 708 - DEBUG - Printing Basic Info....................
2023-01-26 19:22:01,287 - __main__ - 709 - DEBUG - H=25.62 gmma_s_m=110 ca=0.49
2023-01-26 19:22:01,287 - __main__ - 710 - DEBUG - Ttop=0.3 Tbot=4.4835 Tfoot=4.4835
2023-01-26 19:22:01,287 - __main__ - 711 - DEBUG - Lheel=14.603399999999999 Ltoe=9.991800000000001
2023-01-26 19:22:01,293 - __main__ - 712 - DEBUG - X1=14.603399999999999 X2=18.7869 X3=19.0869 X4=29.0787
2023-01-26 19:22:01,295 - __main__ - 713 - DEBUG - 



2023-01-26 19:22:01,295 - __main__ - 714 - DEBUG - printing earth pressure calcualtion Case B.................
2023-01-26 19:22:01,295 - __main__ - 715 - DEBUG -   component        area            PV            PH     Arm_V    Arm_H  \
0        C1    7.686000  -1152.900000      0.000000 -10.14180   0.0000   
1        C2   53.590635  -8038.595250      0.000000 -11.68630   0.0000   
2        C3  130.374351 -19556.152718      0.000000 -14.53935   0.0000   
3        S1   53.590635  -5894.969850      0.000000 -11.68630   0.0000   
4        S2  374.139108 -41155.301880      0.000000 -21.77700   0.0000   
5        SH    0.000000      0.000000  24422.648195   0.00000  13.0235   

               M  
0   11692.481220  
1   93941.435670  
2  284333.749013  
3   68890.386158  
4  896239.009041  
5 -318068.358769  
2023-01-26 19:22:01,316 - __main__ - 716 - DEBUG - 



2023-01-26 19:22:01,316 - __main__ - 718 - DEBUG - Printing Reaction and ecectricity Case B.........
2023-01-26 19:22:01,326 - __main__ - 719 - DEBUG - Ecentrictiy(+) if P is left to cente..........
2023-01-26 19:22:01,326 - __main__ - 720 - DEBUG - P=-75797.91969750001 e=0.8578570715482456
2023-01-26 19:22:01,326 - __main__ - 721 - DEBUG -     dist         P  A_list      P/A        I      c         S      P*e  \
0   0.00  75797.92   29.08  2606.53  2049.28 -14.54   -140.94  65186.0   
1  14.60  75797.92   29.08  2606.53  2049.28   0.06  34154.67  65186.0   
2  18.79  75797.92   29.08  2606.53  2049.28   4.25    482.18  65186.0   
3  19.09  75797.92   29.08  2606.53  2049.28   4.55    450.39  65186.0   
4  29.08  75797.92   29.08  2606.53  2049.28  14.54    140.94  65186.0   

      M/S        R  
0 -462.51  2144.02  
1    1.91  2608.44  
2  135.19  2741.72  
3  144.73  2751.26  
4  462.51  3069.04  
2023-01-26 19:22:01,356 - __main__ - 722 - DEBUG - 




2023-01-26 19:22:01,356 - __main__ - 724 - DEBUG - printing earth pressure calcualtion Case C.................
2023-01-26 19:22:01,356 - __main__ - 725 - DEBUG -    component        area            PV            PH      Arm_V      Arm_H  \
0         C1    7.686000  -1152.900000      0.000000 -10.141800   0.000000   
1         C2   53.590635  -8038.595250      0.000000 -11.686300   0.000000   
2         C3  130.374351 -19556.152718      0.000000 -14.539350   0.000000   
3         S1  172.122060 -18933.426583      0.000000 -20.504151   0.000000   
4         S2    8.219149   -904.106394      0.000000 -11.383668   0.000000   
5         S3  227.667006 -27320.040720      0.000000 -21.777000   0.000000   
6         S4   19.843711  -2381.245261      0.000000 -13.626734   0.000000   
7          W   48.600115  -3032.647188      0.000000  -4.995900   0.000000   
8          U  583.711284  36423.584150      0.000000 -14.539350   0.000000   
9         P1    0.000000      0.000000   2714.871697   0.000000  23.419100   
10        P2    0.000000      0.000000  10859.432689   0.000000  10.036750   
11        P3    0.000000      0.000000  18258.262067   0.000000   6.691167   
12        P4    0.000000      0.000000   2903.916795   0.000000   3.115833   

                M  
0    11692.481220  
1    93941.435670  
2   284333.749013  
3   388213.844175  
4    10292.047443  
5   594948.526759  
6    32448.596308  
7    15150.802089  
8  -529575.238207  
9   -63579.851754  
10 -108993.411039  
11 -122169.074532  
12   -9048.120747  
2023-01-26 19:22:01,387 - __main__ - 726 - DEBUG - 



2023-01-26 19:22:01,387 - __main__ - 728 - DEBUG - Printing Reaction and ecectricity Case C.........
2023-01-26 19:22:01,387 - __main__ - 729 - DEBUG - Ecentrictiy(+) if P is left to cente..........
2023-01-26 19:22:01,387 - __main__ - 730 - DEBUG - P=-44895.529964357134 e=1.227205408470347
2023-01-26 19:22:01,387 - __main__ - 731 - DEBUG -     dist         P  A_list      P/A        I      c         S       P*e  \
0   0.00  44895.53   29.08  1543.93  2049.01 -14.54   -140.93  55096.04   
1  14.60  44895.53   29.08  1543.93  2049.01   0.06  31990.76  55096.04   
2  18.79  44895.53   29.08  1543.93  2049.01   4.25    482.40  55096.04   
3  19.09  44895.53   29.08  1543.93  2049.01   4.55    450.57  55096.04   
4  29.08  44895.53   29.08  1543.93  2049.01  14.54    140.93  55096.04   

      M/S        R  
0 -390.95  1152.98  
1    1.72  1545.65  
2  114.21  1658.14  
3  122.28  1666.21  
4  390.95  1934.88  
2023-01-26 19:22:01,417 - __main__ - 732 - DEBUG - ################################################
2023-01-26 19:22:01,425 - __main__ - 733 - DEBUG - ################################################
2023-01-26 19:22:01,427 - __main__ - 734 - DEBUG - printing stem design forces.........
2023-01-26 19:22:01,427 - __main__ - 735 - DEBUG -      Case                Desc             V              M
0  Case B  After Construction  17689.559580  151068.838813
1  Case C    During Operation  22161.800281  174381.099487
2023-01-26 19:22:01,437 - __main__ - 736 - DEBUG - ################################################
2023-01-26 19:22:01,437 - __main__ - 737 - DEBUG - ################################################
2023-01-26 19:22:01,437 - __main__ - 738 - DEBUG - Printing Toe Design Forces.........
2023-01-26 19:22:01,437 - __main__ - 739 - DEBUG -      Case                Desc             V              M
0  Case B  After Construction  22353.873750  114300.472363
1  Case C    During Operation  23782.257936  121026.819463
2023-01-26 19:22:01,455 - __main__ - 740 - DEBUG - ################################################
2023-01-26 19:22:01,457 - __main__ - 741 - DEBUG - ################################################
2023-01-26 19:22:01,457 - __main__ - 742 - DEBUG -      Case                Desc            V              M
0  Case B  After Construction -16271.62700 -127032.524367
1  Case C    During Operation -11897.26844 -118401.491228
