2023-01-18 23:18:05,723 - __main__ - 10 - DEBUG - This is a warning message
2023-01-18 23:18:05,991 - __main__ - 246 - DEBUG - 




2023-01-18 23:18:05,993 - __main__ - 247 - DEBUG - Printing Design Parameters......................
2023-01-18 23:18:05,996 - __main__ - 248 - DEBUG - fs=18013.95 fc=1003.68
2023-01-18 23:18:05,999 - __main__ - 249 - DEBUG - n=10.156767306459802 k=0.361 j=0.88
2023-01-18 23:18:06,002 - __main__ - 250 - DEBUG - R=160.0 psi
2023-01-18 23:18:06,004 - __main__ - 251 - DEBUG - allowable stress in flexure shear=55.10110706691836
2023-01-18 23:18:06,898 - __main__ - 113 - DEBUG - 




2023-01-18 23:18:06,900 - __main__ - 114 - DEBUG - Designing Thicknes........................................
2023-01-18 23:18:06,902 - __main__ - 115 - DEBUG - t_provided=24 deduction=3.5 d_provided=20.5
2023-01-18 23:18:07,567 - __main__ - 168 - DEBUG - 




2023-01-18 23:18:07,570 - __main__ - 169 - DEBUG - As=0.42 Ab=0.12 b=12 n=3.5
2023-01-18 23:18:07,571 - __main__ - 170 - DEBUG - spacing before rounding=3.4285714285714284
2023-01-18 23:18:07,574 - __main__ - 171 - DEBUG - spacing After rounding=3.0
2023-01-18 23:18:08,421 - __main__ - 1 - DEBUG - 




2023-01-18 23:18:08,424 - __main__ - 2 - DEBUG - Reinforcement Design...................................
2023-01-18 23:18:08,428 - __main__ - 207 - DEBUG - 




2023-01-18 23:18:08,431 - __main__ - 208 - DEBUG - Initiating Reinforcement Design...................................
2023-01-18 23:18:08,433 - __main__ - 113 - DEBUG - 




2023-01-18 23:18:08,436 - __main__ - 114 - DEBUG - Designing Thicknes........................................
2023-01-18 23:18:08,439 - __main__ - 115 - DEBUG - t_provided=16 deduction=3.5 d_provided=12.5
2023-01-18 23:18:08,442 - __main__ - 226 - DEBUG - {'status': True, 'd_revised': 12.5, 't_revised': 16.0}
2023-01-18 23:18:08,445 - __main__ - 227 - DEBUG - d_design=12.5 t_design=16.0
2023-01-18 23:18:08,450 - __main__ - 228 - DEBUG - fs=18013.95 j=0.88
2023-01-18 23:18:08,453 - __main__ - 229 - DEBUG - As_calc=0.0 As_min=0.36 As_design=0.36
2023-01-18 23:18:08,455 - __main__ - 168 - DEBUG - 




2023-01-18 23:18:08,457 - __main__ - 169 - DEBUG - As=0.36 Ab=0.12 b=12 n=3.0
2023-01-18 23:18:08,462 - __main__ - 170 - DEBUG - spacing before rounding=4.0
2023-01-18 23:18:08,471 - __main__ - 171 - DEBUG - spacing After rounding=4.0
2023-01-18 23:18:08,473 - __main__ - 234 - DEBUG - {'bar': 'd10', 'As_pvd': 0.36, 'spacings': 4.0, 'sp_text': 'd10 @ 4.0 inch c/s', 'rem': ''}
2023-01-18 23:18:08,667 - __main__ - 15 - DEBUG - None
2023-01-18 23:18:08,669 - __main__ - 207 - DEBUG - 




2023-01-18 23:18:08,672 - __main__ - 208 - DEBUG - Initiating Reinforcement Design...................................
2023-01-18 23:18:08,674 - __main__ - 113 - DEBUG - 




2023-01-18 23:18:08,677 - __main__ - 114 - DEBUG - Designing Thicknes........................................
2023-01-18 23:18:08,680 - __main__ - 115 - DEBUG - t_provided=16 deduction=3.5 d_provided=12.5
2023-01-18 23:18:08,685 - __main__ - 226 - DEBUG - {'status': True, 'd_revised': 12.5, 't_revised': 16.0}
2023-01-18 23:18:08,687 - __main__ - 227 - DEBUG - d_design=12.5 t_design=16.0
2023-01-18 23:18:08,690 - __main__ - 228 - DEBUG - fs=18013.95 j=0.88
2023-01-18 23:18:08,695 - __main__ - 229 - DEBUG - As_calc=0.0 As_min=0.36 As_design=0.36
2023-01-18 23:18:08,698 - __main__ - 168 - DEBUG - 




2023-01-18 23:18:08,701 - __main__ - 169 - DEBUG - As=0.36 Ab=0.12 b=12 n=3.0
2023-01-18 23:18:08,703 - __main__ - 170 - DEBUG - spacing before rounding=4.0
2023-01-18 23:18:08,705 - __main__ - 171 - DEBUG - spacing After rounding=4.0
2023-01-18 23:18:08,707 - __main__ - 234 - DEBUG - {'bar': 'd10', 'As_pvd': 0.36, 'spacings': 4.0, 'sp_text': 'd10 @ 4.0 inch c/s', 'rem': ''}
2023-01-18 23:18:08,710 - __main__ - 15 - DEBUG - None
2023-01-18 23:18:08,713 - __main__ - 207 - DEBUG - 




2023-01-18 23:18:08,716 - __main__ - 208 - DEBUG - Initiating Reinforcement Design...................................
2023-01-18 23:18:08,719 - __main__ - 113 - DEBUG - 




2023-01-18 23:18:08,721 - __main__ - 114 - DEBUG - Designing Thicknes........................................
2023-01-18 23:18:08,722 - __main__ - 115 - DEBUG - t_provided=16 deduction=3.5 d_provided=12.5
2023-01-18 23:18:08,725 - __main__ - 226 - DEBUG - {'status': True, 'd_revised': 12.5, 't_revised': 16.0}
2023-01-18 23:18:08,730 - __main__ - 227 - DEBUG - d_design=12.5 t_design=16.0
2023-01-18 23:18:08,732 - __main__ - 228 - DEBUG - fs=18013.95 j=0.88
2023-01-18 23:18:08,734 - __main__ - 229 - DEBUG - As_calc=0.0 As_min=0.36 As_design=0.36
2023-01-18 23:18:08,737 - __main__ - 168 - DEBUG - 




2023-01-18 23:18:08,739 - __main__ - 169 - DEBUG - As=0.36 Ab=0.12 b=12 n=3.0
2023-01-18 23:18:08,741 - __main__ - 170 - DEBUG - spacing before rounding=4.0
2023-01-18 23:18:08,744 - __main__ - 171 - DEBUG - spacing After rounding=4.0
2023-01-18 23:18:08,749 - __main__ - 234 - DEBUG - {'bar': 'd10', 'As_pvd': 0.36, 'spacings': 4.0, 'sp_text': 'd10 @ 4.0 inch c/s', 'rem': ''}
2023-01-18 23:18:08,752 - __main__ - 15 - DEBUG - None
2023-01-18 23:18:08,759 - __main__ - 207 - DEBUG - 




2023-01-18 23:18:08,765 - __main__ - 208 - DEBUG - Initiating Reinforcement Design...................................
2023-01-18 23:18:08,768 - __main__ - 113 - DEBUG - 




2023-01-18 23:18:08,770 - __main__ - 114 - DEBUG - Designing Thicknes........................................
2023-01-18 23:18:08,772 - __main__ - 115 - DEBUG - t_provided=16 deduction=3.5 d_provided=12.5
2023-01-18 23:18:08,774 - __main__ - 226 - DEBUG - {'status': True, 'd_revised': 12.5, 't_revised': 16.0}
2023-01-18 23:18:08,777 - __main__ - 227 - DEBUG - d_design=12.5 t_design=16.0
2023-01-18 23:18:08,779 - __main__ - 228 - DEBUG - fs=18013.95 j=0.88
2023-01-18 23:18:08,781 - __main__ - 229 - DEBUG - As_calc=0.0 As_min=0.36 As_design=0.36
2023-01-18 23:18:08,783 - __main__ - 168 - DEBUG - 




2023-01-18 23:18:08,785 - __main__ - 169 - DEBUG - As=0.36 Ab=0.12 b=12 n=3.0
2023-01-18 23:18:08,788 - __main__ - 170 - DEBUG - spacing before rounding=4.0
2023-01-18 23:18:08,789 - __main__ - 171 - DEBUG - spacing After rounding=4.0
2023-01-18 23:18:08,792 - __main__ - 234 - DEBUG - {'bar': 'd10', 'As_pvd': 0.36, 'spacings': 4.0, 'sp_text': 'd10 @ 4.0 inch c/s', 'rem': ''}
2023-01-18 23:18:08,796 - __main__ - 15 - DEBUG - None
2023-01-18 23:18:08,800 - __main__ - 207 - DEBUG - 




2023-01-18 23:18:08,802 - __main__ - 208 - DEBUG - Initiating Reinforcement Design...................................
2023-01-18 23:18:08,804 - __main__ - 113 - DEBUG - 




2023-01-18 23:18:08,807 - __main__ - 114 - DEBUG - Designing Thicknes........................................
2023-01-18 23:18:08,811 - __main__ - 115 - DEBUG - t_provided=16 deduction=3.5 d_provided=12.5
2023-01-18 23:18:08,814 - __main__ - 226 - DEBUG - {'status': True, 'd_revised': 12.5, 't_revised': 16.0}
2023-01-18 23:18:08,816 - __main__ - 227 - DEBUG - d_design=12.5 t_design=16.0
2023-01-18 23:18:08,818 - __main__ - 228 - DEBUG - fs=18013.95 j=0.88
2023-01-18 23:18:08,820 - __main__ - 229 - DEBUG - As_calc=0.0 As_min=0.36 As_design=0.36
2023-01-18 23:18:08,822 - __main__ - 168 - DEBUG - 




2023-01-18 23:18:08,824 - __main__ - 169 - DEBUG - As=0.36 Ab=0.12 b=12 n=3.0
2023-01-18 23:18:08,827 - __main__ - 170 - DEBUG - spacing before rounding=4.0
2023-01-18 23:18:08,829 - __main__ - 171 - DEBUG - spacing After rounding=4.0
2023-01-18 23:18:08,832 - __main__ - 234 - DEBUG - {'bar': 'd10', 'As_pvd': 0.36, 'spacings': 4.0, 'sp_text': 'd10 @ 4.0 inch c/s', 'rem': ''}
2023-01-18 23:18:08,834 - __main__ - 15 - DEBUG - None
2023-01-18 23:18:08,836 - __main__ - 207 - DEBUG - 




2023-01-18 23:18:08,839 - __main__ - 208 - DEBUG - Initiating Reinforcement Design...................................
2023-01-18 23:18:08,841 - __main__ - 113 - DEBUG - 




2023-01-18 23:18:08,845 - __main__ - 114 - DEBUG - Designing Thicknes........................................
2023-01-18 23:18:08,849 - __main__ - 115 - DEBUG - t_provided=16 deduction=3.5 d_provided=12.5
2023-01-18 23:18:08,851 - __main__ - 226 - DEBUG - {'status': True, 'd_revised': 12.5, 't_revised': 16.0}
2023-01-18 23:18:08,853 - __main__ - 227 - DEBUG - d_design=12.5 t_design=16.0
2023-01-18 23:18:08,855 - __main__ - 228 - DEBUG - fs=18013.95 j=0.88
2023-01-18 23:18:08,857 - __main__ - 229 - DEBUG - As_calc=0.0 As_min=0.36 As_design=0.36
2023-01-18 23:18:08,858 - __main__ - 168 - DEBUG - 




2023-01-18 23:18:08,865 - __main__ - 169 - DEBUG - As=0.36 Ab=0.12 b=12 n=3.0
2023-01-18 23:18:08,867 - __main__ - 170 - DEBUG - spacing before rounding=4.0
2023-01-18 23:18:08,870 - __main__ - 171 - DEBUG - spacing After rounding=4.0
2023-01-18 23:18:08,873 - __main__ - 234 - DEBUG - {'bar': 'd10', 'As_pvd': 0.36, 'spacings': 4.0, 'sp_text': 'd10 @ 4.0 inch c/s', 'rem': ''}
2023-01-18 23:18:08,876 - __main__ - 15 - DEBUG - None
2023-01-18 23:18:08,878 - __main__ - 207 - DEBUG - 




2023-01-18 23:18:08,881 - __main__ - 208 - DEBUG - Initiating Reinforcement Design...................................
2023-01-18 23:18:08,883 - __main__ - 113 - DEBUG - 




2023-01-18 23:18:08,885 - __main__ - 114 - DEBUG - Designing Thicknes........................................
2023-01-18 23:18:08,888 - __main__ - 115 - DEBUG - t_provided=16 deduction=3.5 d_provided=12.5
2023-01-18 23:18:08,890 - __main__ - 226 - DEBUG - {'status': True, 'd_revised': 12.5, 't_revised': 16.0}
2023-01-18 23:18:08,893 - __main__ - 227 - DEBUG - d_design=12.5 t_design=16.0
2023-01-18 23:18:08,897 - __main__ - 228 - DEBUG - fs=18013.95 j=0.88
2023-01-18 23:18:08,899 - __main__ - 229 - DEBUG - As_calc=0.0 As_min=0.36 As_design=0.36
2023-01-18 23:18:08,910 - __main__ - 168 - DEBUG - 




2023-01-18 23:18:08,912 - __main__ - 169 - DEBUG - As=0.36 Ab=0.12 b=12 n=3.0
2023-01-18 23:18:08,915 - __main__ - 170 - DEBUG - spacing before rounding=4.0
2023-01-18 23:18:08,917 - __main__ - 171 - DEBUG - spacing After rounding=4.0
2023-01-18 23:18:08,920 - __main__ - 234 - DEBUG - {'bar': 'd10', 'As_pvd': 0.36, 'spacings': 4.0, 'sp_text': 'd10 @ 4.0 inch c/s', 'rem': ''}
2023-01-18 23:18:08,922 - __main__ - 15 - DEBUG - None
2023-01-18 23:18:08,925 - __main__ - 207 - DEBUG - 




2023-01-18 23:18:08,932 - __main__ - 208 - DEBUG - Initiating Reinforcement Design...................................
2023-01-18 23:18:08,938 - __main__ - 113 - DEBUG - 




2023-01-18 23:18:08,940 - __main__ - 114 - DEBUG - Designing Thicknes........................................
2023-01-18 23:18:08,945 - __main__ - 115 - DEBUG - t_provided=16 deduction=3.5 d_provided=12.5
2023-01-18 23:18:08,947 - __main__ - 226 - DEBUG - {'status': True, 'd_revised': 12.5, 't_revised': 16.0}
2023-01-18 23:18:08,950 - __main__ - 227 - DEBUG - d_design=12.5 t_design=16.0
2023-01-18 23:18:08,952 - __main__ - 228 - DEBUG - fs=18013.95 j=0.88
2023-01-18 23:18:08,954 - __main__ - 229 - DEBUG - As_calc=0.0 As_min=0.36 As_design=0.36
2023-01-18 23:18:08,956 - __main__ - 168 - DEBUG - 




2023-01-18 23:18:08,958 - __main__ - 169 - DEBUG - As=0.36 Ab=0.12 b=12 n=3.0
2023-01-18 23:18:08,961 - __main__ - 170 - DEBUG - spacing before rounding=4.0
2023-01-18 23:18:08,964 - __main__ - 171 - DEBUG - spacing After rounding=4.0
2023-01-18 23:18:08,966 - __main__ - 234 - DEBUG - {'bar': 'd10', 'As_pvd': 0.36, 'spacings': 4.0, 'sp_text': 'd10 @ 4.0 inch c/s', 'rem': ''}
2023-01-18 23:18:08,968 - __main__ - 15 - DEBUG - None
2023-01-18 23:18:08,971 - __main__ - 207 - DEBUG - 




2023-01-18 23:18:08,973 - __main__ - 208 - DEBUG - Initiating Reinforcement Design...................................
2023-01-18 23:18:08,976 - __main__ - 113 - DEBUG - 




2023-01-18 23:18:08,978 - __main__ - 114 - DEBUG - Designing Thicknes........................................
2023-01-18 23:18:08,980 - __main__ - 115 - DEBUG - t_provided=16 deduction=3.5 d_provided=12.5
2023-01-18 23:18:08,982 - __main__ - 226 - DEBUG - {'status': True, 'd_revised': 12.5, 't_revised': 16.0}
2023-01-18 23:18:08,985 - __main__ - 227 - DEBUG - d_design=12.5 t_design=16.0
2023-01-18 23:18:08,987 - __main__ - 228 - DEBUG - fs=18013.95 j=0.88
2023-01-18 23:18:08,989 - __main__ - 229 - DEBUG - As_calc=0.0 As_min=0.36 As_design=0.36
2023-01-18 23:18:08,993 - __main__ - 168 - DEBUG - 




2023-01-18 23:18:08,997 - __main__ - 169 - DEBUG - As=0.36 Ab=0.12 b=12 n=3.0
2023-01-18 23:18:08,999 - __main__ - 170 - DEBUG - spacing before rounding=4.0
2023-01-18 23:18:09,002 - __main__ - 171 - DEBUG - spacing After rounding=4.0
2023-01-18 23:18:09,004 - __main__ - 234 - DEBUG - {'bar': 'd10', 'As_pvd': 0.36, 'spacings': 4.0, 'sp_text': 'd10 @ 4.0 inch c/s', 'rem': ''}
2023-01-18 23:18:09,006 - __main__ - 15 - DEBUG - None
2023-01-18 23:18:09,009 - __main__ - 207 - DEBUG - 




2023-01-18 23:18:09,012 - __main__ - 208 - DEBUG - Initiating Reinforcement Design...................................
2023-01-18 23:18:09,014 - __main__ - 113 - DEBUG - 




2023-01-18 23:18:09,017 - __main__ - 114 - DEBUG - Designing Thicknes........................................
2023-01-18 23:18:09,020 - __main__ - 115 - DEBUG - t_provided=16 deduction=3.5 d_provided=12.5
2023-01-18 23:18:09,022 - __main__ - 226 - DEBUG - {'status': True, 'd_revised': 12.5, 't_revised': 16.0}
2023-01-18 23:18:09,025 - __main__ - 227 - DEBUG - d_design=12.5 t_design=16.0
2023-01-18 23:18:09,032 - __main__ - 228 - DEBUG - fs=18013.95 j=0.88
2023-01-18 23:18:09,034 - __main__ - 229 - DEBUG - As_calc=0.0 As_min=0.36 As_design=0.36
2023-01-18 23:18:09,036 - __main__ - 168 - DEBUG - 




2023-01-18 23:18:09,039 - __main__ - 169 - DEBUG - As=0.36 Ab=0.12 b=12 n=3.0
2023-01-18 23:18:09,041 - __main__ - 170 - DEBUG - spacing before rounding=4.0
2023-01-18 23:18:09,044 - __main__ - 171 - DEBUG - spacing After rounding=4.0
2023-01-18 23:18:09,046 - __main__ - 234 - DEBUG - {'bar': 'd10', 'As_pvd': 0.36, 'spacings': 4.0, 'sp_text': 'd10 @ 4.0 inch c/s', 'rem': ''}
2023-01-18 23:18:09,048 - __main__ - 15 - DEBUG - None
2023-01-18 23:18:09,051 - __main__ - 207 - DEBUG - 




2023-01-18 23:18:09,053 - __main__ - 208 - DEBUG - Initiating Reinforcement Design...................................
2023-01-18 23:18:09,056 - __main__ - 113 - DEBUG - 




2023-01-18 23:18:09,059 - __main__ - 114 - DEBUG - Designing Thicknes........................................
2023-01-18 23:18:09,063 - __main__ - 115 - DEBUG - t_provided=16 deduction=3.5 d_provided=12.5
2023-01-18 23:18:09,065 - __main__ - 226 - DEBUG - {'status': True, 'd_revised': 12.5, 't_revised': 16.0}
2023-01-18 23:18:09,067 - __main__ - 227 - DEBUG - d_design=12.5 t_design=16.0
2023-01-18 23:18:09,069 - __main__ - 228 - DEBUG - fs=18013.95 j=0.88
2023-01-18 23:18:09,072 - __main__ - 229 - DEBUG - As_calc=0.0 As_min=0.36 As_design=0.36
2023-01-18 23:18:09,074 - __main__ - 168 - DEBUG - 




2023-01-18 23:18:09,077 - __main__ - 169 - DEBUG - As=0.36 Ab=0.12 b=12 n=3.0
2023-01-18 23:18:09,080 - __main__ - 170 - DEBUG - spacing before rounding=4.0
2023-01-18 23:18:09,082 - __main__ - 171 - DEBUG - spacing After rounding=4.0
2023-01-18 23:18:09,085 - __main__ - 234 - DEBUG - {'bar': 'd10', 'As_pvd': 0.36, 'spacings': 4.0, 'sp_text': 'd10 @ 4.0 inch c/s', 'rem': ''}
2023-01-18 23:18:09,087 - __main__ - 15 - DEBUG - None
2023-01-18 23:18:09,090 - __main__ - 207 - DEBUG - 




2023-01-18 23:18:09,093 - __main__ - 208 - DEBUG - Initiating Reinforcement Design...................................
2023-01-18 23:18:09,095 - __main__ - 113 - DEBUG - 




2023-01-18 23:18:09,097 - __main__ - 114 - DEBUG - Designing Thicknes........................................
2023-01-18 23:18:09,099 - __main__ - 115 - DEBUG - t_provided=16 deduction=3.5 d_provided=12.5
2023-01-18 23:18:09,102 - __main__ - 226 - DEBUG - {'status': True, 'd_revised': 12.5, 't_revised': 16.0}
2023-01-18 23:18:09,104 - __main__ - 227 - DEBUG - d_design=12.5 t_design=16.0
2023-01-18 23:18:09,107 - __main__ - 228 - DEBUG - fs=18013.95 j=0.88
2023-01-18 23:18:09,110 - __main__ - 229 - DEBUG - As_calc=0.0 As_min=0.36 As_design=0.36
2023-01-18 23:18:09,112 - __main__ - 168 - DEBUG - 




2023-01-18 23:18:09,114 - __main__ - 169 - DEBUG - As=0.36 Ab=0.12 b=12 n=3.0
2023-01-18 23:18:09,116 - __main__ - 170 - DEBUG - spacing before rounding=4.0
2023-01-18 23:18:09,119 - __main__ - 171 - DEBUG - spacing After rounding=4.0
2023-01-18 23:18:09,121 - __main__ - 234 - DEBUG - {'bar': 'd10', 'As_pvd': 0.36, 'spacings': 4.0, 'sp_text': 'd10 @ 4.0 inch c/s', 'rem': ''}
2023-01-18 23:18:09,122 - __main__ - 15 - DEBUG - None
2023-01-18 23:18:09,124 - __main__ - 207 - DEBUG - 




2023-01-18 23:18:09,131 - __main__ - 208 - DEBUG - Initiating Reinforcement Design...................................
2023-01-18 23:18:09,134 - __main__ - 113 - DEBUG - 




2023-01-18 23:18:09,136 - __main__ - 114 - DEBUG - Designing Thicknes........................................
2023-01-18 23:18:09,139 - __main__ - 115 - DEBUG - t_provided=16 deduction=3.5 d_provided=12.5
2023-01-18 23:18:09,142 - __main__ - 226 - DEBUG - {'status': True, 'd_revised': 12.5, 't_revised': 16.0}
2023-01-18 23:18:09,144 - __main__ - 227 - DEBUG - d_design=12.5 t_design=16.0
2023-01-18 23:18:09,146 - __main__ - 228 - DEBUG - fs=18013.95 j=0.88
2023-01-18 23:18:09,148 - __main__ - 229 - DEBUG - As_calc=0.0 As_min=0.36 As_design=0.36
2023-01-18 23:18:09,149 - __main__ - 168 - DEBUG - 




2023-01-18 23:18:09,152 - __main__ - 169 - DEBUG - As=0.36 Ab=0.12 b=12 n=3.0
2023-01-18 23:18:09,154 - __main__ - 170 - DEBUG - spacing before rounding=4.0
2023-01-18 23:18:09,156 - __main__ - 171 - DEBUG - spacing After rounding=4.0
2023-01-18 23:18:09,158 - __main__ - 234 - DEBUG - {'bar': 'd10', 'As_pvd': 0.36, 'spacings': 4.0, 'sp_text': 'd10 @ 4.0 inch c/s', 'rem': ''}
2023-01-18 23:18:09,167 - __main__ - 15 - DEBUG - None
2023-01-18 23:18:09,171 - __main__ - 207 - DEBUG - 




2023-01-18 23:18:09,172 - __main__ - 208 - DEBUG - Initiating Reinforcement Design...................................
2023-01-18 23:18:09,174 - __main__ - 113 - DEBUG - 




2023-01-18 23:18:09,176 - __main__ - 114 - DEBUG - Designing Thicknes........................................
2023-01-18 23:18:09,179 - __main__ - 115 - DEBUG - t_provided=16 deduction=3.5 d_provided=12.5
2023-01-18 23:18:09,180 - __main__ - 226 - DEBUG - {'status': True, 'd_revised': 12.5, 't_revised': 16.0}
2023-01-18 23:18:09,182 - __main__ - 227 - DEBUG - d_design=12.5 t_design=16.0
2023-01-18 23:18:09,184 - __main__ - 228 - DEBUG - fs=18013.95 j=0.88
2023-01-18 23:18:09,186 - __main__ - 229 - DEBUG - As_calc=0.0 As_min=0.36 As_design=0.36
2023-01-18 23:18:09,188 - __main__ - 168 - DEBUG - 




2023-01-18 23:18:09,190 - __main__ - 169 - DEBUG - As=0.36 Ab=0.12 b=12 n=3.0
2023-01-18 23:18:09,192 - __main__ - 170 - DEBUG - spacing before rounding=4.0
2023-01-18 23:18:09,195 - __main__ - 171 - DEBUG - spacing After rounding=4.0
2023-01-18 23:18:09,197 - __main__ - 234 - DEBUG - {'bar': 'd10', 'As_pvd': 0.36, 'spacings': 4.0, 'sp_text': 'd10 @ 4.0 inch c/s', 'rem': ''}
2023-01-18 23:18:09,199 - __main__ - 15 - DEBUG - None
2023-01-18 23:18:09,202 - __main__ - 207 - DEBUG - 




2023-01-18 23:18:09,203 - __main__ - 208 - DEBUG - Initiating Reinforcement Design...................................
2023-01-18 23:18:09,205 - __main__ - 113 - DEBUG - 




2023-01-18 23:18:09,207 - __main__ - 114 - DEBUG - Designing Thicknes........................................
2023-01-18 23:18:09,209 - __main__ - 115 - DEBUG - t_provided=16 deduction=3.5 d_provided=12.5
2023-01-18 23:18:09,211 - __main__ - 226 - DEBUG - {'status': True, 'd_revised': 12.5, 't_revised': 16.0}
2023-01-18 23:18:09,213 - __main__ - 227 - DEBUG - d_design=12.5 t_design=16.0
2023-01-18 23:18:09,215 - __main__ - 228 - DEBUG - fs=18013.95 j=0.88
2023-01-18 23:18:09,216 - __main__ - 229 - DEBUG - As_calc=0.0 As_min=0.36 As_design=0.36
2023-01-18 23:18:09,218 - __main__ - 168 - DEBUG - 




2023-01-18 23:18:09,220 - __main__ - 169 - DEBUG - As=0.36 Ab=0.12 b=12 n=3.0
2023-01-18 23:18:09,222 - __main__ - 170 - DEBUG - spacing before rounding=4.0
2023-01-18 23:18:09,223 - __main__ - 171 - DEBUG - spacing After rounding=4.0
2023-01-18 23:18:09,229 - __main__ - 234 - DEBUG - {'bar': 'd10', 'As_pvd': 0.36, 'spacings': 4.0, 'sp_text': 'd10 @ 4.0 inch c/s', 'rem': ''}
2023-01-18 23:18:09,231 - __main__ - 15 - DEBUG - None
2023-01-18 23:18:09,233 - __main__ - 207 - DEBUG - 




2023-01-18 23:18:09,235 - __main__ - 208 - DEBUG - Initiating Reinforcement Design...................................
2023-01-18 23:18:09,236 - __main__ - 113 - DEBUG - 




2023-01-18 23:18:09,238 - __main__ - 114 - DEBUG - Designing Thicknes........................................
2023-01-18 23:18:09,239 - __main__ - 115 - DEBUG - t_provided=16 deduction=3.5 d_provided=12.5
2023-01-18 23:18:09,241 - __main__ - 226 - DEBUG - {'status': True, 'd_revised': 12.5, 't_revised': 16.0}
2023-01-18 23:18:09,245 - __main__ - 227 - DEBUG - d_design=12.5 t_design=16.0
2023-01-18 23:18:09,246 - __main__ - 228 - DEBUG - fs=18013.95 j=0.88
2023-01-18 23:18:09,248 - __main__ - 229 - DEBUG - As_calc=0.0 As_min=0.36 As_design=0.36
2023-01-18 23:18:09,249 - __main__ - 168 - DEBUG - 




2023-01-18 23:18:09,251 - __main__ - 169 - DEBUG - As=0.36 Ab=0.12 b=12 n=3.0
2023-01-18 23:18:09,253 - __main__ - 170 - DEBUG - spacing before rounding=4.0
2023-01-18 23:18:09,254 - __main__ - 171 - DEBUG - spacing After rounding=4.0
2023-01-18 23:18:09,256 - __main__ - 234 - DEBUG - {'bar': 'd10', 'As_pvd': 0.36, 'spacings': 4.0, 'sp_text': 'd10 @ 4.0 inch c/s', 'rem': ''}
2023-01-18 23:18:09,258 - __main__ - 15 - DEBUG - None
2023-01-18 23:18:09,262 - __main__ - 207 - DEBUG - 




2023-01-18 23:18:09,264 - __main__ - 208 - DEBUG - Initiating Reinforcement Design...................................
2023-01-18 23:18:09,265 - __main__ - 113 - DEBUG - 




2023-01-18 23:18:09,267 - __main__ - 114 - DEBUG - Designing Thicknes........................................
2023-01-18 23:18:09,271 - __main__ - 115 - DEBUG - t_provided=16 deduction=3.5 d_provided=12.5
2023-01-18 23:18:09,273 - __main__ - 226 - DEBUG - {'status': True, 'd_revised': 12.5, 't_revised': 16.0}
2023-01-18 23:18:09,274 - __main__ - 227 - DEBUG - d_design=12.5 t_design=16.0
2023-01-18 23:18:09,277 - __main__ - 228 - DEBUG - fs=18013.95 j=0.88
2023-01-18 23:18:09,280 - __main__ - 229 - DEBUG - As_calc=0.0 As_min=0.36 As_design=0.36
2023-01-18 23:18:09,284 - __main__ - 168 - DEBUG - 




2023-01-18 23:18:09,286 - __main__ - 169 - DEBUG - As=0.36 Ab=0.12 b=12 n=3.0
2023-01-18 23:18:09,289 - __main__ - 170 - DEBUG - spacing before rounding=4.0
2023-01-18 23:18:09,291 - __main__ - 171 - DEBUG - spacing After rounding=4.0
2023-01-18 23:18:09,294 - __main__ - 234 - DEBUG - {'bar': 'd10', 'As_pvd': 0.36, 'spacings': 4.0, 'sp_text': 'd10 @ 4.0 inch c/s', 'rem': ''}
2023-01-18 23:18:09,295 - __main__ - 15 - DEBUG - None
2023-01-18 23:18:09,297 - __main__ - 207 - DEBUG - 




2023-01-18 23:18:09,299 - __main__ - 208 - DEBUG - Initiating Reinforcement Design...................................
2023-01-18 23:18:09,300 - __main__ - 113 - DEBUG - 




2023-01-18 23:18:09,302 - __main__ - 114 - DEBUG - Designing Thicknes........................................
2023-01-18 23:18:09,306 - __main__ - 115 - DEBUG - t_provided=16 deduction=3.5 d_provided=12.5
2023-01-18 23:18:09,307 - __main__ - 226 - DEBUG - {'status': True, 'd_revised': 12.5, 't_revised': 16.0}
2023-01-18 23:18:09,311 - __main__ - 227 - DEBUG - d_design=12.5 t_design=16.0
2023-01-18 23:18:09,312 - __main__ - 228 - DEBUG - fs=18013.95 j=0.88
2023-01-18 23:18:09,314 - __main__ - 229 - DEBUG - As_calc=0.0 As_min=0.36 As_design=0.36
2023-01-18 23:18:09,315 - __main__ - 168 - DEBUG - 




2023-01-18 23:18:09,317 - __main__ - 169 - DEBUG - As=0.36 Ab=0.12 b=12 n=3.0
2023-01-18 23:18:09,319 - __main__ - 170 - DEBUG - spacing before rounding=4.0
2023-01-18 23:18:09,320 - __main__ - 171 - DEBUG - spacing After rounding=4.0
2023-01-18 23:18:09,322 - __main__ - 234 - DEBUG - {'bar': 'd10', 'As_pvd': 0.36, 'spacings': 4.0, 'sp_text': 'd10 @ 4.0 inch c/s', 'rem': ''}
2023-01-18 23:18:09,324 - __main__ - 15 - DEBUG - None
2023-01-18 23:18:09,332 - __main__ - 207 - DEBUG - 




2023-01-18 23:18:09,334 - __main__ - 208 - DEBUG - Initiating Reinforcement Design...................................
2023-01-18 23:18:09,336 - __main__ - 113 - DEBUG - 




2023-01-18 23:18:09,337 - __main__ - 114 - DEBUG - Designing Thicknes........................................
2023-01-18 23:18:09,339 - __main__ - 115 - DEBUG - t_provided=16 deduction=3.5 d_provided=12.5
2023-01-18 23:18:09,341 - __main__ - 226 - DEBUG - {'status': True, 'd_revised': 12.5, 't_revised': 16.0}
2023-01-18 23:18:09,346 - __main__ - 227 - DEBUG - d_design=12.5 t_design=16.0
2023-01-18 23:18:09,348 - __main__ - 228 - DEBUG - fs=18013.95 j=0.88
2023-01-18 23:18:09,350 - __main__ - 229 - DEBUG - As_calc=0.0 As_min=0.36 As_design=0.36
2023-01-18 23:18:09,354 - __main__ - 168 - DEBUG - 




2023-01-18 23:18:09,356 - __main__ - 169 - DEBUG - As=0.36 Ab=0.12 b=12 n=3.0
2023-01-18 23:18:09,363 - __main__ - 170 - DEBUG - spacing before rounding=4.0
2023-01-18 23:18:09,366 - __main__ - 171 - DEBUG - spacing After rounding=4.0
2023-01-18 23:18:09,369 - __main__ - 234 - DEBUG - {'bar': 'd10', 'As_pvd': 0.36, 'spacings': 4.0, 'sp_text': 'd10 @ 4.0 inch c/s', 'rem': ''}
2023-01-18 23:18:09,380 - __main__ - 15 - DEBUG - None
2023-01-18 23:18:09,385 - __main__ - 207 - DEBUG - 




2023-01-18 23:18:09,388 - __main__ - 208 - DEBUG - Initiating Reinforcement Design...................................
2023-01-18 23:18:09,390 - __main__ - 113 - DEBUG - 




2023-01-18 23:18:09,395 - __main__ - 114 - DEBUG - Designing Thicknes........................................
2023-01-18 23:18:09,400 - __main__ - 115 - DEBUG - t_provided=16 deduction=3.5 d_provided=12.5
2023-01-18 23:18:09,402 - __main__ - 226 - DEBUG - {'status': True, 'd_revised': 12.5, 't_revised': 16.0}
2023-01-18 23:18:09,405 - __main__ - 227 - DEBUG - d_design=12.5 t_design=16.0
2023-01-18 23:18:09,407 - __main__ - 228 - DEBUG - fs=18013.95 j=0.88
2023-01-18 23:18:09,411 - __main__ - 229 - DEBUG - As_calc=0.0 As_min=0.36 As_design=0.36
2023-01-18 23:18:09,415 - __main__ - 168 - DEBUG - 




2023-01-18 23:18:09,417 - __main__ - 169 - DEBUG - As=0.36 Ab=0.12 b=12 n=3.0
2023-01-18 23:18:09,420 - __main__ - 170 - DEBUG - spacing before rounding=4.0
2023-01-18 23:18:09,422 - __main__ - 171 - DEBUG - spacing After rounding=4.0
2023-01-18 23:18:09,425 - __main__ - 234 - DEBUG - {'bar': 'd10', 'As_pvd': 0.36, 'spacings': 4.0, 'sp_text': 'd10 @ 4.0 inch c/s', 'rem': ''}
2023-01-18 23:18:09,432 - __main__ - 15 - DEBUG - None
2023-01-18 23:18:09,435 - __main__ - 207 - DEBUG - 




2023-01-18 23:18:09,438 - __main__ - 208 - DEBUG - Initiating Reinforcement Design...................................
2023-01-18 23:18:09,440 - __main__ - 113 - DEBUG - 




2023-01-18 23:18:09,442 - __main__ - 114 - DEBUG - Designing Thicknes........................................
2023-01-18 23:18:09,445 - __main__ - 115 - DEBUG - t_provided=16 deduction=3.5 d_provided=12.5
2023-01-18 23:18:09,446 - __main__ - 226 - DEBUG - {'status': True, 'd_revised': 12.5, 't_revised': 16.0}
2023-01-18 23:18:09,448 - __main__ - 227 - DEBUG - d_design=12.5 t_design=16.0
2023-01-18 23:18:09,449 - __main__ - 228 - DEBUG - fs=18013.95 j=0.88
2023-01-18 23:18:09,451 - __main__ - 229 - DEBUG - As_calc=0.0 As_min=0.36 As_design=0.36
2023-01-18 23:18:09,452 - __main__ - 168 - DEBUG - 




2023-01-18 23:18:09,454 - __main__ - 169 - DEBUG - As=0.36 Ab=0.12 b=12 n=3.0
2023-01-18 23:18:09,456 - __main__ - 170 - DEBUG - spacing before rounding=4.0
2023-01-18 23:18:09,457 - __main__ - 171 - DEBUG - spacing After rounding=4.0
2023-01-18 23:18:09,462 - __main__ - 234 - DEBUG - {'bar': 'd10', 'As_pvd': 0.36, 'spacings': 4.0, 'sp_text': 'd10 @ 4.0 inch c/s', 'rem': ''}
2023-01-18 23:18:09,463 - __main__ - 15 - DEBUG - None
2023-01-18 23:18:09,466 - __main__ - 207 - DEBUG - 




2023-01-18 23:18:09,468 - __main__ - 208 - DEBUG - Initiating Reinforcement Design...................................
2023-01-18 23:18:09,469 - __main__ - 113 - DEBUG - 




2023-01-18 23:18:09,471 - __main__ - 114 - DEBUG - Designing Thicknes........................................
2023-01-18 23:18:09,473 - __main__ - 115 - DEBUG - t_provided=16 deduction=3.5 d_provided=12.5
2023-01-18 23:18:09,474 - __main__ - 226 - DEBUG - {'status': True, 'd_revised': 12.5, 't_revised': 16.0}
2023-01-18 23:18:09,478 - __main__ - 227 - DEBUG - d_design=12.5 t_design=16.0
2023-01-18 23:18:09,480 - __main__ - 228 - DEBUG - fs=18013.95 j=0.88
2023-01-18 23:18:09,482 - __main__ - 229 - DEBUG - As_calc=0.0 As_min=0.36 As_design=0.36
2023-01-18 23:18:09,483 - __main__ - 168 - DEBUG - 




2023-01-18 23:18:09,485 - __main__ - 169 - DEBUG - As=0.36 Ab=0.12 b=12 n=3.0
2023-01-18 23:18:09,486 - __main__ - 170 - DEBUG - spacing before rounding=4.0
2023-01-18 23:18:09,488 - __main__ - 171 - DEBUG - spacing After rounding=4.0
2023-01-18 23:18:09,490 - __main__ - 234 - DEBUG - {'bar': 'd10', 'As_pvd': 0.36, 'spacings': 4.0, 'sp_text': 'd10 @ 4.0 inch c/s', 'rem': ''}
2023-01-18 23:18:09,496 - __main__ - 15 - DEBUG - None
2023-01-18 23:18:09,498 - __main__ - 207 - DEBUG - 




2023-01-18 23:18:09,500 - __main__ - 208 - DEBUG - Initiating Reinforcement Design...................................
2023-01-18 23:18:09,502 - __main__ - 113 - DEBUG - 




2023-01-18 23:18:09,505 - __main__ - 114 - DEBUG - Designing Thicknes........................................
2023-01-18 23:18:09,513 - __main__ - 115 - DEBUG - t_provided=16 deduction=3.5 d_provided=12.5
2023-01-18 23:18:09,515 - __main__ - 226 - DEBUG - {'status': True, 'd_revised': 12.5, 't_revised': 16.0}
2023-01-18 23:18:09,517 - __main__ - 227 - DEBUG - d_design=12.5 t_design=16.0
2023-01-18 23:18:09,519 - __main__ - 228 - DEBUG - fs=18013.95 j=0.88
2023-01-18 23:18:09,521 - __main__ - 229 - DEBUG - As_calc=0.0 As_min=0.36 As_design=0.36
2023-01-18 23:18:09,522 - __main__ - 168 - DEBUG - 




2023-01-18 23:18:09,524 - __main__ - 169 - DEBUG - As=0.36 Ab=0.12 b=12 n=3.0
2023-01-18 23:18:09,534 - __main__ - 170 - DEBUG - spacing before rounding=4.0
2023-01-18 23:18:09,536 - __main__ - 171 - DEBUG - spacing After rounding=4.0
2023-01-18 23:18:09,537 - __main__ - 234 - DEBUG - {'bar': 'd10', 'As_pvd': 0.36, 'spacings': 4.0, 'sp_text': 'd10 @ 4.0 inch c/s', 'rem': ''}
2023-01-18 23:18:09,539 - __main__ - 15 - DEBUG - None
2023-01-18 23:18:09,541 - __main__ - 207 - DEBUG - 




2023-01-18 23:18:09,550 - __main__ - 208 - DEBUG - Initiating Reinforcement Design...................................
2023-01-18 23:18:09,553 - __main__ - 113 - DEBUG - 




2023-01-18 23:18:09,555 - __main__ - 114 - DEBUG - Designing Thicknes........................................
2023-01-18 23:18:09,563 - __main__ - 115 - DEBUG - t_provided=16 deduction=3.5 d_provided=12.5
2023-01-18 23:18:09,566 - __main__ - 226 - DEBUG - {'status': True, 'd_revised': 12.5, 't_revised': 16.0}
2023-01-18 23:18:09,568 - __main__ - 227 - DEBUG - d_design=12.5 t_design=16.0
2023-01-18 23:18:09,570 - __main__ - 228 - DEBUG - fs=18013.95 j=0.88
2023-01-18 23:18:09,572 - __main__ - 229 - DEBUG - As_calc=0.0 As_min=0.36 As_design=0.36
2023-01-18 23:18:09,575 - __main__ - 168 - DEBUG - 




2023-01-18 23:18:09,577 - __main__ - 169 - DEBUG - As=0.36 Ab=0.12 b=12 n=3.0
2023-01-18 23:18:09,580 - __main__ - 170 - DEBUG - spacing before rounding=4.0
2023-01-18 23:18:09,582 - __main__ - 171 - DEBUG - spacing After rounding=4.0
2023-01-18 23:18:09,584 - __main__ - 234 - DEBUG - {'bar': 'd10', 'As_pvd': 0.36, 'spacings': 4.0, 'sp_text': 'd10 @ 4.0 inch c/s', 'rem': ''}
2023-01-18 23:18:09,586 - __main__ - 15 - DEBUG - None
2023-01-18 23:18:09,588 - __main__ - 207 - DEBUG - 




2023-01-18 23:18:09,590 - __main__ - 208 - DEBUG - Initiating Reinforcement Design...................................
2023-01-18 23:18:09,595 - __main__ - 113 - DEBUG - 




2023-01-18 23:18:09,597 - __main__ - 114 - DEBUG - Designing Thicknes........................................
2023-01-18 23:18:09,600 - __main__ - 115 - DEBUG - t_provided=16 deduction=3.5 d_provided=12.5
2023-01-18 23:18:09,602 - __main__ - 226 - DEBUG - {'status': True, 'd_revised': 12.5, 't_revised': 16.0}
2023-01-18 23:18:09,604 - __main__ - 227 - DEBUG - d_design=12.5 t_design=16.0
2023-01-18 23:18:09,607 - __main__ - 228 - DEBUG - fs=18013.95 j=0.88
2023-01-18 23:18:09,609 - __main__ - 229 - DEBUG - As_calc=0.0 As_min=0.36 As_design=0.36
2023-01-18 23:18:09,612 - __main__ - 168 - DEBUG - 




2023-01-18 23:18:09,614 - __main__ - 169 - DEBUG - As=0.36 Ab=0.12 b=12 n=3.0
2023-01-18 23:18:09,615 - __main__ - 170 - DEBUG - spacing before rounding=4.0
2023-01-18 23:18:09,617 - __main__ - 171 - DEBUG - spacing After rounding=4.0
2023-01-18 23:18:09,619 - __main__ - 234 - DEBUG - {'bar': 'd10', 'As_pvd': 0.36, 'spacings': 4.0, 'sp_text': 'd10 @ 4.0 inch c/s', 'rem': ''}
2023-01-18 23:18:09,620 - __main__ - 15 - DEBUG - None
2023-01-18 23:18:09,622 - __main__ - 207 - DEBUG - 




2023-01-18 23:18:09,624 - __main__ - 208 - DEBUG - Initiating Reinforcement Design...................................
2023-01-18 23:18:09,630 - __main__ - 113 - DEBUG - 




2023-01-18 23:18:09,633 - __main__ - 114 - DEBUG - Designing Thicknes........................................
2023-01-18 23:18:09,635 - __main__ - 115 - DEBUG - t_provided=16 deduction=3.5 d_provided=12.5
2023-01-18 23:18:09,637 - __main__ - 226 - DEBUG - {'status': True, 'd_revised': 12.5, 't_revised': 16.0}
2023-01-18 23:18:09,640 - __main__ - 227 - DEBUG - d_design=12.5 t_design=16.0
2023-01-18 23:18:09,643 - __main__ - 228 - DEBUG - fs=18013.95 j=0.88
2023-01-18 23:18:09,645 - __main__ - 229 - DEBUG - As_calc=0.0 As_min=0.36 As_design=0.36
2023-01-18 23:18:09,648 - __main__ - 168 - DEBUG - 




2023-01-18 23:18:09,651 - __main__ - 169 - DEBUG - As=0.36 Ab=0.12 b=12 n=3.0
2023-01-18 23:18:09,653 - __main__ - 170 - DEBUG - spacing before rounding=4.0
2023-01-18 23:18:09,656 - __main__ - 171 - DEBUG - spacing After rounding=4.0
2023-01-18 23:18:09,659 - __main__ - 234 - DEBUG - {'bar': 'd10', 'As_pvd': 0.36, 'spacings': 4.0, 'sp_text': 'd10 @ 4.0 inch c/s', 'rem': ''}
2023-01-18 23:18:09,663 - __main__ - 15 - DEBUG - None
2023-01-18 23:18:09,666 - __main__ - 207 - DEBUG - 




2023-01-18 23:18:09,669 - __main__ - 208 - DEBUG - Initiating Reinforcement Design...................................
2023-01-18 23:18:09,671 - __main__ - 113 - DEBUG - 




2023-01-18 23:18:09,672 - __main__ - 114 - DEBUG - Designing Thicknes........................................
2023-01-18 23:18:09,674 - __main__ - 115 - DEBUG - t_provided=16 deduction=3.5 d_provided=12.5
2023-01-18 23:18:09,676 - __main__ - 226 - DEBUG - {'status': True, 'd_revised': 12.5, 't_revised': 16.0}
2023-01-18 23:18:09,677 - __main__ - 227 - DEBUG - d_design=12.5 t_design=16.0
2023-01-18 23:18:09,681 - __main__ - 228 - DEBUG - fs=18013.95 j=0.88
2023-01-18 23:18:09,684 - __main__ - 229 - DEBUG - As_calc=0.0 As_min=0.36 As_design=0.36
2023-01-18 23:18:09,686 - __main__ - 168 - DEBUG - 




2023-01-18 23:18:09,688 - __main__ - 169 - DEBUG - As=0.36 Ab=0.12 b=12 n=3.0
2023-01-18 23:18:09,690 - __main__ - 170 - DEBUG - spacing before rounding=4.0
2023-01-18 23:18:09,695 - __main__ - 171 - DEBUG - spacing After rounding=4.0
2023-01-18 23:18:09,701 - __main__ - 234 - DEBUG - {'bar': 'd10', 'As_pvd': 0.36, 'spacings': 4.0, 'sp_text': 'd10 @ 4.0 inch c/s', 'rem': ''}
2023-01-18 23:18:09,703 - __main__ - 15 - DEBUG - None
2023-01-18 23:18:09,706 - __main__ - 207 - DEBUG - 




2023-01-18 23:18:09,708 - __main__ - 208 - DEBUG - Initiating Reinforcement Design...................................
2023-01-18 23:18:09,711 - __main__ - 113 - DEBUG - 




2023-01-18 23:18:09,713 - __main__ - 114 - DEBUG - Designing Thicknes........................................
2023-01-18 23:18:09,715 - __main__ - 115 - DEBUG - t_provided=16 deduction=3.5 d_provided=12.5
2023-01-18 23:18:09,717 - __main__ - 226 - DEBUG - {'status': True, 'd_revised': 12.5, 't_revised': 16.0}
2023-01-18 23:18:09,720 - __main__ - 227 - DEBUG - d_design=12.5 t_design=16.0
2023-01-18 23:18:09,722 - __main__ - 228 - DEBUG - fs=18013.95 j=0.88
2023-01-18 23:18:09,724 - __main__ - 229 - DEBUG - As_calc=0.0 As_min=0.36 As_design=0.36
2023-01-18 23:18:09,728 - __main__ - 168 - DEBUG - 




2023-01-18 23:18:09,730 - __main__ - 169 - DEBUG - As=0.36 Ab=0.12 b=12 n=3.0
2023-01-18 23:18:09,732 - __main__ - 170 - DEBUG - spacing before rounding=4.0
2023-01-18 23:18:09,734 - __main__ - 171 - DEBUG - spacing After rounding=4.0
2023-01-18 23:18:09,737 - __main__ - 234 - DEBUG - {'bar': 'd10', 'As_pvd': 0.36, 'spacings': 4.0, 'sp_text': 'd10 @ 4.0 inch c/s', 'rem': ''}
2023-01-18 23:18:09,739 - __main__ - 15 - DEBUG - None
2023-01-18 23:18:09,741 - __main__ - 207 - DEBUG - 




2023-01-18 23:18:09,744 - __main__ - 208 - DEBUG - Initiating Reinforcement Design...................................
2023-01-18 23:18:09,745 - __main__ - 113 - DEBUG - 




2023-01-18 23:18:09,747 - __main__ - 114 - DEBUG - Designing Thicknes........................................
2023-01-18 23:18:09,748 - __main__ - 115 - DEBUG - t_provided=16 deduction=3.5 d_provided=12.5
2023-01-18 23:18:09,751 - __main__ - 226 - DEBUG - {'status': True, 'd_revised': 12.5, 't_revised': 16.0}
2023-01-18 23:18:09,753 - __main__ - 227 - DEBUG - d_design=12.5 t_design=16.0
2023-01-18 23:18:09,755 - __main__ - 228 - DEBUG - fs=18013.95 j=0.88
2023-01-18 23:18:09,757 - __main__ - 229 - DEBUG - As_calc=0.0 As_min=0.36 As_design=0.36
2023-01-18 23:18:09,761 - __main__ - 168 - DEBUG - 




2023-01-18 23:18:09,763 - __main__ - 169 - DEBUG - As=0.36 Ab=0.12 b=12 n=3.0
2023-01-18 23:18:09,767 - __main__ - 170 - DEBUG - spacing before rounding=4.0
2023-01-18 23:18:09,769 - __main__ - 171 - DEBUG - spacing After rounding=4.0
2023-01-18 23:18:09,771 - __main__ - 234 - DEBUG - {'bar': 'd10', 'As_pvd': 0.36, 'spacings': 4.0, 'sp_text': 'd10 @ 4.0 inch c/s', 'rem': ''}
2023-01-18 23:18:09,773 - __main__ - 15 - DEBUG - None
2023-01-18 23:18:09,777 - __main__ - 207 - DEBUG - 




2023-01-18 23:18:09,779 - __main__ - 208 - DEBUG - Initiating Reinforcement Design...................................
2023-01-18 23:18:09,781 - __main__ - 113 - DEBUG - 




2023-01-18 23:18:09,784 - __main__ - 114 - DEBUG - Designing Thicknes........................................
2023-01-18 23:18:09,787 - __main__ - 115 - DEBUG - t_provided=16 deduction=3.5 d_provided=12.5
2023-01-18 23:18:09,789 - __main__ - 226 - DEBUG - {'status': True, 'd_revised': 12.5, 't_revised': 16.0}
2023-01-18 23:18:09,792 - __main__ - 227 - DEBUG - d_design=12.5 t_design=16.0
2023-01-18 23:18:09,796 - __main__ - 228 - DEBUG - fs=18013.95 j=0.88
2023-01-18 23:18:09,799 - __main__ - 229 - DEBUG - As_calc=0.0 As_min=0.36 As_design=0.36
2023-01-18 23:18:09,804 - __main__ - 168 - DEBUG - 




2023-01-18 23:18:09,807 - __main__ - 169 - DEBUG - As=0.36 Ab=0.12 b=12 n=3.0
2023-01-18 23:18:09,810 - __main__ - 170 - DEBUG - spacing before rounding=4.0
2023-01-18 23:18:09,812 - __main__ - 171 - DEBUG - spacing After rounding=4.0
2023-01-18 23:18:09,814 - __main__ - 234 - DEBUG - {'bar': 'd10', 'As_pvd': 0.36, 'spacings': 4.0, 'sp_text': 'd10 @ 4.0 inch c/s', 'rem': ''}
2023-01-18 23:18:09,816 - __main__ - 15 - DEBUG - None
2023-01-18 23:18:09,819 - __main__ - 207 - DEBUG - 




2023-01-18 23:18:09,821 - __main__ - 208 - DEBUG - Initiating Reinforcement Design...................................
2023-01-18 23:18:09,823 - __main__ - 113 - DEBUG - 




2023-01-18 23:18:09,828 - __main__ - 114 - DEBUG - Designing Thicknes........................................
2023-01-18 23:18:09,830 - __main__ - 115 - DEBUG - t_provided=16 deduction=3.5 d_provided=12.5
2023-01-18 23:18:09,832 - __main__ - 226 - DEBUG - {'status': True, 'd_revised': 12.5, 't_revised': 16.0}
2023-01-18 23:18:09,835 - __main__ - 227 - DEBUG - d_design=12.5 t_design=16.0
2023-01-18 23:18:09,837 - __main__ - 228 - DEBUG - fs=18013.95 j=0.88
2023-01-18 23:18:09,839 - __main__ - 229 - DEBUG - As_calc=0.0 As_min=0.36 As_design=0.36
2023-01-18 23:18:09,841 - __main__ - 168 - DEBUG - 




2023-01-18 23:18:09,843 - __main__ - 169 - DEBUG - As=0.36 Ab=0.12 b=12 n=3.0
2023-01-18 23:18:09,845 - __main__ - 170 - DEBUG - spacing before rounding=4.0
2023-01-18 23:18:09,846 - __main__ - 171 - DEBUG - spacing After rounding=4.0
2023-01-18 23:18:09,848 - __main__ - 234 - DEBUG - {'bar': 'd10', 'As_pvd': 0.36, 'spacings': 4.0, 'sp_text': 'd10 @ 4.0 inch c/s', 'rem': ''}
2023-01-18 23:18:09,850 - __main__ - 15 - DEBUG - None
2023-01-18 23:18:09,852 - __main__ - 207 - DEBUG - 




2023-01-18 23:18:09,854 - __main__ - 208 - DEBUG - Initiating Reinforcement Design...................................
2023-01-18 23:18:09,856 - __main__ - 113 - DEBUG - 




2023-01-18 23:18:09,859 - __main__ - 114 - DEBUG - Designing Thicknes........................................
2023-01-18 23:18:09,860 - __main__ - 115 - DEBUG - t_provided=16 deduction=3.5 d_provided=12.5
2023-01-18 23:18:09,861 - __main__ - 226 - DEBUG - {'status': True, 'd_revised': 12.5, 't_revised': 16.0}
2023-01-18 23:18:09,863 - __main__ - 227 - DEBUG - d_design=12.5 t_design=16.0
2023-01-18 23:18:09,864 - __main__ - 228 - DEBUG - fs=18013.95 j=0.88
2023-01-18 23:18:09,866 - __main__ - 229 - DEBUG - As_calc=0.0 As_min=0.36 As_design=0.36
2023-01-18 23:18:09,868 - __main__ - 168 - DEBUG - 




2023-01-18 23:18:09,869 - __main__ - 169 - DEBUG - As=0.36 Ab=0.12 b=12 n=3.0
2023-01-18 23:18:09,872 - __main__ - 170 - DEBUG - spacing before rounding=4.0
2023-01-18 23:18:09,874 - __main__ - 171 - DEBUG - spacing After rounding=4.0
2023-01-18 23:18:09,876 - __main__ - 234 - DEBUG - {'bar': 'd10', 'As_pvd': 0.36, 'spacings': 4.0, 'sp_text': 'd10 @ 4.0 inch c/s', 'rem': ''}
2023-01-18 23:18:09,877 - __main__ - 15 - DEBUG - None
2023-01-18 23:18:09,879 - __main__ - 207 - DEBUG - 




2023-01-18 23:18:09,881 - __main__ - 208 - DEBUG - Initiating Reinforcement Design...................................
2023-01-18 23:18:09,883 - __main__ - 113 - DEBUG - 




2023-01-18 23:18:09,884 - __main__ - 114 - DEBUG - Designing Thicknes........................................
2023-01-18 23:18:09,888 - __main__ - 115 - DEBUG - t_provided=16 deduction=3.5 d_provided=12.5
2023-01-18 23:18:09,890 - __main__ - 226 - DEBUG - {'status': True, 'd_revised': 12.5, 't_revised': 16.0}
2023-01-18 23:18:09,894 - __main__ - 227 - DEBUG - d_design=12.5 t_design=16.0
2023-01-18 23:18:09,896 - __main__ - 228 - DEBUG - fs=18013.95 j=0.88
2023-01-18 23:18:09,900 - __main__ - 229 - DEBUG - As_calc=0.0 As_min=0.36 As_design=0.36
2023-01-18 23:18:09,901 - __main__ - 168 - DEBUG - 




2023-01-18 23:18:09,906 - __main__ - 169 - DEBUG - As=0.36 Ab=0.12 b=12 n=3.0
2023-01-18 23:18:09,911 - __main__ - 170 - DEBUG - spacing before rounding=4.0
2023-01-18 23:18:09,912 - __main__ - 171 - DEBUG - spacing After rounding=4.0
2023-01-18 23:18:09,914 - __main__ - 234 - DEBUG - {'bar': 'd10', 'As_pvd': 0.36, 'spacings': 4.0, 'sp_text': 'd10 @ 4.0 inch c/s', 'rem': ''}
2023-01-18 23:18:09,915 - __main__ - 15 - DEBUG - None
2023-01-18 23:18:09,917 - __main__ - 207 - DEBUG - 




2023-01-18 23:18:09,919 - __main__ - 208 - DEBUG - Initiating Reinforcement Design...................................
2023-01-18 23:18:09,921 - __main__ - 113 - DEBUG - 




2023-01-18 23:18:09,922 - __main__ - 114 - DEBUG - Designing Thicknes........................................
2023-01-18 23:18:09,927 - __main__ - 115 - DEBUG - t_provided=16 deduction=3.5 d_provided=12.5
2023-01-18 23:18:09,929 - __main__ - 226 - DEBUG - {'status': True, 'd_revised': 12.5, 't_revised': 16.0}
2023-01-18 23:18:09,931 - __main__ - 227 - DEBUG - d_design=12.5 t_design=16.0
2023-01-18 23:18:09,932 - __main__ - 228 - DEBUG - fs=18013.95 j=0.88
2023-01-18 23:18:09,934 - __main__ - 229 - DEBUG - As_calc=0.0 As_min=0.36 As_design=0.36
2023-01-18 23:18:09,935 - __main__ - 168 - DEBUG - 




2023-01-18 23:18:09,937 - __main__ - 169 - DEBUG - As=0.36 Ab=0.12 b=12 n=3.0
2023-01-18 23:18:09,939 - __main__ - 170 - DEBUG - spacing before rounding=4.0
2023-01-18 23:18:09,940 - __main__ - 171 - DEBUG - spacing After rounding=4.0
2023-01-18 23:18:09,943 - __main__ - 234 - DEBUG - {'bar': 'd10', 'As_pvd': 0.36, 'spacings': 4.0, 'sp_text': 'd10 @ 4.0 inch c/s', 'rem': ''}
2023-01-18 23:18:09,945 - __main__ - 15 - DEBUG - None
2023-01-18 23:18:09,948 - __main__ - 207 - DEBUG - 




2023-01-18 23:18:09,950 - __main__ - 208 - DEBUG - Initiating Reinforcement Design...................................
2023-01-18 23:18:09,952 - __main__ - 113 - DEBUG - 




2023-01-18 23:18:09,955 - __main__ - 114 - DEBUG - Designing Thicknes........................................
2023-01-18 23:18:09,956 - __main__ - 115 - DEBUG - t_provided=16 deduction=3.5 d_provided=12.5
2023-01-18 23:18:09,962 - __main__ - 226 - DEBUG - {'status': True, 'd_revised': 12.5, 't_revised': 16.0}
2023-01-18 23:18:09,963 - __main__ - 227 - DEBUG - d_design=12.5 t_design=16.0
2023-01-18 23:18:09,965 - __main__ - 228 - DEBUG - fs=18013.95 j=0.88
2023-01-18 23:18:09,966 - __main__ - 229 - DEBUG - As_calc=0.0 As_min=0.36 As_design=0.36
2023-01-18 23:18:09,968 - __main__ - 168 - DEBUG - 




2023-01-18 23:18:09,969 - __main__ - 169 - DEBUG - As=0.36 Ab=0.12 b=12 n=3.0
2023-01-18 23:18:09,971 - __main__ - 170 - DEBUG - spacing before rounding=4.0
2023-01-18 23:18:09,972 - __main__ - 171 - DEBUG - spacing After rounding=4.0
2023-01-18 23:18:09,975 - __main__ - 234 - DEBUG - {'bar': 'd10', 'As_pvd': 0.36, 'spacings': 4.0, 'sp_text': 'd10 @ 4.0 inch c/s', 'rem': ''}
2023-01-18 23:18:09,977 - __main__ - 15 - DEBUG - None
2023-01-18 23:18:09,979 - __main__ - 207 - DEBUG - 




2023-01-18 23:18:09,981 - __main__ - 208 - DEBUG - Initiating Reinforcement Design...................................
2023-01-18 23:18:09,983 - __main__ - 113 - DEBUG - 




2023-01-18 23:18:09,985 - __main__ - 114 - DEBUG - Designing Thicknes........................................
2023-01-18 23:18:09,987 - __main__ - 115 - DEBUG - t_provided=16 deduction=3.5 d_provided=12.5
2023-01-18 23:18:09,988 - __main__ - 226 - DEBUG - {'status': True, 'd_revised': 12.5, 't_revised': 16.0}
2023-01-18 23:18:09,995 - __main__ - 227 - DEBUG - d_design=12.5 t_design=16.0
2023-01-18 23:18:09,997 - __main__ - 228 - DEBUG - fs=18013.95 j=0.88
2023-01-18 23:18:09,998 - __main__ - 229 - DEBUG - As_calc=0.0 As_min=0.36 As_design=0.36
2023-01-18 23:18:10,000 - __main__ - 168 - DEBUG - 




2023-01-18 23:18:10,003 - __main__ - 169 - DEBUG - As=0.36 Ab=0.12 b=12 n=3.0
2023-01-18 23:18:10,005 - __main__ - 170 - DEBUG - spacing before rounding=4.0
2023-01-18 23:18:10,006 - __main__ - 171 - DEBUG - spacing After rounding=4.0
2023-01-18 23:18:10,009 - __main__ - 234 - DEBUG - {'bar': 'd10', 'As_pvd': 0.36, 'spacings': 4.0, 'sp_text': 'd10 @ 4.0 inch c/s', 'rem': ''}
2023-01-18 23:18:10,011 - __main__ - 15 - DEBUG - None
2023-01-18 23:18:10,013 - __main__ - 207 - DEBUG - 




2023-01-18 23:18:10,015 - __main__ - 208 - DEBUG - Initiating Reinforcement Design...................................
2023-01-18 23:18:10,016 - __main__ - 113 - DEBUG - 




2023-01-18 23:18:10,018 - __main__ - 114 - DEBUG - Designing Thicknes........................................
2023-01-18 23:18:10,020 - __main__ - 115 - DEBUG - t_provided=16 deduction=3.5 d_provided=12.5
2023-01-18 23:18:10,021 - __main__ - 226 - DEBUG - {'status': True, 'd_revised': 12.5, 't_revised': 16.0}
2023-01-18 23:18:10,023 - __main__ - 227 - DEBUG - d_design=12.5 t_design=16.0
2023-01-18 23:18:10,029 - __main__ - 228 - DEBUG - fs=18013.95 j=0.88
2023-01-18 23:18:10,030 - __main__ - 229 - DEBUG - As_calc=0.0 As_min=0.36 As_design=0.36
2023-01-18 23:18:10,032 - __main__ - 168 - DEBUG - 




2023-01-18 23:18:10,033 - __main__ - 169 - DEBUG - As=0.36 Ab=0.12 b=12 n=3.0
2023-01-18 23:18:10,034 - __main__ - 170 - DEBUG - spacing before rounding=4.0
2023-01-18 23:18:10,035 - __main__ - 171 - DEBUG - spacing After rounding=4.0
2023-01-18 23:18:10,037 - __main__ - 234 - DEBUG - {'bar': 'd10', 'As_pvd': 0.36, 'spacings': 4.0, 'sp_text': 'd10 @ 4.0 inch c/s', 'rem': ''}
2023-01-18 23:18:10,038 - __main__ - 15 - DEBUG - None
