2023-08-13 21:29:15,924 - __main__ - 10 - DEBUG - This is a warning message
2023-08-13 21:29:15,996 - __main__ - 48 - DEBUG - 



.........
2023-08-13 21:29:15,998 - __main__ - 49 - DEBUG - initiating solution for normal depth...............
2023-08-13 21:29:15,998 - __main__ - 50 - DEBUG - n=0.015 s=0.00025 q=4.5 SF=4.2690748412273125
2023-08-13 21:29:16,000 - __main__ - 51 - DEBUG - h0=0.7842742856036425
2023-08-13 21:29:16,001 - __main__ - 48 - DEBUG - 



.........
2023-08-13 21:29:16,002 - __main__ - 49 - DEBUG - initiating solution for normal depth...............
2023-08-13 21:29:16,002 - __main__ - 50 - DEBUG - n=0.045 s=0.0003 q=22.76 SF=59.13221457040147
2023-08-13 21:29:16,003 - __main__ - 51 - DEBUG - h0=1.6964958981548277
2023-08-13 21:29:16,004 - __main__ - 48 - DEBUG - 



.........
2023-08-13 21:29:16,005 - __main__ - 49 - DEBUG - initiating solution for normal depth...............
2023-08-13 21:29:16,006 - __main__ - 50 - DEBUG - n=0.045 s=0.0003 q=14.22 SF=36.94464372544415
2023-08-13 21:29:16,008 - __main__ - 51 - DEBUG - h0=1.3561852827863905
2023-08-13 21:29:16,014 - __main__ - 48 - DEBUG - 



.........
2023-08-13 21:29:16,015 - __main__ - 49 - DEBUG - initiating solution for normal depth...............
2023-08-13 21:29:16,017 - __main__ - 50 - DEBUG - n=0.045 s=0.0003 q=11.56 SF=30.033761003244333
2023-08-13 21:29:16,019 - __main__ - 51 - DEBUG - h0=1.2288722812444737
2023-08-13 21:29:16,021 - __main__ - 48 - DEBUG - 



.........
2023-08-13 21:29:16,025 - __main__ - 49 - DEBUG - initiating solution for normal depth...............
2023-08-13 21:29:16,027 - __main__ - 50 - DEBUG - n=0.045 s=0.0003 q=8.34 SF=21.667955602686654
2023-08-13 21:29:16,031 - __main__ - 51 - DEBUG - h0=1.0519954449353746
2023-08-13 21:29:16,034 - __main__ - 48 - DEBUG - 



.........
2023-08-13 21:29:16,035 - __main__ - 49 - DEBUG - initiating solution for normal depth...............
2023-08-13 21:29:16,037 - __main__ - 50 - DEBUG - n=0.045 s=0.0003 q=5.48 SF=14.237457638216172
2023-08-13 21:29:16,038 - __main__ - 51 - DEBUG - h0=0.8613871030636444
2023-08-13 21:29:16,040 - __main__ - 48 - DEBUG - 



.........
2023-08-13 21:29:16,042 - __main__ - 49 - DEBUG - initiating solution for normal depth...............
2023-08-13 21:29:16,044 - __main__ - 50 - DEBUG - n=0.045 s=0.0003 q=3.22 SF=8.365805400557678
2023-08-13 21:29:16,046 - __main__ - 51 - DEBUG - h0=0.6687722037547555
2023-08-13 21:29:16,050 - __main__ - 48 - DEBUG - 



.........
2023-08-13 21:29:16,054 - __main__ - 49 - DEBUG - initiating solution for normal depth...............
2023-08-13 21:29:16,055 - __main__ - 50 - DEBUG - n=0.045 s=5e-05 q=5.81 SF=36.974613588244566
2023-08-13 21:29:16,056 - __main__ - 51 - DEBUG - h0=0.8857000277243149
2023-08-13 21:29:16,058 - __main__ - 48 - DEBUG - 



.........
2023-08-13 21:29:16,062 - __main__ - 49 - DEBUG - initiating solution for normal depth...............
2023-08-13 21:29:16,067 - __main__ - 50 - DEBUG - n=0.045 s=5e-05 q=2.12 SF=13.491597385039327
2023-08-13 21:29:16,070 - __main__ - 51 - DEBUG - h0=0.5481187883941682
2023-08-13 21:29:16,074 - __main__ - 48 - DEBUG - 



.........
2023-08-13 21:29:16,074 - __main__ - 49 - DEBUG - initiating solution for normal depth...............
2023-08-13 21:29:16,075 - __main__ - 50 - DEBUG - n=0.045 s=5e-05 q=7.81 SF=49.702535649602424
2023-08-13 21:29:16,077 - __main__ - 51 - DEBUG - h0=1.0196255542266224
2023-08-13 21:29:16,078 - __main__ - 22 - DEBUG - [1.03, 2.75, 2.25, 2.13, 1.9, 1.67, 1.47, 3.18, 2.05, 3.6]
2023-08-13 21:29:16,118 - __main__ - 35 - DEBUG - 




2023-08-13 21:29:16,120 - __main__ - 37 - DEBUG - Calculating delivery curve...................
2023-08-13 21:29:16,121 - __main__ - 38 - DEBUG - Q's to considered............................
2023-08-13 21:29:16,122 - __main__ - 39 - DEBUG - [30, 28, 26, 24, 22, 20, 18, 16, 14, 12, 10, 8]
2023-08-13 21:29:16,123 - __main__ - 41 - DEBUG - example_section
2023-08-13 21:29:16,125 - __main__ - 42 - DEBUG - j=0 khal=example_section
2023-08-13 21:29:16,129 - __main__ - 48 - DEBUG - 



.........
2023-08-13 21:29:16,130 - __main__ - 49 - DEBUG - initiating solution for normal depth...............
2023-08-13 21:29:16,132 - __main__ - 50 - DEBUG - n=0.015 s=0.00025 q=30 SF=28.460498941515414
2023-08-13 21:29:16,134 - __main__ - 51 - DEBUG - h0=1.9348555007446546
2023-08-13 21:29:16,137 - __main__ - 48 - DEBUG - 



.........
2023-08-13 21:29:16,139 - __main__ - 49 - DEBUG - initiating solution for normal depth...............
2023-08-13 21:29:16,140 - __main__ - 50 - DEBUG - n=0.015 s=0.00025 q=28 SF=26.563132345414388
2023-08-13 21:29:16,141 - __main__ - 51 - DEBUG - h0=1.8723457195437967
2023-08-13 21:29:16,144 - __main__ - 48 - DEBUG - 



.........
2023-08-13 21:29:16,146 - __main__ - 49 - DEBUG - initiating solution for normal depth...............
2023-08-13 21:29:16,149 - __main__ - 50 - DEBUG - n=0.015 s=0.00025 q=26 SF=24.665765749313362
2023-08-13 21:29:16,150 - __main__ - 51 - DEBUG - h0=1.8074493373016853
2023-08-13 21:29:16,152 - __main__ - 48 - DEBUG - 



.........
2023-08-13 21:29:16,153 - __main__ - 49 - DEBUG - initiating solution for normal depth...............
2023-08-13 21:29:16,154 - __main__ - 50 - DEBUG - n=0.015 s=0.00025 q=24 SF=22.768399153212332
2023-08-13 21:29:16,155 - __main__ - 51 - DEBUG - h0=1.7398802980745771
2023-08-13 21:29:16,158 - __main__ - 48 - DEBUG - 



.........
2023-08-13 21:29:16,159 - __main__ - 49 - DEBUG - initiating solution for normal depth...............
2023-08-13 21:29:16,161 - __main__ - 50 - DEBUG - n=0.015 s=0.00025 q=22 SF=20.871032557111302
2023-08-13 21:29:16,163 - __main__ - 51 - DEBUG - h0=1.66929085947862
2023-08-13 21:29:16,167 - __main__ - 48 - DEBUG - 



.........
2023-08-13 21:29:16,167 - __main__ - 49 - DEBUG - initiating solution for normal depth...............
2023-08-13 21:29:16,168 - __main__ - 50 - DEBUG - n=0.015 s=0.00025 q=20 SF=18.973665961010276
2023-08-13 21:29:16,169 - __main__ - 51 - DEBUG - h0=1.595251263198818
2023-08-13 21:29:16,171 - __main__ - 48 - DEBUG - 



.........
2023-08-13 21:29:16,172 - __main__ - 49 - DEBUG - initiating solution for normal depth...............
2023-08-13 21:29:16,173 - __main__ - 50 - DEBUG - n=0.015 s=0.00025 q=18 SF=17.07629936490925
2023-08-13 21:29:16,174 - __main__ - 51 - DEBUG - h0=1.51721990477856
2023-08-13 21:29:16,176 - __main__ - 48 - DEBUG - 



.........
2023-08-13 21:29:16,178 - __main__ - 49 - DEBUG - initiating solution for normal depth...............
2023-08-13 21:29:16,180 - __main__ - 50 - DEBUG - n=0.015 s=0.00025 q=16 SF=15.178932768808222
2023-08-13 21:29:16,182 - __main__ - 51 - DEBUG - h0=1.4344979468751025
2023-08-13 21:29:16,185 - __main__ - 48 - DEBUG - 



.........
2023-08-13 21:29:16,186 - __main__ - 49 - DEBUG - initiating solution for normal depth...............
2023-08-13 21:29:16,189 - __main__ - 50 - DEBUG - n=0.015 s=0.00025 q=14 SF=13.281566172707194
2023-08-13 21:29:16,190 - __main__ - 51 - DEBUG - h0=1.3461571561258243
2023-08-13 21:29:16,192 - __main__ - 48 - DEBUG - 



.........
2023-08-13 21:29:16,193 - __main__ - 49 - DEBUG - initiating solution for normal depth...............
2023-08-13 21:29:16,195 - __main__ - 50 - DEBUG - n=0.015 s=0.00025 q=12 SF=11.384199576606166
2023-08-13 21:29:16,196 - __main__ - 51 - DEBUG - h0=1.250918721691044
2023-08-13 21:29:16,200 - __main__ - 48 - DEBUG - 



.........
2023-08-13 21:29:16,201 - __main__ - 49 - DEBUG - initiating solution for normal depth...............
2023-08-13 21:29:16,203 - __main__ - 50 - DEBUG - n=0.015 s=0.00025 q=10 SF=9.486832980505138
2023-08-13 21:29:16,205 - __main__ - 51 - DEBUG - h0=1.1469350352119188
2023-08-13 21:29:16,207 - __main__ - 48 - DEBUG - 



.........
2023-08-13 21:29:16,209 - __main__ - 49 - DEBUG - initiating solution for normal depth...............
2023-08-13 21:29:16,211 - __main__ - 50 - DEBUG - n=0.015 s=0.00025 q=8 SF=7.589466384404111
2023-08-13 21:29:16,212 - __main__ - 51 - DEBUG - h0=1.0313585020528317
2023-08-13 21:29:16,216 - __main__ - 41 - DEBUG - a_e
2023-08-13 21:29:16,218 - __main__ - 42 - DEBUG - j=1 khal=a_e
2023-08-13 21:29:16,220 - __main__ - 48 - DEBUG - 



.........
2023-08-13 21:29:16,221 - __main__ - 49 - DEBUG - initiating solution for normal depth...............
2023-08-13 21:29:16,222 - __main__ - 50 - DEBUG - n=0.045 s=0.0003 q=30 SF=77.94228634059947
2023-08-13 21:29:16,224 - __main__ - 51 - DEBUG - h0=1.9348555007446546
2023-08-13 21:29:16,229 - __main__ - 48 - DEBUG - 



.........
2023-08-13 21:29:16,230 - __main__ - 49 - DEBUG - initiating solution for normal depth...............
2023-08-13 21:29:16,233 - __main__ - 50 - DEBUG - n=0.045 s=0.0003 q=28 SF=72.74613391789285
2023-08-13 21:29:16,234 - __main__ - 51 - DEBUG - h0=1.8723457195437967
2023-08-13 21:29:16,238 - __main__ - 48 - DEBUG - 



.........
2023-08-13 21:29:16,239 - __main__ - 49 - DEBUG - initiating solution for normal depth...............
2023-08-13 21:29:16,240 - __main__ - 50 - DEBUG - n=0.045 s=0.0003 q=26 SF=67.54998149518622
2023-08-13 21:29:16,241 - __main__ - 51 - DEBUG - h0=1.8074493373016853
2023-08-13 21:29:16,242 - __main__ - 48 - DEBUG - 



.........
2023-08-13 21:29:16,244 - __main__ - 49 - DEBUG - initiating solution for normal depth...............
2023-08-13 21:29:16,245 - __main__ - 50 - DEBUG - n=0.045 s=0.0003 q=24 SF=62.353829072479584
2023-08-13 21:29:16,246 - __main__ - 51 - DEBUG - h0=1.7398802980745771
2023-08-13 21:29:16,249 - __main__ - 48 - DEBUG - 



.........
2023-08-13 21:29:16,249 - __main__ - 49 - DEBUG - initiating solution for normal depth...............
2023-08-13 21:29:16,250 - __main__ - 50 - DEBUG - n=0.045 s=0.0003 q=22 SF=57.15767664977295
2023-08-13 21:29:16,251 - __main__ - 51 - DEBUG - h0=1.66929085947862
2023-08-13 21:29:16,253 - __main__ - 48 - DEBUG - 



.........
2023-08-13 21:29:16,254 - __main__ - 49 - DEBUG - initiating solution for normal depth...............
2023-08-13 21:29:16,255 - __main__ - 50 - DEBUG - n=0.045 s=0.0003 q=20 SF=51.96152422706631
2023-08-13 21:29:16,257 - __main__ - 51 - DEBUG - h0=1.595251263198818
2023-08-13 21:29:16,260 - __main__ - 48 - DEBUG - 



.........
2023-08-13 21:29:16,261 - __main__ - 49 - DEBUG - initiating solution for normal depth...............
2023-08-13 21:29:16,262 - __main__ - 50 - DEBUG - n=0.045 s=0.0003 q=18 SF=46.76537180435968
2023-08-13 21:29:16,264 - __main__ - 51 - DEBUG - h0=1.51721990477856
2023-08-13 21:29:16,265 - __main__ - 48 - DEBUG - 



.........
2023-08-13 21:29:16,266 - __main__ - 49 - DEBUG - initiating solution for normal depth...............
2023-08-13 21:29:16,268 - __main__ - 50 - DEBUG - n=0.045 s=0.0003 q=16 SF=41.569219381653056
2023-08-13 21:29:16,269 - __main__ - 51 - DEBUG - h0=1.4344979468751025
2023-08-13 21:29:16,273 - __main__ - 48 - DEBUG - 



.........
2023-08-13 21:29:16,274 - __main__ - 49 - DEBUG - initiating solution for normal depth...............
2023-08-13 21:29:16,274 - __main__ - 50 - DEBUG - n=0.045 s=0.0003 q=14 SF=36.373066958946424
2023-08-13 21:29:16,275 - __main__ - 51 - DEBUG - h0=1.3461571561258243
2023-08-13 21:29:16,279 - __main__ - 48 - DEBUG - 



.........
2023-08-13 21:29:16,282 - __main__ - 49 - DEBUG - initiating solution for normal depth...............
2023-08-13 21:29:16,283 - __main__ - 50 - DEBUG - n=0.045 s=0.0003 q=12 SF=31.176914536239792
2023-08-13 21:29:16,284 - __main__ - 51 - DEBUG - h0=1.250918721691044
2023-08-13 21:29:16,286 - __main__ - 48 - DEBUG - 



.........
2023-08-13 21:29:16,287 - __main__ - 49 - DEBUG - initiating solution for normal depth...............
2023-08-13 21:29:16,288 - __main__ - 50 - DEBUG - n=0.045 s=0.0003 q=10 SF=25.980762113533157
2023-08-13 21:29:16,289 - __main__ - 51 - DEBUG - h0=1.1469350352119188
2023-08-13 21:29:16,291 - __main__ - 48 - DEBUG - 



.........
2023-08-13 21:29:16,292 - __main__ - 49 - DEBUG - initiating solution for normal depth...............
2023-08-13 21:29:16,293 - __main__ - 50 - DEBUG - n=0.045 s=0.0003 q=8 SF=20.784609690826528
2023-08-13 21:29:16,295 - __main__ - 51 - DEBUG - h0=1.0313585020528317
2023-08-13 21:29:16,297 - __main__ - 41 - DEBUG - e_i
2023-08-13 21:29:16,298 - __main__ - 42 - DEBUG - j=2 khal=e_i
2023-08-13 21:29:16,299 - __main__ - 48 - DEBUG - 



.........
2023-08-13 21:29:16,300 - __main__ - 49 - DEBUG - initiating solution for normal depth...............
2023-08-13 21:29:16,301 - __main__ - 50 - DEBUG - n=0.045 s=0.0003 q=30 SF=77.94228634059947
2023-08-13 21:29:16,311 - __main__ - 51 - DEBUG - h0=1.9348555007446546
2023-08-13 21:29:16,315 - __main__ - 48 - DEBUG - 



.........
2023-08-13 21:29:16,316 - __main__ - 49 - DEBUG - initiating solution for normal depth...............
2023-08-13 21:29:16,316 - __main__ - 50 - DEBUG - n=0.045 s=0.0003 q=28 SF=72.74613391789285
2023-08-13 21:29:16,317 - __main__ - 51 - DEBUG - h0=1.8723457195437967
2023-08-13 21:29:16,320 - __main__ - 48 - DEBUG - 



.........
2023-08-13 21:29:16,321 - __main__ - 49 - DEBUG - initiating solution for normal depth...............
2023-08-13 21:29:16,323 - __main__ - 50 - DEBUG - n=0.045 s=0.0003 q=26 SF=67.54998149518622
2023-08-13 21:29:16,324 - __main__ - 51 - DEBUG - h0=1.8074493373016853
2023-08-13 21:29:16,327 - __main__ - 48 - DEBUG - 



.........
2023-08-13 21:29:16,329 - __main__ - 49 - DEBUG - initiating solution for normal depth...............
2023-08-13 21:29:16,330 - __main__ - 50 - DEBUG - n=0.045 s=0.0003 q=24 SF=62.353829072479584
2023-08-13 21:29:16,334 - __main__ - 51 - DEBUG - h0=1.7398802980745771
2023-08-13 21:29:16,337 - __main__ - 48 - DEBUG - 



.........
2023-08-13 21:29:16,338 - __main__ - 49 - DEBUG - initiating solution for normal depth...............
2023-08-13 21:29:16,339 - __main__ - 50 - DEBUG - n=0.045 s=0.0003 q=22 SF=57.15767664977295
2023-08-13 21:29:16,340 - __main__ - 51 - DEBUG - h0=1.66929085947862
2023-08-13 21:29:16,342 - __main__ - 48 - DEBUG - 



.........
2023-08-13 21:29:16,343 - __main__ - 49 - DEBUG - initiating solution for normal depth...............
2023-08-13 21:29:16,344 - __main__ - 50 - DEBUG - n=0.045 s=0.0003 q=20 SF=51.96152422706631
2023-08-13 21:29:16,345 - __main__ - 51 - DEBUG - h0=1.595251263198818
2023-08-13 21:29:16,347 - __main__ - 48 - DEBUG - 



.........
2023-08-13 21:29:16,349 - __main__ - 49 - DEBUG - initiating solution for normal depth...............
2023-08-13 21:29:16,350 - __main__ - 50 - DEBUG - n=0.045 s=0.0003 q=18 SF=46.76537180435968
2023-08-13 21:29:16,351 - __main__ - 51 - DEBUG - h0=1.51721990477856
2023-08-13 21:29:16,354 - __main__ - 48 - DEBUG - 



.........
2023-08-13 21:29:16,355 - __main__ - 49 - DEBUG - initiating solution for normal depth...............
2023-08-13 21:29:16,355 - __main__ - 50 - DEBUG - n=0.045 s=0.0003 q=16 SF=41.569219381653056
2023-08-13 21:29:16,357 - __main__ - 51 - DEBUG - h0=1.4344979468751025
2023-08-13 21:29:16,359 - __main__ - 48 - DEBUG - 



.........
2023-08-13 21:29:16,360 - __main__ - 49 - DEBUG - initiating solution for normal depth...............
2023-08-13 21:29:16,361 - __main__ - 50 - DEBUG - n=0.045 s=0.0003 q=14 SF=36.373066958946424
2023-08-13 21:29:16,362 - __main__ - 51 - DEBUG - h0=1.3461571561258243
2023-08-13 21:29:16,367 - __main__ - 48 - DEBUG - 



.........
2023-08-13 21:29:16,369 - __main__ - 49 - DEBUG - initiating solution for normal depth...............
2023-08-13 21:29:16,371 - __main__ - 50 - DEBUG - n=0.045 s=0.0003 q=12 SF=31.176914536239792
2023-08-13 21:29:16,374 - __main__ - 51 - DEBUG - h0=1.250918721691044
2023-08-13 21:29:16,376 - __main__ - 48 - DEBUG - 



.........
2023-08-13 21:29:16,377 - __main__ - 49 - DEBUG - initiating solution for normal depth...............
2023-08-13 21:29:16,378 - __main__ - 50 - DEBUG - n=0.045 s=0.0003 q=10 SF=25.980762113533157
2023-08-13 21:29:16,379 - __main__ - 51 - DEBUG - h0=1.1469350352119188
2023-08-13 21:29:16,382 - __main__ - 48 - DEBUG - 



.........
2023-08-13 21:29:16,384 - __main__ - 49 - DEBUG - initiating solution for normal depth...............
2023-08-13 21:29:16,385 - __main__ - 50 - DEBUG - n=0.045 s=0.0003 q=8 SF=20.784609690826528
2023-08-13 21:29:16,386 - __main__ - 51 - DEBUG - h0=1.0313585020528317
2023-08-13 21:29:16,388 - __main__ - 41 - DEBUG - i_l
2023-08-13 21:29:16,389 - __main__ - 42 - DEBUG - j=3 khal=i_l
2023-08-13 21:29:16,391 - __main__ - 48 - DEBUG - 



.........
2023-08-13 21:29:16,392 - __main__ - 49 - DEBUG - initiating solution for normal depth...............
2023-08-13 21:29:16,393 - __main__ - 50 - DEBUG - n=0.045 s=0.0003 q=30 SF=77.94228634059947
2023-08-13 21:29:16,395 - __main__ - 51 - DEBUG - h0=1.9348555007446546
2023-08-13 21:29:16,398 - __main__ - 48 - DEBUG - 



.........
2023-08-13 21:29:16,399 - __main__ - 49 - DEBUG - initiating solution for normal depth...............
2023-08-13 21:29:16,400 - __main__ - 50 - DEBUG - n=0.045 s=0.0003 q=28 SF=72.74613391789285
2023-08-13 21:29:16,401 - __main__ - 51 - DEBUG - h0=1.8723457195437967
2023-08-13 21:29:16,402 - __main__ - 48 - DEBUG - 



.........
2023-08-13 21:29:16,404 - __main__ - 49 - DEBUG - initiating solution for normal depth...............
2023-08-13 21:29:16,405 - __main__ - 50 - DEBUG - n=0.045 s=0.0003 q=26 SF=67.54998149518622
2023-08-13 21:29:16,406 - __main__ - 51 - DEBUG - h0=1.8074493373016853
2023-08-13 21:29:16,409 - __main__ - 48 - DEBUG - 



.........
2023-08-13 21:29:16,411 - __main__ - 49 - DEBUG - initiating solution for normal depth...............
2023-08-13 21:29:16,413 - __main__ - 50 - DEBUG - n=0.045 s=0.0003 q=24 SF=62.353829072479584
2023-08-13 21:29:16,414 - __main__ - 51 - DEBUG - h0=1.7398802980745771
2023-08-13 21:29:16,417 - __main__ - 48 - DEBUG - 



.........
2023-08-13 21:29:16,418 - __main__ - 49 - DEBUG - initiating solution for normal depth...............
2023-08-13 21:29:16,419 - __main__ - 50 - DEBUG - n=0.045 s=0.0003 q=22 SF=57.15767664977295
2023-08-13 21:29:16,420 - __main__ - 51 - DEBUG - h0=1.66929085947862
2023-08-13 21:29:16,422 - __main__ - 48 - DEBUG - 



.........
2023-08-13 21:29:16,423 - __main__ - 49 - DEBUG - initiating solution for normal depth...............
2023-08-13 21:29:16,424 - __main__ - 50 - DEBUG - n=0.045 s=0.0003 q=20 SF=51.96152422706631
2023-08-13 21:29:16,425 - __main__ - 51 - DEBUG - h0=1.595251263198818
2023-08-13 21:29:16,427 - __main__ - 48 - DEBUG - 



.........
2023-08-13 21:29:16,430 - __main__ - 49 - DEBUG - initiating solution for normal depth...............
2023-08-13 21:29:16,430 - __main__ - 50 - DEBUG - n=0.045 s=0.0003 q=18 SF=46.76537180435968
2023-08-13 21:29:16,431 - __main__ - 51 - DEBUG - h0=1.51721990477856
2023-08-13 21:29:16,433 - __main__ - 48 - DEBUG - 



.........
2023-08-13 21:29:16,434 - __main__ - 49 - DEBUG - initiating solution for normal depth...............
2023-08-13 21:29:16,435 - __main__ - 50 - DEBUG - n=0.045 s=0.0003 q=16 SF=41.569219381653056
2023-08-13 21:29:16,436 - __main__ - 51 - DEBUG - h0=1.4344979468751025
2023-08-13 21:29:16,438 - __main__ - 48 - DEBUG - 



.........
2023-08-13 21:29:16,440 - __main__ - 49 - DEBUG - initiating solution for normal depth...............
2023-08-13 21:29:16,441 - __main__ - 50 - DEBUG - n=0.045 s=0.0003 q=14 SF=36.373066958946424
2023-08-13 21:29:16,442 - __main__ - 51 - DEBUG - h0=1.3461571561258243
2023-08-13 21:29:16,445 - __main__ - 48 - DEBUG - 



.........
2023-08-13 21:29:16,447 - __main__ - 49 - DEBUG - initiating solution for normal depth...............
2023-08-13 21:29:16,449 - __main__ - 50 - DEBUG - n=0.045 s=0.0003 q=12 SF=31.176914536239792
2023-08-13 21:29:16,450 - __main__ - 51 - DEBUG - h0=1.250918721691044
2023-08-13 21:29:16,452 - __main__ - 48 - DEBUG - 



.........
2023-08-13 21:29:16,453 - __main__ - 49 - DEBUG - initiating solution for normal depth...............
2023-08-13 21:29:16,454 - __main__ - 50 - DEBUG - n=0.045 s=0.0003 q=10 SF=25.980762113533157
2023-08-13 21:29:16,456 - __main__ - 51 - DEBUG - h0=1.1469350352119188
2023-08-13 21:29:16,460 - __main__ - 48 - DEBUG - 



.........
2023-08-13 21:29:16,461 - __main__ - 49 - DEBUG - initiating solution for normal depth...............
2023-08-13 21:29:16,463 - __main__ - 50 - DEBUG - n=0.045 s=0.0003 q=8 SF=20.784609690826528
2023-08-13 21:29:16,464 - __main__ - 51 - DEBUG - h0=1.0313585020528317
2023-08-13 21:29:16,467 - __main__ - 41 - DEBUG - l_m
2023-08-13 21:29:16,468 - __main__ - 42 - DEBUG - j=4 khal=l_m
2023-08-13 21:29:16,470 - __main__ - 48 - DEBUG - 



.........
2023-08-13 21:29:16,471 - __main__ - 49 - DEBUG - initiating solution for normal depth...............
2023-08-13 21:29:16,472 - __main__ - 50 - DEBUG - n=0.045 s=0.0003 q=30 SF=77.94228634059947
2023-08-13 21:29:16,473 - __main__ - 51 - DEBUG - h0=1.9348555007446546
2023-08-13 21:29:16,476 - __main__ - 48 - DEBUG - 



.........
2023-08-13 21:29:16,477 - __main__ - 49 - DEBUG - initiating solution for normal depth...............
2023-08-13 21:29:16,478 - __main__ - 50 - DEBUG - n=0.045 s=0.0003 q=28 SF=72.74613391789285
2023-08-13 21:29:16,479 - __main__ - 51 - DEBUG - h0=1.8723457195437967
2023-08-13 21:29:16,481 - __main__ - 48 - DEBUG - 



.........
2023-08-13 21:29:16,483 - __main__ - 49 - DEBUG - initiating solution for normal depth...............
2023-08-13 21:29:16,483 - __main__ - 50 - DEBUG - n=0.045 s=0.0003 q=26 SF=67.54998149518622
2023-08-13 21:29:16,484 - __main__ - 51 - DEBUG - h0=1.8074493373016853
2023-08-13 21:29:16,485 - __main__ - 48 - DEBUG - 



.........
2023-08-13 21:29:16,486 - __main__ - 49 - DEBUG - initiating solution for normal depth...............
2023-08-13 21:29:16,487 - __main__ - 50 - DEBUG - n=0.045 s=0.0003 q=24 SF=62.353829072479584
2023-08-13 21:29:16,488 - __main__ - 51 - DEBUG - h0=1.7398802980745771
2023-08-13 21:29:16,489 - __main__ - 48 - DEBUG - 



.........
2023-08-13 21:29:16,491 - __main__ - 49 - DEBUG - initiating solution for normal depth...............
2023-08-13 21:29:16,492 - __main__ - 50 - DEBUG - n=0.045 s=0.0003 q=22 SF=57.15767664977295
2023-08-13 21:29:16,494 - __main__ - 51 - DEBUG - h0=1.66929085947862
2023-08-13 21:29:16,495 - __main__ - 48 - DEBUG - 



.........
2023-08-13 21:29:16,496 - __main__ - 49 - DEBUG - initiating solution for normal depth...............
2023-08-13 21:29:16,498 - __main__ - 50 - DEBUG - n=0.045 s=0.0003 q=20 SF=51.96152422706631
2023-08-13 21:29:16,499 - __main__ - 51 - DEBUG - h0=1.595251263198818
2023-08-13 21:29:16,503 - __main__ - 48 - DEBUG - 



.........
2023-08-13 21:29:16,504 - __main__ - 49 - DEBUG - initiating solution for normal depth...............
2023-08-13 21:29:16,505 - __main__ - 50 - DEBUG - n=0.045 s=0.0003 q=18 SF=46.76537180435968
2023-08-13 21:29:16,506 - __main__ - 51 - DEBUG - h0=1.51721990477856
2023-08-13 21:29:16,508 - __main__ - 48 - DEBUG - 



.........
2023-08-13 21:29:16,510 - __main__ - 49 - DEBUG - initiating solution for normal depth...............
2023-08-13 21:29:16,511 - __main__ - 50 - DEBUG - n=0.045 s=0.0003 q=16 SF=41.569219381653056
2023-08-13 21:29:16,512 - __main__ - 51 - DEBUG - h0=1.4344979468751025
2023-08-13 21:29:16,514 - __main__ - 48 - DEBUG - 



.........
2023-08-13 21:29:16,515 - __main__ - 49 - DEBUG - initiating solution for normal depth...............
2023-08-13 21:29:16,516 - __main__ - 50 - DEBUG - n=0.045 s=0.0003 q=14 SF=36.373066958946424
2023-08-13 21:29:16,517 - __main__ - 51 - DEBUG - h0=1.3461571561258243
2023-08-13 21:29:16,519 - __main__ - 48 - DEBUG - 



.........
2023-08-13 21:29:16,520 - __main__ - 49 - DEBUG - initiating solution for normal depth...............
2023-08-13 21:29:16,521 - __main__ - 50 - DEBUG - n=0.045 s=0.0003 q=12 SF=31.176914536239792
2023-08-13 21:29:16,522 - __main__ - 51 - DEBUG - h0=1.250918721691044
2023-08-13 21:29:16,524 - __main__ - 48 - DEBUG - 



.........
2023-08-13 21:29:16,525 - __main__ - 49 - DEBUG - initiating solution for normal depth...............
2023-08-13 21:29:16,526 - __main__ - 50 - DEBUG - n=0.045 s=0.0003 q=10 SF=25.980762113533157
2023-08-13 21:29:16,527 - __main__ - 51 - DEBUG - h0=1.1469350352119188
2023-08-13 21:29:16,530 - __main__ - 48 - DEBUG - 



.........
2023-08-13 21:29:16,531 - __main__ - 49 - DEBUG - initiating solution for normal depth...............
2023-08-13 21:29:16,532 - __main__ - 50 - DEBUG - n=0.045 s=0.0003 q=8 SF=20.784609690826528
2023-08-13 21:29:16,534 - __main__ - 51 - DEBUG - h0=1.0313585020528317
2023-08-13 21:29:16,536 - __main__ - 41 - DEBUG - n_o
2023-08-13 21:29:16,539 - __main__ - 42 - DEBUG - j=5 khal=n_o
2023-08-13 21:29:16,541 - __main__ - 48 - DEBUG - 



.........
2023-08-13 21:29:16,542 - __main__ - 49 - DEBUG - initiating solution for normal depth...............
2023-08-13 21:29:16,542 - __main__ - 50 - DEBUG - n=0.045 s=0.0003 q=30 SF=77.94228634059947
2023-08-13 21:29:16,543 - __main__ - 51 - DEBUG - h0=1.9348555007446546
2023-08-13 21:29:16,546 - __main__ - 48 - DEBUG - 



.........
2023-08-13 21:29:16,547 - __main__ - 49 - DEBUG - initiating solution for normal depth...............
2023-08-13 21:29:16,549 - __main__ - 50 - DEBUG - n=0.045 s=0.0003 q=28 SF=72.74613391789285
2023-08-13 21:29:16,550 - __main__ - 51 - DEBUG - h0=1.8723457195437967
2023-08-13 21:29:16,552 - __main__ - 48 - DEBUG - 



.........
2023-08-13 21:29:16,553 - __main__ - 49 - DEBUG - initiating solution for normal depth...............
2023-08-13 21:29:16,554 - __main__ - 50 - DEBUG - n=0.045 s=0.0003 q=26 SF=67.54998149518622
2023-08-13 21:29:16,556 - __main__ - 51 - DEBUG - h0=1.8074493373016853
2023-08-13 21:29:16,558 - __main__ - 48 - DEBUG - 



.........
2023-08-13 21:29:16,559 - __main__ - 49 - DEBUG - initiating solution for normal depth...............
2023-08-13 21:29:16,560 - __main__ - 50 - DEBUG - n=0.045 s=0.0003 q=24 SF=62.353829072479584
2023-08-13 21:29:16,561 - __main__ - 51 - DEBUG - h0=1.7398802980745771
2023-08-13 21:29:16,564 - __main__ - 48 - DEBUG - 



.........
2023-08-13 21:29:16,565 - __main__ - 49 - DEBUG - initiating solution for normal depth...............
2023-08-13 21:29:16,566 - __main__ - 50 - DEBUG - n=0.045 s=0.0003 q=22 SF=57.15767664977295
2023-08-13 21:29:16,567 - __main__ - 51 - DEBUG - h0=1.66929085947862
2023-08-13 21:29:16,569 - __main__ - 48 - DEBUG - 



.........
2023-08-13 21:29:16,571 - __main__ - 49 - DEBUG - initiating solution for normal depth...............
2023-08-13 21:29:16,572 - __main__ - 50 - DEBUG - n=0.045 s=0.0003 q=20 SF=51.96152422706631
2023-08-13 21:29:16,572 - __main__ - 51 - DEBUG - h0=1.595251263198818
2023-08-13 21:29:16,574 - __main__ - 48 - DEBUG - 



.........
2023-08-13 21:29:16,575 - __main__ - 49 - DEBUG - initiating solution for normal depth...............
2023-08-13 21:29:16,576 - __main__ - 50 - DEBUG - n=0.045 s=0.0003 q=18 SF=46.76537180435968
2023-08-13 21:29:16,576 - __main__ - 51 - DEBUG - h0=1.51721990477856
2023-08-13 21:29:16,579 - __main__ - 48 - DEBUG - 



.........
2023-08-13 21:29:16,580 - __main__ - 49 - DEBUG - initiating solution for normal depth...............
2023-08-13 21:29:16,581 - __main__ - 50 - DEBUG - n=0.045 s=0.0003 q=16 SF=41.569219381653056
2023-08-13 21:29:16,582 - __main__ - 51 - DEBUG - h0=1.4344979468751025
2023-08-13 21:29:16,586 - __main__ - 48 - DEBUG - 



.........
2023-08-13 21:29:16,588 - __main__ - 49 - DEBUG - initiating solution for normal depth...............
2023-08-13 21:29:16,588 - __main__ - 50 - DEBUG - n=0.045 s=0.0003 q=14 SF=36.373066958946424
2023-08-13 21:29:16,589 - __main__ - 51 - DEBUG - h0=1.3461571561258243
2023-08-13 21:29:16,590 - __main__ - 48 - DEBUG - 



.........
2023-08-13 21:29:16,591 - __main__ - 49 - DEBUG - initiating solution for normal depth...............
2023-08-13 21:29:16,592 - __main__ - 50 - DEBUG - n=0.045 s=0.0003 q=12 SF=31.176914536239792
2023-08-13 21:29:16,592 - __main__ - 51 - DEBUG - h0=1.250918721691044
2023-08-13 21:29:16,595 - __main__ - 48 - DEBUG - 



.........
2023-08-13 21:29:16,596 - __main__ - 49 - DEBUG - initiating solution for normal depth...............
2023-08-13 21:29:16,598 - __main__ - 50 - DEBUG - n=0.045 s=0.0003 q=10 SF=25.980762113533157
2023-08-13 21:29:16,598 - __main__ - 51 - DEBUG - h0=1.1469350352119188
2023-08-13 21:29:16,601 - __main__ - 48 - DEBUG - 



.........
2023-08-13 21:29:16,602 - __main__ - 49 - DEBUG - initiating solution for normal depth...............
2023-08-13 21:29:16,603 - __main__ - 50 - DEBUG - n=0.045 s=0.0003 q=8 SF=20.784609690826528
2023-08-13 21:29:16,604 - __main__ - 51 - DEBUG - h0=1.0313585020528317
2023-08-13 21:29:16,606 - __main__ - 41 - DEBUG - o_a*
2023-08-13 21:29:16,607 - __main__ - 42 - DEBUG - j=6 khal=o_a*
2023-08-13 21:29:16,608 - __main__ - 48 - DEBUG - 



.........
2023-08-13 21:29:16,609 - __main__ - 49 - DEBUG - initiating solution for normal depth...............
2023-08-13 21:29:16,609 - __main__ - 50 - DEBUG - n=0.045 s=0.0003 q=30 SF=77.94228634059947
2023-08-13 21:29:16,610 - __main__ - 51 - DEBUG - h0=1.9348555007446546
2023-08-13 21:29:16,613 - __main__ - 48 - DEBUG - 



.........
2023-08-13 21:29:16,616 - __main__ - 49 - DEBUG - initiating solution for normal depth...............
2023-08-13 21:29:16,617 - __main__ - 50 - DEBUG - n=0.045 s=0.0003 q=28 SF=72.74613391789285
2023-08-13 21:29:16,619 - __main__ - 51 - DEBUG - h0=1.8723457195437967
2023-08-13 21:29:16,621 - __main__ - 48 - DEBUG - 



.........
2023-08-13 21:29:16,622 - __main__ - 49 - DEBUG - initiating solution for normal depth...............
2023-08-13 21:29:16,623 - __main__ - 50 - DEBUG - n=0.045 s=0.0003 q=26 SF=67.54998149518622
2023-08-13 21:29:16,624 - __main__ - 51 - DEBUG - h0=1.8074493373016853
2023-08-13 21:29:16,625 - __main__ - 48 - DEBUG - 



.........
2023-08-13 21:29:16,626 - __main__ - 49 - DEBUG - initiating solution for normal depth...............
2023-08-13 21:29:16,627 - __main__ - 50 - DEBUG - n=0.045 s=0.0003 q=24 SF=62.353829072479584
2023-08-13 21:29:16,629 - __main__ - 51 - DEBUG - h0=1.7398802980745771
2023-08-13 21:29:16,631 - __main__ - 48 - DEBUG - 



.........
2023-08-13 21:29:16,632 - __main__ - 49 - DEBUG - initiating solution for normal depth...............
2023-08-13 21:29:16,633 - __main__ - 50 - DEBUG - n=0.045 s=0.0003 q=22 SF=57.15767664977295
2023-08-13 21:29:16,634 - __main__ - 51 - DEBUG - h0=1.66929085947862
2023-08-13 21:29:16,636 - __main__ - 48 - DEBUG - 



.........
2023-08-13 21:29:16,637 - __main__ - 49 - DEBUG - initiating solution for normal depth...............
2023-08-13 21:29:16,639 - __main__ - 50 - DEBUG - n=0.045 s=0.0003 q=20 SF=51.96152422706631
2023-08-13 21:29:16,640 - __main__ - 51 - DEBUG - h0=1.595251263198818
2023-08-13 21:29:16,641 - __main__ - 48 - DEBUG - 



.........
2023-08-13 21:29:16,641 - __main__ - 49 - DEBUG - initiating solution for normal depth...............
2023-08-13 21:29:16,643 - __main__ - 50 - DEBUG - n=0.045 s=0.0003 q=18 SF=46.76537180435968
2023-08-13 21:29:16,643 - __main__ - 51 - DEBUG - h0=1.51721990477856
2023-08-13 21:29:16,647 - __main__ - 48 - DEBUG - 



.........
2023-08-13 21:29:16,649 - __main__ - 49 - DEBUG - initiating solution for normal depth...............
2023-08-13 21:29:16,650 - __main__ - 50 - DEBUG - n=0.045 s=0.0003 q=16 SF=41.569219381653056
2023-08-13 21:29:16,651 - __main__ - 51 - DEBUG - h0=1.4344979468751025
2023-08-13 21:29:16,654 - __main__ - 48 - DEBUG - 



.........
2023-08-13 21:29:16,655 - __main__ - 49 - DEBUG - initiating solution for normal depth...............
2023-08-13 21:29:16,655 - __main__ - 50 - DEBUG - n=0.045 s=0.0003 q=14 SF=36.373066958946424
2023-08-13 21:29:16,656 - __main__ - 51 - DEBUG - h0=1.3461571561258243
2023-08-13 21:29:16,657 - __main__ - 48 - DEBUG - 



.........
2023-08-13 21:29:16,658 - __main__ - 49 - DEBUG - initiating solution for normal depth...............
2023-08-13 21:29:16,658 - __main__ - 50 - DEBUG - n=0.045 s=0.0003 q=12 SF=31.176914536239792
2023-08-13 21:29:16,659 - __main__ - 51 - DEBUG - h0=1.250918721691044
2023-08-13 21:29:16,661 - __main__ - 48 - DEBUG - 



.........
2023-08-13 21:29:16,663 - __main__ - 49 - DEBUG - initiating solution for normal depth...............
2023-08-13 21:29:16,664 - __main__ - 50 - DEBUG - n=0.045 s=0.0003 q=10 SF=25.980762113533157
2023-08-13 21:29:16,665 - __main__ - 51 - DEBUG - h0=1.1469350352119188
2023-08-13 21:29:16,667 - __main__ - 48 - DEBUG - 



.........
2023-08-13 21:29:16,668 - __main__ - 49 - DEBUG - initiating solution for normal depth...............
2023-08-13 21:29:16,669 - __main__ - 50 - DEBUG - n=0.045 s=0.0003 q=8 SF=20.784609690826528
2023-08-13 21:29:16,670 - __main__ - 51 - DEBUG - h0=1.0313585020528317
2023-08-13 21:29:16,671 - __main__ - 41 - DEBUG - Gabura
2023-08-13 21:29:16,672 - __main__ - 42 - DEBUG - j=7 khal=Gabura
2023-08-13 21:29:16,673 - __main__ - 48 - DEBUG - 



.........
2023-08-13 21:29:16,674 - __main__ - 49 - DEBUG - initiating solution for normal depth...............
2023-08-13 21:29:16,674 - __main__ - 50 - DEBUG - n=0.045 s=5e-05 q=30 SF=190.9188309203678
2023-08-13 21:29:16,674 - __main__ - 51 - DEBUG - h0=1.9348555007446546
2023-08-13 21:29:16,676 - __main__ - 48 - DEBUG - 



.........
2023-08-13 21:29:16,677 - __main__ - 49 - DEBUG - initiating solution for normal depth...............
2023-08-13 21:29:16,679 - __main__ - 50 - DEBUG - n=0.045 s=5e-05 q=28 SF=178.19090885900997
2023-08-13 21:29:16,680 - __main__ - 51 - DEBUG - h0=1.8723457195437967
2023-08-13 21:29:16,683 - __main__ - 48 - DEBUG - 



.........
2023-08-13 21:29:16,684 - __main__ - 49 - DEBUG - initiating solution for normal depth...............
2023-08-13 21:29:16,685 - __main__ - 50 - DEBUG - n=0.045 s=5e-05 q=26 SF=165.46298679765212
2023-08-13 21:29:16,687 - __main__ - 51 - DEBUG - h0=1.8074493373016853
2023-08-13 21:29:16,689 - __main__ - 48 - DEBUG - 



.........
2023-08-13 21:29:16,690 - __main__ - 49 - DEBUG - initiating solution for normal depth...............
2023-08-13 21:29:16,690 - __main__ - 50 - DEBUG - n=0.045 s=5e-05 q=24 SF=152.73506473629428
2023-08-13 21:29:16,691 - __main__ - 51 - DEBUG - h0=1.7398802980745771
2023-08-13 21:29:16,692 - __main__ - 48 - DEBUG - 



.........
2023-08-13 21:29:16,695 - __main__ - 49 - DEBUG - initiating solution for normal depth...............
2023-08-13 21:29:16,697 - __main__ - 50 - DEBUG - n=0.045 s=5e-05 q=22 SF=140.0071426749364
2023-08-13 21:29:16,698 - __main__ - 51 - DEBUG - h0=1.66929085947862
2023-08-13 21:29:16,700 - __main__ - 48 - DEBUG - 



.........
2023-08-13 21:29:16,701 - __main__ - 49 - DEBUG - initiating solution for normal depth...............
2023-08-13 21:29:16,701 - __main__ - 50 - DEBUG - n=0.045 s=5e-05 q=20 SF=127.27922061357854
2023-08-13 21:29:16,703 - __main__ - 51 - DEBUG - h0=1.595251263198818
2023-08-13 21:29:16,705 - __main__ - 48 - DEBUG - 



.........
2023-08-13 21:29:16,706 - __main__ - 49 - DEBUG - initiating solution for normal depth...............
2023-08-13 21:29:16,707 - __main__ - 50 - DEBUG - n=0.045 s=5e-05 q=18 SF=114.55129855222069
2023-08-13 21:29:16,711 - __main__ - 51 - DEBUG - h0=1.51721990477856
2023-08-13 21:29:16,714 - __main__ - 48 - DEBUG - 



.........
2023-08-13 21:29:16,715 - __main__ - 49 - DEBUG - initiating solution for normal depth...............
2023-08-13 21:29:16,717 - __main__ - 50 - DEBUG - n=0.045 s=5e-05 q=16 SF=101.82337649086284
2023-08-13 21:29:16,719 - __main__ - 51 - DEBUG - h0=1.4344979468751025
2023-08-13 21:29:16,723 - __main__ - 48 - DEBUG - 



.........
2023-08-13 21:29:16,725 - __main__ - 49 - DEBUG - initiating solution for normal depth...............
2023-08-13 21:29:16,727 - __main__ - 50 - DEBUG - n=0.045 s=5e-05 q=14 SF=89.09545442950498
2023-08-13 21:29:16,730 - __main__ - 51 - DEBUG - h0=1.3461571561258243
2023-08-13 21:29:16,733 - __main__ - 48 - DEBUG - 



.........
2023-08-13 21:29:16,734 - __main__ - 49 - DEBUG - initiating solution for normal depth...............
2023-08-13 21:29:16,735 - __main__ - 50 - DEBUG - n=0.045 s=5e-05 q=12 SF=76.36753236814714
2023-08-13 21:29:16,737 - __main__ - 51 - DEBUG - h0=1.250918721691044
2023-08-13 21:29:16,740 - __main__ - 48 - DEBUG - 



.........
2023-08-13 21:29:16,742 - __main__ - 49 - DEBUG - initiating solution for normal depth...............
2023-08-13 21:29:16,742 - __main__ - 50 - DEBUG - n=0.045 s=5e-05 q=10 SF=63.63961030678927
2023-08-13 21:29:16,744 - __main__ - 51 - DEBUG - h0=1.1469350352119188
2023-08-13 21:29:16,746 - __main__ - 48 - DEBUG - 



.........
2023-08-13 21:29:16,747 - __main__ - 49 - DEBUG - initiating solution for normal depth...............
2023-08-13 21:29:16,748 - __main__ - 50 - DEBUG - n=0.045 s=5e-05 q=8 SF=50.91168824543142
2023-08-13 21:29:16,750 - __main__ - 51 - DEBUG - h0=1.0313585020528317
2023-08-13 21:29:16,751 - __main__ - 41 - DEBUG - Sora_9
2023-08-13 21:29:16,753 - __main__ - 42 - DEBUG - j=8 khal=Sora_9
2023-08-13 21:29:16,755 - __main__ - 48 - DEBUG - 



.........
2023-08-13 21:29:16,756 - __main__ - 49 - DEBUG - initiating solution for normal depth...............
2023-08-13 21:29:16,757 - __main__ - 50 - DEBUG - n=0.045 s=5e-05 q=30 SF=190.9188309203678
2023-08-13 21:29:16,757 - __main__ - 51 - DEBUG - h0=1.9348555007446546
2023-08-13 21:29:16,759 - __main__ - 48 - DEBUG - 



.........
2023-08-13 21:29:16,761 - __main__ - 49 - DEBUG - initiating solution for normal depth...............
2023-08-13 21:29:16,763 - __main__ - 50 - DEBUG - n=0.045 s=5e-05 q=28 SF=178.19090885900997
2023-08-13 21:29:16,765 - __main__ - 51 - DEBUG - h0=1.8723457195437967
2023-08-13 21:29:16,767 - __main__ - 48 - DEBUG - 



.........
2023-08-13 21:29:16,768 - __main__ - 49 - DEBUG - initiating solution for normal depth...............
2023-08-13 21:29:16,769 - __main__ - 50 - DEBUG - n=0.045 s=5e-05 q=26 SF=165.46298679765212
2023-08-13 21:29:16,771 - __main__ - 51 - DEBUG - h0=1.8074493373016853
2023-08-13 21:29:16,774 - __main__ - 48 - DEBUG - 



.........
2023-08-13 21:29:16,775 - __main__ - 49 - DEBUG - initiating solution for normal depth...............
2023-08-13 21:29:16,776 - __main__ - 50 - DEBUG - n=0.045 s=5e-05 q=24 SF=152.73506473629428
2023-08-13 21:29:16,777 - __main__ - 51 - DEBUG - h0=1.7398802980745771
2023-08-13 21:29:16,780 - __main__ - 48 - DEBUG - 



.........
2023-08-13 21:29:16,782 - __main__ - 49 - DEBUG - initiating solution for normal depth...............
2023-08-13 21:29:16,782 - __main__ - 50 - DEBUG - n=0.045 s=5e-05 q=22 SF=140.0071426749364
2023-08-13 21:29:16,783 - __main__ - 51 - DEBUG - h0=1.66929085947862
2023-08-13 21:29:16,785 - __main__ - 48 - DEBUG - 



.........
2023-08-13 21:29:16,786 - __main__ - 49 - DEBUG - initiating solution for normal depth...............
2023-08-13 21:29:16,787 - __main__ - 50 - DEBUG - n=0.045 s=5e-05 q=20 SF=127.27922061357854
2023-08-13 21:29:16,789 - __main__ - 51 - DEBUG - h0=1.595251263198818
2023-08-13 21:29:16,794 - __main__ - 48 - DEBUG - 



.........
2023-08-13 21:29:16,795 - __main__ - 49 - DEBUG - initiating solution for normal depth...............
2023-08-13 21:29:16,796 - __main__ - 50 - DEBUG - n=0.045 s=5e-05 q=18 SF=114.55129855222069
2023-08-13 21:29:16,798 - __main__ - 51 - DEBUG - h0=1.51721990477856
2023-08-13 21:29:16,800 - __main__ - 48 - DEBUG - 



.........
2023-08-13 21:29:16,801 - __main__ - 49 - DEBUG - initiating solution for normal depth...............
2023-08-13 21:29:16,802 - __main__ - 50 - DEBUG - n=0.045 s=5e-05 q=16 SF=101.82337649086284
2023-08-13 21:29:16,807 - __main__ - 51 - DEBUG - h0=1.4344979468751025
2023-08-13 21:29:16,808 - __main__ - 48 - DEBUG - 



.........
2023-08-13 21:29:16,809 - __main__ - 49 - DEBUG - initiating solution for normal depth...............
2023-08-13 21:29:16,811 - __main__ - 50 - DEBUG - n=0.045 s=5e-05 q=14 SF=89.09545442950498
2023-08-13 21:29:16,811 - __main__ - 51 - DEBUG - h0=1.3461571561258243
2023-08-13 21:29:16,813 - __main__ - 48 - DEBUG - 



.........
2023-08-13 21:29:16,814 - __main__ - 49 - DEBUG - initiating solution for normal depth...............
2023-08-13 21:29:16,815 - __main__ - 50 - DEBUG - n=0.045 s=5e-05 q=12 SF=76.36753236814714
2023-08-13 21:29:16,817 - __main__ - 51 - DEBUG - h0=1.250918721691044
2023-08-13 21:29:16,820 - __main__ - 48 - DEBUG - 



.........
2023-08-13 21:29:16,822 - __main__ - 49 - DEBUG - initiating solution for normal depth...............
2023-08-13 21:29:16,823 - __main__ - 50 - DEBUG - n=0.045 s=5e-05 q=10 SF=63.63961030678927
2023-08-13 21:29:16,824 - __main__ - 51 - DEBUG - h0=1.1469350352119188
2023-08-13 21:29:16,825 - __main__ - 48 - DEBUG - 



.........
2023-08-13 21:29:16,826 - __main__ - 49 - DEBUG - initiating solution for normal depth...............
2023-08-13 21:29:16,827 - __main__ - 50 - DEBUG - n=0.045 s=5e-05 q=8 SF=50.91168824543142
2023-08-13 21:29:16,828 - __main__ - 51 - DEBUG - h0=1.0313585020528317
2023-08-13 21:29:16,833 - __main__ - 41 - DEBUG - Sora_10
2023-08-13 21:29:16,834 - __main__ - 42 - DEBUG - j=9 khal=Sora_10
2023-08-13 21:29:16,836 - __main__ - 48 - DEBUG - 



.........
2023-08-13 21:29:16,839 - __main__ - 49 - DEBUG - initiating solution for normal depth...............
2023-08-13 21:29:16,840 - __main__ - 50 - DEBUG - n=0.045 s=5e-05 q=30 SF=190.9188309203678
2023-08-13 21:29:16,842 - __main__ - 51 - DEBUG - h0=1.9348555007446546
2023-08-13 21:29:16,844 - __main__ - 48 - DEBUG - 



.........
2023-08-13 21:29:16,845 - __main__ - 49 - DEBUG - initiating solution for normal depth...............
2023-08-13 21:29:16,847 - __main__ - 50 - DEBUG - n=0.045 s=5e-05 q=28 SF=178.19090885900997
2023-08-13 21:29:16,850 - __main__ - 51 - DEBUG - h0=1.8723457195437967
2023-08-13 21:29:16,852 - __main__ - 48 - DEBUG - 



.........
2023-08-13 21:29:16,854 - __main__ - 49 - DEBUG - initiating solution for normal depth...............
2023-08-13 21:29:16,855 - __main__ - 50 - DEBUG - n=0.045 s=5e-05 q=26 SF=165.46298679765212
2023-08-13 21:29:16,856 - __main__ - 51 - DEBUG - h0=1.8074493373016853
2023-08-13 21:29:16,861 - __main__ - 48 - DEBUG - 



.........
2023-08-13 21:29:16,862 - __main__ - 49 - DEBUG - initiating solution for normal depth...............
2023-08-13 21:29:16,863 - __main__ - 50 - DEBUG - n=0.045 s=5e-05 q=24 SF=152.73506473629428
2023-08-13 21:29:16,864 - __main__ - 51 - DEBUG - h0=1.7398802980745771
2023-08-13 21:29:16,869 - __main__ - 48 - DEBUG - 



.........
2023-08-13 21:29:16,871 - __main__ - 49 - DEBUG - initiating solution for normal depth...............
2023-08-13 21:29:16,873 - __main__ - 50 - DEBUG - n=0.045 s=5e-05 q=22 SF=140.0071426749364
2023-08-13 21:29:16,875 - __main__ - 51 - DEBUG - h0=1.66929085947862
2023-08-13 21:29:16,877 - __main__ - 48 - DEBUG - 



.........
2023-08-13 21:29:16,880 - __main__ - 49 - DEBUG - initiating solution for normal depth...............
2023-08-13 21:29:16,881 - __main__ - 50 - DEBUG - n=0.045 s=5e-05 q=20 SF=127.27922061357854
2023-08-13 21:29:16,884 - __main__ - 51 - DEBUG - h0=1.595251263198818
2023-08-13 21:29:16,887 - __main__ - 48 - DEBUG - 



.........
2023-08-13 21:29:16,889 - __main__ - 49 - DEBUG - initiating solution for normal depth...............
2023-08-13 21:29:16,891 - __main__ - 50 - DEBUG - n=0.045 s=5e-05 q=18 SF=114.55129855222069
2023-08-13 21:29:16,891 - __main__ - 51 - DEBUG - h0=1.51721990477856
2023-08-13 21:29:16,893 - __main__ - 48 - DEBUG - 



.........
2023-08-13 21:29:16,896 - __main__ - 49 - DEBUG - initiating solution for normal depth...............
2023-08-13 21:29:16,897 - __main__ - 50 - DEBUG - n=0.045 s=5e-05 q=16 SF=101.82337649086284
2023-08-13 21:29:16,898 - __main__ - 51 - DEBUG - h0=1.4344979468751025
2023-08-13 21:29:16,902 - __main__ - 48 - DEBUG - 



.........
2023-08-13 21:29:16,906 - __main__ - 49 - DEBUG - initiating solution for normal depth...............
2023-08-13 21:29:16,907 - __main__ - 50 - DEBUG - n=0.045 s=5e-05 q=14 SF=89.09545442950498
2023-08-13 21:29:16,908 - __main__ - 51 - DEBUG - h0=1.3461571561258243
2023-08-13 21:29:16,911 - __main__ - 48 - DEBUG - 



.........
2023-08-13 21:29:16,912 - __main__ - 49 - DEBUG - initiating solution for normal depth...............
2023-08-13 21:29:16,915 - __main__ - 50 - DEBUG - n=0.045 s=5e-05 q=12 SF=76.36753236814714
2023-08-13 21:29:16,916 - __main__ - 51 - DEBUG - h0=1.250918721691044
2023-08-13 21:29:16,920 - __main__ - 48 - DEBUG - 



.........
2023-08-13 21:29:16,922 - __main__ - 49 - DEBUG - initiating solution for normal depth...............
2023-08-13 21:29:16,923 - __main__ - 50 - DEBUG - n=0.045 s=5e-05 q=10 SF=63.63961030678927
2023-08-13 21:29:16,926 - __main__ - 51 - DEBUG - h0=1.1469350352119188
2023-08-13 21:29:16,928 - __main__ - 48 - DEBUG - 



.........
2023-08-13 21:29:16,930 - __main__ - 49 - DEBUG - initiating solution for normal depth...............
2023-08-13 21:29:16,931 - __main__ - 50 - DEBUG - n=0.045 s=5e-05 q=8 SF=50.91168824543142
2023-08-13 21:29:16,932 - __main__ - 51 - DEBUG - h0=1.0313585020528317
2023-08-13 21:29:17,128 - __main__ - 65 - DEBUG - 




2023-08-13 21:29:17,130 - __main__ - 66 - DEBUG - sucessfully completed delivery curve computation..............
