2023-04-28 21:43:06,201 - __main__ - 10 - DEBUG - This is a warning message
2023-04-28 21:43:11,732 - __main__ - 6 - DEBUG - Initiated Drafting Parameter Extraction from Excel file........................
2023-04-28 21:43:11,734 - __main__ - 7 - DEBUG -    parameters    unit   values                                       Remarks  \
0         EL1   m-pwd    -2.70                              C/S Glacis Level   
1         EL2   m-pwd    -1.50                                  Invert Level   
2         EL3   m-pwd    -2.85                              R/S Glacis Level   
3         EL4   m-pwd     1.50                         Existing Ground Level   
4         EL5   m-pwd     5.00                          Embankment Creslevel   
5         EL6   m-PWD     3.50                            Design Water Level   
6         EL7   m-pwd     1.50                           Avg Canal Banklevel   
7         Vno    none     3.00                                Number of Vent   
8          Vw   meter     1.50                                    Vent Width   
9          Vh   meter     1.80                                   Vent Height   
10         Wa   meter     0.45             width of Abutment at Appron Level   
11         Wp   meter     0.35                 width of Pier at Appron Level   
12       Wepa   meter     0.50            width of Extended Part : Abutment    
13       Wepp   meter     0.60                 width of Extended Part:  Pier   
14        Ecw   meter     5.50                        Embankment Crest Width   
15       Ecss    none     2.00                    CS slope of the embankment   
16       Erss    none     3.00                  R/S  Slope of the Embankment   
17       Lext   meter     2.15                       Length of Extended Part   
18         Gd   meter     1.20                                   Glacis Drop   
19         Lb   meter    13.00                      Length of Stilling Basin   
20      Theta  degree    12.00                                   Flare Angle   
21         D1   meter     0.79         incoming flow depth in Stiiling Basin   
22         D2   meter     2.54          conjugate depth after hydraulic jump   
23        Fr1    none     2.98  Incoming flow froude numer in Stiiling Basin   
24         Tw   meter     0.75           Wing wall thickness at Appron Level   
25         Tr   meter     0.75         Return Wall thickness at Appron Level   
26     Lchute      mm  2370.00                         Length of Chute Block   
27         Hc      mm   790.00                            Chute block height   
28         Wc      mm   514.00                          width of chute block   
29         Nc      No     8.00                         number of Chute Block   
30        Lbf      mm   158.00                    Top Length of Baffle Block   
31        Hbf      mm   790.00                        Height of Baffle Block   
32        Wbf      mm   790.00                     Width of the Baffle Block   
33        Nbf      No     9.00                        Number of Baffle Block   
34        Xbf      mm  3230.00                      Location of Baffle Block   
35        Les      mm   102.00                         Top Length of End Sil   
36        Hes      mm   508.00                             Height of End Sil   
37        Wes      mm  1016.00                          Width of the End Sil   
38        Nes      No    16.00                            Number of  End Sil   
39        Xes      mm  6721.00                           Location of End Sil   

    Unnamed: 4  
0            0  
1            1  
2            2  
3            3  
4            4  
5            5  
6            6  
7            7  
8            8  
9            9  
10          10  
11          11  
12          12  
13          13  
14          14  
15          15  
16          16  
17          17  
18          18  
19          19  
20          20  
21          21  
22          22  
23          23  
24          24  
25          25  
26          26  
27          27  
28          28  
29          29  
30          30  
31          31  
32          32  
33          33  
34          34  
35          35  
36          36  
37          37  
38          38  
39          39  
2023-04-28 21:43:11,862 - __main__ - 969 - DEBUG - 




2023-04-28 21:43:11,864 - __main__ - 970 - DEBUG - Displaying Elevation Parameter
2023-04-28 21:43:11,866 - __main__ - 971 - DEBUG - C/S Apron Top=-2.7 m-PWD
2023-04-28 21:43:11,869 - __main__ - 972 - DEBUG - Invert Level=-1.5 m-PWD
2023-04-28 21:43:11,871 - __main__ - 973 - DEBUG - R/S Apron Top=-2.85 m-PWD
2023-04-28 21:43:11,874 - __main__ - 974 - DEBUG - EGL=1.5m-PWD
2023-04-28 21:43:11,876 - __main__ - 975 - DEBUG - Embankment Creslevel=5.0 m-PWD
2023-04-28 21:43:11,878 - __main__ - 976 - DEBUG - Design Water Level=3.5 m-PWD
2023-04-28 21:43:11,881 - __main__ - 977 - DEBUG - AVG GL at Regulator Site=1.5 m-PWD
2023-04-28 21:43:11,884 - __main__ - 982 - DEBUG - 




2023-04-28 21:43:11,888 - __main__ - 983 - DEBUG - Displaying Vent Related Parameter.................................
2023-04-28 21:43:11,891 - __main__ - 984 - DEBUG - Number of Vent=3.0
2023-04-28 21:43:11,894 - __main__ - 985 - DEBUG -  Vent Width=1.5 meter
2023-04-28 21:43:11,897 - __main__ - 986 - DEBUG - Vent Height=1.8 meter
2023-04-28 21:43:11,899 - __main__ - 987 - DEBUG - width of Abutment=0.45 meter
2023-04-28 21:43:11,901 - __main__ - 988 - DEBUG - width of Pier=0.35 meter
2023-04-28 21:43:11,904 - __main__ - 989 - DEBUG - width of Extended Part:Abutment=0.5 meter
2023-04-28 21:43:11,909 - __main__ - 990 - DEBUG - width of Extended Part:Pier=0.6 meter
2023-04-28 21:43:11,911 - __main__ - 995 - DEBUG - 




2023-04-28 21:43:11,914 - __main__ - 996 - DEBUG - Displaying Embankment Related Parameter.................................
2023-04-28 21:43:11,916 - __main__ - 997 - DEBUG - Embankment Crest Width=5.5 meter
2023-04-28 21:43:11,918 - __main__ - 998 - DEBUG - C/S Slope of the Embankment=2.0
2023-04-28 21:43:11,921 - __main__ - 999 - DEBUG - R/S Slope of the Embankment=3.0
2023-04-28 21:43:11,925 - __main__ - 1002 - DEBUG - 




2023-04-28 21:43:11,927 - __main__ - 1003 - DEBUG - Displaying Basin Related Parameter.................................
2023-04-28 21:43:11,929 - __main__ - 1004 - DEBUG - Length of Extended Part=2.15 meter
2023-04-28 21:43:11,931 - __main__ - 1005 - DEBUG - Glacis Drop=1.2 meter
2023-04-28 21:43:11,933 - __main__ - 1006 - DEBUG - Length of Stilling Basin=13.0 meter
2023-04-28 21:43:11,935 - __main__ - 1007 - DEBUG - Length of Return Wall=8.7 meter
2023-04-28 21:43:11,937 - __main__ - 1008 - DEBUG - Flare Angle=12.0 degree
2023-04-28 21:43:11,939 - __main__ - 1009 - DEBUG - ncoming flow depth in Stiiling Basin=0.79 meter
2023-04-28 21:43:11,940 - __main__ - 1010 - DEBUG - conjugate depth after hydraulic jump=2.54 meter
2023-04-28 21:43:11,941 - __main__ - 1011 - DEBUG - Incoming flow froude numer in Stiiling Basin=2.98
2023-04-28 21:43:11,943 - __main__ - 1014 - DEBUG - 




2023-04-28 21:43:11,944 - __main__ - 1015 - DEBUG - E:/Design-8/Designs_All2/AE Sakib/Satkhira DIV-II/2022-23/Regulator/Khejurdangi/Design Calculation\draft_Khejurdangi_Input.dxf
2023-04-28 21:43:11,946 - __main__ - 1018 - DEBUG - 




2023-04-28 21:43:11,947 - __main__ - 1019 - DEBUG - Displaying Wingwall and Returnwall Related Parameter................
2023-04-28 21:43:11,949 - __main__ - 1020 - DEBUG - Wing wall thickness at Appron Level=750.0 mm
2023-04-28 21:43:11,950 - __main__ - 1021 - DEBUG - Return Wall thickness at Appron Level=750.0 mm
2023-04-28 21:43:12,169 - __main__ - 283 - DEBUG - 




2023-04-28 21:43:12,171 - __main__ - 284 - DEBUG - (X_extreme,Y_extreme)=(2750.0,3350.0)mm
2023-04-28 21:43:12,173 - __main__ - 127 - DEBUG - [(2750.0, 3350.0)]
2023-04-28 21:43:12,374 - __main__ - 127 - DEBUG - [(-2750.0, 3350.0)]
2023-04-28 21:43:12,379 - __main__ - 127 - DEBUG - [(-2750.0, 2850.0)]
2023-04-28 21:43:12,380 - __main__ - 127 - DEBUG - [(-2750.0, 2850.0)]
2023-04-28 21:43:12,383 - __main__ - 127 - DEBUG - [(2750.0, 3350.0)]
2023-04-28 21:43:12,387 - __main__ - 127 - DEBUG - [(2750.0, 3350.0), (-2750.0, 3350.0), (-2750.0, 2850.0), (-2700.0, 2900.0), (2700.0, 2900.0), (2750.0, 2850.0)]
2023-04-28 21:43:12,396 - __main__ - 351 - DEBUG - differrece betewenn extended part and pier=250.0
2023-04-28 21:43:12,398 - __main__ - 354 - DEBUG - drawing pier no=1
2023-04-28 21:43:12,403 - __main__ - 127 - DEBUG - [(-2750.0, 2850.0)]
2023-04-28 21:43:12,407 - __main__ - 127 - DEBUG - [(-2750.0, 1100.0)]
2023-04-28 21:43:12,409 - __main__ - 127 - DEBUG - [(2750.0, 1100.0)]
2023-04-28 21:43:12,411 - __main__ - 127 - DEBUG - [(2750.0, 750.0)]
2023-04-28 21:43:12,413 - __main__ - 127 - DEBUG - [(-2750.0, 750.0)]
2023-04-28 21:43:12,416 - __main__ - 354 - DEBUG - drawing pier no=2
2023-04-28 21:43:12,420 - __main__ - 127 - DEBUG - [(-2750.0, 1000.0)]
2023-04-28 21:43:12,426 - __main__ - 127 - DEBUG - [(-2750.0, -750.0)]
2023-04-28 21:43:12,428 - __main__ - 127 - DEBUG - [(2750.0, -750.0)]
2023-04-28 21:43:12,430 - __main__ - 127 - DEBUG - [(2750.0, -1100.0)]
2023-04-28 21:43:12,433 - __main__ - 127 - DEBUG - [(-2750.0, -1100.0)]
2023-04-28 21:43:12,435 - __main__ - 127 - DEBUG - 




2023-04-28 21:43:12,438 - __main__ - 128 - DEBUG - Calcualting Key Points for Walls............
2023-04-28 21:43:12,442 - __main__ - 150 - DEBUG - half_width=3350.0 mm
2023-04-28 21:43:12,443 - __main__ - 127 - DEBUG - [(4920.0, 2850.0)]
2023-04-28 21:43:12,449 - __main__ - 127 - DEBUG - [(17920.0, 5613.235301710288)]
2023-04-28 21:43:12,451 - __main__ - 127 - DEBUG - [(17920.0, 14313.235301710287)]
2023-04-28 21:43:12,454 - __main__ - 127 - DEBUG - [(17920.0, 5613.235301710288)]
2023-04-28 21:43:12,457 - __main__ - 127 - DEBUG - [(17170.0, 6363.235301710288)]
2023-04-28 21:43:12,459 - __main__ - 127 - DEBUG - [(17170.0, 6363.235301710288)]
2023-04-28 21:43:12,461 - __main__ - 127 - DEBUG - [(4920.0, 2850.0)]
2023-04-28 21:43:12,465 - __main__ - 127 - DEBUG - [(4920.0, 2850.0), (17920.0, 5613.235301710288), (17920.0, 14313.235301710287), (17170.0, 14313.235301710287), (17170.0, 6513.235301710288), (17020.0, 6363.235301710288), (4920.0, 3600.0)]
2023-04-28 21:43:12,468 - __main__ - 127 - DEBUG - [(-4920.0, 2850.0), (-17920.0, 5613.235301710288), (-17920.0, 14313.235301710287), (-17170.0, 14313.235301710287), (-17170.0, 6513.235301710288), (-17020.0, 6363.235301710288), (-4920.0, 3600.0)]
2023-04-28 21:43:12,472 - __main__ - 127 - DEBUG - [(4920.0, 2850.0), (17920.0, 5613.235301710288), (17920.0, 14313.235301710287), (17170.0, 14313.235301710287), (17170.0, 6513.235301710288), (17020.0, 6363.235301710288), (4920.0, 3600.0)]
2023-04-28 21:43:12,475 - __main__ - 253 - DEBUG - Extreme Point of Barrel =3350.0 mm
2023-04-28 21:43:12,478 - __main__ - 254 - DEBUG - [(4920.0, 2850.0)]
2023-04-28 21:43:12,480 - __main__ - 255 - DEBUG - tx=0 mm ty=750.0 mm for point B
2023-04-28 21:43:12,482 - __main__ - 256 - DEBUG - Wal1 kepoints=[(4920.0, 2850.0), (17920.0, 5613.235301710288), (17920.0, 14313.235301710287), (17170.0, 14313.235301710287), (17170.0, 6513.235301710288), (17020.0, 6363.235301710288), (4920.0, 3600.0)]
2023-04-28 21:43:12,487 - __main__ - 429 - DEBUG - 




2023-04-28 21:43:12,489 - __main__ - 430 - DEBUG - Drawing Extended Part of Pier................
2023-04-28 21:43:12,491 - __main__ - 127 - DEBUG - [(2750.0, 2850.0)]
2023-04-28 21:43:12,493 - __main__ - 127 - DEBUG - [(3465.0, 2850.0)]
2023-04-28 21:43:12,494 - __main__ - 127 - DEBUG - [(3465.0, 2950.0)]
2023-04-28 21:43:12,496 - __main__ - 127 - DEBUG - [(3615.0, 2950.0)]
2023-04-28 21:43:12,498 - __main__ - 127 - DEBUG - [(3615.0, 2850.0)]
2023-04-28 21:43:12,499 - __main__ - 127 - DEBUG - [(4140.0, 2850.0)]
2023-04-28 21:43:12,501 - __main__ - 127 - DEBUG - [(4140.0, 2950.0)]
2023-04-28 21:43:12,504 - __main__ - 127 - DEBUG - [(4290.0, 2950.0)]
2023-04-28 21:43:12,507 - __main__ - 127 - DEBUG - [(4290.0, 2850.0)]
2023-04-28 21:43:12,508 - __main__ - 127 - DEBUG - [(4900.0, 2850.0)]
2023-04-28 21:43:12,510 - __main__ - 127 - DEBUG - [(4900.0, 3350.0)]
2023-04-28 21:43:12,515 - __main__ - 127 - DEBUG - [(2750.0, 2850.0), (3465.0, 2850.0), (3465.0, 2950.0), (3615.0, 2950.0), (3615.0, 2850.0), (4140.0, 2850.0), (4140.0, 2950.0), (4290.0, 2950.0), (4290.0, 2850.0), (4900.0, 2850.0), (4900.0, 3350.0), (2750.0, 3350.0)]
2023-04-28 21:43:12,519 - __main__ - 127 - DEBUG - [(-2750.0, 2850.0), (-3465.0, 2850.0), (-3465.0, 2950.0), (-3615.0, 2950.0), (-3615.0, 2850.0), (-4140.0, 2850.0), (-4140.0, 2950.0), (-4290.0, 2950.0), (-4290.0, 2850.0), (-4900.0, 2850.0), (-4900.0, 3350.0), (-2750.0, 3350.0)]
2023-04-28 21:43:12,526 - __main__ - 127 - DEBUG - [(-2750.0, -2850.0), (-3465.0, -2850.0), (-3465.0, -2950.0), (-3615.0, -2950.0), (-3615.0, -2850.0), (-4140.0, -2850.0), (-4140.0, -2950.0), (-4290.0, -2950.0), (-4290.0, -2850.0), (-4900.0, -2850.0), (-4900.0, -3350.0), (-2750.0, -3350.0)]
2023-04-28 21:43:12,529 - __main__ - 573 - DEBUG - drawing extender pier no=1
2023-04-28 21:43:12,531 - __main__ - 127 - DEBUG - [(2750.0, 1350.0)]
2023-04-28 21:43:12,532 - __main__ - 127 - DEBUG - [(2575.0, 1225.0)]
2023-04-28 21:43:12,534 - __main__ - 127 - DEBUG - [(2700.0, 1350.0)]
2023-04-28 21:43:12,536 - __main__ - 127 - DEBUG - [(2750.0, 1350.0)]
2023-04-28 21:43:12,537 - __main__ - 127 - DEBUG - [(3465.0, 1350.0)]
2023-04-28 21:43:12,541 - __main__ - 127 - DEBUG - [(3465.0, 1250.0)]
2023-04-28 21:43:12,542 - __main__ - 127 - DEBUG - [(3615.0, 1250.0)]
2023-04-28 21:43:12,544 - __main__ - 127 - DEBUG - [(3615.0, 1350.0)]
2023-04-28 21:43:12,545 - __main__ - 127 - DEBUG - [(4140.0, 1350.0)]
2023-04-28 21:43:12,547 - __main__ - 127 - DEBUG - [(4140.0, 1250.0)]
2023-04-28 21:43:12,548 - __main__ - 127 - DEBUG - [(4290.0, 1250.0)]
2023-04-28 21:43:12,550 - __main__ - 127 - DEBUG - [(4290.0, 1350.0)]
2023-04-28 21:43:12,551 - __main__ - 127 - DEBUG - [(4600.0, 1350.0)]
2023-04-28 21:43:12,553 - __main__ - 127 - DEBUG - [(4600.0, 750.0)]
2023-04-28 21:43:12,555 - __main__ - 127 - DEBUG - [(4290.0, 750.0)]
2023-04-28 21:43:12,557 - __main__ - 127 - DEBUG - [(4290.0, 850.0)]
2023-04-28 21:43:12,559 - __main__ - 127 - DEBUG - [(4140.0, 850.0)]
2023-04-28 21:43:12,560 - __main__ - 127 - DEBUG - [(4140.0, 750.0)]
2023-04-28 21:43:12,562 - __main__ - 127 - DEBUG - [(3615.0, 750.0)]
2023-04-28 21:43:12,564 - __main__ - 127 - DEBUG - [(3615.0, 850.0)]
2023-04-28 21:43:12,566 - __main__ - 127 - DEBUG - [(3465.0, 850.0)]
2023-04-28 21:43:12,568 - __main__ - 127 - DEBUG - [(3465.0, 750.0)]
2023-04-28 21:43:12,569 - __main__ - 127 - DEBUG - [(2750.0, 750.0)]
2023-04-28 21:43:12,590 - __main__ - 127 - DEBUG - [(2700.0, 750.0)]
2023-04-28 21:43:12,595 - __main__ - 127 - DEBUG - [(2575.0, 1225.0), (2700.0, 1350.0), (2750.0, 1350.0), (3465.0, 1350.0), (3465.0, 1250.0), (3615.0, 1250.0), (3615.0, 1350.0), (4140.0, 1350.0), (4140.0, 1250.0), (4290.0, 1250.0), (4290.0, 1350.0), (4600.0, 1350.0), (4600.0, 750.0), (4290.0, 750.0), (4290.0, 850.0), (4140.0, 850.0), (4140.0, 750.0), (3615.0, 750.0), (3615.0, 850.0), (3465.0, 850.0), (3465.0, 750.0), (2750.0, 750.0), (2700.0, 750.0), (2575.0, 875.0)]
2023-04-28 21:43:12,600 - __main__ - 817 - DEBUG - mid pint y=1050.0
2023-04-28 21:43:12,601 - __main__ - 127 - DEBUG - [(2750.0, 1050.0)]
2023-04-28 21:43:12,603 - __main__ - 127 - DEBUG - [(2750.0, 1225.0)]
2023-04-28 21:43:12,605 - __main__ - 127 - DEBUG - [(-2750.0, 1225.0)]
2023-04-28 21:43:12,607 - __main__ - 127 - DEBUG - [(-2750.0, 875.0)]
2023-04-28 21:43:12,609 - __main__ - 573 - DEBUG - drawing extender pier no=2
2023-04-28 21:43:12,612 - __main__ - 127 - DEBUG - [(2750.0, -750.0)]
2023-04-28 21:43:12,613 - __main__ - 127 - DEBUG - [(2575.0, -875.0)]
2023-04-28 21:43:12,615 - __main__ - 127 - DEBUG - [(2700.0, -750.0)]
2023-04-28 21:43:12,616 - __main__ - 127 - DEBUG - [(2750.0, -750.0)]
2023-04-28 21:43:12,618 - __main__ - 127 - DEBUG - [(3465.0, -750.0)]
2023-04-28 21:43:12,620 - __main__ - 127 - DEBUG - [(3465.0, -850.0)]
2023-04-28 21:43:12,622 - __main__ - 127 - DEBUG - [(3615.0, -850.0)]
2023-04-28 21:43:12,624 - __main__ - 127 - DEBUG - [(3615.0, -750.0)]
2023-04-28 21:43:12,626 - __main__ - 127 - DEBUG - [(4140.0, -750.0)]
2023-04-28 21:43:12,628 - __main__ - 127 - DEBUG - [(4140.0, -850.0)]
2023-04-28 21:43:12,629 - __main__ - 127 - DEBUG - [(4290.0, -850.0)]
2023-04-28 21:43:12,631 - __main__ - 127 - DEBUG - [(4290.0, -750.0)]
2023-04-28 21:43:12,636 - __main__ - 127 - DEBUG - [(4600.0, -750.0)]
2023-04-28 21:43:12,639 - __main__ - 127 - DEBUG - [(4600.0, -1350.0)]
2023-04-28 21:43:12,643 - __main__ - 127 - DEBUG - [(4290.0, -1350.0)]
2023-04-28 21:43:12,644 - __main__ - 127 - DEBUG - [(4290.0, -1250.0)]
2023-04-28 21:43:12,646 - __main__ - 127 - DEBUG - [(4140.0, -1250.0)]
2023-04-28 21:43:12,648 - __main__ - 127 - DEBUG - [(4140.0, -1350.0)]
2023-04-28 21:43:12,649 - __main__ - 127 - DEBUG - [(3615.0, -1350.0)]
2023-04-28 21:43:12,651 - __main__ - 127 - DEBUG - [(3615.0, -1250.0)]
2023-04-28 21:43:12,653 - __main__ - 127 - DEBUG - [(3465.0, -1250.0)]
2023-04-28 21:43:12,654 - __main__ - 127 - DEBUG - [(3465.0, -1350.0)]
2023-04-28 21:43:12,657 - __main__ - 127 - DEBUG - [(2750.0, -1350.0)]
2023-04-28 21:43:12,658 - __main__ - 127 - DEBUG - [(2700.0, -1350.0)]
2023-04-28 21:43:12,663 - __main__ - 127 - DEBUG - [(2575.0, -875.0), (2700.0, -750.0), (2750.0, -750.0), (3465.0, -750.0), (3465.0, -850.0), (3615.0, -850.0), (3615.0, -750.0), (4140.0, -750.0), (4140.0, -850.0), (4290.0, -850.0), (4290.0, -750.0), (4600.0, -750.0), (4600.0, -1350.0), (4290.0, -1350.0), (4290.0, -1250.0), (4140.0, -1250.0), (4140.0, -1350.0), (3615.0, -1350.0), (3615.0, -1250.0), (3465.0, -1250.0), (3465.0, -1350.0), (2750.0, -1350.0), (2700.0, -1350.0), (2575.0, -1225.0)]
2023-04-28 21:43:12,669 - __main__ - 817 - DEBUG - mid pint y=-1050.0
2023-04-28 21:43:12,680 - __main__ - 127 - DEBUG - [(2750.0, -1050.0)]
2023-04-28 21:43:12,684 - __main__ - 127 - DEBUG - [(2750.0, -875.0)]
2023-04-28 21:43:12,686 - __main__ - 127 - DEBUG - [(-2750.0, -875.0)]
2023-04-28 21:43:12,689 - __main__ - 127 - DEBUG - [(-2750.0, -1225.0)]
