2023-01-31 00:34:01,365 - __main__ - 10 - DEBUG - This is a warning message
2023-01-31 00:34:01,878 - __main__ - 780 - DEBUG - 






2023-01-31 00:34:01,881 - __main__ - 781 - DEBUG - Displaying Geometric Informations.......................
2023-01-31 00:34:01,883 - __main__ - 782 - DEBUG - ################################################
2023-01-31 00:34:01,885 - __main__ - 783 - DEBUG - Total height=5.5 m
2023-01-31 00:34:01,888 - __main__ - 784 - DEBUG - Heel Length=3 m
2023-01-31 00:34:01,891 - __main__ - 785 - DEBUG - Toe Projection=1.0 m
2023-01-31 00:34:01,894 - __main__ - 786 - DEBUG - Counter Fort Spacings=3 m
2023-01-31 00:34:01,897 - __main__ - 787 - DEBUG - Counter Fort Spacings=30.25 m
2023-01-31 00:34:01,901 - __main__ - 790 - DEBUG - ################################################
2023-01-31 00:34:01,904 - __main__ - 167 - DEBUG - Printing Calcualtion of ecentricity..................
2023-01-31 00:34:01,907 - __main__ - 169 - DEBUG - P=-377.49 M=833.9838502291666 center of Reactions=-2.209287266494918
2023-01-31 00:34:01,918 - __main__ - 173 - DEBUG - P=-377.49 M=833.9838502291666 center of Reactions=-2.209287266494918 ecentricity=0.2907127335050821
2023-01-31 00:34:01,928 - __main__ - 185 - DEBUG - 




2023-01-31 00:34:01,933 - __main__ - 186 - DEBUG - Printing pressure matrix for caseB
2023-01-31 00:34:01,937 - __main__ - 187 - DEBUG -   component   area      PV          PH  Arm_V     Arm_H          M
0        C1   1.65  -38.94    0.000000  -1.15  0.000000   44.78100
1        C3   2.25  -53.10    0.000000  -2.50  0.000000  132.75000
2        S2  16.50 -285.45    0.000000  -3.50  0.000000  999.07500
3        SH   0.00    0.00  150.053496   0.00  2.283333 -342.62215
2023-01-31 00:34:01,958 - __main__ - 344 - DEBUG - 




2023-01-31 00:34:01,961 - __main__ - 345 - DEBUG - printing informations about During operation pressure calc......
2023-01-31 00:34:01,968 - __main__ - 346 - DEBUG - del_t=0.7 h=5.5 slope=0.12727272727272726
2023-01-31 00:34:01,972 - __main__ - 347 - DEBUG - t4=0.1896363636363636 t5=0.5103636363636364
2023-01-31 00:34:01,979 - __main__ - 348 - DEBUG - printing area=[1.65, 1.9249999999999998, 2.25, 9.760287272727274, 0.7808563636363637, 4.47, 0.14127909090909088, 1.7, 9.7, 0, 0, 0, 0]
2023-01-31 00:34:01,986 - __main__ - 349 - DEBUG - printing vertical loads=[-38.94, -45.43, -53.1, -168.85296981818183, -13.508815090909092, -84.48299999999999, -2.6701748181818177, -16.66, 95.06, 0, 0, 0, 0]
2023-01-31 00:34:01,989 - __main__ - 350 - DEBUG - Horizontal Pressure=[0, 0, 0, 0, 0, 0, 0, 0, 0, 39.6876186, 50.3228628, 26.832586199999998, 29.412249999999997]
2023-01-31 00:34:01,994 - __main__ - 351 - DEBUG - moment arm for vertical loads=[-1.15, -1.5333333333333332, -2.5, -3.405181818181818, -1.6402424242424243, -3.5, -1.9367878787878787, -0.5, -2.5, 0, 0, 0, 0]
2023-01-31 00:34:01,998 - __main__ - 352 - DEBUG - moment arm for horizontal pressure=[0, 0, 0, 0, 0, 0, 0, 0, 0, 2.96, 0.97, 0.6466666666666666, 0.7166666666666667]
2023-01-31 00:34:02,002 - __main__ - 353 - DEBUG - P=-328.58495972727275 M=711.1461437249974 center of Reactions=-2.164268700293685 ecentricity=0.3357312997063149
2023-01-31 00:34:02,005 - __main__ - 354 - DEBUG - data={'component': ['C1', 'C2', 'C3', 'S1', 'S2', 'S3', 'S4', 'W', 'U', 'P1', 'P2', 'P3', 'P4'], 'area': [1.65, 1.9249999999999998, 2.25, 9.760287272727274, 0.7808563636363637, 4.47, 0.14127909090909088, 1.7, 9.7, 0, 0, 0, 0], 'PV': [-38.94, -45.43, -53.1, -168.85296981818183, -13.508815090909092, -84.48299999999999, -2.6701748181818177, -16.66, 95.06, 0, 0, 0, 0], 'PH': [0, 0, 0, 0, 0, 0, 0, 0, 0, 39.6876186, 50.3228628, 26.832586199999998, 29.412249999999997], 'Arm_V': [-1.15, -1.5333333333333332, -2.5, -3.405181818181818, -1.6402424242424243, -3.5, -1.9367878787878787, -0.5, -2.5, 0, 0, 0, 0], 'Arm_H': [0, 0, 0, 0, 0, 0, 0, 0, 0, 2.96, 0.97, 0.6466666666666666, 0.7166666666666667], 'M': [44.78099999999999, 69.65933333333332, 132.75, 574.9750627708761, 22.157731613355374, 295.6905, 5.171562222099173, 8.33, -237.65, -117.475351056, -48.813176916, -17.351739075999998, -21.078779166666664]}
2023-01-31 00:34:02,007 - __main__ - 355 - DEBUG - lengths=[13, 13, 13, 13, 13, 13, 13]
2023-01-31 00:34:02,011 - __main__ - 356 - DEBUG - px2=14.259
2023-01-31 00:34:02,014 - __main__ - 357 - DEBUG - B=5.0
2023-01-31 00:34:02,016 - __main__ - 358 - DEBUG - 




2023-01-31 00:34:02,025 - __main__ - 202 - DEBUG - 




2023-01-31 00:34:02,028 - __main__ - 203 - DEBUG - active_moment=1176.606 reactive_moment=342.62214977083335
2023-01-31 00:34:02,032 - __main__ - 204 - DEBUG - Printing Stability Check Matrix
2023-01-31 00:34:02,036 - __main__ - 205 - DEBUG - Empty DataFrame
Columns: [Property, Forcing Type, Action(A), Reaction(R), R/A, Cutoff_Value, Stability]
Index: []
2023-01-31 00:34:02,045 - __main__ - 606 - DEBUG - 




2023-01-31 00:34:02,047 - __main__ - 607 - DEBUG - printing informations Stem Pressure During Construction......
2023-01-31 00:34:02,049 - __main__ - 608 - DEBUG - P1=39.6876186 P2=38.6500338 P3=15.82820295 P=94.16585535
2023-01-31 00:34:02,051 - __main__ - 609 - DEBUG - M1=99.61592268599999 M2=28.794275181000003 M3=7.8613407985 M=136.2715386655
2023-01-31 00:34:02,053 - __main__ - 610 - DEBUG - 




2023-01-31 00:34:02,056 - __main__ - 614 - DEBUG - 




2023-01-31 00:34:02,058 - __main__ - 615 - DEBUG - printing informations Toe Design Moment..........
2023-01-31 00:34:02,062 - __main__ - 646 - DEBUG - After Construction.......................
2023-01-31 00:34:02,066 - __main__ - 647 - DEBUG - P1=101.64 P2=91.18 L=1.0
2023-01-31 00:34:02,071 - __main__ - 648 - DEBUG - V1=96.41 V2=10.620000000000001 V=85.78999999999999
2023-01-31 00:34:02,073 - __main__ - 649 - DEBUG - M1=49.07666666666667 M2=5.3100000000000005 M=43.766666666666666
2023-01-31 00:34:02,077 - __main__ - 668 - DEBUG - During Operations.......................
2023-01-31 00:34:02,079 - __main__ - 669 - DEBUG - P1=92.19 P2=81.6 L=1.0
2023-01-31 00:34:02,081 - __main__ - 670 - DEBUG - V1=86.895 V2=19.012 V3=10.620000000000001 V=95.28699999999999
2023-01-31 00:34:02,083 - __main__ - 671 - DEBUG - M1=44.33 M2=9.506 M3=5.3100000000000005 M=48.525999999999996
2023-01-31 00:34:02,085 - __main__ - 672 - DEBUG - 




2023-01-31 00:34:02,087 - __main__ - 684 - DEBUG - 




2023-01-31 00:34:02,089 - __main__ - 685 - DEBUG - printing informations Heel Design Moment..........
2023-01-31 00:34:02,091 - __main__ - 721 - DEBUG - After Construction.......................
2023-01-31 00:34:02,093 - __main__ - 722 - DEBUG - P1=49.36 P2=80.73 L=3.0
2023-01-31 00:34:02,095 - __main__ - 723 - DEBUG - V1=195.135 V2=31.860000000000003 V3=285.45 V=-122.17500000000001
2023-01-31 00:34:02,096 - __main__ - 724 - DEBUG - M1=269.17499999999995 M2=47.790000000000006 M3=428.17499999999995 M=-206.79000000000002
2023-01-31 00:34:02,098 - __main__ - 746 - DEBUG - During Operations.......................
2023-01-31 00:34:02,100 - __main__ - 747 - DEBUG - P1=39.24 P2=71.01 L=-3.0
2023-01-31 00:34:02,101 - __main__ - 748 - DEBUG - V1=-165.375 V2=-57.036 V3=-31.860000000000003 V4=-243.29700000000003 V=-68.37599999999998
2023-01-31 00:34:02,103 - __main__ - 749 - DEBUG - M1=224.23499999999999 M2=85.554 M3=47.790000000000006 M4=364.94550000000004 M=-102.94650000000007
2023-01-31 00:34:02,104 - __main__ - 750 - DEBUG - 




2023-01-31 00:34:02,108 - __main__ - 801 - DEBUG - 






2023-01-31 00:34:02,112 - __main__ - 802 - DEBUG - ################################################
2023-01-31 00:34:02,114 - __main__ - 803 - DEBUG - ################################################
2023-01-31 00:34:02,116 - __main__ - 804 - DEBUG - Printing Design Result..................
2023-01-31 00:34:02,118 - __main__ - 805 - DEBUG - Printing Basic Info....................
2023-01-31 00:34:02,120 - __main__ - 806 - DEBUG - H=5.5 gmma_s_m=17.3 ca=0.49
2023-01-31 00:34:02,121 - __main__ - 807 - DEBUG - Ttop=0.3 Tbot=1.0 Tfoot=0.45
2023-01-31 00:34:02,124 - __main__ - 808 - DEBUG - Lheel=3 Ltoe=1.0
2023-01-31 00:34:02,134 - __main__ - 809 - DEBUG - X1=3 X2=3.7 X3=4.0 X4=5.0
2023-01-31 00:34:02,136 - __main__ - 810 - DEBUG - 



2023-01-31 00:34:02,138 - __main__ - 811 - DEBUG - printing earth pressure calcualtion Case B.................
2023-01-31 00:34:02,139 - __main__ - 812 - DEBUG -   component   area      PV          PH  Arm_V     Arm_H          M
0        C1   1.65  -38.94    0.000000  -1.15  0.000000   44.78100
1        C3   2.25  -53.10    0.000000  -2.50  0.000000  132.75000
2        S2  16.50 -285.45    0.000000  -3.50  0.000000  999.07500
3        SH   0.00    0.00  150.053496   0.00  2.283333 -342.62215
2023-01-31 00:34:02,184 - __main__ - 813 - DEBUG - 



2023-01-31 00:34:02,186 - __main__ - 815 - DEBUG - Printing Reaction and ecectricity Case B.........
2023-01-31 00:34:02,188 - __main__ - 816 - DEBUG - Ecentrictiy(+) if P is left to cente..........
2023-01-31 00:34:02,191 - __main__ - 817 - DEBUG - P=-377.49 e=0.2907127335050821
2023-01-31 00:34:02,193 - __main__ - 818 - DEBUG -    dist       P  A_list   P/A      I    c      S    P*e    M/S       R
0   0.0  377.49     5.0  75.5  10.42 -2.5  -4.17  109.0 -26.14   49.36
1   3.0  377.49     5.0  75.5  10.42  0.5  20.84  109.0   5.23   80.73
2   3.7  377.49     5.0  75.5  10.42  1.2   8.68  109.0  12.56   88.06
3   4.0  377.49     5.0  75.5  10.42  1.5   6.95  109.0  15.68   91.18
4   5.0  377.49     5.0  75.5  10.42  2.5   4.17  109.0  26.14  101.64
2023-01-31 00:34:02,222 - __main__ - 819 - DEBUG - 




2023-01-31 00:34:02,228 - __main__ - 821 - DEBUG - printing earth pressure calcualtion Case C.................
2023-01-31 00:34:02,235 - __main__ - 822 - DEBUG -    component      area          PV         PH     Arm_V     Arm_H           M
0         C1  1.650000  -38.940000   0.000000 -1.150000  0.000000   44.781000
1         C2  1.925000  -45.430000   0.000000 -1.533333  0.000000   69.659333
2         C3  2.250000  -53.100000   0.000000 -2.500000  0.000000  132.750000
3         S1  9.760287 -168.852970   0.000000 -3.405182  0.000000  574.975063
4         S2  0.780856  -13.508815   0.000000 -1.640242  0.000000   22.157732
5         S3  4.470000  -84.483000   0.000000 -3.500000  0.000000  295.690500
6         S4  0.141279   -2.670175   0.000000 -1.936788  0.000000    5.171562
7          W  1.700000  -16.660000   0.000000 -0.500000  0.000000    8.330000
8          U  9.700000   95.060000   0.000000 -2.500000  0.000000 -237.650000
9         P1  0.000000    0.000000  39.687619  0.000000  2.960000 -117.475351
10        P2  0.000000    0.000000  50.322863  0.000000  0.970000  -48.813177
11        P3  0.000000    0.000000  26.832586  0.000000  0.646667  -17.351739
12        P4  0.000000    0.000000  29.412250  0.000000  0.716667  -21.078779
2023-01-31 00:34:02,252 - __main__ - 823 - DEBUG - 



2023-01-31 00:34:02,255 - __main__ - 825 - DEBUG - Printing Reaction and ecectricity Case C.........
2023-01-31 00:34:02,259 - __main__ - 826 - DEBUG - Ecentrictiy(+) if P is left to cente..........
2023-01-31 00:34:02,261 - __main__ - 827 - DEBUG - P=-328.58495972727275 e=0.3357312997063149
2023-01-31 00:34:02,264 - __main__ - 828 - DEBUG -    dist       P  A_list    P/A      I    c      S     P*e    M/S      R
0   0.0  328.58     5.0  65.72  10.42 -2.5  -4.17  110.32 -26.48  39.24
1   3.0  328.58     5.0  65.72  10.42  0.5  20.83  110.32   5.30  71.01
2   3.7  328.58     5.0  65.72  10.42  1.2   8.68  110.32  12.71  78.43
3   4.0  328.58     5.0  65.72  10.42  1.5   6.94  110.32  15.89  81.60
4   5.0  328.58     5.0  65.72  10.42  2.5   4.17  110.32  26.48  92.19
2023-01-31 00:34:02,295 - __main__ - 829 - DEBUG - ################################################
2023-01-31 00:34:02,298 - __main__ - 830 - DEBUG - ################################################
2023-01-31 00:34:02,302 - __main__ - 831 - DEBUG - printing stem design forces.........
2023-01-31 00:34:02,305 - __main__ - 832 - DEBUG -      Case                Desc           V           M
0  Case B  After Construction  128.214625  235.060146
1  Case C    During Operation   94.165855  136.271539
2023-01-31 00:34:02,320 - __main__ - 833 - DEBUG - ################################################
2023-01-31 00:34:02,323 - __main__ - 834 - DEBUG - ################################################
2023-01-31 00:34:02,327 - __main__ - 835 - DEBUG - Printing Toe Design Forces.........
2023-01-31 00:34:02,330 - __main__ - 836 - DEBUG -      Case                Desc       V          M
0  Case B  After Construction  85.790  43.766667
1  Case C    During Operation  95.287  48.526000
2023-01-31 00:34:02,340 - __main__ - 837 - DEBUG - ################################################
2023-01-31 00:34:02,343 - __main__ - 838 - DEBUG - ################################################
2023-01-31 00:34:02,347 - __main__ - 839 - DEBUG -      Case                Desc        V         M
0  Case B  After Construction -122.175 -206.7900
1  Case C    During Operation  -68.376 -102.9465
