2023-03-09 14:39:27,673 - __main__ - 10 - DEBUG - This is a warning message
2023-03-09 14:39:29,594 - __main__ - 250 - DEBUG - constrained modulus=0.0006753246753246753
2023-03-09 14:39:29,594 - __main__ - 251 - DEBUG - natural ground settlement=109.4025974025974 mm
2023-03-09 14:39:29,594 - __main__ - 252 - DEBUG - stress concentration ration n=4.999901818181819
2023-03-09 14:39:29,603 - __main__ - 253 - DEBUG - settlement of composite ground=81.15971116772543 mm
2023-03-09 14:39:29,605 - __main__ - 254 - DEBUG - porosity of grannular column in percent=40.72563899271341%
2023-03-09 14:39:29,607 - __main__ - 255 - DEBUG - permeability coefficient of grannular column=3.688654072114159e-07
2023-03-09 14:39:29,612 - __main__ - 256 - DEBUG - modified coefficient of consolidation in vertical direction=1.7509605583000077e-07
2023-03-09 14:39:29,622 - __main__ - 257 - DEBUG - modified coefficient of consolidation in radial direction=5.237787187328471e-07
2023-03-09 14:39:29,625 - __main__ - 258 - DEBUG - Nd=3.375
2023-03-09 14:39:29,627 - __main__ - 259 - DEBUG - Cvm=2.58519154019899e-07
2023-03-09 14:39:29,630 - __main__ - 260 - DEBUG - Crm=7.733288486629736e-07
2023-03-09 14:39:29,635 - __main__ - 261 - DEBUG - 




2023-03-09 14:39:29,641 - __main__ - 262 - DEBUG - printing settlement calcualtion matix for composite ground
2023-03-09 14:39:29,645 - __main__ - 263 - DEBUG - #######################################################################
2023-03-09 14:39:29,756 - __main__ - 264 - DEBUG - |     |   t(days) |   t(seconds) |       Tvm |       Trm |      Uvm |      Urm |      Uvr |   s(meter) |   s(mm) |
|----:|----------:|-------------:|----------:|----------:|---------:|---------:|---------:|-----------:|--------:|
|   0 |        30 |           30 | 0.0268033 |  0.274961 | 0.184735 | 0.706005 | 0.760316 |  0.0617071 | 61.7071 |
|   1 |        40 |           40 | 0.0357377 |  0.366615 | 0.213313 | 0.804512 | 0.846213 |  0.0686784 | 68.6784 |
|   2 |        50 |           50 | 0.0446721 |  0.458269 | 0.238492 | 0.870013 | 0.901014 |  0.073126  | 73.126  |
|   3 |        60 |           60 | 0.0536065 |  0.549923 | 0.261255 | 0.913567 | 0.936148 |  0.0759775 | 75.9775 |
|   4 |        70 |           70 | 0.062541  |  0.641577 | 0.282187 | 0.942528 | 0.958746 |  0.0778115 | 77.8115 |
|   5 |        80 |           80 | 0.0714754 |  0.73323  | 0.301671 | 0.961785 | 0.973313 |  0.0789938 | 78.9938 |
|   6 |        90 |           90 | 0.0804098 |  0.824884 | 0.31997  | 0.974589 | 0.98272  |  0.0797573 | 79.7573 |
|   7 |       100 |          100 | 0.0893442 |  0.916538 | 0.337278 | 0.983103 | 0.988802 |  0.0802509 | 80.2509 |
|   8 |       110 |          110 | 0.0982786 |  1.00819  | 0.35374  | 0.988765 | 0.992739 |  0.0805704 | 80.5704 |
|   9 |       120 |          120 | 0.107213  |  1.09985  | 0.36947  | 0.992529 | 0.99529  |  0.0807774 | 80.7774 |
|  10 |       130 |          130 | 0.116147  |  1.1915   | 0.384556 | 0.995033 | 0.996943 |  0.0809116 | 80.9116 |
|  11 |       140 |          140 | 0.125082  |  1.28315  | 0.399073 | 0.996697 | 0.998015 |  0.0809986 | 80.9986 |
|  12 |       150 |          150 | 0.134016  |  1.37481  | 0.41308  | 0.997804 | 0.998711 |  0.0810551 | 81.0551 |
|  13 |       160 |          160 | 0.142951  |  1.46646  | 0.426627 | 0.99854  | 0.999163 |  0.0810918 | 81.0918 |
|  14 |       170 |          170 | 0.151885  |  1.55811  | 0.439757 | 0.999029 | 0.999456 |  0.0811156 | 81.1156 |
|  15 |       180 |          180 | 0.16082   |  1.64977  | 0.452506 | 0.999354 | 0.999646 |  0.081131  | 81.131  |
|  16 |       190 |          190 | 0.169754  |  1.74142  | 0.464906 | 0.999571 | 0.99977  |  0.0811411 | 81.1411 |
|  17 |       200 |          200 | 0.178688  |  1.83308  | 0.476983 | 0.999715 | 0.999851 |  0.0811476 | 81.1476 |
|  18 |       210 |          210 | 0.187623  |  1.92473  | 0.488763 | 0.99981  | 0.999903 |  0.0811518 | 81.1518 |
|  19 |       220 |          220 | 0.196557  |  2.01638  | 0.500264 | 0.999874 | 0.999937 |  0.0811546 | 81.1546 |
|  20 |       230 |          230 | 0.205492  |  2.10804  | 0.511508 | 0.999916 | 0.999959 |  0.0811564 | 81.1564 |
|  21 |       240 |          240 | 0.214426  |  2.19969  | 0.522509 | 0.999944 | 0.999973 |  0.0811575 | 81.1575 |
|  22 |       250 |          250 | 0.223361  |  2.29134  | 0.533284 | 0.999963 | 0.999983 |  0.0811583 | 81.1583 |
|  23 |       260 |          260 | 0.232295  |  2.383    | 0.543845 | 0.999975 | 0.999989 |  0.0811588 | 81.1588 |
|  24 |       270 |          270 | 0.241229  |  2.47465  | 0.554205 | 0.999984 | 0.999993 |  0.0811591 | 81.1591 |
|  25 |       280 |          280 | 0.250164  |  2.56631  | 0.564374 | 0.999989 | 0.999995 |  0.0811593 | 81.1593 |
|  26 |       290 |          290 | 0.259098  |  2.65796  | 0.574364 | 0.999993 | 0.999997 |  0.0811595 | 81.1595 |
|  27 |       300 |          300 | 0.268033  |  2.74961  | 0.584183 | 0.999995 | 0.999998 |  0.0811595 | 81.1595 |
|  28 |       310 |          310 | 0.276967  |  2.84127  | 0.59384  | 0.999997 | 0.999999 |  0.0811596 | 81.1596 |
|  29 |       320 |          320 | 0.285902  |  2.93292  | 0.603342 | 0.999998 | 0.999999 |  0.0811596 | 81.1596 |
|  30 |       330 |          330 | 0.294836  |  3.02458  | 0.612696 | 0.999999 | 0.999999 |  0.0811597 | 81.1597 |
|  31 |       340 |          340 | 0.30377   |  3.11623  | 0.62191  | 0.999999 | 1        |  0.0811597 | 81.1597 |
|  32 |       350 |          350 | 0.312705  |  3.20788  | 0.63099  | 0.999999 | 1        |  0.0811597 | 81.1597 |
|  33 |       360 |          360 | 0.321639  |  3.29954  | 0.63994  | 1        | 1        |  0.0811597 | 81.1597 |
|  34 |       370 |          370 | 0.330574  |  3.39119  | 0.648768 | 1        | 1        |  0.0811597 | 81.1597 |
|  35 |       380 |          380 | 0.339508  |  3.48284  | 0.657476 | 1        | 1        |  0.0811597 | 81.1597 |
|  36 |       390 |          390 | 0.348442  |  3.5745   | 0.666071 | 1        | 1        |  0.0811597 | 81.1597 |
|  37 |       400 |          400 | 0.357377  |  3.66615  | 0.674556 | 1        | 1        |  0.0811597 | 81.1597 |
|  38 |       410 |          410 | 0.366311  |  3.75781  | 0.682936 | 1        | 1        |  0.0811597 | 81.1597 |
|  39 |       420 |          420 | 0.375246  |  3.84946  | 0.691215 | 1        | 1        |  0.0811597 | 81.1597 |
|  40 |       430 |          430 | 0.38418   |  3.94111  | 0.699395 | 1        | 1        |  0.0811597 | 81.1597 |
|  41 |       440 |          440 | 0.393115  |  4.03277  | 0.707481 | 1        | 1        |  0.0811597 | 81.1597 |
|  42 |       450 |          450 | 0.402049  |  4.12442  | 0.715475 | 1        | 1        |  0.0811597 | 81.1597 |
|  43 |       460 |          460 | 0.410983  |  4.21607  | 0.723381 | 1        | 1        |  0.0811597 | 81.1597 |
|  44 |       470 |          470 | 0.419918  |  4.30773  | 0.731202 | 1        | 1        |  0.0811597 | 81.1597 |
|  45 |       480 |          480 | 0.428852  |  4.39938  | 0.73894  | 1        | 1        |  0.0811597 | 81.1597 |
|  46 |       490 |          490 | 0.437787  |  4.49104  | 0.746597 | 1        | 1        |  0.0811597 | 81.1597 |
|  47 |       500 |          500 | 0.446721  |  4.58269  | 0.754177 | 1        | 1        |  0.0811597 | 81.1597 |
|  48 |       510 |          510 | 0.455656  |  4.67434  | 0.761681 | 1        | 1        |  0.0811597 | 81.1597 |
|  49 |       520 |          520 | 0.46459   |  4.766    | 0.769113 | 1        | 1        |  0.0811597 | 81.1597 |
|  50 |       530 |          530 | 0.473524  |  4.85765  | 0.776473 | 1        | 1        |  0.0811597 | 81.1597 |
|  51 |       540 |          540 | 0.482459  |  4.9493   | 0.783764 | 1        | 1        |  0.0811597 | 81.1597 |
|  52 |       550 |          550 | 0.491393  |  5.04096  | 0.790988 | 1        | 1        |  0.0811597 | 81.1597 |
|  53 |       560 |          560 | 0.500328  |  5.13261  | 0.798146 | 1        | 1        |  0.0811597 | 81.1597 |
|  54 |       570 |          570 | 0.509262  |  5.22427  | 0.805241 | 1        | 1        |  0.0811597 | 81.1597 |
|  55 |       580 |          580 | 0.518196  |  5.31592  | 0.812274 | 1        | 1        |  0.0811597 | 81.1597 |
|  56 |       590 |          590 | 0.527131  |  5.40757  | 0.819246 | 1        | 1        |  0.0811597 | 81.1597 |
|  57 |       600 |          600 | 0.536065  |  5.49923  | 0.82616  | 1        | 1        |  0.0811597 | 81.1597 |
|  58 |       610 |          610 | 0.545     |  5.59088  | 0.833016 | 1        | 1        |  0.0811597 | 81.1597 |
|  59 |       620 |          620 | 0.553934  |  5.68253  | 0.839816 | 1        | 1        |  0.0811597 | 81.1597 |
|  60 |       630 |          630 | 0.562869  |  5.77419  | 0.846562 | 1        | 1        |  0.0811597 | 81.1597 |
|  61 |       640 |          640 | 0.571803  |  5.86584  | 0.853254 | 1        | 1        |  0.0811597 | 81.1597 |
|  62 |       650 |          650 | 0.580737  |  5.9575   | 0.859894 | 1        | 1        |  0.0811597 | 81.1597 |
|  63 |       660 |          660 | 0.589672  |  6.04915  | 0.866483 | 1        | 1        |  0.0811597 | 81.1597 |
|  64 |       670 |          670 | 0.598606  |  6.1408   | 0.873023 | 1        | 1        |  0.0811597 | 81.1597 |
|  65 |       680 |          680 | 0.607541  |  6.23246  | 0.879514 | 1        | 1        |  0.0811597 | 81.1597 |
|  66 |       690 |          690 | 0.616475  |  6.32411  | 0.885957 | 1        | 1        |  0.0811597 | 81.1597 |
|  67 |       700 |          700 | 0.62541   |  6.41577  | 0.892354 | 1        | 1        |  0.0811597 | 81.1597 |
|  68 |       710 |          710 | 0.634344  |  6.50742  | 0.898706 | 1        | 1        |  0.0811597 | 81.1597 |
|  69 |       720 |          720 | 0.643278  |  6.59907  | 0.905012 | 1        | 1        |  0.0811597 | 81.1597 |
|  70 |       730 |          730 | 0.652213  |  6.69073  | 0.911276 | 1        | 1        |  0.0811597 | 81.1597 |
|  71 |       740 |          740 | 0.661147  |  6.78238  | 0.917496 | 1        | 1        |  0.0811597 | 81.1597 |
|  72 |       750 |          750 | 0.670082  |  6.87403  | 0.923674 | 1        | 1        |  0.0811597 | 81.1597 |
|  73 |       760 |          760 | 0.679016  |  6.96569  | 0.929812 | 1        | 1        |  0.0811597 | 81.1597 |
|  74 |       770 |          770 | 0.68795   |  7.05734  | 0.935909 | 1        | 1        |  0.0811597 | 81.1597 |
|  75 |       780 |          780 | 0.696885  |  7.149    | 0.941967 | 1        | 1        |  0.0811597 | 81.1597 |
|  76 |       790 |          790 | 0.705819  |  7.24065  | 0.947986 | 1        | 1        |  0.0811597 | 81.1597 |
|  77 |       800 |          800 | 0.714754  |  7.3323   | 0.953967 | 1        | 1        |  0.0811597 | 81.1597 |
|  78 |       810 |          810 | 0.723688  |  7.42396  | 0.959911 | 1        | 1        |  0.0811597 | 81.1597 |
|  79 |       820 |          820 | 0.732623  |  7.51561  | 0.965818 | 1        | 1        |  0.0811597 | 81.1597 |
|  80 |       830 |          830 | 0.741557  |  7.60726  | 0.971689 | 1        | 1        |  0.0811597 | 81.1597 |
|  81 |       840 |          840 | 0.750491  |  7.69892  | 0.977525 | 1        | 1        |  0.0811597 | 81.1597 |
|  82 |       850 |          850 | 0.759426  |  7.79057  | 0.983327 | 1        | 1        |  0.0811597 | 81.1597 |
|  83 |       860 |          860 | 0.76836   |  7.88223  | 0.989094 | 1        | 1        |  0.0811597 | 81.1597 |
|  84 |       870 |          870 | 0.777295  |  7.97388  | 0.994828 | 1        | 1        |  0.0811597 | 81.1597 |
|  85 |       880 |          880 | 0.786229  |  8.06553  | 1.00053  | 1        | 1        |  0.0811597 | 81.1597 |
|  86 |       890 |          890 | 0.795164  |  8.15719  | 1.0062   | 1        | 1        |  0.0811597 | 81.1597 |
|  87 |       900 |          900 | 0.804098  |  8.24884  | 1.01183  | 1        | 1        |  0.0811597 | 81.1597 |
|  88 |       910 |          910 | 0.813032  |  8.34049  | 1.01744  | 1        | 1        |  0.0811597 | 81.1597 |
|  89 |       920 |          920 | 0.821967  |  8.43215  | 1.02302  | 1        | 1        |  0.0811597 | 81.1597 |
|  90 |       930 |          930 | 0.830901  |  8.5238   | 1.02856  | 1        | 1        |  0.0811597 | 81.1597 |
|  91 |       940 |          940 | 0.839836  |  8.61546  | 1.03408  | 1        | 1        |  0.0811597 | 81.1597 |
|  92 |       950 |          950 | 0.84877   |  8.70711  | 1.03956  | 1        | 1        |  0.0811597 | 81.1597 |
|  93 |       960 |          960 | 0.857705  |  8.79876  | 1.04502  | 1        | 1        |  0.0811597 | 81.1597 |
|  94 |       970 |          970 | 0.866639  |  8.89042  | 1.05045  | 1        | 1        |  0.0811597 | 81.1597 |
|  95 |       980 |          980 | 0.875573  |  8.98207  | 1.05585  | 1        | 1        |  0.0811597 | 81.1597 |
|  96 |       990 |          990 | 0.884508  |  9.07373  | 1.06122  | 1        | 1        |  0.0811597 | 81.1597 |
|  97 |      1000 |         1000 | 0.893442  |  9.16538  | 1.06657  | 1        | 1        |  0.0811597 | 81.1597 |
|  98 |      1010 |         1010 | 0.902377  |  9.25703  | 1.07189  | 1        | 1        |  0.0811597 | 81.1597 |
|  99 |      1020 |         1020 | 0.911311  |  9.34869  | 1.07718  | 1        | 1        |  0.0811597 | 81.1597 |
| 100 |      1030 |         1030 | 0.920245  |  9.44034  | 1.08245  | 1        | 1        |  0.0811597 | 81.1597 |
| 101 |      1040 |         1040 | 0.92918   |  9.53199  | 1.08769  | 1        | 1        |  0.0811597 | 81.1597 |
| 102 |      1050 |         1050 | 0.938114  |  9.62365  | 1.09291  | 1        | 1        |  0.0811597 | 81.1597 |
| 103 |      1060 |         1060 | 0.947049  |  9.7153   | 1.0981   | 1        | 1        |  0.0811597 | 81.1597 |
| 104 |      1070 |         1070 | 0.955983  |  9.80696  | 1.10327  | 1        | 1        |  0.0811597 | 81.1597 |
| 105 |      1080 |         1080 | 0.964918  |  9.89861  | 1.10841  | 1        | 1        |  0.0811597 | 81.1597 |
| 106 |      1090 |         1090 | 0.973852  |  9.99026  | 1.11353  | 1        | 1        |  0.0811597 | 81.1597 |
| 107 |      1100 |         1100 | 0.982786  | 10.0819   | 1.11863  | 1        | 1        |  0.0811597 | 81.1597 |
| 108 |      1110 |         1110 | 0.991721  | 10.1736   | 1.1237   | 1        | 1        |  0.0811597 | 81.1597 |
| 109 |      1120 |         1120 | 1.00066   | 10.2652   | 1.12875  | 1        | 1        |  0.0811597 | 81.1597 |
| 110 |      1130 |         1130 | 1.00959   | 10.3569   | 1.13378  | 1        | 1        |  0.0811597 | 81.1597 |
| 111 |      1140 |         1140 | 1.01852   | 10.4485   | 1.13878  | 1        | 1        |  0.0811597 | 81.1597 |
| 112 |      1150 |         1150 | 1.02746   | 10.5402   | 1.14377  | 1        | 1        |  0.0811597 | 81.1597 |
| 113 |      1160 |         1160 | 1.03639   | 10.6318   | 1.14873  | 1        | 1        |  0.0811597 | 81.1597 |
| 114 |      1170 |         1170 | 1.04533   | 10.7235   | 1.15367  | 1        | 1        |  0.0811597 | 81.1597 |
| 115 |      1180 |         1180 | 1.05426   | 10.8151   | 1.15859  | 1        | 1        |  0.0811597 | 81.1597 |
| 116 |      1190 |         1190 | 1.0632    | 10.9068   | 1.16349  | 1        | 1        |  0.0811597 | 81.1597 |
| 117 |      1200 |         1200 | 1.07213   | 10.9985   | 1.16837  | 1        | 1        |  0.0811597 | 81.1597 |
| 118 |      1210 |         1210 | 1.08107   | 11.0901   | 1.17322  | 1        | 1        |  0.0811597 | 81.1597 |
| 119 |      1220 |         1220 | 1.09      | 11.1818   | 1.17806  | 1        | 1        |  0.0811597 | 81.1597 |
| 120 |      1230 |         1230 | 1.09893   | 11.2734   | 1.18288  | 1        | 1        |  0.0811597 | 81.1597 |
| 121 |      1240 |         1240 | 1.10787   | 11.3651   | 1.18768  | 1        | 1        |  0.0811597 | 81.1597 |
| 122 |      1250 |         1250 | 1.1168    | 11.4567   | 1.19246  | 1        | 1        |  0.0811597 | 81.1597 |
| 123 |      1260 |         1260 | 1.12574   | 11.5484   | 1.19722  | 1        | 1        |  0.0811597 | 81.1597 |
| 124 |      1270 |         1270 | 1.13467   | 11.64     | 1.20196  | 1        | 1        |  0.0811597 | 81.1597 |
| 125 |      1280 |         1280 | 1.14361   | 11.7317   | 1.20668  | 1        | 1        |  0.0811597 | 81.1597 |
| 126 |      1290 |         1290 | 1.15254   | 11.8233   | 1.21139  | 1        | 1        |  0.0811597 | 81.1597 |
| 127 |      1300 |         1300 | 1.16147   | 11.915    | 1.21607  | 1        | 1        |  0.0811597 | 81.1597 |
| 128 |      1310 |         1310 | 1.17041   | 12.0066   | 1.22074  | 1        | 1        |  0.0811597 | 81.1597 |
| 129 |      1320 |         1320 | 1.17934   | 12.0983   | 1.22539  | 1        | 1        |  0.0811597 | 81.1597 |
| 130 |      1330 |         1330 | 1.18828   | 12.19     | 1.23003  | 1        | 1        |  0.0811597 | 81.1597 |
| 131 |      1340 |         1340 | 1.19721   | 12.2816   | 1.23464  | 1        | 1        |  0.0811597 | 81.1597 |
| 132 |      1350 |         1350 | 1.20615   | 12.3733   | 1.23924  | 1        | 1        |  0.0811597 | 81.1597 |
| 133 |      1360 |         1360 | 1.21508   | 12.4649   | 1.24382  | 1        | 1        |  0.0811597 | 81.1597 |
| 134 |      1370 |         1370 | 1.22402   | 12.5566   | 1.24839  | 1        | 1        |  0.0811597 | 81.1597 |
| 135 |      1380 |         1380 | 1.23295   | 12.6482   | 1.25293  | 1        | 1        |  0.0811597 | 81.1597 |
| 136 |      1390 |         1390 | 1.24188   | 12.7399   | 1.25746  | 1        | 1        |  0.0811597 | 81.1597 |
| 137 |      1400 |         1400 | 1.25082   | 12.8315   | 1.26198  | 1        | 1        |  0.0811597 | 81.1597 |
| 138 |      1410 |         1410 | 1.25975   | 12.9232   | 1.26648  | 1        | 1        |  0.0811597 | 81.1597 |
| 139 |      1420 |         1420 | 1.26869   | 13.0148   | 1.27096  | 1        | 1        |  0.0811597 | 81.1597 |
| 140 |      1430 |         1430 | 1.27762   | 13.1065   | 1.27543  | 1        | 1        |  0.0811597 | 81.1597 |
| 141 |      1440 |         1440 | 1.28656   | 13.1981   | 1.27988  | 1        | 1        |  0.0811597 | 81.1597 |
| 142 |      1450 |         1450 | 1.29549   | 13.2898   | 1.28432  | 1        | 1        |  0.0811597 | 81.1597 |
| 143 |      1460 |         1460 | 1.30443   | 13.3815   | 1.28874  | 1        | 1        |  0.0811597 | 81.1597 |
| 144 |      1470 |         1470 | 1.31336   | 13.4731   | 1.29314  | 1        | 1        |  0.0811597 | 81.1597 |
| 145 |      1480 |         1480 | 1.32229   | 13.5648   | 1.29754  | 1        | 1        |  0.0811597 | 81.1597 |
| 146 |      1490 |         1490 | 1.33123   | 13.6564   | 1.30191  | 1        | 1        |  0.0811597 | 81.1597 |
| 147 |      1500 |         1500 | 1.34016   | 13.7481   | 1.30627  | 1        | 1        |  0.0811597 | 81.1597 |
| 148 |      1510 |         1510 | 1.3491    | 13.8397   | 1.31062  | 1        | 1        |  0.0811597 | 81.1597 |
| 149 |      1520 |         1520 | 1.35803   | 13.9314   | 1.31495  | 1        | 1        |  0.0811597 | 81.1597 |
| 150 |      1530 |         1530 | 1.36697   | 14.023    | 1.31927  | 1        | 1        |  0.0811597 | 81.1597 |
| 151 |      1540 |         1540 | 1.3759    | 14.1147   | 1.32358  | 1        | 1        |  0.0811597 | 81.1597 |
| 152 |      1550 |         1550 | 1.38484   | 14.2063   | 1.32787  | 1        | 1        |  0.0811597 | 81.1597 |
| 153 |      1560 |         1560 | 1.39377   | 14.298    | 1.33214  | 1        | 1        |  0.0811597 | 81.1597 |
| 154 |      1570 |         1570 | 1.4027    | 14.3896   | 1.33641  | 1        | 1        |  0.0811597 | 81.1597 |
| 155 |      1580 |         1580 | 1.41164   | 14.4813   | 1.34065  | 1        | 1        |  0.0811597 | 81.1597 |
| 156 |      1590 |         1590 | 1.42057   | 14.573    | 1.34489  | 1        | 1        |  0.0811597 | 81.1597 |
| 157 |      1600 |         1600 | 1.42951   | 14.6646   | 1.34911  | 1        | 1        |  0.0811597 | 81.1597 |
| 158 |      1610 |         1610 | 1.43844   | 14.7563   | 1.35332  | 1        | 1        |  0.0811597 | 81.1597 |
| 159 |      1620 |         1620 | 1.44738   | 14.8479   | 1.35752  | 1        | 1        |  0.0811597 | 81.1597 |
| 160 |      1630 |         1630 | 1.45631   | 14.9396   | 1.3617   | 1        | 1        |  0.0811597 | 81.1597 |
| 161 |      1640 |         1640 | 1.46525   | 15.0312   | 1.36587  | 1        | 1        |  0.0811597 | 81.1597 |
| 162 |      1650 |         1650 | 1.47418   | 15.1229   | 1.37003  | 1        | 1        |  0.0811597 | 81.1597 |
| 163 |      1660 |         1660 | 1.48311   | 15.2145   | 1.37418  | 1        | 1        |  0.0811597 | 81.1597 |
| 164 |      1670 |         1670 | 1.49205   | 15.3062   | 1.37831  | 1        | 1        |  0.0811597 | 81.1597 |
| 165 |      1680 |         1680 | 1.50098   | 15.3978   | 1.38243  | 1        | 1        |  0.0811597 | 81.1597 |
| 166 |      1690 |         1690 | 1.50992   | 15.4895   | 1.38654  | 1        | 1        |  0.0811597 | 81.1597 |
| 167 |      1700 |         1700 | 1.51885   | 15.5811   | 1.39063  | 1        | 1        |  0.0811597 | 81.1597 |
| 168 |      1710 |         1710 | 1.52779   | 15.6728   | 1.39472  | 1        | 1        |  0.0811597 | 81.1597 |
| 169 |      1720 |         1720 | 1.53672   | 15.7645   | 1.39879  | 1        | 1        |  0.0811597 | 81.1597 |
| 170 |      1730 |         1730 | 1.54565   | 15.8561   | 1.40285  | 1        | 1        |  0.0811597 | 81.1597 |
| 171 |      1740 |         1740 | 1.55459   | 15.9478   | 1.4069   | 1        | 1        |  0.0811597 | 81.1597 |
| 172 |      1750 |         1750 | 1.56352   | 16.0394   | 1.41094  | 1        | 1        |  0.0811597 | 81.1597 |
| 173 |      1760 |         1760 | 1.57246   | 16.1311   | 1.41496  | 1        | 1        |  0.0811597 | 81.1597 |
| 174 |      1770 |         1770 | 1.58139   | 16.2227   | 1.41898  | 1        | 1        |  0.0811597 | 81.1597 |
| 175 |      1780 |         1780 | 1.59033   | 16.3144   | 1.42298  | 1        | 1        |  0.0811597 | 81.1597 |
| 176 |      1790 |         1790 | 1.59926   | 16.406    | 1.42697  | 1        | 1        |  0.0811597 | 81.1597 |
| 177 |      1800 |         1800 | 1.6082    | 16.4977   | 1.43095  | 1        | 1        |  0.0811597 | 81.1597 |
| 178 |      1810 |         1810 | 1.61713   | 16.5893   | 1.43492  | 1        | 1        |  0.0811597 | 81.1597 |
| 179 |      1820 |         1820 | 1.62606   | 16.681    | 1.43888  | 1        | 1        |  0.0811597 | 81.1597 |
| 180 |      1830 |         1830 | 1.635     | 16.7726   | 1.44283  | 1        | 1        |  0.0811597 | 81.1597 |
| 181 |      1840 |         1840 | 1.64393   | 16.8643   | 1.44676  | 1        | 1        |  0.0811597 | 81.1597 |
| 182 |      1850 |         1850 | 1.65287   | 16.956    | 1.45069  | 1        | 1        |  0.0811597 | 81.1597 |
| 183 |      1860 |         1860 | 1.6618    | 17.0476   | 1.4546   | 1        | 1        |  0.0811597 | 81.1597 |
| 184 |      1870 |         1870 | 1.67074   | 17.1393   | 1.45851  | 1        | 1        |  0.0811597 | 81.1597 |
| 185 |      1880 |         1880 | 1.67967   | 17.2309   | 1.4624   | 1        | 1        |  0.0811597 | 81.1597 |
| 186 |      1890 |         1890 | 1.68861   | 17.3226   | 1.46629  | 1        | 1        |  0.0811597 | 81.1597 |
| 187 |      1900 |         1900 | 1.69754   | 17.4142   | 1.47016  | 1        | 1        |  0.0811597 | 81.1597 |
| 188 |      1910 |         1910 | 1.70647   | 17.5059   | 1.47403  | 1        | 1        |  0.0811597 | 81.1597 |
| 189 |      1920 |         1920 | 1.71541   | 17.5975   | 1.47788  | 1        | 1        |  0.0811597 | 81.1597 |
| 190 |      1930 |         1930 | 1.72434   | 17.6892   | 1.48172  | 1        | 1        |  0.0811597 | 81.1597 |
| 191 |      1940 |         1940 | 1.73328   | 17.7808   | 1.48556  | 1        | 1        |  0.0811597 | 81.1597 |
| 192 |      1950 |         1950 | 1.74221   | 17.8725   | 1.48938  | 1        | 1        |  0.0811597 | 81.1597 |
| 193 |      1960 |         1960 | 1.75115   | 17.9641   | 1.49319  | 1        | 1        |  0.0811597 | 81.1597 |
| 194 |      1970 |         1970 | 1.76008   | 18.0558   | 1.497    | 1        | 1        |  0.0811597 | 81.1597 |
| 195 |      1980 |         1980 | 1.76902   | 18.1475   | 1.50079  | 1        | 1        |  0.0811597 | 81.1597 |
| 196 |      1990 |         1990 | 1.77795   | 18.2391   | 1.50458  | 1        | 1        |  0.0811597 | 81.1597 |
| 197 |      2000 |         2000 | 1.78688   | 18.3308   | 1.50835  | 1        | 1        |  0.0811597 | 81.1597 |
| 198 |      2010 |         2010 | 1.79582   | 18.4224   | 1.51212  | 1        | 1        |  0.0811597 | 81.1597 |
| 199 |      2020 |         2020 | 1.80475   | 18.5141   | 1.51588  | 1        | 1        |  0.0811597 | 81.1597 |
| 200 |      2030 |         2030 | 1.81369   | 18.6057   | 1.51962  | 1        | 1        |  0.0811597 | 81.1597 |
| 201 |      2040 |         2040 | 1.82262   | 18.6974   | 1.52336  | 1        | 1        |  0.0811597 | 81.1597 |
| 202 |      2050 |         2050 | 1.83156   | 18.789    | 1.52709  | 1        | 1        |  0.0811597 | 81.1597 |
| 203 |      2060 |         2060 | 1.84049   | 18.8807   | 1.53081  | 1        | 1        |  0.0811597 | 81.1597 |
| 204 |      2070 |         2070 | 1.84943   | 18.9723   | 1.53452  | 1        | 1        |  0.0811597 | 81.1597 |
| 205 |      2080 |         2080 | 1.85836   | 19.064    | 1.53823  | 1        | 1        |  0.0811597 | 81.1597 |
| 206 |      2090 |         2090 | 1.86729   | 19.1556   | 1.54192  | 1        | 1        |  0.0811597 | 81.1597 |
| 207 |      2100 |         2100 | 1.87623   | 19.2473   | 1.5456   | 1        | 1        |  0.0811597 | 81.1597 |
| 208 |      2110 |         2110 | 1.88516   | 19.3389   | 1.54928  | 1        | 1        |  0.0811597 | 81.1597 |
| 209 |      2120 |         2120 | 1.8941    | 19.4306   | 1.55295  | 1        | 1        |  0.0811597 | 81.1597 |
| 210 |      2130 |         2130 | 1.90303   | 19.5223   | 1.5566   | 1        | 1        |  0.0811597 | 81.1597 |
| 211 |      2140 |         2140 | 1.91197   | 19.6139   | 1.56025  | 1        | 1        |  0.0811597 | 81.1597 |
| 212 |      2150 |         2150 | 1.9209    | 19.7056   | 1.56389  | 1        | 1        |  0.0811597 | 81.1597 |
| 213 |      2160 |         2160 | 1.92984   | 19.7972   | 1.56753  | 1        | 1        |  0.0811597 | 81.1597 |
| 214 |      2170 |         2170 | 1.93877   | 19.8889   | 1.57115  | 1        | 1        |  0.0811597 | 81.1597 |
| 215 |      2180 |         2180 | 1.9477    | 19.9805   | 1.57477  | 1        | 1        |  0.0811597 | 81.1597 |
| 216 |      2190 |         2190 | 1.95664   | 20.0722   | 1.57838  | 1        | 1        |  0.0811597 | 81.1597 |
| 217 |      2200 |         2200 | 1.96557   | 20.1638   | 1.58198  | 1        | 1        |  0.0811597 | 81.1597 |
| 218 |      2210 |         2210 | 1.97451   | 20.2555   | 1.58557  | 1        | 1        |  0.0811597 | 81.1597 |
| 219 |      2220 |         2220 | 1.98344   | 20.3471   | 1.58915  | 1        | 1        |  0.0811597 | 81.1597 |
| 220 |      2230 |         2230 | 1.99238   | 20.4388   | 1.59272  | 1        | 1        |  0.0811597 | 81.1597 |
| 221 |      2240 |         2240 | 2.00131   | 20.5304   | 1.59629  | 1        | 1        |  0.0811597 | 81.1597 |
| 222 |      2250 |         2250 | 2.01024   | 20.6221   | 1.59985  | 1        | 1        |  0.0811597 | 81.1597 |
| 223 |      2260 |         2260 | 2.01918   | 20.7138   | 1.6034   | 1        | 1        |  0.0811597 | 81.1597 |
| 224 |      2270 |         2270 | 2.02811   | 20.8054   | 1.60695  | 1        | 1        |  0.0811597 | 81.1597 |
| 225 |      2280 |         2280 | 2.03705   | 20.8971   | 1.61048  | 1        | 1        |  0.0811597 | 81.1597 |
| 226 |      2290 |         2290 | 2.04598   | 20.9887   | 1.61401  | 1        | 1        |  0.0811597 | 81.1597 |
| 227 |      2300 |         2300 | 2.05492   | 21.0804   | 1.61753  | 1        | 1        |  0.0811597 | 81.1597 |
| 228 |      2310 |         2310 | 2.06385   | 21.172    | 1.62104  | 1        | 1        |  0.0811597 | 81.1597 |
| 229 |      2320 |         2320 | 2.07279   | 21.2637   | 1.62455  | 1        | 1        |  0.0811597 | 81.1597 |
| 230 |      2330 |         2330 | 2.08172   | 21.3553   | 1.62804  | 1        | 1        |  0.0811597 | 81.1597 |
| 231 |      2340 |         2340 | 2.09065   | 21.447    | 1.63153  | 1        | 1        |  0.0811597 | 81.1597 |
| 232 |      2350 |         2350 | 2.09959   | 21.5386   | 1.63502  | 1        | 1        |  0.0811597 | 81.1597 |
| 233 |      2360 |         2360 | 2.10852   | 21.6303   | 1.63849  | 1        | 1        |  0.0811597 | 81.1597 |
| 234 |      2370 |         2370 | 2.11746   | 21.7219   | 1.64196  | 1        | 1        |  0.0811597 | 81.1597 |
| 235 |      2380 |         2380 | 2.12639   | 21.8136   | 1.64542  | 1        | 1        |  0.0811597 | 81.1597 |
| 236 |      2390 |         2390 | 2.13533   | 21.9053   | 1.64887  | 1        | 1        |  0.0811597 | 81.1597 |
| 237 |      2400 |         2400 | 2.14426   | 21.9969   | 1.65232  | 1        | 1        |  0.0811597 | 81.1597 |
| 238 |      2410 |         2410 | 2.1532    | 22.0886   | 1.65576  | 1        | 1        |  0.0811597 | 81.1597 |
| 239 |      2420 |         2420 | 2.16213   | 22.1802   | 1.65919  | 1        | 1        |  0.0811597 | 81.1597 |
| 240 |      2430 |         2430 | 2.17106   | 22.2719   | 1.66261  | 1        | 1        |  0.0811597 | 81.1597 |
| 241 |      2440 |         2440 | 2.18      | 22.3635   | 1.66603  | 1        | 1        |  0.0811597 | 81.1597 |
| 242 |      2450 |         2450 | 2.18893   | 22.4552   | 1.66944  | 1        | 1        |  0.0811597 | 81.1597 |
| 243 |      2460 |         2460 | 2.19787   | 22.5468   | 1.67285  | 1        | 1        |  0.0811597 | 81.1597 |
| 244 |      2470 |         2470 | 2.2068    | 22.6385   | 1.67624  | 1        | 1        |  0.0811597 | 81.1597 |
| 245 |      2480 |         2480 | 2.21574   | 22.7301   | 1.67963  | 1        | 1        |  0.0811597 | 81.1597 |
| 246 |      2490 |         2490 | 2.22467   | 22.8218   | 1.68301  | 1        | 1        |  0.0811597 | 81.1597 |
| 247 |      2500 |         2500 | 2.23361   | 22.9134   | 1.68639  | 1        | 1        |  0.0811597 | 81.1597 |
| 248 |      2510 |         2510 | 2.24254   | 23.0051   | 1.68976  | 1        | 1        |  0.0811597 | 81.1597 |
| 249 |      2520 |         2520 | 2.25147   | 23.0968   | 1.69312  | 1        | 1        |  0.0811597 | 81.1597 |
| 250 |      2530 |         2530 | 2.26041   | 23.1884   | 1.69648  | 1        | 1        |  0.0811597 | 81.1597 |
| 251 |      2540 |         2540 | 2.26934   | 23.2801   | 1.69983  | 1        | 1        |  0.0811597 | 81.1597 |
| 252 |      2550 |         2550 | 2.27828   | 23.3717   | 1.70317  | 1        | 1        |  0.0811597 | 81.1597 |
| 253 |      2560 |         2560 | 2.28721   | 23.4634   | 1.70651  | 1        | 1        |  0.0811597 | 81.1597 |
| 254 |      2570 |         2570 | 2.29615   | 23.555    | 1.70984  | 1        | 1        |  0.0811597 | 81.1597 |
| 255 |      2580 |         2580 | 2.30508   | 23.6467   | 1.71316  | 1        | 1        |  0.0811597 | 81.1597 |
| 256 |      2590 |         2590 | 2.31402   | 23.7383   | 1.71648  | 1        | 1        |  0.0811597 | 81.1597 |
| 257 |      2600 |         2600 | 2.32295   | 23.83     | 1.71979  | 1        | 1        |  0.0811597 | 81.1597 |
| 258 |      2610 |         2610 | 2.33188   | 23.9216   | 1.72309  | 1        | 1        |  0.0811597 | 81.1597 |
| 259 |      2620 |         2620 | 2.34082   | 24.0133   | 1.72639  | 1        | 1        |  0.0811597 | 81.1597 |
| 260 |      2630 |         2630 | 2.34975   | 24.1049   | 1.72968  | 1        | 1        |  0.0811597 | 81.1597 |
| 261 |      2640 |         2640 | 2.35869   | 24.1966   | 1.73297  | 1        | 1        |  0.0811597 | 81.1597 |
| 262 |      2650 |         2650 | 2.36762   | 24.2883   | 1.73625  | 1        | 1        |  0.0811597 | 81.1597 |
| 263 |      2660 |         2660 | 2.37656   | 24.3799   | 1.73952  | 1        | 1        |  0.0811597 | 81.1597 |
| 264 |      2670 |         2670 | 2.38549   | 24.4716   | 1.74279  | 1        | 1        |  0.0811597 | 81.1597 |
| 265 |      2680 |         2680 | 2.39443   | 24.5632   | 1.74605  | 1        | 1        |  0.0811597 | 81.1597 |
| 266 |      2690 |         2690 | 2.40336   | 24.6549   | 1.7493   | 1        | 1        |  0.0811597 | 81.1597 |
| 267 |      2700 |         2700 | 2.41229   | 24.7465   | 1.75255  | 1        | 1        |  0.0811597 | 81.1597 |
| 268 |      2710 |         2710 | 2.42123   | 24.8382   | 1.75579  | 1        | 1        |  0.0811597 | 81.1597 |
| 269 |      2720 |         2720 | 2.43016   | 24.9298   | 1.75903  | 1        | 1        |  0.0811597 | 81.1597 |
| 270 |      2730 |         2730 | 2.4391    | 25.0215   | 1.76226  | 1        | 1        |  0.0811597 | 81.1597 |
| 271 |      2740 |         2740 | 2.44803   | 25.1131   | 1.76548  | 1        | 1        |  0.0811597 | 81.1597 |
| 272 |      2750 |         2750 | 2.45697   | 25.2048   | 1.7687   | 1        | 1        |  0.0811597 | 81.1597 |
| 273 |      2760 |         2760 | 2.4659    | 25.2964   | 1.77191  | 1        | 1        |  0.0811597 | 81.1597 |
| 274 |      2770 |         2770 | 2.47483   | 25.3881   | 1.77512  | 1        | 1        |  0.0811597 | 81.1597 |
| 275 |      2780 |         2780 | 2.48377   | 25.4798   | 1.77832  | 1        | 1        |  0.0811597 | 81.1597 |
| 276 |      2790 |         2790 | 2.4927    | 25.5714   | 1.78152  | 1        | 1        |  0.0811597 | 81.1597 |
| 277 |      2800 |         2800 | 2.50164   | 25.6631   | 1.78471  | 1        | 1        |  0.0811597 | 81.1597 |
| 278 |      2810 |         2810 | 2.51057   | 25.7547   | 1.78789  | 1        | 1        |  0.0811597 | 81.1597 |
| 279 |      2820 |         2820 | 2.51951   | 25.8464   | 1.79107  | 1        | 1        |  0.0811597 | 81.1597 |
| 280 |      2830 |         2830 | 2.52844   | 25.938    | 1.79424  | 1        | 1        |  0.0811597 | 81.1597 |
| 281 |      2840 |         2840 | 2.53738   | 26.0297   | 1.79741  | 1        | 1        |  0.0811597 | 81.1597 |
| 282 |      2850 |         2850 | 2.54631   | 26.1213   | 1.80057  | 1        | 1        |  0.0811597 | 81.1597 |
| 283 |      2860 |         2860 | 2.55524   | 26.213    | 1.80373  | 1        | 1        |  0.0811597 | 81.1597 |
| 284 |      2870 |         2870 | 2.56418   | 26.3046   | 1.80688  | 1        | 1        |  0.0811597 | 81.1597 |
| 285 |      2880 |         2880 | 2.57311   | 26.3963   | 1.81002  | 1        | 1        |  0.0811597 | 81.1597 |
| 286 |      2890 |         2890 | 2.58205   | 26.4879   | 1.81316  | 1        | 1        |  0.0811597 | 81.1597 |
| 287 |      2900 |         2900 | 2.59098   | 26.5796   | 1.8163   | 1        | 1        |  0.0811597 | 81.1597 |
| 288 |      2910 |         2910 | 2.59992   | 26.6713   | 1.81943  | 1        | 1        |  0.0811597 | 81.1597 |
| 289 |      2920 |         2920 | 2.60885   | 26.7629   | 1.82255  | 1        | 1        |  0.0811597 | 81.1597 |
| 290 |      2930 |         2930 | 2.61779   | 26.8546   | 1.82567  | 1        | 1        |  0.0811597 | 81.1597 |
| 291 |      2940 |         2940 | 2.62672   | 26.9462   | 1.82878  | 1        | 1        |  0.0811597 | 81.1597 |
| 292 |      2950 |         2950 | 2.63565   | 27.0379   | 1.83189  | 1        | 1        |  0.0811597 | 81.1597 |
| 293 |      2960 |         2960 | 2.64459   | 27.1295   | 1.83499  | 1        | 1        |  0.0811597 | 81.1597 |
| 294 |      2970 |         2970 | 2.65352   | 27.2212   | 1.83809  | 1        | 1        |  0.0811597 | 81.1597 |
| 295 |      2980 |         2980 | 2.66246   | 27.3128   | 1.84118  | 1        | 1        |  0.0811597 | 81.1597 |
| 296 |      2990 |         2990 | 2.67139   | 27.4045   | 1.84427  | 1        | 1        |  0.0811597 | 81.1597 |
| 297 |      3000 |         3000 | 2.68033   | 27.4961   | 1.84735  | 1        | 1        |  0.0811597 | 81.1597 |
| 298 |      3010 |         3010 | 2.68926   | 27.5878   | 1.85043  | 1        | 1        |  0.0811597 | 81.1597 |
| 299 |      3020 |         3020 | 2.6982    | 27.6794   | 1.8535   | 1        | 1        |  0.0811597 | 81.1597 |
| 300 |      3030 |         3030 | 2.70713   | 27.7711   | 1.85656  | 1        | 1        |  0.0811597 | 81.1597 |
| 301 |      3040 |         3040 | 2.71606   | 27.8628   | 1.85962  | 1        | 1        |  0.0811597 | 81.1597 |
| 302 |      3050 |         3050 | 2.725     | 27.9544   | 1.86268  | 1        | 1        |  0.0811597 | 81.1597 |
| 303 |      3060 |         3060 | 2.73393   | 28.0461   | 1.86573  | 1        | 1        |  0.0811597 | 81.1597 |
| 304 |      3070 |         3070 | 2.74287   | 28.1377   | 1.86878  | 1        | 1        |  0.0811597 | 81.1597 |
| 305 |      3080 |         3080 | 2.7518    | 28.2294   | 1.87182  | 1        | 1        |  0.0811597 | 81.1597 |
| 306 |      3090 |         3090 | 2.76074   | 28.321    | 1.87485  | 1        | 1        |  0.0811597 | 81.1597 |
| 307 |      3100 |         3100 | 2.76967   | 28.4127   | 1.87789  | 1        | 1        |  0.0811597 | 81.1597 |
| 308 |      3110 |         3110 | 2.77861   | 28.5043   | 1.88091  | 1        | 1        |  0.0811597 | 81.1597 |
| 309 |      3120 |         3120 | 2.78754   | 28.596    | 1.88393  | 1        | 1        |  0.0811597 | 81.1597 |
| 310 |      3130 |         3130 | 2.79647   | 28.6876   | 1.88695  | 1        | 1        |  0.0811597 | 81.1597 |
| 311 |      3140 |         3140 | 2.80541   | 28.7793   | 1.88996  | 1        | 1        |  0.0811597 | 81.1597 |
| 312 |      3150 |         3150 | 2.81434   | 28.8709   | 1.89297  | 1        | 1        |  0.0811597 | 81.1597 |
| 313 |      3160 |         3160 | 2.82328   | 28.9626   | 1.89597  | 1        | 1        |  0.0811597 | 81.1597 |
| 314 |      3170 |         3170 | 2.83221   | 29.0543   | 1.89897  | 1        | 1        |  0.0811597 | 81.1597 |
| 315 |      3180 |         3180 | 2.84115   | 29.1459   | 1.90196  | 1        | 1        |  0.0811597 | 81.1597 |
| 316 |      3190 |         3190 | 2.85008   | 29.2376   | 1.90495  | 1        | 1        |  0.0811597 | 81.1597 |
| 317 |      3200 |         3200 | 2.85902   | 29.3292   | 1.90793  | 1        | 1        |  0.0811597 | 81.1597 |
| 318 |      3210 |         3210 | 2.86795   | 29.4209   | 1.91091  | 1        | 1        |  0.0811597 | 81.1597 |
| 319 |      3220 |         3220 | 2.87688   | 29.5125   | 1.91389  | 1        | 1        |  0.0811597 | 81.1597 |
| 320 |      3230 |         3230 | 2.88582   | 29.6042   | 1.91686  | 1        | 1        |  0.0811597 | 81.1597 |
| 321 |      3240 |         3240 | 2.89475   | 29.6958   | 1.91982  | 1        | 1        |  0.0811597 | 81.1597 |
| 322 |      3250 |         3250 | 2.90369   | 29.7875   | 1.92278  | 1        | 1        |  0.0811597 | 81.1597 |
| 323 |      3260 |         3260 | 2.91262   | 29.8791   | 1.92574  | 1        | 1        |  0.0811597 | 81.1597 |
| 324 |      3270 |         3270 | 2.92156   | 29.9708   | 1.92869  | 1        | 1        |  0.0811597 | 81.1597 |
| 325 |      3280 |         3280 | 2.93049   | 30.0624   | 1.93164  | 1        | 1        |  0.0811597 | 81.1597 |
| 326 |      3290 |         3290 | 2.93942   | 30.1541   | 1.93458  | 1        | 1        |  0.0811597 | 81.1597 |
| 327 |      3300 |         3300 | 2.94836   | 30.2458   | 1.93752  | 1        | 1        |  0.0811597 | 81.1597 |
| 328 |      3310 |         3310 | 2.95729   | 30.3374   | 1.94045  | 1        | 1        |  0.0811597 | 81.1597 |
| 329 |      3320 |         3320 | 2.96623   | 30.4291   | 1.94338  | 1        | 1        |  0.0811597 | 81.1597 |
| 330 |      3330 |         3330 | 2.97516   | 30.5207   | 1.9463   | 1        | 1        |  0.0811597 | 81.1597 |
| 331 |      3340 |         3340 | 2.9841    | 30.6124   | 1.94922  | 1        | 1        |  0.0811597 | 81.1597 |
| 332 |      3350 |         3350 | 2.99303   | 30.704    | 1.95214  | 1        | 1        |  0.0811597 | 81.1597 |
| 333 |      3360 |         3360 | 3.00197   | 30.7957   | 1.95505  | 1        | 1        |  0.0811597 | 81.1597 |
| 334 |      3370 |         3370 | 3.0109    | 30.8873   | 1.95796  | 1        | 1        |  0.0811597 | 81.1597 |
| 335 |      3380 |         3380 | 3.01983   | 30.979    | 1.96086  | 1        | 1        |  0.0811597 | 81.1597 |
| 336 |      3390 |         3390 | 3.02877   | 31.0706   | 1.96376  | 1        | 1        |  0.0811597 | 81.1597 |
| 337 |      3400 |         3400 | 3.0377    | 31.1623   | 1.96665  | 1        | 1        |  0.0811597 | 81.1597 |
| 338 |      3410 |         3410 | 3.04664   | 31.2539   | 1.96954  | 1        | 1        |  0.0811597 | 81.1597 |
| 339 |      3420 |         3420 | 3.05557   | 31.3456   | 1.97243  | 1        | 1        |  0.0811597 | 81.1597 |
| 340 |      3430 |         3430 | 3.06451   | 31.4372   | 1.97531  | 1        | 1        |  0.0811597 | 81.1597 |
| 341 |      3440 |         3440 | 3.07344   | 31.5289   | 1.97819  | 1        | 1        |  0.0811597 | 81.1597 |
| 342 |      3450 |         3450 | 3.08238   | 31.6206   | 1.98106  | 1        | 1        |  0.0811597 | 81.1597 |
| 343 |      3460 |         3460 | 3.09131   | 31.7122   | 1.98393  | 1        | 1        |  0.0811597 | 81.1597 |
| 344 |      3470 |         3470 | 3.10024   | 31.8039   | 1.98679  | 1        | 1        |  0.0811597 | 81.1597 |
| 345 |      3480 |         3480 | 3.10918   | 31.8955   | 1.98966  | 1        | 1        |  0.0811597 | 81.1597 |
| 346 |      3490 |         3490 | 3.11811   | 31.9872   | 1.99251  | 1        | 1        |  0.0811597 | 81.1597 |
| 347 |      3500 |         3500 | 3.12705   | 32.0788   | 1.99536  | 1        | 1        |  0.0811597 | 81.1597 |
| 348 |      3510 |         3510 | 3.13598   | 32.1705   | 1.99821  | 1        | 1        |  0.0811597 | 81.1597 |
| 349 |      3520 |         3520 | 3.14492   | 32.2621   | 2.00106  | 1        | 1        |  0.0811597 | 81.1597 |
| 350 |      3530 |         3530 | 3.15385   | 32.3538   | 2.0039   | 1        | 1        |  0.0811597 | 81.1597 |
| 351 |      3540 |         3540 | 3.16279   | 32.4454   | 2.00673  | 1        | 1        |  0.0811597 | 81.1597 |
| 352 |      3550 |         3550 | 3.17172   | 32.5371   | 2.00957  | 1        | 1        |  0.0811597 | 81.1597 |
| 353 |      3560 |         3560 | 3.18065   | 32.6287   | 2.0124   | 1        | 1        |  0.0811597 | 81.1597 |
| 354 |      3570 |         3570 | 3.18959   | 32.7204   | 2.01522  | 1        | 1        |  0.0811597 | 81.1597 |
| 355 |      3580 |         3580 | 3.19852   | 32.8121   | 2.01804  | 1        | 1        |  0.0811597 | 81.1597 |
| 356 |      3590 |         3590 | 3.20746   | 32.9037   | 2.02086  | 1        | 1        |  0.0811597 | 81.1597 |
| 357 |      3600 |         3600 | 3.21639   | 32.9954   | 2.02367  | 1        | 1        |  0.0811597 | 81.1597 |
| 358 |      3610 |         3610 | 3.22533   | 33.087    | 2.02648  | 1        | 1        |  0.0811597 | 81.1597 |
| 359 |      3620 |         3620 | 3.23426   | 33.1787   | 2.02928  | 1        | 1        |  0.0811597 | 81.1597 |
| 360 |      3630 |         3630 | 3.2432    | 33.2703   | 2.03208  | 1        | 1        |  0.0811597 | 81.1597 |
| 361 |      3640 |         3640 | 3.25213   | 33.362    | 2.03488  | 1        | 1        |  0.0811597 | 81.1597 |
2023-03-09 14:39:29,759 - __main__ - 266 - DEBUG - #######################################################################
2023-03-09 14:39:29,761 - __main__ - 267 - DEBUG - 




2023-03-09 14:39:29,764 - __main__ - 268 - DEBUG - printing settlement calcualtion matix for natural ground
2023-03-09 14:39:29,899 - __main__ - 269 - DEBUG - |     |   t(days) |   t(seconds) |        Tv |       Uv |   s(meter) |    s(mm) |
|----:|----------:|-------------:|----------:|---------:|-----------:|---------:|
|   0 |        30 |  2.592e+06   | 0.018154  | 0.152034 |  0.0166329 |  16.6329 |
|   1 |        40 |  3.456e+06   | 0.0242053 | 0.175554 |  0.019206  |  19.206  |
|   2 |        50 |  4.32e+06    | 0.0302566 | 0.196275 |  0.021473  |  21.473  |
|   3 |        60 |  5.184e+06   | 0.0363079 | 0.215009 |  0.0235225 |  23.5225 |
|   4 |        70 |  6.048e+06   | 0.0423592 | 0.232236 |  0.0254072 |  25.4072 |
|   5 |        80 |  6.912e+06   | 0.0484106 | 0.24827  |  0.0271614 |  27.1614 |
|   6 |        90 |  7.776e+06   | 0.0544619 | 0.263331 |  0.0288091 |  28.8091 |
|   7 |       100 |  8.64e+06    | 0.0605132 | 0.277575 |  0.0303674 |  30.3674 |
|   8 |       110 |  9.504e+06   | 0.0665645 | 0.291123 |  0.0318496 |  31.8496 |
|   9 |       120 |  1.0368e+07  | 0.0726158 | 0.304068 |  0.0332658 |  33.2658 |
|  10 |       130 |  1.1232e+07  | 0.0786672 | 0.316484 |  0.0346242 |  34.6242 |
|  11 |       140 |  1.2096e+07  | 0.0847185 | 0.328431 |  0.0359312 |  35.9312 |
|  12 |       150 |  1.296e+07   | 0.0907698 | 0.339958 |  0.0371923 |  37.1923 |
|  13 |       160 |  1.3824e+07  | 0.0968211 | 0.351107 |  0.0384121 |  38.4121 |
|  14 |       170 |  1.4688e+07  | 0.102872  | 0.361913 |  0.0395943 |  39.5943 |
|  15 |       180 |  1.5552e+07  | 0.108924  | 0.372406 |  0.0407422 |  40.7422 |
|  16 |       190 |  1.6416e+07  | 0.114975  | 0.382611 |  0.0418586 |  41.8586 |
|  17 |       200 |  1.728e+07   | 0.121026  | 0.39255  |  0.042946  |  42.946  |
|  18 |       210 |  1.8144e+07  | 0.127078  | 0.402244 |  0.0440066 |  44.0066 |
|  19 |       220 |  1.9008e+07  | 0.133129  | 0.41171  |  0.0450421 |  45.0421 |
|  20 |       230 |  1.9872e+07  | 0.13918   | 0.420963 |  0.0460545 |  46.0545 |
|  21 |       240 |  2.0736e+07  | 0.145232  | 0.430017 |  0.047045  |  47.045  |
|  22 |       250 |  2.16e+07    | 0.151283  | 0.438884 |  0.0480151 |  48.0151 |
|  23 |       260 |  2.2464e+07  | 0.157334  | 0.447576 |  0.048966  |  48.966  |
|  24 |       270 |  2.3328e+07  | 0.163386  | 0.456102 |  0.0498987 |  49.8987 |
|  25 |       280 |  2.4192e+07  | 0.169437  | 0.464472 |  0.0508144 |  50.8144 |
|  26 |       290 |  2.5056e+07  | 0.175488  | 0.472693 |  0.0517138 |  51.7138 |
|  27 |       300 |  2.592e+07   | 0.18154   | 0.480774 |  0.0525979 |  52.5979 |
|  28 |       310 |  2.6784e+07  | 0.187591  | 0.488721 |  0.0534673 |  53.4673 |
|  29 |       320 |  2.7648e+07  | 0.193642  | 0.496541 |  0.0543229 |  54.3229 |
|  30 |       330 |  2.8512e+07  | 0.199694  | 0.50424  |  0.0551651 |  55.1651 |
|  31 |       340 |  2.9376e+07  | 0.205745  | 0.511823 |  0.0559947 |  55.9947 |
|  32 |       350 |  3.024e+07   | 0.211796  | 0.519295 |  0.0568122 |  56.8122 |
|  33 |       360 |  3.1104e+07  | 0.217848  | 0.526661 |  0.0576181 |  57.6181 |
|  34 |       370 |  3.1968e+07  | 0.223899  | 0.533926 |  0.0584129 |  58.4129 |
|  35 |       380 |  3.2832e+07  | 0.22995   | 0.541093 |  0.059197  |  59.197  |
|  36 |       390 |  3.3696e+07  | 0.236001  | 0.548166 |  0.0599708 |  59.9708 |
|  37 |       400 |  3.456e+07   | 0.242053  | 0.55515  |  0.0607348 |  60.7348 |
|  38 |       410 |  3.5424e+07  | 0.248104  | 0.562046 |  0.0614893 |  61.4893 |
|  39 |       420 |  3.6288e+07  | 0.254155  | 0.568859 |  0.0622347 |  62.2347 |
|  40 |       430 |  3.7152e+07  | 0.260207  | 0.575591 |  0.0629712 |  62.9712 |
|  41 |       440 |  3.8016e+07  | 0.266258  | 0.582246 |  0.0636992 |  63.6992 |
|  42 |       450 |  3.888e+07   | 0.272309  | 0.588825 |  0.064419  |  64.419  |
|  43 |       460 |  3.9744e+07  | 0.278361  | 0.595332 |  0.0651308 |  65.1308 |
|  44 |       470 |  4.0608e+07  | 0.284412  | 0.601768 |  0.065835  |  65.835  |
|  45 |       480 |  4.1472e+07  | 0.290463  | 0.578753 |  0.0633171 |  63.3171 |
|  46 |       490 |  4.2336e+07  | 0.296515  | 0.584582 |  0.0639548 |  63.9548 |
|  47 |       500 |  4.32e+07    | 0.302566  | 0.59033  |  0.0645837 |  64.5837 |
|  48 |       510 |  4.4064e+07  | 0.308617  | 0.595999 |  0.0652038 |  65.2038 |
|  49 |       520 |  4.4928e+07  | 0.314669  | 0.601589 |  0.0658154 |  65.8154 |
|  50 |       530 |  4.5792e+07  | 0.32072   | 0.607102 |  0.0664185 |  66.4185 |
|  51 |       540 |  4.6656e+07  | 0.326771  | 0.612538 |  0.0670133 |  67.0133 |
|  52 |       550 |  4.752e+07   | 0.332823  | 0.6179   |  0.0675998 |  67.5998 |
|  53 |       560 |  4.8384e+07  | 0.338874  | 0.623187 |  0.0681783 |  68.1783 |
|  54 |       570 |  4.9248e+07  | 0.344925  | 0.628401 |  0.0687487 |  68.7487 |
|  55 |       580 |  5.0112e+07  | 0.350977  | 0.633543 |  0.0693112 |  69.3112 |
|  56 |       590 |  5.0976e+07  | 0.357028  | 0.638613 |  0.069866  |  69.866  |
|  57 |       600 |  5.184e+07   | 0.363079  | 0.643614 |  0.070413  |  70.413  |
|  58 |       610 |  5.2704e+07  | 0.369131  | 0.648545 |  0.0709525 |  70.9525 |
|  59 |       620 |  5.3568e+07  | 0.375182  | 0.653408 |  0.0714846 |  71.4846 |
|  60 |       630 |  5.4432e+07  | 0.381233  | 0.658204 |  0.0720092 |  72.0092 |
|  61 |       640 |  5.5296e+07  | 0.387284  | 0.662934 |  0.0725267 |  72.5267 |
|  62 |       650 |  5.616e+07   | 0.393336  | 0.667598 |  0.0730369 |  73.0369 |
|  63 |       660 |  5.7024e+07  | 0.399387  | 0.672197 |  0.0735401 |  73.5401 |
|  64 |       670 |  5.7888e+07  | 0.405438  | 0.676733 |  0.0740363 |  74.0363 |
|  65 |       680 |  5.8752e+07  | 0.41149   | 0.681206 |  0.0745257 |  74.5257 |
|  66 |       690 |  5.9616e+07  | 0.417541  | 0.685617 |  0.0750083 |  75.0083 |
|  67 |       700 |  6.048e+07   | 0.423592  | 0.689967 |  0.0754842 |  75.4842 |
|  68 |       710 |  6.1344e+07  | 0.429644  | 0.694257 |  0.0759535 |  75.9535 |
|  69 |       720 |  6.2208e+07  | 0.435695  | 0.698488 |  0.0764164 |  76.4164 |
|  70 |       730 |  6.3072e+07  | 0.441746  | 0.70266  |  0.0768728 |  76.8728 |
|  71 |       740 |  6.3936e+07  | 0.447798  | 0.706774 |  0.0773229 |  77.3229 |
|  72 |       750 |  6.48e+07    | 0.453849  | 0.710831 |  0.0777668 |  77.7668 |
|  73 |       760 |  6.5664e+07  | 0.4599    | 0.714833 |  0.0782046 |  78.2046 |
|  74 |       770 |  6.6528e+07  | 0.465952  | 0.718779 |  0.0786362 |  78.6362 |
|  75 |       780 |  6.7392e+07  | 0.472003  | 0.72267  |  0.079062  |  79.062  |
|  76 |       790 |  6.8256e+07  | 0.478054  | 0.726507 |  0.0794818 |  79.4818 |
|  77 |       800 |  6.912e+07   | 0.484106  | 0.730292 |  0.0798958 |  79.8958 |
|  78 |       810 |  6.9984e+07  | 0.490157  | 0.734024 |  0.0803041 |  80.3041 |
|  79 |       820 |  7.0848e+07  | 0.496208  | 0.737704 |  0.0807067 |  80.7067 |
|  80 |       830 |  7.1712e+07  | 0.50226   | 0.741333 |  0.0811038 |  81.1038 |
|  81 |       840 |  7.2576e+07  | 0.508311  | 0.744913 |  0.0814954 |  81.4954 |
|  82 |       850 |  7.344e+07   | 0.514362  | 0.748442 |  0.0818815 |  81.8815 |
|  83 |       860 |  7.4304e+07  | 0.520413  | 0.751923 |  0.0822623 |  82.2623 |
|  84 |       870 |  7.5168e+07  | 0.526465  | 0.755356 |  0.0826379 |  82.6379 |
|  85 |       880 |  7.6032e+07  | 0.532516  | 0.758741 |  0.0830082 |  83.0082 |
|  86 |       890 |  7.6896e+07  | 0.538567  | 0.762079 |  0.0833734 |  83.3734 |
|  87 |       900 |  7.776e+07   | 0.544619  | 0.765371 |  0.0837336 |  83.7336 |
|  88 |       910 |  7.8624e+07  | 0.55067   | 0.768618 |  0.0840888 |  84.0888 |
|  89 |       920 |  7.9488e+07  | 0.556721  | 0.771819 |  0.0844391 |  84.4391 |
|  90 |       930 |  8.0352e+07  | 0.562773  | 0.774977 |  0.0847845 |  84.7845 |
|  91 |       940 |  8.1216e+07  | 0.568824  | 0.77809  |  0.0851251 |  85.1251 |
|  92 |       950 |  8.208e+07   | 0.574875  | 0.781161 |  0.085461  |  85.461  |
|  93 |       960 |  8.2944e+07  | 0.580927  | 0.784189 |  0.0857923 |  85.7923 |
|  94 |       970 |  8.3808e+07  | 0.586978  | 0.787175 |  0.086119  |  86.119  |
|  95 |       980 |  8.4672e+07  | 0.593029  | 0.79012  |  0.0864412 |  86.4412 |
|  96 |       990 |  8.5536e+07  | 0.599081  | 0.793024 |  0.0867589 |  86.7589 |
|  97 |      1000 |  8.64e+07    | 0.605132  | 0.795888 |  0.0870722 |  87.0722 |
|  98 |      1010 |  8.7264e+07  | 0.611183  | 0.798713 |  0.0873812 |  87.3812 |
|  99 |      1020 |  8.8128e+07  | 0.617235  | 0.801498 |  0.0876859 |  87.6859 |
| 100 |      1030 |  8.8992e+07  | 0.623286  | 0.804244 |  0.0879864 |  87.9864 |
| 101 |      1040 |  8.9856e+07  | 0.629337  | 0.806953 |  0.0882828 |  88.2828 |
| 102 |      1050 |  9.072e+07   | 0.635389  | 0.809624 |  0.088575  |  88.575  |
| 103 |      1060 |  9.1584e+07  | 0.64144   | 0.812259 |  0.0888632 |  88.8632 |
| 104 |      1070 |  9.2448e+07  | 0.647491  | 0.814856 |  0.0891474 |  89.1474 |
| 105 |      1080 |  9.3312e+07  | 0.653543  | 0.817418 |  0.0894277 |  89.4277 |
| 106 |      1090 |  9.4176e+07  | 0.659594  | 0.819945 |  0.0897041 |  89.7041 |
| 107 |      1100 |  9.504e+07   | 0.665645  | 0.822436 |  0.0899766 |  89.9766 |
| 108 |      1110 |  9.5904e+07  | 0.671696  | 0.824893 |  0.0902454 |  90.2454 |
| 109 |      1120 |  9.6768e+07  | 0.677748  | 0.827316 |  0.0905105 |  90.5105 |
| 110 |      1130 |  9.7632e+07  | 0.683799  | 0.829705 |  0.0907719 |  90.7719 |
| 111 |      1140 |  9.8496e+07  | 0.68985   | 0.832062 |  0.0910297 |  91.0297 |
| 112 |      1150 |  9.936e+07   | 0.695902  | 0.834386 |  0.0912839 |  91.2839 |
| 113 |      1160 |  1.00224e+08 | 0.701953  | 0.836677 |  0.0915347 |  91.5347 |
| 114 |      1170 |  1.01088e+08 | 0.708004  | 0.838937 |  0.0917819 |  91.7819 |
| 115 |      1180 |  1.01952e+08 | 0.714056  | 0.841166 |  0.0920257 |  92.0257 |
| 116 |      1190 |  1.02816e+08 | 0.720107  | 0.843364 |  0.0922662 |  92.2662 |
| 117 |      1200 |  1.0368e+08  | 0.726158  | 0.845531 |  0.0925033 |  92.5033 |
| 118 |      1210 |  1.04544e+08 | 0.73221   | 0.847668 |  0.0927371 |  92.7371 |
| 119 |      1220 |  1.05408e+08 | 0.738261  | 0.849776 |  0.0929677 |  92.9677 |
| 120 |      1230 |  1.06272e+08 | 0.744312  | 0.851855 |  0.0931951 |  93.1951 |
| 121 |      1240 |  1.07136e+08 | 0.750364  | 0.853905 |  0.0934194 |  93.4194 |
| 122 |      1250 |  1.08e+08    | 0.756415  | 0.855926 |  0.0936405 |  93.6405 |
| 123 |      1260 |  1.08864e+08 | 0.762466  | 0.85792  |  0.0938586 |  93.8586 |
| 124 |      1270 |  1.09728e+08 | 0.768518  | 0.859886 |  0.0940737 |  94.0737 |
| 125 |      1280 |  1.10592e+08 | 0.774569  | 0.861824 |  0.0942858 |  94.2858 |
| 126 |      1290 |  1.11456e+08 | 0.78062   | 0.863736 |  0.094495  |  94.495  |
| 127 |      1300 |  1.1232e+08  | 0.786672  | 0.865622 |  0.0947013 |  94.7013 |
| 128 |      1310 |  1.13184e+08 | 0.792723  | 0.867481 |  0.0949047 |  94.9047 |
| 129 |      1320 |  1.14048e+08 | 0.798774  | 0.869315 |  0.0951053 |  95.1053 |
| 130 |      1330 |  1.14912e+08 | 0.804826  | 0.871123 |  0.0953031 |  95.3031 |
| 131 |      1340 |  1.15776e+08 | 0.810877  | 0.872907 |  0.0954982 |  95.4982 |
| 132 |      1350 |  1.1664e+08  | 0.816928  | 0.874665 |  0.0956906 |  95.6906 |
| 133 |      1360 |  1.17504e+08 | 0.822979  | 0.876399 |  0.0958804 |  95.8804 |
| 134 |      1370 |  1.18368e+08 | 0.829031  | 0.87811  |  0.0960675 |  96.0675 |
| 135 |      1380 |  1.19232e+08 | 0.835082  | 0.879796 |  0.096252  |  96.252  |
| 136 |      1390 |  1.20096e+08 | 0.841133  | 0.88146  |  0.096434  |  96.434  |
| 137 |      1400 |  1.2096e+08  | 0.847185  | 0.8831   |  0.0966134 |  96.6134 |
| 138 |      1410 |  1.21824e+08 | 0.853236  | 0.884717 |  0.0967904 |  96.7904 |
| 139 |      1420 |  1.22688e+08 | 0.859287  | 0.886313 |  0.0969649 |  96.9649 |
| 140 |      1430 |  1.23552e+08 | 0.865339  | 0.887886 |  0.097137  |  97.137  |
| 141 |      1440 |  1.24416e+08 | 0.87139   | 0.889437 |  0.0973067 |  97.3067 |
| 142 |      1450 |  1.2528e+08  | 0.877441  | 0.890967 |  0.0974741 |  97.4741 |
| 143 |      1460 |  1.26144e+08 | 0.883493  | 0.892476 |  0.0976391 |  97.6391 |
| 144 |      1470 |  1.27008e+08 | 0.889544  | 0.893963 |  0.0978019 |  97.8019 |
| 145 |      1480 |  1.27872e+08 | 0.895595  | 0.895431 |  0.0979624 |  97.9624 |
| 146 |      1490 |  1.28736e+08 | 0.901647  | 0.896878 |  0.0981207 |  98.1207 |
| 147 |      1500 |  1.296e+08   | 0.907698  | 0.898304 |  0.0982768 |  98.2768 |
| 148 |      1510 |  1.30464e+08 | 0.913749  | 0.899712 |  0.0984308 |  98.4308 |
| 149 |      1520 |  1.31328e+08 | 0.919801  | 0.901099 |  0.0985826 |  98.5826 |
| 150 |      1530 |  1.32192e+08 | 0.925852  | 0.902468 |  0.0987323 |  98.7323 |
| 151 |      1540 |  1.33056e+08 | 0.931903  | 0.903817 |  0.09888   |  98.88   |
| 152 |      1550 |  1.3392e+08  | 0.937955  | 0.905148 |  0.0990256 |  99.0256 |
| 153 |      1560 |  1.34784e+08 | 0.944006  | 0.906461 |  0.0991692 |  99.1692 |
| 154 |      1570 |  1.35648e+08 | 0.950057  | 0.907755 |  0.0993108 |  99.3108 |
| 155 |      1580 |  1.36512e+08 | 0.956109  | 0.909031 |  0.0994504 |  99.4504 |
| 156 |      1590 |  1.37376e+08 | 0.96216   | 0.91029  |  0.0995881 |  99.5881 |
| 157 |      1600 |  1.3824e+08  | 0.968211  | 0.911531 |  0.0997239 |  99.7239 |
| 158 |      1610 |  1.39104e+08 | 0.974262  | 0.912756 |  0.0998578 |  99.8578 |
| 159 |      1620 |  1.39968e+08 | 0.980314  | 0.913963 |  0.0999899 |  99.9899 |
| 160 |      1630 |  1.40832e+08 | 0.986365  | 0.915153 |  0.10012   | 100.12   |
| 161 |      1640 |  1.41696e+08 | 0.992416  | 0.916327 |  0.100249  | 100.249  |
| 162 |      1650 |  1.4256e+08  | 0.998468  | 0.917485 |  0.100375  | 100.375  |
| 163 |      1660 |  1.43424e+08 | 1.00452   | 0.918627 |  0.1005    | 100.5    |
| 164 |      1670 |  1.44288e+08 | 1.01057   | 0.919753 |  0.100623  | 100.623  |
| 165 |      1680 |  1.45152e+08 | 1.01662   | 0.920863 |  0.100745  | 100.745  |
| 166 |      1690 |  1.46016e+08 | 1.02267   | 0.921958 |  0.100865  | 100.865  |
| 167 |      1700 |  1.4688e+08  | 1.02872   | 0.923038 |  0.100983  | 100.983  |
| 168 |      1710 |  1.47744e+08 | 1.03478   | 0.924103 |  0.101099  | 101.099  |
| 169 |      1720 |  1.48608e+08 | 1.04083   | 0.925153 |  0.101214  | 101.214  |
| 170 |      1730 |  1.49472e+08 | 1.04688   | 0.926189 |  0.101327  | 101.327  |
| 171 |      1740 |  1.50336e+08 | 1.05293   | 0.92721  |  0.101439  | 101.439  |
| 172 |      1750 |  1.512e+08   | 1.05898   | 0.928217 |  0.101549  | 101.549  |
| 173 |      1760 |  1.52064e+08 | 1.06503   | 0.929211 |  0.101658  | 101.658  |
| 174 |      1770 |  1.52928e+08 | 1.07108   | 0.93019  |  0.101765  | 101.765  |
| 175 |      1780 |  1.53792e+08 | 1.07713   | 0.931156 |  0.101871  | 101.871  |
| 176 |      1790 |  1.54656e+08 | 1.08319   | 0.932109 |  0.101975  | 101.975  |
| 177 |      1800 |  1.5552e+08  | 1.08924   | 0.933048 |  0.102078  | 102.078  |
| 178 |      1810 |  1.56384e+08 | 1.09529   | 0.933975 |  0.102179  | 102.179  |
| 179 |      1820 |  1.57248e+08 | 1.10134   | 0.934888 |  0.102279  | 102.279  |
| 180 |      1830 |  1.58112e+08 | 1.10739   | 0.935789 |  0.102378  | 102.378  |
| 181 |      1840 |  1.58976e+08 | 1.11344   | 0.936678 |  0.102475  | 102.475  |
| 182 |      1850 |  1.5984e+08  | 1.11949   | 0.937554 |  0.102571  | 102.571  |
| 183 |      1860 |  1.60704e+08 | 1.12555   | 0.938418 |  0.102665  | 102.665  |
| 184 |      1870 |  1.61568e+08 | 1.1316    | 0.93927  |  0.102759  | 102.759  |
| 185 |      1880 |  1.62432e+08 | 1.13765   | 0.94011  |  0.102851  | 102.851  |
| 186 |      1890 |  1.63296e+08 | 1.1437    | 0.940939 |  0.102941  | 102.941  |
| 187 |      1900 |  1.6416e+08  | 1.14975   | 0.941756 |  0.103031  | 103.031  |
| 188 |      1910 |  1.65024e+08 | 1.1558    | 0.942562 |  0.103119  | 103.119  |
| 189 |      1920 |  1.65888e+08 | 1.16185   | 0.943357 |  0.103206  | 103.206  |
| 190 |      1930 |  1.66752e+08 | 1.1679    | 0.944141 |  0.103291  | 103.291  |
| 191 |      1940 |  1.67616e+08 | 1.17396   | 0.944914 |  0.103376  | 103.376  |
| 192 |      1950 |  1.6848e+08  | 1.18001   | 0.945676 |  0.103459  | 103.459  |
| 193 |      1960 |  1.69344e+08 | 1.18606   | 0.946428 |  0.103542  | 103.542  |
| 194 |      1970 |  1.70208e+08 | 1.19211   | 0.947169 |  0.103623  | 103.623  |
| 195 |      1980 |  1.71072e+08 | 1.19816   | 0.9479   |  0.103703  | 103.703  |
| 196 |      1990 |  1.71936e+08 | 1.20421   | 0.948621 |  0.103782  | 103.782  |
| 197 |      2000 |  1.728e+08   | 1.21026   | 0.949332 |  0.103859  | 103.859  |
| 198 |      2010 |  1.73664e+08 | 1.21632   | 0.950033 |  0.103936  | 103.936  |
| 199 |      2020 |  1.74528e+08 | 1.22237   | 0.950724 |  0.104012  | 104.012  |
| 200 |      2030 |  1.75392e+08 | 1.22842   | 0.951406 |  0.104086  | 104.086  |
| 201 |      2040 |  1.76256e+08 | 1.23447   | 0.952078 |  0.10416   | 104.16   |
| 202 |      2050 |  1.7712e+08  | 1.24052   | 0.952742 |  0.104232  | 104.232  |
| 203 |      2060 |  1.77984e+08 | 1.24657   | 0.953395 |  0.104304  | 104.304  |
| 204 |      2070 |  1.78848e+08 | 1.25262   | 0.95404  |  0.104374  | 104.374  |
| 205 |      2080 |  1.79712e+08 | 1.25867   | 0.954676 |  0.104444  | 104.444  |
| 206 |      2090 |  1.80576e+08 | 1.26473   | 0.955303 |  0.104513  | 104.513  |
| 207 |      2100 |  1.8144e+08  | 1.27078   | 0.955922 |  0.10458   | 104.58   |
| 208 |      2110 |  1.82304e+08 | 1.27683   | 0.956532 |  0.104647  | 104.647  |
| 209 |      2120 |  1.83168e+08 | 1.28288   | 0.957133 |  0.104713  | 104.713  |
| 210 |      2130 |  1.84032e+08 | 1.28893   | 0.957726 |  0.104778  | 104.778  |
| 211 |      2140 |  1.84896e+08 | 1.29498   | 0.958311 |  0.104842  | 104.842  |
| 212 |      2150 |  1.8576e+08  | 1.30103   | 0.958888 |  0.104905  | 104.905  |
| 213 |      2160 |  1.86624e+08 | 1.30709   | 0.959457 |  0.104967  | 104.967  |
| 214 |      2170 |  1.87488e+08 | 1.31314   | 0.960018 |  0.105028  | 105.028  |
| 215 |      2180 |  1.88352e+08 | 1.31919   | 0.960571 |  0.105089  | 105.089  |
| 216 |      2190 |  1.89216e+08 | 1.32524   | 0.961117 |  0.105149  | 105.149  |
| 217 |      2200 |  1.9008e+08  | 1.33129   | 0.961655 |  0.105208  | 105.208  |
| 218 |      2210 |  1.90944e+08 | 1.33734   | 0.962186 |  0.105266  | 105.266  |
| 219 |      2220 |  1.91808e+08 | 1.34339   | 0.962709 |  0.105323  | 105.323  |
| 220 |      2230 |  1.92672e+08 | 1.34944   | 0.963225 |  0.105379  | 105.379  |
| 221 |      2240 |  1.93536e+08 | 1.3555    | 0.963734 |  0.105435  | 105.435  |
| 222 |      2250 |  1.944e+08   | 1.36155   | 0.964235 |  0.10549   | 105.49   |
| 223 |      2260 |  1.95264e+08 | 1.3676    | 0.96473  |  0.105544  | 105.544  |
| 224 |      2270 |  1.96128e+08 | 1.37365   | 0.965218 |  0.105597  | 105.597  |
| 225 |      2280 |  1.96992e+08 | 1.3797    | 0.9657   |  0.10565   | 105.65   |
| 226 |      2290 |  1.97856e+08 | 1.38575   | 0.966174 |  0.105702  | 105.702  |
| 227 |      2300 |  1.9872e+08  | 1.3918    | 0.966642 |  0.105753  | 105.753  |
| 228 |      2310 |  1.99584e+08 | 1.39785   | 0.967104 |  0.105804  | 105.804  |
| 229 |      2320 |  2.00448e+08 | 1.40391   | 0.967559 |  0.105853  | 105.853  |
| 230 |      2330 |  2.01312e+08 | 1.40996   | 0.968008 |  0.105903  | 105.903  |
| 231 |      2340 |  2.02176e+08 | 1.41601   | 0.968451 |  0.105951  | 105.951  |
| 232 |      2350 |  2.0304e+08  | 1.42206   | 0.968887 |  0.105999  | 105.999  |
| 233 |      2360 |  2.03904e+08 | 1.42811   | 0.969318 |  0.106046  | 106.046  |
| 234 |      2370 |  2.04768e+08 | 1.43416   | 0.969742 |  0.106092  | 106.092  |
| 235 |      2380 |  2.05632e+08 | 1.44021   | 0.970161 |  0.106138  | 106.138  |
| 236 |      2390 |  2.06496e+08 | 1.44627   | 0.970574 |  0.106183  | 106.183  |
| 237 |      2400 |  2.0736e+08  | 1.45232   | 0.970981 |  0.106228  | 106.228  |
| 238 |      2410 |  2.08224e+08 | 1.45837   | 0.971382 |  0.106272  | 106.272  |
| 239 |      2420 |  2.09088e+08 | 1.46442   | 0.971778 |  0.106315  | 106.315  |
| 240 |      2430 |  2.09952e+08 | 1.47047   | 0.972169 |  0.106358  | 106.358  |
| 241 |      2440 |  2.10816e+08 | 1.47652   | 0.972554 |  0.1064    | 106.4    |
| 242 |      2450 |  2.1168e+08  | 1.48257   | 0.972934 |  0.106441  | 106.441  |
| 243 |      2460 |  2.12544e+08 | 1.48862   | 0.973308 |  0.106482  | 106.482  |
| 244 |      2470 |  2.13408e+08 | 1.49468   | 0.973678 |  0.106523  | 106.523  |
| 245 |      2480 |  2.14272e+08 | 1.50073   | 0.974042 |  0.106563  | 106.563  |
| 246 |      2490 |  2.15136e+08 | 1.50678   | 0.974401 |  0.106602  | 106.602  |
| 247 |      2500 |  2.16e+08    | 1.51283   | 0.974755 |  0.106641  | 106.641  |
| 248 |      2510 |  2.16864e+08 | 1.51888   | 0.975105 |  0.106679  | 106.679  |
| 249 |      2520 |  2.17728e+08 | 1.52493   | 0.975449 |  0.106717  | 106.717  |
| 250 |      2530 |  2.18592e+08 | 1.53098   | 0.975789 |  0.106754  | 106.754  |
| 251 |      2540 |  2.19456e+08 | 1.53704   | 0.976124 |  0.10679   | 106.79   |
| 252 |      2550 |  2.2032e+08  | 1.54309   | 0.976454 |  0.106827  | 106.827  |
| 253 |      2560 |  2.21184e+08 | 1.54914   | 0.97678  |  0.106862  | 106.862  |
| 254 |      2570 |  2.22048e+08 | 1.55519   | 0.977101 |  0.106897  | 106.897  |
| 255 |      2580 |  2.22912e+08 | 1.56124   | 0.977418 |  0.106932  | 106.932  |
| 256 |      2590 |  2.23776e+08 | 1.56729   | 0.977731 |  0.106966  | 106.966  |
| 257 |      2600 |  2.2464e+08  | 1.57334   | 0.978039 |  0.107     | 107      |
| 258 |      2610 |  2.25504e+08 | 1.57939   | 0.978343 |  0.107033  | 107.033  |
| 259 |      2620 |  2.26368e+08 | 1.58545   | 0.978642 |  0.107066  | 107.066  |
| 260 |      2630 |  2.27232e+08 | 1.5915    | 0.978938 |  0.107098  | 107.098  |
| 261 |      2640 |  2.28096e+08 | 1.59755   | 0.979229 |  0.10713   | 107.13   |
| 262 |      2650 |  2.2896e+08  | 1.6036    | 0.979517 |  0.107162  | 107.162  |
| 263 |      2660 |  2.29824e+08 | 1.60965   | 0.9798   |  0.107193  | 107.193  |
| 264 |      2670 |  2.30688e+08 | 1.6157    | 0.98008  |  0.107223  | 107.223  |
| 265 |      2680 |  2.31552e+08 | 1.62175   | 0.980355 |  0.107253  | 107.253  |
| 266 |      2690 |  2.32416e+08 | 1.6278    | 0.980627 |  0.107283  | 107.283  |
| 267 |      2700 |  2.3328e+08  | 1.63386   | 0.980895 |  0.107312  | 107.312  |
| 268 |      2710 |  2.34144e+08 | 1.63991   | 0.98116  |  0.107341  | 107.341  |
| 269 |      2720 |  2.35008e+08 | 1.64596   | 0.98142  |  0.10737   | 107.37   |
| 270 |      2730 |  2.35872e+08 | 1.65201   | 0.981677 |  0.107398  | 107.398  |
| 271 |      2740 |  2.36736e+08 | 1.65806   | 0.981931 |  0.107426  | 107.426  |
| 272 |      2750 |  2.376e+08   | 1.66411   | 0.982181 |  0.107453  | 107.453  |
| 273 |      2760 |  2.38464e+08 | 1.67016   | 0.982427 |  0.10748   | 107.48   |
| 274 |      2770 |  2.39328e+08 | 1.67622   | 0.982671 |  0.107507  | 107.507  |
| 275 |      2780 |  2.40192e+08 | 1.68227   | 0.98291  |  0.107533  | 107.533  |
| 276 |      2790 |  2.41056e+08 | 1.68832   | 0.983147 |  0.107559  | 107.559  |
| 277 |      2800 |  2.4192e+08  | 1.69437   | 0.98338  |  0.107584  | 107.584  |
| 278 |      2810 |  2.42784e+08 | 1.70042   | 0.98361  |  0.107609  | 107.609  |
| 279 |      2820 |  2.43648e+08 | 1.70647   | 0.983837 |  0.107634  | 107.634  |
| 280 |      2830 |  2.44512e+08 | 1.71252   | 0.98406  |  0.107659  | 107.659  |
| 281 |      2840 |  2.45376e+08 | 1.71857   | 0.984281 |  0.107683  | 107.683  |
| 282 |      2850 |  2.4624e+08  | 1.72463   | 0.984498 |  0.107707  | 107.707  |
| 283 |      2860 |  2.47104e+08 | 1.73068   | 0.984713 |  0.10773   | 107.73   |
| 284 |      2870 |  2.47968e+08 | 1.73673   | 0.984925 |  0.107753  | 107.753  |
| 285 |      2880 |  2.48832e+08 | 1.74278   | 0.985133 |  0.107776  | 107.776  |
| 286 |      2890 |  2.49696e+08 | 1.74883   | 0.985339 |  0.107799  | 107.799  |
| 287 |      2900 |  2.5056e+08  | 1.75488   | 0.985542 |  0.107821  | 107.821  |
| 288 |      2910 |  2.51424e+08 | 1.76093   | 0.985742 |  0.107843  | 107.843  |
| 289 |      2920 |  2.52288e+08 | 1.76699   | 0.985939 |  0.107864  | 107.864  |
| 290 |      2930 |  2.53152e+08 | 1.77304   | 0.986134 |  0.107886  | 107.886  |
| 291 |      2940 |  2.54016e+08 | 1.77909   | 0.986325 |  0.107907  | 107.907  |
| 292 |      2950 |  2.5488e+08  | 1.78514   | 0.986515 |  0.107927  | 107.927  |
| 293 |      2960 |  2.55744e+08 | 1.79119   | 0.986701 |  0.107948  | 107.948  |
| 294 |      2970 |  2.56608e+08 | 1.79724   | 0.986885 |  0.107968  | 107.968  |
| 295 |      2980 |  2.57472e+08 | 1.80329   | 0.987067 |  0.107988  | 107.988  |
| 296 |      2990 |  2.58336e+08 | 1.80934   | 0.987246 |  0.108007  | 108.007  |
| 297 |      3000 |  2.592e+08   | 1.8154    | 0.987422 |  0.108027  | 108.027  |
| 298 |      3010 |  2.60064e+08 | 1.82145   | 0.987596 |  0.108046  | 108.046  |
| 299 |      3020 |  2.60928e+08 | 1.8275    | 0.987768 |  0.108064  | 108.064  |
| 300 |      3030 |  2.61792e+08 | 1.83355   | 0.987937 |  0.108083  | 108.083  |
| 301 |      3040 |  2.62656e+08 | 1.8396    | 0.988104 |  0.108101  | 108.101  |
| 302 |      3050 |  2.6352e+08  | 1.84565   | 0.988269 |  0.108119  | 108.119  |
| 303 |      3060 |  2.64384e+08 | 1.8517    | 0.988431 |  0.108137  | 108.137  |
| 304 |      3070 |  2.65248e+08 | 1.85776   | 0.988591 |  0.108154  | 108.154  |
| 305 |      3080 |  2.66112e+08 | 1.86381   | 0.988749 |  0.108172  | 108.172  |
| 306 |      3090 |  2.66976e+08 | 1.86986   | 0.988905 |  0.108189  | 108.189  |
| 307 |      3100 |  2.6784e+08  | 1.87591   | 0.989058 |  0.108206  | 108.206  |
| 308 |      3110 |  2.68704e+08 | 1.88196   | 0.98921  |  0.108222  | 108.222  |
| 309 |      3120 |  2.69568e+08 | 1.88801   | 0.989359 |  0.108238  | 108.238  |
| 310 |      3130 |  2.70432e+08 | 1.89406   | 0.989506 |  0.108255  | 108.255  |
| 311 |      3140 |  2.71296e+08 | 1.90011   | 0.989651 |  0.10827   | 108.27   |
| 312 |      3150 |  2.7216e+08  | 1.90617   | 0.989794 |  0.108286  | 108.286  |
| 313 |      3160 |  2.73024e+08 | 1.91222   | 0.989936 |  0.108302  | 108.302  |
| 314 |      3170 |  2.73888e+08 | 1.91827   | 0.990075 |  0.108317  | 108.317  |
| 315 |      3180 |  2.74752e+08 | 1.92432   | 0.990212 |  0.108332  | 108.332  |
| 316 |      3190 |  2.75616e+08 | 1.93037   | 0.990348 |  0.108347  | 108.347  |
| 317 |      3200 |  2.7648e+08  | 1.93642   | 0.990481 |  0.108361  | 108.361  |
| 318 |      3210 |  2.77344e+08 | 1.94247   | 0.990613 |  0.108376  | 108.376  |
| 319 |      3220 |  2.78208e+08 | 1.94852   | 0.990743 |  0.10839   | 108.39   |
| 320 |      3230 |  2.79072e+08 | 1.95458   | 0.990871 |  0.108404  | 108.404  |
| 321 |      3240 |  2.79936e+08 | 1.96063   | 0.990997 |  0.108418  | 108.418  |
| 322 |      3250 |  2.808e+08   | 1.96668   | 0.991122 |  0.108431  | 108.431  |
| 323 |      3260 |  2.81664e+08 | 1.97273   | 0.991245 |  0.108445  | 108.445  |
| 324 |      3270 |  2.82528e+08 | 1.97878   | 0.991366 |  0.108458  | 108.458  |
| 325 |      3280 |  2.83392e+08 | 1.98483   | 0.991485 |  0.108471  | 108.471  |
| 326 |      3290 |  2.84256e+08 | 1.99088   | 0.991603 |  0.108484  | 108.484  |
| 327 |      3300 |  2.8512e+08  | 1.99694   | 0.991719 |  0.108497  | 108.497  |
| 328 |      3310 |  2.85984e+08 | 2.00299   | 0.991834 |  0.108509  | 108.509  |
| 329 |      3320 |  2.86848e+08 | 2.00904   | 0.991947 |  0.108522  | 108.522  |
| 330 |      3330 |  2.87712e+08 | 2.01509   | 0.992058 |  0.108534  | 108.534  |
| 331 |      3340 |  2.88576e+08 | 2.02114   | 0.992168 |  0.108546  | 108.546  |
| 332 |      3350 |  2.8944e+08  | 2.02719   | 0.992277 |  0.108558  | 108.558  |
| 333 |      3360 |  2.90304e+08 | 2.03324   | 0.992383 |  0.108569  | 108.569  |
| 334 |      3370 |  2.91168e+08 | 2.03929   | 0.992489 |  0.108581  | 108.581  |
| 335 |      3380 |  2.92032e+08 | 2.04535   | 0.992593 |  0.108592  | 108.592  |
| 336 |      3390 |  2.92896e+08 | 2.0514    | 0.992695 |  0.108603  | 108.603  |
| 337 |      3400 |  2.9376e+08  | 2.05745   | 0.992796 |  0.108615  | 108.615  |
| 338 |      3410 |  2.94624e+08 | 2.0635    | 0.992896 |  0.108625  | 108.625  |
| 339 |      3420 |  2.95488e+08 | 2.06955   | 0.992994 |  0.108636  | 108.636  |
| 340 |      3430 |  2.96352e+08 | 2.0756    | 0.993091 |  0.108647  | 108.647  |
| 341 |      3440 |  2.97216e+08 | 2.08165   | 0.993187 |  0.108657  | 108.657  |
| 342 |      3450 |  2.9808e+08  | 2.08771   | 0.993281 |  0.108668  | 108.668  |
| 343 |      3460 |  2.98944e+08 | 2.09376   | 0.993374 |  0.108678  | 108.678  |
| 344 |      3470 |  2.99808e+08 | 2.09981   | 0.993466 |  0.108688  | 108.688  |
| 345 |      3480 |  3.00672e+08 | 2.10586   | 0.993556 |  0.108698  | 108.698  |
| 346 |      3490 |  3.01536e+08 | 2.11191   | 0.993645 |  0.108707  | 108.707  |
| 347 |      3500 |  3.024e+08   | 2.11796   | 0.993733 |  0.108717  | 108.717  |
| 348 |      3510 |  3.03264e+08 | 2.12401   | 0.99382  |  0.108726  | 108.726  |
| 349 |      3520 |  3.04128e+08 | 2.13006   | 0.993906 |  0.108736  | 108.736  |
| 350 |      3530 |  3.04992e+08 | 2.13612   | 0.99399  |  0.108745  | 108.745  |
| 351 |      3540 |  3.05856e+08 | 2.14217   | 0.994073 |  0.108754  | 108.754  |
| 352 |      3550 |  3.0672e+08  | 2.14822   | 0.994155 |  0.108763  | 108.763  |
| 353 |      3560 |  3.07584e+08 | 2.15427   | 0.994236 |  0.108772  | 108.772  |
| 354 |      3570 |  3.08448e+08 | 2.16032   | 0.994316 |  0.108781  | 108.781  |
| 355 |      3580 |  3.09312e+08 | 2.16637   | 0.994394 |  0.108789  | 108.789  |
| 356 |      3590 |  3.10176e+08 | 2.17242   | 0.994472 |  0.108798  | 108.798  |
| 357 |      3600 |  3.1104e+08  | 2.17848   | 0.994548 |  0.108806  | 108.806  |
| 358 |      3610 |  3.11904e+08 | 2.18453   | 0.994624 |  0.108814  | 108.814  |
| 359 |      3620 |  3.12768e+08 | 2.19058   | 0.994698 |  0.108823  | 108.823  |
| 360 |      3630 |  3.13632e+08 | 2.19663   | 0.994772 |  0.108831  | 108.831  |
| 361 |      3640 |  3.14496e+08 | 2.20268   | 0.994844 |  0.108839  | 108.839  |
2023-03-09 14:39:29,903 - __main__ - 35 - DEBUG - {'t(days)': 30, 't(seconds)': 30, 'Tvm': 0.026803265888783127, 'Trm': 0.2749613684135017, 'Uvm': 0.18473488587067075, 'Urm': 0.7060053375155062, 'Uvr': 0.7603164079361655, 's(meter)': 0.061707060064181696, 's(mm)': 61.7070600641817}
