2023-01-26 19:45:06,845 - __main__ - 10 - DEBUG - This is a warning message
2023-01-26 19:45:07,789 - __main__ - 124 - DEBUG - Printing Calcualtion of ecentricity..................
2023-01-26 19:45:07,789 - __main__ - 126 - DEBUG - P=-75797.91969750001 M=1037028.7023327004 center of Reactions=-13.681492928451755
2023-01-26 19:45:07,789 - __main__ - 130 - DEBUG - P=-75797.91969750001 M=1037028.7023327004 center of Reactions=-13.681492928451755 ecentricity=0.8578570715482456
2023-01-26 19:45:07,789 - __main__ - 276 - DEBUG - 




2023-01-26 19:45:07,789 - __main__ - 277 - DEBUG - printing informations about During operation pressure calc......
2023-01-26 19:45:07,889 - __main__ - 278 - DEBUG - del_t=4.1835 h=25.62 slope=0.1632903981264637
2023-01-26 19:45:07,889 - __main__ - 279 - DEBUG - t4=4.020209601873536 t5=0.16329039812646418
2023-01-26 19:45:07,889 - __main__ - 280 - DEBUG - printing area=[7.686, 53.590635000000006, 130.37435145, 18.623609601873536, 0.08164519906323209, 359.535708, 49.488780199063235, 9.991800000000001, 846.2919454500001, 0, 0, 0, 0]
2023-01-26 19:45:07,889 - __main__ - 281 - DEBUG - printing vertical loads=[-1152.9, -8038.595250000001, -19556.1527175, -2048.597056206089, -8.98097189695553, -43144.28496, -5938.653623887588, -623.48832, 52808.61739608, 0, 0, 0, 0]
2023-01-26 19:45:07,889 - __main__ - 282 - DEBUG - Horizontal Pressure=[0, 0, 0, 0, 0, 0, 0, 0, 0, 26.95, 1568.67865, 38379.885329471996, 1043.6048142]
2023-01-26 19:45:07,905 - __main__ - 283 - DEBUG - moment arm for vertical loads=[-10.1418, -11.686300000000003, -14.53935, -19.766895199063235, -10.400660265417645, -21.777, -13.135230132708822, -4.995900000000001, -14.53935, 0, 0, 0, 0]
2023-01-26 19:45:07,905 - __main__ - 284 - DEBUG - moment arm for horizontal pressure=[0, 0, 0, 0, 0, 0, 0, 0, 0, 29.436833333333333, 14.55175, 9.701166666666667, 1.8278333333333334]
2023-01-26 19:45:07,905 - __main__ - 285 - DEBUG - P=-27703.035503410625 M=285568.5247198127 center of Reactions=-10.308203398311901 ecentricity=4.231146601688099
2023-01-26 19:45:07,905 - __main__ - 286 - DEBUG - data={'component': ['C1', 'C2', 'C3', 'S1', 'S2', 'S3', 'S4', 'W', 'U', 'P1', 'P2', 'P3', 'P4'], 'area': [7.686, 53.590635000000006, 130.37435145, 18.623609601873536, 0.08164519906323209, 359.535708, 49.488780199063235, 9.991800000000001, 846.2919454500001, 0, 0, 0, 0], 'PV': [-1152.9, -8038.595250000001, -19556.1527175, -2048.597056206089, -8.98097189695553, -43144.28496, -5938.653623887588, -623.48832, 52808.61739608, 0, 0, 0, 0], 'PH': [0, 0, 0, 0, 0, 0, 0, 0, 0, 26.95, 1568.67865, 38379.885329471996, 1043.6048142], 'Arm_V': [-10.1418, -11.686300000000003, -14.53935, -19.766895199063235, -10.400660265417645, -21.777, -13.135230132708822, -4.995900000000001, -14.53935, 0, 0, 0, 0], 'Arm_H': [0, 0, 0, 0, 0, 0, 0, 0, 0, 29.436833333333333, 14.55175, 9.701166666666667, 1.8278333333333334], 'M': [11692.481220000001, 93941.43567007504, 284333.74901318364, 40494.40331513521, 93.40803755349792, 939553.09357392, 78005.58202820868, 3114.8852978880004, -767802.9713376958, -793.3226583333333, -22827.0195451375, -372329.6642287628, -1907.5356662219]}
2023-01-26 19:45:07,905 - __main__ - 287 - DEBUG - lengths=[13, 13, 13, 13, 13, 13, 13]
2023-01-26 19:45:07,905 - __main__ - 288 - DEBUG - px2=90.624
2023-01-26 19:45:07,920 - __main__ - 289 - DEBUG - B=29.0787
2023-01-26 19:45:07,920 - __main__ - 290 - DEBUG - 




2023-01-26 19:45:07,927 - __main__ - 538 - DEBUG - 




2023-01-26 19:45:07,927 - __main__ - 539 - DEBUG - printing informations Stem Pressure During Construction......
2023-01-26 19:45:07,942 - __main__ - 540 - DEBUG - P1=26.95 P2=1327.018 P3=27465.6150528 P=28819.5830528
2023-01-26 19:45:07,942 - __main__ - 541 - DEBUG - M1=672.4923333333334 M2=16335.59158 M3=225401.147533312 M=242409.23144664534
2023-01-26 19:45:07,942 - __main__ - 542 - DEBUG - 




2023-01-26 19:45:07,942 - __main__ - 546 - DEBUG - 




2023-01-26 19:45:07,942 - __main__ - 547 - DEBUG - printing informations Toe Design Moment..........
2023-01-26 19:45:07,958 - __main__ - 578 - DEBUG - After Construction.......................
2023-01-26 19:45:07,958 - __main__ - 579 - DEBUG - P1=3069.04 P2=2751.26 L=9.989999999999998
2023-01-26 19:45:07,958 - __main__ - 580 - DEBUG - V1=29072.398499999996 V2=6718.52475 V=22353.873749999995
2023-01-26 19:45:07,958 - __main__ - 581 - DEBUG - M1=147859.50348899997 M2=33559.031126249996 M=114300.47236274998
2023-01-26 19:45:07,958 - __main__ - 600 - DEBUG - During Operations.......................
2023-01-26 19:45:07,958 - __main__ - 601 - DEBUG - P1=1784.43 P2=1212.84 L=9.989999999999998
2023-01-26 19:45:07,974 - __main__ - 602 - DEBUG - V1=14971.363649999998 V2=18142.423415999998 V3=6718.52475 V=26395.262315999997
2023-01-26 19:45:07,974 - __main__ - 603 - DEBUG - M1=79535.68969499996 M2=90621.40496291997 M3=33559.031126249996 M=136598.06353166996
2023-01-26 19:45:07,974 - __main__ - 604 - DEBUG - 




2023-01-26 19:45:07,974 - __main__ - 616 - DEBUG - 




2023-01-26 19:45:07,989 - __main__ - 617 - DEBUG - printing informations Heel Design Moment..........
2023-01-26 19:45:07,989 - __main__ - 653 - DEBUG - After Construction.......................
2023-01-26 19:45:07,989 - __main__ - 654 - DEBUG - P1=2144.02 P2=2608.44 L=14.6
2023-01-26 19:45:07,989 - __main__ - 655 - DEBUG - V1=34692.958 V2=9818.865000000002 V3=41145.72 V=-16271.627000000004
2023-01-26 19:45:07,989 - __main__ - 656 - DEBUG - M1=245008.9461333333 M2=71677.71450000002 M3=300363.756 M=-127032.52436666674
2023-01-26 19:45:07,989 - __main__ - 678 - DEBUG - During Operations.......................
2023-01-26 19:45:07,989 - __main__ - 679 - DEBUG - P1=120.95 P2=956.36 L=-14.6
2023-01-26 19:45:08,005 - __main__ - 680 - DEBUG - V1=-7864.362999999999 V2=-26514.45264 V3=-9818.865000000002 V4=-44740.24 V=-8288.323639999995
2023-01-26 19:45:08,005 - __main__ - 681 - DEBUG - M1=42570.1836 M2=193555.504272 M3=71677.71450000002 M4=326603.752 M=-162155.778628
2023-01-26 19:45:08,005 - __main__ - 682 - DEBUG - 




2023-01-26 19:45:08,005 - __main__ - 704 - DEBUG - 






2023-01-26 19:45:08,005 - __main__ - 705 - DEBUG - ################################################
2023-01-26 19:45:08,005 - __main__ - 706 - DEBUG - ################################################
2023-01-26 19:45:08,021 - __main__ - 707 - DEBUG - Printing Design Result..................
2023-01-26 19:45:08,021 - __main__ - 708 - DEBUG - Printing Basic Info....................
2023-01-26 19:45:08,021 - __main__ - 709 - DEBUG - H=25.62 gmma_s_m=110 ca=0.49
2023-01-26 19:45:08,027 - __main__ - 710 - DEBUG - Ttop=0.3 Tbot=4.4835 Tfoot=4.4835
2023-01-26 19:45:08,027 - __main__ - 711 - DEBUG - Lheel=14.603399999999999 Ltoe=9.991800000000001
2023-01-26 19:45:08,027 - __main__ - 712 - DEBUG - X1=14.603399999999999 X2=18.7869 X3=19.0869 X4=29.0787
2023-01-26 19:45:08,027 - __main__ - 713 - DEBUG - 



2023-01-26 19:45:08,027 - __main__ - 714 - DEBUG - printing earth pressure calcualtion Case B.................
2023-01-26 19:45:08,027 - __main__ - 715 - DEBUG -   component        area            PV            PH     Arm_V    Arm_H  \
0        C1    7.686000  -1152.900000      0.000000 -10.14180   0.0000   
1        C2   53.590635  -8038.595250      0.000000 -11.68630   0.0000   
2        C3  130.374351 -19556.152718      0.000000 -14.53935   0.0000   
3        S1   53.590635  -5894.969850      0.000000 -11.68630   0.0000   
4        S2  374.139108 -41155.301880      0.000000 -21.77700   0.0000   
5        SH    0.000000      0.000000  24422.648195   0.00000  13.0235   

               M  
0   11692.481220  
1   93941.435670  
2  284333.749013  
3   68890.386158  
4  896239.009041  
5 -318068.358769  
2023-01-26 19:45:08,058 - __main__ - 716 - DEBUG - 



2023-01-26 19:45:08,058 - __main__ - 718 - DEBUG - Printing Reaction and ecectricity Case B.........
2023-01-26 19:45:08,058 - __main__ - 719 - DEBUG - Ecentrictiy(+) if P is left to cente..........
2023-01-26 19:45:08,058 - __main__ - 720 - DEBUG - P=-75797.91969750001 e=0.8578570715482456
2023-01-26 19:45:08,058 - __main__ - 721 - DEBUG -     dist         P  A_list      P/A        I      c         S      P*e  \
0   0.00  75797.92   29.08  2606.53  2049.28 -14.54   -140.94  65186.0   
1  14.60  75797.92   29.08  2606.53  2049.28   0.06  34154.67  65186.0   
2  18.79  75797.92   29.08  2606.53  2049.28   4.25    482.18  65186.0   
3  19.09  75797.92   29.08  2606.53  2049.28   4.55    450.39  65186.0   
4  29.08  75797.92   29.08  2606.53  2049.28  14.54    140.94  65186.0   

      M/S        R  
0 -462.51  2144.02  
1    1.91  2608.44  
2  135.19  2741.72  
3  144.73  2751.26  
4  462.51  3069.04  
2023-01-26 19:45:08,090 - __main__ - 722 - DEBUG - 




2023-01-26 19:45:08,090 - __main__ - 724 - DEBUG - printing earth pressure calcualtion Case C.................
2023-01-26 19:45:08,090 - __main__ - 725 - DEBUG -    component        area            PV            PH      Arm_V      Arm_H  \
0         C1    7.686000  -1152.900000      0.000000 -10.141800   0.000000   
1         C2   53.590635  -8038.595250      0.000000 -11.686300   0.000000   
2         C3  130.374351 -19556.152718      0.000000 -14.539350   0.000000   
3         S1   18.623610  -2048.597056      0.000000 -19.766895   0.000000   
4         S2    0.081645     -8.980972      0.000000 -10.400660   0.000000   
5         S3  359.535708 -43144.284960      0.000000 -21.777000   0.000000   
6         S4   49.488780  -5938.653624      0.000000 -13.135230   0.000000   
7          W    9.991800   -623.488320      0.000000  -4.995900   0.000000   
8          U  846.291945  52808.617396      0.000000 -14.539350   0.000000   
9         P1    0.000000      0.000000     26.950000   0.000000  29.436833   
10        P2    0.000000      0.000000   1568.678650   0.000000  14.551750   
11        P3    0.000000      0.000000  38379.885329   0.000000   9.701167   
12        P4    0.000000      0.000000   1043.604814   0.000000   1.827833   

                M  
0    11692.481220  
1    93941.435670  
2   284333.749013  
3    40494.403315  
4       93.408038  
5   939553.093574  
6    78005.582028  
7     3114.885298  
8  -767802.971338  
9     -793.322658  
10  -22827.019545  
11 -372329.664229  
12   -1907.535666  
2023-01-26 19:45:08,105 - __main__ - 726 - DEBUG - 



2023-01-26 19:45:08,105 - __main__ - 728 - DEBUG - Printing Reaction and ecectricity Case C.........
2023-01-26 19:45:08,105 - __main__ - 729 - DEBUG - Ecentrictiy(+) if P is left to cente..........
2023-01-26 19:45:08,121 - __main__ - 730 - DEBUG - P=-27703.035503410625 e=4.231146601688099
2023-01-26 19:45:08,127 - __main__ - 731 - DEBUG -     dist         P  A_list     P/A        I      c         S       P*e  \
0   0.00  27703.04   29.08  952.69  2049.01 -14.54   -140.93  117215.6   
1  14.60  27703.04   29.08  952.69  2049.01   0.06  31990.76  117215.6   
2  18.79  27703.04   29.08  952.69  2049.01   4.25    482.40  117215.6   
3  19.09  27703.04   29.08  952.69  2049.01   4.55    450.57  117215.6   
4  29.08  27703.04   29.08  952.69  2049.01  14.54    140.93  117215.6   

      M/S        R  
0 -831.74   120.95  
1    3.66   956.36  
2  242.99  1195.68  
3  260.15  1212.84  
4  831.74  1784.43  
2023-01-26 19:45:08,143 - __main__ - 732 - DEBUG - ################################################
2023-01-26 19:45:08,143 - __main__ - 733 - DEBUG - ################################################
2023-01-26 19:45:08,143 - __main__ - 734 - DEBUG - printing stem design forces.........
2023-01-26 19:45:08,159 - __main__ - 735 - DEBUG -      Case                Desc             V              M
0  Case B  After Construction  17689.559580  151068.838813
1  Case C    During Operation  28819.583053  242409.231447
2023-01-26 19:45:08,159 - __main__ - 736 - DEBUG - ################################################
2023-01-26 19:45:08,174 - __main__ - 737 - DEBUG - ################################################
2023-01-26 19:45:08,174 - __main__ - 738 - DEBUG - Printing Toe Design Forces.........
2023-01-26 19:45:08,174 - __main__ - 739 - DEBUG -      Case                Desc             V              M
0  Case B  After Construction  22353.873750  114300.472363
1  Case C    During Operation  26395.262316  136598.063532
2023-01-26 19:45:08,190 - __main__ - 740 - DEBUG - ################################################
2023-01-26 19:45:08,190 - __main__ - 741 - DEBUG - ################################################
2023-01-26 19:45:08,190 - __main__ - 742 - DEBUG -      Case                Desc            V              M
0  Case B  After Construction -16271.62700 -127032.524367
1  Case C    During Operation  -8288.32364 -162155.778628
