2023-01-27 01:13:56,851 - __main__ - 10 - DEBUG - This is a warning message
2023-01-27 01:13:57,111 - __main__ - 267 - DEBUG - 




2023-01-27 01:13:57,111 - __main__ - 268 - DEBUG - Printing Design Parameters......................
2023-01-27 01:13:57,111 - __main__ - 269 - DEBUG - fs=18013.95 fc=1003.68
2023-01-27 01:13:57,111 - __main__ - 270 - DEBUG - n=10.156767306459802 k=0.361 j=0.88
2023-01-27 01:13:57,111 - __main__ - 271 - DEBUG - R=160.0 psi
2023-01-27 01:13:57,111 - __main__ - 272 - DEBUG - allowable stress in flexure shear=55.10110706691836
2023-01-27 01:13:57,708 - __main__ - 113 - DEBUG - 




2023-01-27 01:13:57,718 - __main__ - 114 - DEBUG - Designing Thicknes........................................
2023-01-27 01:13:57,729 - __main__ - 115 - DEBUG - t_provided=24 deduction=3.5 d_provided=20.5
2023-01-27 01:13:58,244 - __main__ - 167 - DEBUG - 




2023-01-27 01:13:58,246 - __main__ - 168 - DEBUG - As=0.42 Ab=0.12 b=12 n=3.5
2023-01-27 01:13:58,249 - __main__ - 169 - DEBUG - spacing before rounding=3.4285714285714284
2023-01-27 01:13:58,252 - __main__ - 170 - DEBUG - spacing After rounding=3.0
2023-01-27 01:13:59,577 - __main__ - 12 - DEBUG - 




2023-01-27 01:13:59,579 - __main__ - 13 - DEBUG - Reinforcement Design...................................
2023-01-27 01:13:59,581 - __main__ - 267 - DEBUG - 




2023-01-27 01:13:59,583 - __main__ - 268 - DEBUG - Printing Design Parameters......................
2023-01-27 01:13:59,586 - __main__ - 269 - DEBUG - fs=27000.0 fc=1200.0
2023-01-27 01:13:59,588 - __main__ - 270 - DEBUG - n=9.28886208634492 k=0.292 j=0.903
2023-01-27 01:13:59,598 - __main__ - 271 - DEBUG - R=158.0 psi
2023-01-27 01:13:59,601 - __main__ - 272 - DEBUG - allowable stress in flexure shear=60.24948132556828
2023-01-27 01:13:59,602 - __main__ - 214 - DEBUG - 




2023-01-27 01:13:59,614 - __main__ - 215 - DEBUG - Initiating Reinforcement Design...................................
2023-01-27 01:13:59,617 - __main__ - 235 - DEBUG - d_design=4.5 t_design=6
2023-01-27 01:13:59,622 - __main__ - 236 - DEBUG - fs=27000.0 j=0.903
2023-01-27 01:13:59,630 - __main__ - 237 - DEBUG - As_calc=0.2 As_min=0.18 As_design=0.2
2023-01-27 01:13:59,633 - __main__ - 167 - DEBUG - 




2023-01-27 01:13:59,635 - __main__ - 168 - DEBUG - As=0.2 Ab=0.12 b=6 n=1.6666666666666667
2023-01-27 01:13:59,640 - __main__ - 169 - DEBUG - spacing before rounding=3.5999999999999996
2023-01-27 01:13:59,646 - __main__ - 170 - DEBUG - spacing After rounding=3.5
2023-01-27 01:13:59,649 - __main__ - 29 - DEBUG - {'t_design_inch': 6, 't_design_metric': 150, 'bar': 'd10', 'As_pvd': 0.20571428571428568, 'As_no': 2, 'rebar_no_text': '2 No d10', 'spacings': 3.5, 'sp_text': 'd10 @ 3.5 inch c/c', 'spacings_metric': 85.0, 'sp_text_metric': 'd10 @ 85.0 mm c/c', 'rem': ''}
2023-01-27 01:13:59,652 - __main__ - 267 - DEBUG - 




2023-01-27 01:13:59,656 - __main__ - 268 - DEBUG - Printing Design Parameters......................
2023-01-27 01:13:59,659 - __main__ - 269 - DEBUG - fs=27000.0 fc=1200.0
2023-01-27 01:13:59,661 - __main__ - 270 - DEBUG - n=9.28886208634492 k=0.292 j=0.903
2023-01-27 01:13:59,664 - __main__ - 271 - DEBUG - R=158.0 psi
2023-01-27 01:13:59,666 - __main__ - 272 - DEBUG - allowable stress in flexure shear=60.24948132556828
2023-01-27 01:13:59,668 - __main__ - 214 - DEBUG - 




2023-01-27 01:13:59,670 - __main__ - 215 - DEBUG - Initiating Reinforcement Design...................................
2023-01-27 01:13:59,673 - __main__ - 235 - DEBUG - d_design=6.5 t_design=8
2023-01-27 01:13:59,675 - __main__ - 236 - DEBUG - fs=27000.0 j=0.903
2023-01-27 01:13:59,678 - __main__ - 237 - DEBUG - As_calc=0.25 As_min=0.24 As_design=0.25
2023-01-27 01:13:59,680 - __main__ - 167 - DEBUG - 




2023-01-27 01:13:59,682 - __main__ - 168 - DEBUG - As=0.25 Ab=0.12 b=8 n=2.0833333333333335
2023-01-27 01:13:59,684 - __main__ - 169 - DEBUG - spacing before rounding=3.84
2023-01-27 01:13:59,686 - __main__ - 170 - DEBUG - spacing After rounding=3.5
2023-01-27 01:13:59,689 - __main__ - 29 - DEBUG - {'t_design_inch': 8, 't_design_metric': 200, 'bar': 'd10', 'As_pvd': 0.27428571428571424, 'As_no': 3, 'rebar_no_text': '3 No d10', 'spacings': 3.5, 'sp_text': 'd10 @ 3.5 inch c/c', 'spacings_metric': 85.0, 'sp_text_metric': 'd10 @ 85.0 mm c/c', 'rem': ''}
2023-01-27 01:13:59,692 - __main__ - 267 - DEBUG - 




2023-01-27 01:13:59,694 - __main__ - 268 - DEBUG - Printing Design Parameters......................
2023-01-27 01:13:59,697 - __main__ - 269 - DEBUG - fs=27000.0 fc=1200.0
2023-01-27 01:13:59,699 - __main__ - 270 - DEBUG - n=9.28886208634492 k=0.292 j=0.903
2023-01-27 01:13:59,702 - __main__ - 271 - DEBUG - R=158.0 psi
2023-01-27 01:13:59,710 - __main__ - 272 - DEBUG - allowable stress in flexure shear=60.24948132556828
2023-01-27 01:13:59,713 - __main__ - 214 - DEBUG - 




2023-01-27 01:13:59,715 - __main__ - 215 - DEBUG - Initiating Reinforcement Design...................................
2023-01-27 01:13:59,717 - __main__ - 235 - DEBUG - d_design=12.5 t_design=16
2023-01-27 01:13:59,719 - __main__ - 236 - DEBUG - fs=27000.0 j=0.903
2023-01-27 01:13:59,723 - __main__ - 237 - DEBUG - As_calc=0.4 As_min=0.36 As_design=0.4
2023-01-27 01:13:59,726 - __main__ - 167 - DEBUG - 




2023-01-27 01:13:59,730 - __main__ - 168 - DEBUG - As=0.4 Ab=0.12 b=12 n=3.3333333333333335
2023-01-27 01:13:59,732 - __main__ - 169 - DEBUG - spacing before rounding=3.5999999999999996
2023-01-27 01:13:59,734 - __main__ - 170 - DEBUG - spacing After rounding=3.5
2023-01-27 01:13:59,736 - __main__ - 29 - DEBUG - {'t_design_inch': 16, 't_design_metric': 400, 'bar': 'd10', 'As_pvd': 0.41142857142857137, 'As_no': 4, 'rebar_no_text': '4 No d10', 'spacings': 3.5, 'sp_text': 'd10 @ 3.5 inch c/c', 'spacings_metric': 85.0, 'sp_text_metric': 'd10 @ 85.0 mm c/c', 'rem': ''}
2023-01-27 01:13:59,741 - __main__ - 267 - DEBUG - 




2023-01-27 01:13:59,743 - __main__ - 268 - DEBUG - Printing Design Parameters......................
2023-01-27 01:13:59,745 - __main__ - 269 - DEBUG - fs=27000.0 fc=1200.0
2023-01-27 01:13:59,747 - __main__ - 270 - DEBUG - n=9.28886208634492 k=0.292 j=0.903
2023-01-27 01:13:59,749 - __main__ - 271 - DEBUG - R=158.0 psi
2023-01-27 01:13:59,751 - __main__ - 272 - DEBUG - allowable stress in flexure shear=60.24948132556828
2023-01-27 01:13:59,754 - __main__ - 214 - DEBUG - 




2023-01-27 01:13:59,755 - __main__ - 215 - DEBUG - Initiating Reinforcement Design...................................
2023-01-27 01:13:59,757 - __main__ - 235 - DEBUG - d_design=12.5 t_design=16
2023-01-27 01:13:59,758 - __main__ - 236 - DEBUG - fs=27000.0 j=0.903
2023-01-27 01:13:59,760 - __main__ - 237 - DEBUG - As_calc=0.4 As_min=0.36 As_design=0.4
2023-01-27 01:13:59,761 - __main__ - 167 - DEBUG - 




2023-01-27 01:13:59,764 - __main__ - 168 - DEBUG - As=0.4 Ab=0.12 b=12 n=3.3333333333333335
2023-01-27 01:13:59,766 - __main__ - 169 - DEBUG - spacing before rounding=3.5999999999999996
2023-01-27 01:13:59,768 - __main__ - 170 - DEBUG - spacing After rounding=3.5
2023-01-27 01:13:59,772 - __main__ - 29 - DEBUG - {'t_design_inch': 16, 't_design_metric': 400, 'bar': 'd10', 'As_pvd': 0.41142857142857137, 'As_no': 4, 'rebar_no_text': '4 No d10', 'spacings': 3.5, 'sp_text': 'd10 @ 3.5 inch c/c', 'spacings_metric': 85.0, 'sp_text_metric': 'd10 @ 85.0 mm c/c', 'rem': ''}
2023-01-27 01:13:59,777 - __main__ - 267 - DEBUG - 




2023-01-27 01:13:59,780 - __main__ - 268 - DEBUG - Printing Design Parameters......................
2023-01-27 01:13:59,782 - __main__ - 269 - DEBUG - fs=27000.0 fc=1200.0
2023-01-27 01:13:59,784 - __main__ - 270 - DEBUG - n=9.28886208634492 k=0.292 j=0.903
2023-01-27 01:13:59,786 - __main__ - 271 - DEBUG - R=158.0 psi
2023-01-27 01:13:59,790 - __main__ - 272 - DEBUG - allowable stress in flexure shear=60.24948132556828
2023-01-27 01:13:59,792 - __main__ - 214 - DEBUG - 




2023-01-27 01:13:59,795 - __main__ - 215 - DEBUG - Initiating Reinforcement Design...................................
2023-01-27 01:13:59,797 - __main__ - 235 - DEBUG - d_design=12.5 t_design=16
2023-01-27 01:13:59,799 - __main__ - 236 - DEBUG - fs=27000.0 j=0.903
2023-01-27 01:13:59,801 - __main__ - 237 - DEBUG - As_calc=0.4 As_min=0.36 As_design=0.4
2023-01-27 01:13:59,804 - __main__ - 167 - DEBUG - 




2023-01-27 01:13:59,806 - __main__ - 168 - DEBUG - As=0.4 Ab=0.12 b=12 n=3.3333333333333335
2023-01-27 01:13:59,810 - __main__ - 169 - DEBUG - spacing before rounding=3.5999999999999996
2023-01-27 01:13:59,813 - __main__ - 170 - DEBUG - spacing After rounding=3.5
2023-01-27 01:13:59,815 - __main__ - 29 - DEBUG - {'t_design_inch': 16, 't_design_metric': 400, 'bar': 'd10', 'As_pvd': 0.41142857142857137, 'As_no': 4, 'rebar_no_text': '4 No d10', 'spacings': 3.5, 'sp_text': 'd10 @ 3.5 inch c/c', 'spacings_metric': 85.0, 'sp_text_metric': 'd10 @ 85.0 mm c/c', 'rem': ''}
2023-01-27 01:13:59,818 - __main__ - 267 - DEBUG - 




2023-01-27 01:13:59,821 - __main__ - 268 - DEBUG - Printing Design Parameters......................
2023-01-27 01:13:59,824 - __main__ - 269 - DEBUG - fs=27000.0 fc=1200.0
2023-01-27 01:13:59,826 - __main__ - 270 - DEBUG - n=9.28886208634492 k=0.292 j=0.903
2023-01-27 01:13:59,828 - __main__ - 271 - DEBUG - R=158.0 psi
2023-01-27 01:13:59,829 - __main__ - 272 - DEBUG - allowable stress in flexure shear=60.24948132556828
2023-01-27 01:13:59,831 - __main__ - 214 - DEBUG - 




2023-01-27 01:13:59,833 - __main__ - 215 - DEBUG - Initiating Reinforcement Design...................................
2023-01-27 01:13:59,835 - __main__ - 235 - DEBUG - d_design=12.5 t_design=16
2023-01-27 01:13:59,837 - __main__ - 236 - DEBUG - fs=27000.0 j=0.903
2023-01-27 01:13:59,845 - __main__ - 237 - DEBUG - As_calc=0.4 As_min=0.36 As_design=0.4
2023-01-27 01:13:59,847 - __main__ - 167 - DEBUG - 




2023-01-27 01:13:59,849 - __main__ - 168 - DEBUG - As=0.4 Ab=0.12 b=12 n=3.3333333333333335
2023-01-27 01:13:59,852 - __main__ - 169 - DEBUG - spacing before rounding=3.5999999999999996
2023-01-27 01:13:59,855 - __main__ - 170 - DEBUG - spacing After rounding=3.5
2023-01-27 01:13:59,858 - __main__ - 29 - DEBUG - {'t_design_inch': 16, 't_design_metric': 400, 'bar': 'd10', 'As_pvd': 0.41142857142857137, 'As_no': 4, 'rebar_no_text': '4 No d10', 'spacings': 3.5, 'sp_text': 'd10 @ 3.5 inch c/c', 'spacings_metric': 85.0, 'sp_text_metric': 'd10 @ 85.0 mm c/c', 'rem': ''}
2023-01-27 01:13:59,863 - __main__ - 267 - DEBUG - 




2023-01-27 01:13:59,866 - __main__ - 268 - DEBUG - Printing Design Parameters......................
2023-01-27 01:13:59,868 - __main__ - 269 - DEBUG - fs=27000.0 fc=1200.0
2023-01-27 01:13:59,871 - __main__ - 270 - DEBUG - n=9.28886208634492 k=0.292 j=0.903
2023-01-27 01:13:59,874 - __main__ - 271 - DEBUG - R=158.0 psi
2023-01-27 01:13:59,876 - __main__ - 272 - DEBUG - allowable stress in flexure shear=60.24948132556828
2023-01-27 01:13:59,879 - __main__ - 214 - DEBUG - 




2023-01-27 01:13:59,882 - __main__ - 215 - DEBUG - Initiating Reinforcement Design...................................
2023-01-27 01:13:59,884 - __main__ - 235 - DEBUG - d_design=12.5 t_design=16
2023-01-27 01:13:59,886 - __main__ - 236 - DEBUG - fs=27000.0 j=0.903
2023-01-27 01:13:59,888 - __main__ - 237 - DEBUG - As_calc=0.4 As_min=0.36 As_design=0.4
2023-01-27 01:13:59,892 - __main__ - 167 - DEBUG - 




2023-01-27 01:13:59,896 - __main__ - 168 - DEBUG - As=0.4 Ab=0.12 b=12 n=3.3333333333333335
2023-01-27 01:13:59,898 - __main__ - 169 - DEBUG - spacing before rounding=3.5999999999999996
2023-01-27 01:13:59,900 - __main__ - 170 - DEBUG - spacing After rounding=3.5
2023-01-27 01:13:59,902 - __main__ - 29 - DEBUG - {'t_design_inch': 16, 't_design_metric': 400, 'bar': 'd10', 'As_pvd': 0.41142857142857137, 'As_no': 4, 'rebar_no_text': '4 No d10', 'spacings': 3.5, 'sp_text': 'd10 @ 3.5 inch c/c', 'spacings_metric': 85.0, 'sp_text_metric': 'd10 @ 85.0 mm c/c', 'rem': ''}
2023-01-27 01:13:59,907 - __main__ - 267 - DEBUG - 




2023-01-27 01:13:59,909 - __main__ - 268 - DEBUG - Printing Design Parameters......................
2023-01-27 01:13:59,911 - __main__ - 269 - DEBUG - fs=27000.0 fc=1200.0
2023-01-27 01:13:59,914 - __main__ - 270 - DEBUG - n=9.28886208634492 k=0.292 j=0.903
2023-01-27 01:13:59,916 - __main__ - 271 - DEBUG - R=158.0 psi
2023-01-27 01:13:59,918 - __main__ - 272 - DEBUG - allowable stress in flexure shear=60.24948132556828
2023-01-27 01:13:59,920 - __main__ - 214 - DEBUG - 




2023-01-27 01:13:59,923 - __main__ - 215 - DEBUG - Initiating Reinforcement Design...................................
2023-01-27 01:13:59,925 - __main__ - 235 - DEBUG - d_design=12.5 t_design=16
2023-01-27 01:13:59,927 - __main__ - 236 - DEBUG - fs=27000.0 j=0.903
2023-01-27 01:13:59,930 - __main__ - 237 - DEBUG - As_calc=0.4 As_min=0.36 As_design=0.4
2023-01-27 01:13:59,932 - __main__ - 167 - DEBUG - 




2023-01-27 01:13:59,935 - __main__ - 168 - DEBUG - As=0.4 Ab=0.12 b=12 n=3.3333333333333335
2023-01-27 01:13:59,938 - __main__ - 169 - DEBUG - spacing before rounding=3.5999999999999996
2023-01-27 01:13:59,940 - __main__ - 170 - DEBUG - spacing After rounding=3.5
2023-01-27 01:13:59,944 - __main__ - 29 - DEBUG - {'t_design_inch': 16, 't_design_metric': 400, 'bar': 'd10', 'As_pvd': 0.41142857142857137, 'As_no': 4, 'rebar_no_text': '4 No d10', 'spacings': 3.5, 'sp_text': 'd10 @ 3.5 inch c/c', 'spacings_metric': 85.0, 'sp_text_metric': 'd10 @ 85.0 mm c/c', 'rem': ''}
2023-01-27 01:13:59,948 - __main__ - 267 - DEBUG - 




2023-01-27 01:13:59,951 - __main__ - 268 - DEBUG - Printing Design Parameters......................
2023-01-27 01:13:59,953 - __main__ - 269 - DEBUG - fs=27000.0 fc=1200.0
2023-01-27 01:13:59,957 - __main__ - 270 - DEBUG - n=9.28886208634492 k=0.292 j=0.903
2023-01-27 01:13:59,960 - __main__ - 271 - DEBUG - R=158.0 psi
2023-01-27 01:13:59,962 - __main__ - 272 - DEBUG - allowable stress in flexure shear=60.24948132556828
2023-01-27 01:13:59,964 - __main__ - 214 - DEBUG - 




2023-01-27 01:13:59,966 - __main__ - 215 - DEBUG - Initiating Reinforcement Design...................................
2023-01-27 01:13:59,969 - __main__ - 235 - DEBUG - d_design=12.5 t_design=16
2023-01-27 01:13:59,972 - __main__ - 236 - DEBUG - fs=27000.0 j=0.903
2023-01-27 01:13:59,976 - __main__ - 237 - DEBUG - As_calc=0.4 As_min=0.36 As_design=0.4
2023-01-27 01:13:59,978 - __main__ - 167 - DEBUG - 




2023-01-27 01:13:59,979 - __main__ - 168 - DEBUG - As=0.4 Ab=0.12 b=12 n=3.3333333333333335
2023-01-27 01:13:59,982 - __main__ - 169 - DEBUG - spacing before rounding=3.5999999999999996
2023-01-27 01:13:59,984 - __main__ - 170 - DEBUG - spacing After rounding=3.5
2023-01-27 01:13:59,987 - __main__ - 29 - DEBUG - {'t_design_inch': 16, 't_design_metric': 400, 'bar': 'd10', 'As_pvd': 0.41142857142857137, 'As_no': 4, 'rebar_no_text': '4 No d10', 'spacings': 3.5, 'sp_text': 'd10 @ 3.5 inch c/c', 'spacings_metric': 85.0, 'sp_text_metric': 'd10 @ 85.0 mm c/c', 'rem': ''}
2023-01-27 01:13:59,990 - __main__ - 267 - DEBUG - 




2023-01-27 01:13:59,994 - __main__ - 268 - DEBUG - Printing Design Parameters......................
2023-01-27 01:13:59,996 - __main__ - 269 - DEBUG - fs=27000.0 fc=1200.0
2023-01-27 01:13:59,998 - __main__ - 270 - DEBUG - n=9.28886208634492 k=0.292 j=0.903
2023-01-27 01:14:00,000 - __main__ - 271 - DEBUG - R=158.0 psi
2023-01-27 01:14:00,003 - __main__ - 272 - DEBUG - allowable stress in flexure shear=60.24948132556828
2023-01-27 01:14:00,006 - __main__ - 214 - DEBUG - 




2023-01-27 01:14:00,010 - __main__ - 215 - DEBUG - Initiating Reinforcement Design...................................
2023-01-27 01:14:00,014 - __main__ - 235 - DEBUG - d_design=12.5 t_design=16
2023-01-27 01:14:00,016 - __main__ - 236 - DEBUG - fs=27000.0 j=0.903
2023-01-27 01:14:00,018 - __main__ - 237 - DEBUG - As_calc=0.4 As_min=0.36 As_design=0.4
2023-01-27 01:14:00,021 - __main__ - 167 - DEBUG - 




2023-01-27 01:14:00,025 - __main__ - 168 - DEBUG - As=0.4 Ab=0.12 b=12 n=3.3333333333333335
2023-01-27 01:14:00,028 - __main__ - 169 - DEBUG - spacing before rounding=3.5999999999999996
2023-01-27 01:14:00,031 - __main__ - 170 - DEBUG - spacing After rounding=3.5
2023-01-27 01:14:00,034 - __main__ - 29 - DEBUG - {'t_design_inch': 16, 't_design_metric': 400, 'bar': 'd10', 'As_pvd': 0.41142857142857137, 'As_no': 4, 'rebar_no_text': '4 No d10', 'spacings': 3.5, 'sp_text': 'd10 @ 3.5 inch c/c', 'spacings_metric': 85.0, 'sp_text_metric': 'd10 @ 85.0 mm c/c', 'rem': ''}
2023-01-27 01:14:00,037 - __main__ - 267 - DEBUG - 




2023-01-27 01:14:00,039 - __main__ - 268 - DEBUG - Printing Design Parameters......................
2023-01-27 01:14:00,043 - __main__ - 269 - DEBUG - fs=27000.0 fc=1200.0
2023-01-27 01:14:00,046 - __main__ - 270 - DEBUG - n=9.28886208634492 k=0.292 j=0.903
2023-01-27 01:14:00,048 - __main__ - 271 - DEBUG - R=158.0 psi
2023-01-27 01:14:00,050 - __main__ - 272 - DEBUG - allowable stress in flexure shear=60.24948132556828
2023-01-27 01:14:00,053 - __main__ - 214 - DEBUG - 




2023-01-27 01:14:00,081 - __main__ - 215 - DEBUG - Initiating Reinforcement Design...................................
2023-01-27 01:14:00,084 - __main__ - 235 - DEBUG - d_design=12.5 t_design=16
2023-01-27 01:14:00,086 - __main__ - 236 - DEBUG - fs=27000.0 j=0.903
2023-01-27 01:14:00,089 - __main__ - 237 - DEBUG - As_calc=0.4 As_min=0.36 As_design=0.4
2023-01-27 01:14:00,091 - __main__ - 167 - DEBUG - 




2023-01-27 01:14:00,093 - __main__ - 168 - DEBUG - As=0.4 Ab=0.12 b=12 n=3.3333333333333335
2023-01-27 01:14:00,096 - __main__ - 169 - DEBUG - spacing before rounding=3.5999999999999996
2023-01-27 01:14:00,098 - __main__ - 170 - DEBUG - spacing After rounding=3.5
2023-01-27 01:14:00,101 - __main__ - 29 - DEBUG - {'t_design_inch': 16, 't_design_metric': 400, 'bar': 'd10', 'As_pvd': 0.41142857142857137, 'As_no': 4, 'rebar_no_text': '4 No d10', 'spacings': 3.5, 'sp_text': 'd10 @ 3.5 inch c/c', 'spacings_metric': 85.0, 'sp_text_metric': 'd10 @ 85.0 mm c/c', 'rem': ''}
2023-01-27 01:14:00,105 - __main__ - 267 - DEBUG - 




2023-01-27 01:14:00,107 - __main__ - 268 - DEBUG - Printing Design Parameters......................
2023-01-27 01:14:00,110 - __main__ - 269 - DEBUG - fs=27000.0 fc=1200.0
2023-01-27 01:14:00,113 - __main__ - 270 - DEBUG - n=9.28886208634492 k=0.292 j=0.903
2023-01-27 01:14:00,115 - __main__ - 271 - DEBUG - R=158.0 psi
2023-01-27 01:14:00,117 - __main__ - 272 - DEBUG - allowable stress in flexure shear=60.24948132556828
2023-01-27 01:14:00,120 - __main__ - 214 - DEBUG - 




2023-01-27 01:14:00,124 - __main__ - 215 - DEBUG - Initiating Reinforcement Design...................................
2023-01-27 01:14:00,126 - __main__ - 235 - DEBUG - d_design=12.5 t_design=16
2023-01-27 01:14:00,129 - __main__ - 236 - DEBUG - fs=27000.0 j=0.903
2023-01-27 01:14:00,131 - __main__ - 237 - DEBUG - As_calc=0.4 As_min=0.36 As_design=0.4
2023-01-27 01:14:00,134 - __main__ - 167 - DEBUG - 




2023-01-27 01:14:00,136 - __main__ - 168 - DEBUG - As=0.4 Ab=0.12 b=12 n=3.3333333333333335
2023-01-27 01:14:00,139 - __main__ - 169 - DEBUG - spacing before rounding=3.5999999999999996
2023-01-27 01:14:00,141 - __main__ - 170 - DEBUG - spacing After rounding=3.5
2023-01-27 01:14:00,144 - __main__ - 29 - DEBUG - {'t_design_inch': 16, 't_design_metric': 400, 'bar': 'd10', 'As_pvd': 0.41142857142857137, 'As_no': 4, 'rebar_no_text': '4 No d10', 'spacings': 3.5, 'sp_text': 'd10 @ 3.5 inch c/c', 'spacings_metric': 85.0, 'sp_text_metric': 'd10 @ 85.0 mm c/c', 'rem': ''}
2023-01-27 01:14:00,146 - __main__ - 267 - DEBUG - 




2023-01-27 01:14:00,149 - __main__ - 268 - DEBUG - Printing Design Parameters......................
2023-01-27 01:14:00,151 - __main__ - 269 - DEBUG - fs=27000.0 fc=1200.0
2023-01-27 01:14:00,154 - __main__ - 270 - DEBUG - n=9.28886208634492 k=0.292 j=0.903
2023-01-27 01:14:00,157 - __main__ - 271 - DEBUG - R=158.0 psi
2023-01-27 01:14:00,159 - __main__ - 272 - DEBUG - allowable stress in flexure shear=60.24948132556828
2023-01-27 01:14:00,161 - __main__ - 214 - DEBUG - 




2023-01-27 01:14:00,164 - __main__ - 215 - DEBUG - Initiating Reinforcement Design...................................
2023-01-27 01:14:00,166 - __main__ - 235 - DEBUG - d_design=12.5 t_design=16
2023-01-27 01:14:00,169 - __main__ - 236 - DEBUG - fs=27000.0 j=0.903
2023-01-27 01:14:00,172 - __main__ - 237 - DEBUG - As_calc=0.4 As_min=0.36 As_design=0.4
2023-01-27 01:14:00,176 - __main__ - 167 - DEBUG - 




2023-01-27 01:14:00,178 - __main__ - 168 - DEBUG - As=0.4 Ab=0.12 b=12 n=3.3333333333333335
2023-01-27 01:14:00,181 - __main__ - 169 - DEBUG - spacing before rounding=3.5999999999999996
2023-01-27 01:14:00,183 - __main__ - 170 - DEBUG - spacing After rounding=3.5
2023-01-27 01:14:00,185 - __main__ - 29 - DEBUG - {'t_design_inch': 16, 't_design_metric': 400, 'bar': 'd10', 'As_pvd': 0.41142857142857137, 'As_no': 4, 'rebar_no_text': '4 No d10', 'spacings': 3.5, 'sp_text': 'd10 @ 3.5 inch c/c', 'spacings_metric': 85.0, 'sp_text_metric': 'd10 @ 85.0 mm c/c', 'rem': ''}
2023-01-27 01:14:00,191 - __main__ - 267 - DEBUG - 




2023-01-27 01:14:00,193 - __main__ - 268 - DEBUG - Printing Design Parameters......................
2023-01-27 01:14:00,197 - __main__ - 269 - DEBUG - fs=27000.0 fc=1200.0
2023-01-27 01:14:00,200 - __main__ - 270 - DEBUG - n=9.28886208634492 k=0.292 j=0.903
2023-01-27 01:14:00,202 - __main__ - 271 - DEBUG - R=158.0 psi
2023-01-27 01:14:00,205 - __main__ - 272 - DEBUG - allowable stress in flexure shear=60.24948132556828
2023-01-27 01:14:00,207 - __main__ - 214 - DEBUG - 




2023-01-27 01:14:00,212 - __main__ - 215 - DEBUG - Initiating Reinforcement Design...................................
2023-01-27 01:14:00,215 - __main__ - 235 - DEBUG - d_design=12.5 t_design=16
2023-01-27 01:14:00,217 - __main__ - 236 - DEBUG - fs=27000.0 j=0.903
2023-01-27 01:14:00,220 - __main__ - 237 - DEBUG - As_calc=0.4 As_min=0.36 As_design=0.4
2023-01-27 01:14:00,224 - __main__ - 167 - DEBUG - 




2023-01-27 01:14:00,227 - __main__ - 168 - DEBUG - As=0.4 Ab=0.12 b=12 n=3.3333333333333335
2023-01-27 01:14:00,229 - __main__ - 169 - DEBUG - spacing before rounding=3.5999999999999996
2023-01-27 01:14:00,232 - __main__ - 170 - DEBUG - spacing After rounding=3.5
2023-01-27 01:14:00,234 - __main__ - 29 - DEBUG - {'t_design_inch': 16, 't_design_metric': 400, 'bar': 'd10', 'As_pvd': 0.41142857142857137, 'As_no': 4, 'rebar_no_text': '4 No d10', 'spacings': 3.5, 'sp_text': 'd10 @ 3.5 inch c/c', 'spacings_metric': 85.0, 'sp_text_metric': 'd10 @ 85.0 mm c/c', 'rem': ''}
2023-01-27 01:14:00,241 - __main__ - 267 - DEBUG - 




2023-01-27 01:14:00,243 - __main__ - 268 - DEBUG - Printing Design Parameters......................
2023-01-27 01:14:00,245 - __main__ - 269 - DEBUG - fs=27000.0 fc=1200.0
2023-01-27 01:14:00,248 - __main__ - 270 - DEBUG - n=9.28886208634492 k=0.292 j=0.903
2023-01-27 01:14:00,250 - __main__ - 271 - DEBUG - R=158.0 psi
2023-01-27 01:14:00,254 - __main__ - 272 - DEBUG - allowable stress in flexure shear=60.24948132556828
2023-01-27 01:14:00,258 - __main__ - 214 - DEBUG - 




2023-01-27 01:14:00,264 - __main__ - 215 - DEBUG - Initiating Reinforcement Design...................................
2023-01-27 01:14:00,266 - __main__ - 235 - DEBUG - d_design=12.5 t_design=16
2023-01-27 01:14:00,269 - __main__ - 236 - DEBUG - fs=27000.0 j=0.903
2023-01-27 01:14:00,274 - __main__ - 237 - DEBUG - As_calc=0.4 As_min=0.36 As_design=0.4
2023-01-27 01:14:00,276 - __main__ - 167 - DEBUG - 




2023-01-27 01:14:00,279 - __main__ - 168 - DEBUG - As=0.4 Ab=0.12 b=12 n=3.3333333333333335
2023-01-27 01:14:00,281 - __main__ - 169 - DEBUG - spacing before rounding=3.5999999999999996
2023-01-27 01:14:00,282 - __main__ - 170 - DEBUG - spacing After rounding=3.5
2023-01-27 01:14:00,284 - __main__ - 29 - DEBUG - {'t_design_inch': 16, 't_design_metric': 400, 'bar': 'd10', 'As_pvd': 0.41142857142857137, 'As_no': 4, 'rebar_no_text': '4 No d10', 'spacings': 3.5, 'sp_text': 'd10 @ 3.5 inch c/c', 'spacings_metric': 85.0, 'sp_text_metric': 'd10 @ 85.0 mm c/c', 'rem': ''}
2023-01-27 01:14:00,291 - __main__ - 267 - DEBUG - 




2023-01-27 01:14:00,295 - __main__ - 268 - DEBUG - Printing Design Parameters......................
2023-01-27 01:14:00,297 - __main__ - 269 - DEBUG - fs=27000.0 fc=1200.0
2023-01-27 01:14:00,299 - __main__ - 270 - DEBUG - n=9.28886208634492 k=0.292 j=0.903
2023-01-27 01:14:00,301 - __main__ - 271 - DEBUG - R=158.0 psi
2023-01-27 01:14:00,306 - __main__ - 272 - DEBUG - allowable stress in flexure shear=60.24948132556828
2023-01-27 01:14:00,310 - __main__ - 214 - DEBUG - 




2023-01-27 01:14:00,312 - __main__ - 215 - DEBUG - Initiating Reinforcement Design...................................
2023-01-27 01:14:00,314 - __main__ - 235 - DEBUG - d_design=12.5 t_design=16
2023-01-27 01:14:00,316 - __main__ - 236 - DEBUG - fs=27000.0 j=0.903
2023-01-27 01:14:00,319 - __main__ - 237 - DEBUG - As_calc=0.4 As_min=0.36 As_design=0.4
2023-01-27 01:14:00,323 - __main__ - 167 - DEBUG - 




2023-01-27 01:14:00,327 - __main__ - 168 - DEBUG - As=0.4 Ab=0.12 b=12 n=3.3333333333333335
2023-01-27 01:14:00,329 - __main__ - 169 - DEBUG - spacing before rounding=3.5999999999999996
2023-01-27 01:14:00,331 - __main__ - 170 - DEBUG - spacing After rounding=3.5
2023-01-27 01:14:00,333 - __main__ - 29 - DEBUG - {'t_design_inch': 16, 't_design_metric': 400, 'bar': 'd10', 'As_pvd': 0.41142857142857137, 'As_no': 4, 'rebar_no_text': '4 No d10', 'spacings': 3.5, 'sp_text': 'd10 @ 3.5 inch c/c', 'spacings_metric': 85.0, 'sp_text_metric': 'd10 @ 85.0 mm c/c', 'rem': ''}
2023-01-27 01:14:00,338 - __main__ - 267 - DEBUG - 




2023-01-27 01:14:00,342 - __main__ - 268 - DEBUG - Printing Design Parameters......................
2023-01-27 01:14:00,344 - __main__ - 269 - DEBUG - fs=27000.0 fc=1200.0
2023-01-27 01:14:00,346 - __main__ - 270 - DEBUG - n=9.28886208634492 k=0.292 j=0.903
2023-01-27 01:14:00,349 - __main__ - 271 - DEBUG - R=158.0 psi
2023-01-27 01:14:00,351 - __main__ - 272 - DEBUG - allowable stress in flexure shear=60.24948132556828
2023-01-27 01:14:00,356 - __main__ - 214 - DEBUG - 




2023-01-27 01:14:00,359 - __main__ - 215 - DEBUG - Initiating Reinforcement Design...................................
2023-01-27 01:14:00,361 - __main__ - 113 - DEBUG - 




2023-01-27 01:14:00,364 - __main__ - 114 - DEBUG - Designing Thicknes........................................
2023-01-27 01:14:00,366 - __main__ - 115 - DEBUG - t_provided=15 deduction=3.5 d_provided=11.5
2023-01-27 01:14:00,369 - __main__ - 235 - DEBUG - d_design=11.5 t_design=15.0
2023-01-27 01:14:00,374 - __main__ - 236 - DEBUG - fs=27000.0 j=0.903
2023-01-27 01:14:00,377 - __main__ - 237 - DEBUG - As_calc=0.4 As_min=0.36 As_design=0.4
2023-01-27 01:14:00,379 - __main__ - 167 - DEBUG - 




2023-01-27 01:14:00,382 - __main__ - 168 - DEBUG - As=0.4 Ab=0.31 b=12 n=1.2903225806451615
2023-01-27 01:14:00,384 - __main__ - 169 - DEBUG - spacing before rounding=9.299999999999999
2023-01-27 01:14:00,388 - __main__ - 170 - DEBUG - spacing After rounding=9.0
2023-01-27 01:14:00,392 - __main__ - 29 - DEBUG - {'t_design_inch': 15.0, 't_design_metric': 375.0, 'bar': 'd16', 'As_pvd': 0.41333333333333333, 'As_no': 2, 'rebar_no_text': '2 No d16', 'spacings': 9.0, 'sp_text': 'd16 @ 9.0 inch c/c', 'spacings_metric': 225.0, 'sp_text_metric': 'd16 @ 225.0 mm c/c', 'rem': ''}
2023-01-27 01:14:00,396 - __main__ - 267 - DEBUG - 




2023-01-27 01:14:00,398 - __main__ - 268 - DEBUG - Printing Design Parameters......................
2023-01-27 01:14:00,401 - __main__ - 269 - DEBUG - fs=27000.0 fc=1200.0
2023-01-27 01:14:00,403 - __main__ - 270 - DEBUG - n=9.28886208634492 k=0.292 j=0.903
2023-01-27 01:14:00,408 - __main__ - 271 - DEBUG - R=158.0 psi
2023-01-27 01:14:00,410 - __main__ - 272 - DEBUG - allowable stress in flexure shear=60.24948132556828
2023-01-27 01:14:00,413 - __main__ - 214 - DEBUG - 




2023-01-27 01:14:00,415 - __main__ - 215 - DEBUG - Initiating Reinforcement Design...................................
2023-01-27 01:14:00,417 - __main__ - 113 - DEBUG - 




2023-01-27 01:14:00,420 - __main__ - 114 - DEBUG - Designing Thicknes........................................
2023-01-27 01:14:00,424 - __main__ - 115 - DEBUG - t_provided=15 deduction=3.5 d_provided=11.5
2023-01-27 01:14:00,426 - __main__ - 235 - DEBUG - d_design=11.5 t_design=15.0
2023-01-27 01:14:00,429 - __main__ - 236 - DEBUG - fs=27000.0 j=0.903
2023-01-27 01:14:00,432 - __main__ - 237 - DEBUG - As_calc=0.2 As_min=0.36 As_design=0.36
2023-01-27 01:14:00,442 - __main__ - 167 - DEBUG - 




2023-01-27 01:14:00,444 - __main__ - 168 - DEBUG - As=0.36 Ab=0.31 b=12 n=1.161290322580645
2023-01-27 01:14:00,447 - __main__ - 169 - DEBUG - spacing before rounding=10.333333333333334
2023-01-27 01:14:00,452 - __main__ - 170 - DEBUG - spacing After rounding=10.0
2023-01-27 01:14:00,457 - __main__ - 29 - DEBUG - {'t_design_inch': 15.0, 't_design_metric': 375.0, 'bar': 'd16', 'As_pvd': 0.372, 'As_no': 2, 'rebar_no_text': '2 No d16', 'spacings': 10.0, 'sp_text': 'd16 @ 10.0 inch c/c', 'spacings_metric': 250.0, 'sp_text_metric': 'd16 @ 250.0 mm c/c', 'rem': ''}
2023-01-27 01:14:00,460 - __main__ - 267 - DEBUG - 




2023-01-27 01:14:00,462 - __main__ - 268 - DEBUG - Printing Design Parameters......................
2023-01-27 01:14:00,464 - __main__ - 269 - DEBUG - fs=27000.0 fc=1200.0
2023-01-27 01:14:00,467 - __main__ - 270 - DEBUG - n=9.28886208634492 k=0.292 j=0.903
2023-01-27 01:14:00,468 - __main__ - 271 - DEBUG - R=158.0 psi
2023-01-27 01:14:00,472 - __main__ - 272 - DEBUG - allowable stress in flexure shear=60.24948132556828
2023-01-27 01:14:00,475 - __main__ - 214 - DEBUG - 




2023-01-27 01:14:00,477 - __main__ - 215 - DEBUG - Initiating Reinforcement Design...................................
2023-01-27 01:14:00,479 - __main__ - 113 - DEBUG - 




2023-01-27 01:14:00,481 - __main__ - 114 - DEBUG - Designing Thicknes........................................
2023-01-27 01:14:00,483 - __main__ - 115 - DEBUG - t_provided=24 deduction=3.5 d_provided=20.5
2023-01-27 01:14:00,485 - __main__ - 235 - DEBUG - d_design=20.5 t_design=24.0
2023-01-27 01:14:00,487 - __main__ - 236 - DEBUG - fs=27000.0 j=0.903
2023-01-27 01:14:00,490 - __main__ - 237 - DEBUG - As_calc=0.1 As_min=0.36 As_design=0.36
2023-01-27 01:14:00,493 - __main__ - 167 - DEBUG - 




2023-01-27 01:14:00,495 - __main__ - 168 - DEBUG - As=0.36 Ab=0.31 b=12 n=1.161290322580645
2023-01-27 01:14:00,497 - __main__ - 169 - DEBUG - spacing before rounding=10.333333333333334
2023-01-27 01:14:00,500 - __main__ - 170 - DEBUG - spacing After rounding=10.0
2023-01-27 01:14:00,502 - __main__ - 29 - DEBUG - {'t_design_inch': 24.0, 't_design_metric': 600.0, 'bar': 'd16', 'As_pvd': 0.372, 'As_no': 2, 'rebar_no_text': '2 No d16', 'spacings': 10.0, 'sp_text': 'd16 @ 10.0 inch c/c', 'spacings_metric': 250.0, 'sp_text_metric': 'd16 @ 250.0 mm c/c', 'rem': ''}
2023-01-27 01:14:00,506 - __main__ - 267 - DEBUG - 




2023-01-27 01:14:00,508 - __main__ - 268 - DEBUG - Printing Design Parameters......................
2023-01-27 01:14:00,510 - __main__ - 269 - DEBUG - fs=27000.0 fc=1200.0
2023-01-27 01:14:00,512 - __main__ - 270 - DEBUG - n=9.28886208634492 k=0.292 j=0.903
2023-01-27 01:14:00,513 - __main__ - 271 - DEBUG - R=158.0 psi
2023-01-27 01:14:00,515 - __main__ - 272 - DEBUG - allowable stress in flexure shear=60.24948132556828
2023-01-27 01:14:00,516 - __main__ - 214 - DEBUG - 




2023-01-27 01:14:00,518 - __main__ - 215 - DEBUG - Initiating Reinforcement Design...................................
2023-01-27 01:14:00,521 - __main__ - 113 - DEBUG - 




2023-01-27 01:14:00,522 - __main__ - 114 - DEBUG - Designing Thicknes........................................
2023-01-27 01:14:00,524 - __main__ - 115 - DEBUG - t_provided=18 deduction=3.5 d_provided=14.5
2023-01-27 01:14:00,525 - __main__ - 235 - DEBUG - d_design=14.5 t_design=18.0
2023-01-27 01:14:00,526 - __main__ - 236 - DEBUG - fs=27000.0 j=0.903
2023-01-27 01:14:00,528 - __main__ - 237 - DEBUG - As_calc=0.15000000000000002 As_min=0.36 As_design=0.36
2023-01-27 01:14:00,530 - __main__ - 167 - DEBUG - 




2023-01-27 01:14:00,531 - __main__ - 168 - DEBUG - As=0.36 Ab=0.31 b=12 n=1.161290322580645
2023-01-27 01:14:00,533 - __main__ - 169 - DEBUG - spacing before rounding=10.333333333333334
2023-01-27 01:14:00,535 - __main__ - 170 - DEBUG - spacing After rounding=10.0
2023-01-27 01:14:00,536 - __main__ - 29 - DEBUG - {'t_design_inch': 18.0, 't_design_metric': 450.0, 'bar': 'd16', 'As_pvd': 0.372, 'As_no': 2, 'rebar_no_text': '2 No d16', 'spacings': 10.0, 'sp_text': 'd16 @ 10.0 inch c/c', 'spacings_metric': 250.0, 'sp_text_metric': 'd16 @ 250.0 mm c/c', 'rem': ''}
2023-01-27 01:14:00,539 - __main__ - 267 - DEBUG - 




2023-01-27 01:14:00,540 - __main__ - 268 - DEBUG - Printing Design Parameters......................
2023-01-27 01:14:00,542 - __main__ - 269 - DEBUG - fs=27000.0 fc=1200.0
2023-01-27 01:14:00,544 - __main__ - 270 - DEBUG - n=9.28886208634492 k=0.292 j=0.903
2023-01-27 01:14:00,545 - __main__ - 271 - DEBUG - R=158.0 psi
2023-01-27 01:14:00,547 - __main__ - 272 - DEBUG - allowable stress in flexure shear=60.24948132556828
2023-01-27 01:14:00,548 - __main__ - 214 - DEBUG - 




2023-01-27 01:14:00,550 - __main__ - 215 - DEBUG - Initiating Reinforcement Design...................................
2023-01-27 01:14:00,552 - __main__ - 235 - DEBUG - d_design=12.5 t_design=16
2023-01-27 01:14:00,561 - __main__ - 236 - DEBUG - fs=27000.0 j=0.903
2023-01-27 01:14:00,563 - __main__ - 237 - DEBUG - As_calc=0.4 As_min=0.36 As_design=0.4
2023-01-27 01:14:00,565 - __main__ - 167 - DEBUG - 




2023-01-27 01:14:00,567 - __main__ - 168 - DEBUG - As=0.4 Ab=0.12 b=12 n=3.3333333333333335
2023-01-27 01:14:00,569 - __main__ - 169 - DEBUG - spacing before rounding=3.5999999999999996
2023-01-27 01:14:00,570 - __main__ - 170 - DEBUG - spacing After rounding=3.5
2023-01-27 01:14:00,572 - __main__ - 29 - DEBUG - {'t_design_inch': 16, 't_design_metric': 400, 'bar': 'd10', 'As_pvd': 0.41142857142857137, 'As_no': 4, 'rebar_no_text': '4 No d10', 'spacings': 3.5, 'sp_text': 'd10 @ 3.5 inch c/c', 'spacings_metric': 85.0, 'sp_text_metric': 'd10 @ 85.0 mm c/c', 'rem': ''}
2023-01-27 01:14:00,575 - __main__ - 267 - DEBUG - 




2023-01-27 01:14:00,577 - __main__ - 268 - DEBUG - Printing Design Parameters......................
2023-01-27 01:14:00,579 - __main__ - 269 - DEBUG - fs=27000.0 fc=1200.0
2023-01-27 01:14:00,581 - __main__ - 270 - DEBUG - n=9.28886208634492 k=0.292 j=0.903
2023-01-27 01:14:00,583 - __main__ - 271 - DEBUG - R=158.0 psi
2023-01-27 01:14:00,584 - __main__ - 272 - DEBUG - allowable stress in flexure shear=60.24948132556828
2023-01-27 01:14:00,586 - __main__ - 214 - DEBUG - 




2023-01-27 01:14:00,588 - __main__ - 215 - DEBUG - Initiating Reinforcement Design...................................
2023-01-27 01:14:00,591 - __main__ - 235 - DEBUG - d_design=12.5 t_design=16
2023-01-27 01:14:00,593 - __main__ - 236 - DEBUG - fs=27000.0 j=0.903
2023-01-27 01:14:00,594 - __main__ - 237 - DEBUG - As_calc=0.4 As_min=0.36 As_design=0.4
2023-01-27 01:14:00,595 - __main__ - 167 - DEBUG - 




2023-01-27 01:14:00,597 - __main__ - 168 - DEBUG - As=0.4 Ab=0.12 b=12 n=3.3333333333333335
2023-01-27 01:14:00,599 - __main__ - 169 - DEBUG - spacing before rounding=3.5999999999999996
2023-01-27 01:14:00,601 - __main__ - 170 - DEBUG - spacing After rounding=3.5
2023-01-27 01:14:00,603 - __main__ - 29 - DEBUG - {'t_design_inch': 16, 't_design_metric': 400, 'bar': 'd10', 'As_pvd': 0.41142857142857137, 'As_no': 4, 'rebar_no_text': '4 No d10', 'spacings': 3.5, 'sp_text': 'd10 @ 3.5 inch c/c', 'spacings_metric': 85.0, 'sp_text_metric': 'd10 @ 85.0 mm c/c', 'rem': ''}
2023-01-27 01:14:00,606 - __main__ - 267 - DEBUG - 




2023-01-27 01:14:00,608 - __main__ - 268 - DEBUG - Printing Design Parameters......................
2023-01-27 01:14:00,609 - __main__ - 269 - DEBUG - fs=27000.0 fc=1200.0
2023-01-27 01:14:00,611 - __main__ - 270 - DEBUG - n=9.28886208634492 k=0.292 j=0.903
2023-01-27 01:14:00,613 - __main__ - 271 - DEBUG - R=158.0 psi
2023-01-27 01:14:00,615 - __main__ - 272 - DEBUG - allowable stress in flexure shear=60.24948132556828
2023-01-27 01:14:00,617 - __main__ - 214 - DEBUG - 




2023-01-27 01:14:00,618 - __main__ - 215 - DEBUG - Initiating Reinforcement Design...................................
2023-01-27 01:14:00,620 - __main__ - 235 - DEBUG - d_design=12.5 t_design=16
2023-01-27 01:14:00,623 - __main__ - 236 - DEBUG - fs=27000.0 j=0.903
2023-01-27 01:14:00,624 - __main__ - 237 - DEBUG - As_calc=0.4 As_min=0.36 As_design=0.4
2023-01-27 01:14:00,626 - __main__ - 167 - DEBUG - 




2023-01-27 01:14:00,627 - __main__ - 168 - DEBUG - As=0.4 Ab=0.12 b=12 n=3.3333333333333335
2023-01-27 01:14:00,630 - __main__ - 169 - DEBUG - spacing before rounding=3.5999999999999996
2023-01-27 01:14:00,631 - __main__ - 170 - DEBUG - spacing After rounding=3.5
2023-01-27 01:14:00,633 - __main__ - 29 - DEBUG - {'t_design_inch': 16, 't_design_metric': 400, 'bar': 'd10', 'As_pvd': 0.41142857142857137, 'As_no': 4, 'rebar_no_text': '4 No d10', 'spacings': 3.5, 'sp_text': 'd10 @ 3.5 inch c/c', 'spacings_metric': 85.0, 'sp_text_metric': 'd10 @ 85.0 mm c/c', 'rem': ''}
2023-01-27 01:14:00,635 - __main__ - 267 - DEBUG - 




2023-01-27 01:14:00,639 - __main__ - 268 - DEBUG - Printing Design Parameters......................
2023-01-27 01:14:00,641 - __main__ - 269 - DEBUG - fs=27000.0 fc=1200.0
2023-01-27 01:14:00,643 - __main__ - 270 - DEBUG - n=9.28886208634492 k=0.292 j=0.903
2023-01-27 01:14:00,644 - __main__ - 271 - DEBUG - R=158.0 psi
2023-01-27 01:14:00,647 - __main__ - 272 - DEBUG - allowable stress in flexure shear=60.24948132556828
2023-01-27 01:14:00,648 - __main__ - 214 - DEBUG - 




2023-01-27 01:14:00,650 - __main__ - 215 - DEBUG - Initiating Reinforcement Design...................................
2023-01-27 01:14:00,652 - __main__ - 113 - DEBUG - 




2023-01-27 01:14:00,654 - __main__ - 114 - DEBUG - Designing Thicknes........................................
2023-01-27 01:14:00,655 - __main__ - 115 - DEBUG - t_provided=40 deduction=3.5 d_provided=36.5
2023-01-27 01:14:00,657 - __main__ - 235 - DEBUG - d_design=36.5 t_design=40.0
2023-01-27 01:14:00,658 - __main__ - 236 - DEBUG - fs=27000.0 j=0.903
2023-01-27 01:14:00,660 - __main__ - 237 - DEBUG - As_calc=2.4000000000000004 As_min=0.36 As_design=2.4000000000000004
2023-01-27 01:14:00,662 - __main__ - 167 - DEBUG - 




2023-01-27 01:14:00,664 - __main__ - 168 - DEBUG - As=2.4000000000000004 Ab=0.31 b=12 n=7.741935483870969
2023-01-27 01:14:00,665 - __main__ - 169 - DEBUG - spacing before rounding=1.5499999999999998
2023-01-27 01:14:00,667 - __main__ - 170 - DEBUG - spacing After rounding=1.5
2023-01-27 01:14:00,668 - __main__ - 180 - DEBUG - current=d16 next=d19 smin=3.0
2023-01-27 01:14:00,672 - __main__ - 180 - DEBUG - current=d19 next=d22 smin=3.5
2023-01-27 01:14:00,673 - __main__ - 180 - DEBUG - current=d22 next=d25 smin=3.5
2023-01-27 01:14:00,675 - __main__ - 180 - DEBUG - current=d25 next=d28 smin=3.5
2023-01-27 01:14:00,676 - __main__ - 180 - DEBUG - current=d28 next=d32 smin=3.5
2023-01-27 01:17:46,238 - __main__ - 113 - DEBUG - 




2023-01-27 01:17:46,241 - __main__ - 114 - DEBUG - Designing Thicknes........................................
2023-01-27 01:17:46,243 - __main__ - 115 - DEBUG - t_provided=24 deduction=3.4 d_provided=20.6
2023-01-27 01:17:46,246 - __main__ - 214 - DEBUG - 




2023-01-27 01:17:46,249 - __main__ - 215 - DEBUG - Initiating Reinforcement Design...................................
2023-01-27 01:17:46,251 - __main__ - 113 - DEBUG - 




2023-01-27 01:17:46,254 - __main__ - 114 - DEBUG - Designing Thicknes........................................
2023-01-27 01:17:46,256 - __main__ - 115 - DEBUG - t_provided=24 deduction=3.4 d_provided=20.6
2023-01-27 01:17:46,258 - __main__ - 235 - DEBUG - d_design=33.25 t_design=36.65
2023-01-27 01:17:46,261 - __main__ - 236 - DEBUG - fs=27000.0 j=0.903
2023-01-27 01:17:46,262 - __main__ - 237 - DEBUG - As_calc=2.6 As_min=0.36 As_design=2.6
2023-01-27 01:17:46,264 - __main__ - 167 - DEBUG - 




2023-01-27 01:17:46,265 - __main__ - 168 - DEBUG - As=2.6 Ab=0.31 b=12 n=8.387096774193548
2023-01-27 01:17:46,267 - __main__ - 169 - DEBUG - spacing before rounding=1.4307692307692308
2023-01-27 01:17:46,268 - __main__ - 170 - DEBUG - spacing After rounding=1.0
2023-01-27 01:17:46,270 - __main__ - 180 - DEBUG - current=d16 next=d19 smin=3.0
2023-01-27 01:17:46,271 - __main__ - 180 - DEBUG - current=d19 next=d22 smin=3.5
2023-01-27 01:17:46,273 - __main__ - 180 - DEBUG - current=d22 next=d25 smin=3.5
2023-01-27 01:17:46,274 - __main__ - 180 - DEBUG - current=d25 next=d28 smin=3.5
2023-01-27 01:17:46,274 - __main__ - 180 - DEBUG - current=d28 next=d32 smin=3.5
