2023-01-26 22:15:23,543 - __main__ - 10 - DEBUG - This is a warning message
2023-01-26 22:15:24,330 - __main__ - 5 - DEBUG - sucesfully initiated Uframe object building...................
2023-01-26 22:15:24,345 - __main__ - 6 - DEBUG - passed parameters.................
2023-01-26 22:15:24,345 - __main__ - 7 - DEBUG - heights=[25.62, 10.0368, 15.58, 5.576]
2023-01-26 22:15:24,345 - __main__ - 8 - DEBUG - thickness=[1.0, 2.67, 2.67]
2023-01-26 22:15:24,345 - __main__ - 476 - DEBUG - All units are in feet
2023-01-26 22:15:24,345 - __main__ - 477 - DEBUG - h=25.62 h1=10.0368 h2=15.58 h3=5.576
2023-01-26 22:15:24,361 - __main__ - 478 - DEBUG - t1=1.0 t2=2.67 t3=1.67 t4=1.0155581576893051 t5=2.67
2023-01-26 22:15:24,361 - __main__ - 479 - DEBUG - B=39.36
2023-01-26 22:15:24,367 - __main__ - 480 - DEBUG - 




2023-01-26 22:15:24,367 - __main__ - 487 - DEBUG - All units are in lb/cft
2023-01-26 22:15:24,367 - __main__ - 488 - DEBUG - gamma_c=150
2023-01-26 22:15:24,367 - __main__ - 489 - DEBUG - gamma_s_m=110
2023-01-26 22:15:24,367 - __main__ - 490 - DEBUG - gamma_s_sat=120
2023-01-26 22:15:24,367 - __main__ - 491 - DEBUG - gamma_w=62.4
2023-01-26 22:15:24,383 - __main__ - 492 - DEBUG - 




2023-01-26 22:15:24,383 - __main__ - 499 - DEBUG - All units are in lb
2023-01-26 22:15:24,383 - __main__ - 500 - DEBUG - Dead Load of wingwall WW=7051.024199999999
2023-01-26 22:15:24,383 - __main__ - 501 - DEBUG - Soil Behind Wingwall S=1938.1775640281028
2023-01-26 22:15:24,398 - __main__ - 502 - DEBUG - Dead Load of Appron A=7881.84
2023-01-26 22:15:24,398 - __main__ - 503 - DEBUG - Weight of Water W=5918.5002239999985
2023-01-26 22:15:24,398 - __main__ - 504 - DEBUG - uplift U=19132.738559999998
2023-01-26 22:15:24,398 - __main__ - 505 - DEBUG - Foundation Pressure F=3656.8034280281026
2023-01-26 22:15:24,398 - __main__ - 506 - DEBUG - 




2023-01-26 22:15:24,398 - __main__ - 513 - DEBUG - All units are in lb
2023-01-26 22:15:24,414 - __main__ - 514 - DEBUG - P1=2714.8716967679998
2023-01-26 22:15:24,414 - __main__ - 515 - DEBUG - P2=8428.5232416
2023-01-26 22:15:24,414 - __main__ - 516 - DEBUG - P3=10998.8717568
2023-01-26 22:15:24,414 - __main__ - 517 - DEBUG - P4=970.0634111999998
2023-01-26 22:15:24,414 - __main__ - 518 - DEBUG - P1+P2+P3=22142.266695168
2023-01-26 22:15:24,414 - __main__ - 519 - DEBUG - 




2023-01-26 22:15:24,430 - __main__ - 612 - DEBUG - All units are in lb and lb-ft
2023-01-26 22:15:24,430 - __main__ - 613 - DEBUG -            Description Load Case         F         P       Mend        Mcl
0  During Construction         A  14932.86      0.00       0.00   59968.96
1   After Construction         B  16871.04  17689.56  151068.84  -74615.68
2     During Operation         C   3656.80  21172.20  172356.55 -103804.59
3   During Maintenance         D  -2261.70  22142.27  174159.58  -97706.42
2023-01-26 22:15:24,445 - __main__ - 614 - DEBUG - 




2023-01-26 22:15:24,445 - __main__ - 561 - DEBUG - Checking moment calcualtion Case C................
2023-01-26 22:15:24,445 - __main__ - 562 - DEBUG - Checking End moment....................
2023-01-26 22:15:24,445 - __main__ - 563 - DEBUG - P1=2714.8716967679998 P2=8428.5232416 P3=10998.8717568 P4=970.0634111999998
2023-01-26 22:15:24,445 - __main__ - 564 - DEBUG - h1=10.0368 h2=15.58 h3=5.576 h=25.62
2023-01-26 22:15:24,445 - __main__ - 565 - DEBUG - M1=51380.575784352455 M2=65658.196052064 M3=57120.807323648 M4=1803.0245269503994 Mend=172356.55463311405
2023-01-26 22:15:24,445 - __main__ - 566 - DEBUG - 


2023-01-26 22:15:24,445 - __main__ - 567 - DEBUG - Checking Appron moment at Center.................
2023-01-26 22:15:24,445 - __main__ - 568 - DEBUG - WW+S=8989.201764028101
2023-01-26 22:15:24,445 - __main__ - 569 - DEBUG - M1=76453.161003059 M2=7901.197799039998 M3=172356.55463311405 Mcl=-103804.59142909506
2023-01-26 22:15:24,461 - __main__ - 570 - DEBUG - 




2023-01-26 22:15:24,461 - __main__ - 600 - DEBUG - Checking Weight Calcualtions...............
2023-01-26 22:15:24,461 - __main__ - 601 - DEBUG - h1+h2=25.616799999999998 t1+t2=3.67 gamma_c=150 WW=7051.024199999999
2023-01-26 22:15:24,467 - __main__ - 602 - DEBUG - S=2431.836322248243
2023-01-26 22:15:24,467 - __main__ - 603 - DEBUG - W=5918.5002239999985
2023-01-26 22:15:24,483 - __main__ - 4 - DEBUG - 




2023-01-26 22:15:24,483 - __main__ - 5 - DEBUG - Writing Design Moments........................................
2023-01-26 22:15:24,483 - __main__ - 6 - DEBUG -            Description Load Case         F         P       Mend        Mcl
0  During Construction         A  14932.86      0.00       0.00   59968.96
1   After Construction         B  16871.04  17689.56  151068.84  -74615.68
2     During Operation         C   3656.80  21172.20  172356.55 -103804.59
3   During Maintenance         D  -2261.70  22142.27  174159.58  -97706.42
