2022-07-26 20:18:33,604 Calcualting y0............
2022-07-26 20:18:33,604 x=[  0.    78.72 157.44 236.16 314.88 393.6  472.32 551.04 629.76 708.48
 787.2 ]
2022-07-26 20:18:33,604 k=2.2924316695611777
2022-07-26 20:18:33,604 z=[0.0, 0.09999999999999999, 0.19999999999999998, 0.3, 0.39999999999999997, 0.5, 0.6, 0.7, 0.7999999999999999, 0.9, 1.0]
2022-07-26 20:18:33,604 kz=[0.0, 0.22924316695611777, 0.45848633391223553, 0.6877295008683533, 0.9169726678244711, 1.1462158347805889, 1.3754590017367065, 1.6047021686928242, 1.8339453356489421, 2.06318850260506, 2.2924316695611777]
2022-07-26 20:18:33,604 y0=[0.0, 1.558153558418946, 6.314858221196558, 14.52118703361249, 26.61029448213766, 43.22027967886651, 65.22786713394706, 93.79468288753345, 130.42856859339088, 177.06316989417843, 236.16]
2022-07-26 20:18:33,604 y=[47.527596074498206, 45.96944251607926, 41.21273785330165, 33.006409040885714, 20.917301592360545, 4.307316395631695, -17.700271059448852, -46.26708681303525, -82.90097251889267, -129.53557381968022, -188.6324039255018]
2022-07-26 20:18:33,604 tanphi=[0.0, 0.03976045017173699, 0.08161957537462002, 0.1277868249611957, 0.18069904392556088, 0.24314909684302613, 0.3184332835840792, 0.41052532784327456, 0.5242861221160237, 0.6657203000881206, 0.8422931790932131]
2022-07-26 20:18:33,604 




2022-07-26 20:18:33,604 printing arch Axis parameters...........
2022-07-26 20:18:33,604          x    z        zk  cosh(zk)  sinh(zk)          y0           y  \
0     0.00  0.0  0.000000  1.000000  0.000000    0.000000   47.527596   
1    78.72  0.1  0.229243  1.026391  0.231256    1.558154   45.969443   
2   157.44  0.2  0.458486  1.106959  0.474719    6.314858   41.212738   
3   236.16  0.3  0.687730  1.245955  0.743239   14.521187   33.006409   
4   314.88  0.4  0.916973  1.450716  1.050989   26.610294   20.917302   
5   393.60  0.5  1.146216  1.732051  1.414214   43.220280    4.307316   
6   472.32  0.6  1.375459  2.104808  1.852084   65.227867  -17.700271   
7   551.04  0.7  1.604702  2.588663  2.387714   93.794683  -46.267087   
8   629.76  0.8  1.833945  3.209156  3.049374  130.428569  -82.900973   
9   708.48  0.9  2.063189  3.999037  3.871989  177.063170 -129.535574   
10  787.20  1.0  2.292432  5.000000  4.898979  236.160000 -188.632404   

     tan_phi  
0   0.000000  
1   0.039760  
2   0.081620  
3   0.127787  
4   0.180699  
5   0.243149  
6   0.318433  
7   0.410525  
8   0.524286  
9   0.665720  
10  0.842293  
2022-07-26 20:18:33,619 




2022-07-26 20:18:33,619 printing reactions due to dead load..............
2022-07-26 20:18:33,619 Dead load Reaction vd=4129959.5988002573
2022-07-26 20:18:33,619 Dead load Horizontal Thrust Hd=4903232.866311996
2022-07-26 20:18:33,619 




2022-07-26 20:18:33,619 Setting Arch Rib thickness................
2022-07-26 20:18:33,619 dc=21.64 ds=35.42
2022-07-26 20:18:33,619 tan_phi_s=0.8422931790932131 cos_phi_s=0.7648403788895295
2022-07-26 20:18:33,619 m=0.2986188060058253
2022-07-26 20:18:33,619 




2022-07-26 20:18:33,619 printing arch thickness parameters...........
2022-07-26 20:18:33,619       z        zk  sinh(zk)   tan_phi  1+tanphi_2  sixth_root_1_plus_tan_phi  \
0   0.0  0.000000  0.000000  0.000000    1.000000                   1.000000   
1   0.1  0.229243  0.231256  0.039760    1.001581                   1.000263   
2   0.2  0.458486  0.474719  0.081620    1.006662                   1.001107   
3   0.3  0.687730  0.743239  0.127787    1.016329                   1.002703   
4   0.4  0.916973  1.050989  0.180699    1.032652                   1.005369   
5   0.5  1.146216  1.414214  0.243149    1.059121                   1.009619   
6   0.6  1.375459  1.852084  0.318433    1.101400                   1.016227   
7   0.7  1.604702  2.387714  0.410525    1.168531                   1.026298   
8   0.8  1.833945  3.049374  0.524286    1.274876                   1.041305   
9   0.9  2.063189  3.871989  0.665720    1.443184                   1.063050   
10  1.0  2.292432  4.898979  0.842293    1.709458                   1.093477   

    one_minus_m_z    c_list        d_x  
0        0.000000  1.000000  21.640000  
1        0.070138  1.024536  22.176795  
2        0.140276  1.051672  22.783383  
3        0.210414  1.081933  23.476315  
4        0.280552  1.116007  24.280068  
5        0.350691  1.154825  25.230798  
6        0.420829  1.199677  26.382285  
7        0.490967  1.252424  27.815184  
8        0.561105  1.315870  29.651615  
9        0.631243  1.394505  32.079736  
10       0.701381  1.496101  35.402011  
2022-07-26 20:18:33,635 




2022-07-26 20:18:33,635 Calculating Intregationg of dw fro L to R..
2022-07-26 20:18:33,635 l=1574.4 E=2000000.0 Ic=33288.69 m=0.2986188060058253
2022-07-26 20:18:33,635 integration value=1.5354655351228683e-08
2022-07-26 20:18:33,635 




2022-07-26 20:18:33,635 Calcualting Delta_sub_HL...............
2022-07-26 20:18:33,635 l=1574.4 r=236.16 Ic=33288.69 E=2000000.0 T1=0.0013188671797033766
2022-07-26 20:18:33,635 g=5.0 k=2.2924316695611777 m=0.2986188060058253 yc=47.527596074498206
2022-07-26 20:18:33,635 T2=0.375 T3=0.20125167714472478
2022-07-26 20:18:33,635 T4=0.534255780730002 T5=0.03125 T6=0.7013811939941748 T7=0.015625
2022-07-26 20:18:33,635 T8=0.190286159495616 T9=0.125
2022-07-26 20:18:33,635 T_com_1=0.09282604587757352
2022-07-26 20:18:33,635 T_com_2=-0.014509638798969316
2022-07-26 20:18:33,635 delta_sub_HL=4.9897670117311264e-05
2022-07-26 20:18:33,635 




2022-07-26 20:18:33,635 




2022-07-26 20:18:33,635 Printing Basic input parapmeter............
2022-07-26 20:18:33,635 span=1574.4 rise=236.16
2022-07-26 20:18:33,635 wc=2455.0 ws=12275.0 g=5.0
2022-07-26 20:18:33,635 N=0.183
2022-07-26 20:18:33,635 Is=145750.06 Ic=33288.69
2022-07-26 20:18:33,635 cos_phi_s=0.7648403788895295 m=0.2986188060058253
2022-07-26 20:18:33,635 




2022-07-26 20:18:34,198 Calcualting Delta_sub_HA...............
2022-07-26 20:18:34,198 l=1574.4 r=236.16 Ic=33288.69 E=2000000.0 T1=0.0021981119661722945
2022-07-26 20:18:34,198 g=5.0 k=2.2924316695611777 m=0.2986188060058253 yc=47.527596074498206 z=0.0 y0=0.0
2022-07-26 20:18:34,198 T1=0.0021981119661722945 T2=0.20125167714472478 T3=0.25
2022-07-26 20:18:34,198 T4=0.5 T5=0.190286159495616 T6=1.0 T7=0.7013811939941748
2022-07-26 20:18:34,198 T8=0.20125167714472478 T9=0.25
2022-07-26 20:18:34,198 T10=0.16666666666666666 T11=0.190286159495616 T12=1.0 T13=0.095143079747808
2022-07-26 20:18:34,206 T14=1 T15=0.0 T16=2.137023122920008 T17=0.0
2022-07-26 20:18:34,206 t1=0.4362180183069196 t2=1.0 t3=0.0 t4=0.0
2022-07-26 20:18:34,206 T13=0.095143079747808
2022-07-26 20:18:34,206 T_com_1=0.2256258385723624
2022-07-26 20:18:34,206 T_com_2=0.190286159495616
2022-07-26 20:18:34,206 T8=0.20125167714472478 T9=0.25 T10=0.16666666666666666
2022-07-26 20:18:34,206 T_com_3=0.07520861285745413
2022-07-26 20:18:34,206 T_com_4=0.190286159495616
2022-07-26 20:18:34,206 T_com_5=-1.137023122920008
2022-07-26 20:18:34,206 delta_sub_HL=8.831480085195289e-05
2022-07-26 20:18:34,633 




2022-07-26 20:18:34,633 IL ordinate forment...............
2022-07-26 20:18:34,633 Moment At=-25 Load At=0 
2022-07-26 20:18:34,633 r=236.16  y0=1.8784172226916587 y=45.649178851806546 yc=47.527596074498206
2022-07-26 20:18:34,633 V_L=0.5 H=0.0 M_prime_left=161.36958261097948
2022-07-26 20:18:34,633 M1=161.36958261097948 M2=-150.0 M3=0.0
2022-07-26 20:18:34,633 x=-300 y=45.649178851806546 M0=11.369582610979478
2022-07-26 20:18:34,633 M0/PL=0.0006017944725493032
2022-07-26 20:18:35,650 Calculating Intregationg of dw del_Ma at left side
2022-07-26 20:18:35,650 l=1574.4 E=2000000.0 Ic=33288.69 m=0.2986188060058253 z=1.0
2022-07-26 20:18:35,650 del_Ma=1.2087184692487224e-05
2022-07-26 20:18:35,650 




2022-07-26 20:18:35,650 Calculating Intregationg of dw del_Ma at left side
2022-07-26 20:18:35,650 l=1574.4 E=2000000.0 Ic=33288.69 m=0.2986188060058253 z=0.9
2022-07-26 20:18:35,650 del_Ma=1.0893451573226876e-05
2022-07-26 20:18:35,650 




2022-07-26 20:18:35,650 Calculating Intregationg of dw del_Ma at left side
2022-07-26 20:18:35,650 l=1574.4 E=2000000.0 Ic=33288.69 m=0.2986188060058253 z=0.7999999999999999
2022-07-26 20:18:35,650 del_Ma=9.734041328726955e-06
2022-07-26 20:18:35,650 




2022-07-26 20:18:35,650 Calculating Intregationg of dw del_Ma at left side
2022-07-26 20:18:35,650 l=1574.4 E=2000000.0 Ic=33288.69 m=0.2986188060058253 z=0.7000000000000001
2022-07-26 20:18:35,650 del_Ma=8.615482221162964e-06
2022-07-26 20:18:35,650 




2022-07-26 20:18:35,650 Calculating Intregationg of dw del_Ma at left side
2022-07-26 20:18:35,650 l=1574.4 E=2000000.0 Ic=33288.69 m=0.2986188060058253 z=0.6
2022-07-26 20:18:35,650 del_Ma=7.544302512710399e-06
2022-07-26 20:18:35,650 




2022-07-26 20:18:35,650 Calculating Intregationg of dw del_Ma at left side
2022-07-26 20:18:35,650 l=1574.4 E=2000000.0 Ic=33288.69 m=0.2986188060058253 z=0.5
2022-07-26 20:18:35,650 del_Ma=6.527030465544767e-06
2022-07-26 20:18:35,650 




2022-07-26 20:18:35,650 Calculating Intregationg of dw del_Ma at left side
2022-07-26 20:18:35,650 l=1574.4 E=2000000.0 Ic=33288.69 m=0.2986188060058253 z=0.4
2022-07-26 20:18:35,650 del_Ma=5.570194341841573e-06
2022-07-26 20:18:35,650 




2022-07-26 20:18:35,650 Calculating Intregationg of dw del_Ma at left side
2022-07-26 20:18:35,650 l=1574.4 E=2000000.0 Ic=33288.69 m=0.2986188060058253 z=0.3000000000000001
2022-07-26 20:18:35,650 del_Ma=4.6803224037763175e-06
2022-07-26 20:18:35,650 




2022-07-26 20:18:35,650 Calculating Intregationg of dw del_Ma at left side
2022-07-26 20:18:35,650 l=1574.4 E=2000000.0 Ic=33288.69 m=0.2986188060058253 z=0.20000000000000007
2022-07-26 20:18:35,650 del_Ma=3.863942913524504e-06
2022-07-26 20:18:35,650 




2022-07-26 20:18:35,650 Calculating Intregationg of dw del_Ma at left side
2022-07-26 20:18:35,650 l=1574.4 E=2000000.0 Ic=33288.69 m=0.2986188060058253 z=0.10000000000000003
2022-07-26 20:18:35,650 del_Ma=3.127584133261635e-06
2022-07-26 20:18:35,650 




2022-07-26 20:18:35,650 Calculating Intregationg of dw del_Ma at left side
2022-07-26 20:18:35,650 l=1574.4 E=2000000.0 Ic=33288.69 m=0.2986188060058253 z=0.0
2022-07-26 20:18:35,650 del_Ma=2.4777743251632158e-06
2022-07-26 20:18:35,650 




2022-07-26 20:18:35,650 Calculating Intregationg of dw del_Ma at right side....
2022-07-26 20:18:35,650 l=1574.4 E=2000000.0 Ic=33288.69 m=0.2986188060058253 z=0.09999999999999988
2022-07-26 20:18:35,650 del_Ma=1.9188656640129138e-06
2022-07-26 20:18:35,650 




2022-07-26 20:18:35,650 Calculating Intregationg of dw del_Ma at right side....
2022-07-26 20:18:35,650 l=1574.4 E=2000000.0 Ic=33288.69 m=0.2986188060058253 z=0.1999999999999999
2022-07-26 20:18:35,650 del_Ma=1.4465059750270597e-06
2022-07-26 20:18:35,650 




2022-07-26 20:18:35,650 Calculating Intregationg of dw del_Ma at right side....
2022-07-26 20:18:35,650 l=1574.4 E=2000000.0 Ic=33288.69 m=0.2986188060058253 z=0.29999999999999993
2022-07-26 20:18:35,650 del_Ma=1.0541669960301503e-06
2022-07-26 20:18:35,650 




2022-07-26 20:18:35,650 Calculating Intregationg of dw del_Ma at right side....
2022-07-26 20:18:35,650 l=1574.4 E=2000000.0 Ic=33288.69 m=0.2986188060058253 z=0.3999999999999998
2022-07-26 20:18:35,650 del_Ma=7.353204648466848e-07
2022-07-26 20:18:35,650 




2022-07-26 20:18:35,650 Calculating Intregationg of dw del_Ma at right side....
2022-07-26 20:18:35,650 l=1574.4 E=2000000.0 Ic=33288.69 m=0.2986188060058253 z=0.49999999999999983
2022-07-26 20:18:35,650 del_Ma=4.834381193011565e-07
2022-07-26 20:18:35,650 




2022-07-26 20:18:35,650 Calculating Intregationg of dw del_Ma at right side....
2022-07-26 20:18:35,650 l=1574.4 E=2000000.0 Ic=33288.69 m=0.2986188060058253 z=0.5999999999999999
2022-07-26 20:18:35,650 del_Ma=2.9199169721806484e-07
2022-07-26 20:18:35,650 




2022-07-26 20:18:35,650 Calculating Intregationg of dw del_Ma at right side....
2022-07-26 20:18:35,650 l=1574.4 E=2000000.0 Ic=33288.69 m=0.2986188060058253 z=0.7
2022-07-26 20:18:35,650 del_Ma=1.5445293642190705e-07
2022-07-26 20:18:35,650 




2022-07-26 20:18:35,650 Calculating Intregationg of dw del_Ma at right side....
2022-07-26 20:18:35,650 l=1574.4 E=2000000.0 Ic=33288.69 m=0.2986188060058253 z=0.7999999999999999
2022-07-26 20:18:35,650 del_Ma=6.429357473717902e-08
2022-07-26 20:18:35,650 




2022-07-26 20:18:35,650 Calculating Intregationg of dw del_Ma at right side....
2022-07-26 20:18:35,650 l=1574.4 E=2000000.0 Ic=33288.69 m=0.2986188060058253 z=0.9
2022-07-26 20:18:35,650 del_Ma=1.498534998837735e-08
2022-07-26 20:18:35,650 




2022-07-26 20:18:35,650 Calculating Intregationg of dw del_Ma at right side....
2022-07-26 20:18:35,650 l=1574.4 E=2000000.0 Ic=33288.69 m=0.2986188060058253 z=1.0
2022-07-26 20:18:35,650 del_Ma=-6.889099242176363e-22
2022-07-26 20:18:35,650 




2022-07-26 20:18:35,650 Printing Mprime Calcualtions................
2022-07-26 20:18:35,650     x_from_left  x_from_center    z  integral_dw_L_to_R      delta_Ma  \
0          0.00        -787.20  1.0        1.535466e-08  1.208718e-05   
1         78.72        -708.48  0.9        1.535466e-08  1.089345e-05   
2        157.44        -629.76  0.8        1.535466e-08  9.734041e-06   
3        236.16        -551.04  0.7        1.535466e-08  8.615482e-06   
4        314.88        -472.32  0.6        1.535466e-08  7.544303e-06   
5        393.60        -393.60  0.5        1.535466e-08  6.527030e-06   
6        472.32        -314.88  0.4        1.535466e-08  5.570194e-06   
7        551.04        -236.16  0.3        1.535466e-08  4.680322e-06   
8        629.76        -157.44  0.2        1.535466e-08  3.863943e-06   
9        708.48         -78.72  0.1        1.535466e-08  3.127584e-06   
10       787.20           0.00  0.0        1.535466e-08  2.477774e-06   
11       865.92          78.72  0.1        1.535466e-08  1.918866e-06   
12       944.64         157.44  0.2        1.535466e-08  1.446506e-06   
13      1023.36         236.16  0.3        1.535466e-08  1.054167e-06   
14      1102.08         314.88  0.4        1.535466e-08  7.353205e-07   
15      1180.80         393.60  0.5        1.535466e-08  4.834381e-07   
16      1259.52         472.32  0.6        1.535466e-08  2.919917e-07   
17      1338.24         551.04  0.7        1.535466e-08  1.544529e-07   
18      1416.96         629.76  0.8        1.535466e-08  6.429357e-08   
19      1495.68         708.48  0.9        1.535466e-08  1.498535e-08   
20      1574.40         787.20  1.0        1.535466e-08 -6.889099e-22   

         M_prime  M_prime_direct   Mprime_by_l  
0   7.872000e+02    7.872000e+02  4.166667e-02  
1   7.094559e+02    7.094559e+02  3.755166e-02  
2   6.339472e+02    6.339472e+02  3.355496e-02  
3   5.610990e+02    5.610990e+02  2.969909e-02  
4   4.913365e+02    4.913365e+02  2.600655e-02  
5   4.250848e+02    4.250848e+02  2.249983e-02  
6   3.627691e+02    3.627691e+02  1.920145e-02  
7   3.048146e+02    3.048146e+02  1.613390e-02  
8   2.516463e+02    2.516463e+02  1.331970e-02  
9   2.036896e+02    2.036896e+02  1.078134e-02  
10  1.613696e+02    1.613696e+02  8.541327e-03  
11  1.249696e+02    1.249696e+02  6.614670e-03  
12  9.420635e+01    9.420635e+01  4.986362e-03  
13  6.865455e+01    6.865455e+01  3.633900e-03  
14  4.788909e+01    4.788909e+01  2.534780e-03  
15  3.148479e+01    3.148479e+01  1.666497e-03  
16  1.901649e+01    1.901649e+01  1.006547e-03  
17  1.005903e+01    1.005903e+01  5.324266e-04  
18  4.187237e+00    4.187237e+00  2.216313e-04  
19  9.759483e-01    9.759483e-01  5.165716e-05  
20 -4.486652e-14   -4.486652e-14 -2.374795e-18  
2022-07-26 20:18:35,666 




2022-07-26 20:18:35,835 Printing Vertical Reaction V_L Calcualtions................
2022-07-26 20:18:35,835     x_from_left  x_from_center    z            VL
0          0.00        -787.20  1.0  1.000000e+00
1         78.72        -708.48  0.9  9.950807e-01
2        157.44        -629.76  0.8  9.796951e-01
3        236.16        -551.04  0.7  9.532343e-01
4        314.88        -472.32  0.6  9.155336e-01
5        393.60        -393.60  0.5  8.668722e-01
6        472.32        -314.88  0.4  8.079731e-01
7        551.04        -236.16  0.3  7.400033e-01
8        629.76        -157.44  0.2  6.645740e-01
9        708.48         -78.72  0.1  5.837399e-01
10       787.20           0.00  0.0  5.000000e-01
11       865.92          78.72  0.1  4.162601e-01
12       944.64         157.44  0.2  3.354260e-01
13      1023.36         236.16  0.3  2.599967e-01
14      1102.08         314.88  0.4  1.920269e-01
15      1180.80         393.60  0.5  1.331278e-01
16      1259.52         472.32  0.6  8.446639e-02
17      1338.24         551.04  0.7  4.676571e-02
18      1416.96         629.76  0.8  2.030494e-02
19      1495.68         708.48  0.9  4.919285e-03
20      1574.40         787.20  1.0  5.856050e-17
2022-07-26 20:18:35,835 




2022-07-26 20:18:36,036 Printing Horizontal Thrust Calcualtions................
2022-07-26 20:18:36,036     x_from_left  x_from_center    z  delta_sub_HL  delta_sub_Ha         H  \
0          0.00        -787.20  1.0       0.00005      0.000000  0.000000   
1         78.72        -708.48  0.9       0.00005      0.000003  0.050165   
2        157.44        -629.76  0.8       0.00005      0.000009  0.188998   
3        236.16        -551.04  0.7       0.00005      0.000020  0.395480   
4        314.88        -472.32  0.6       0.00005      0.000032  0.645823   
5        393.60        -393.60  0.5       0.00005      0.000046  0.915329   
6        472.32        -314.88  0.4       0.00005      0.000059  1.179743   
7        551.04        -236.16  0.3       0.00005      0.000071  1.416278   
8        629.76        -157.44  0.2       0.00005      0.000080  1.604455   
9        708.48         -78.72  0.1       0.00005      0.000086  1.726858   
10       787.20           0.00  0.0       0.00005      0.000088  1.769918   
11       865.92          78.72  0.1       0.00005      0.000086  1.726858   
12       944.64         157.44  0.2       0.00005      0.000080  1.604455   
13      1023.36         236.16  0.3       0.00005      0.000071  1.416278   
14      1102.08         314.88  0.4       0.00005      0.000059  1.179743   
15      1180.80         393.60  0.5       0.00005      0.000046  0.915329   
16      1259.52         472.32  0.6       0.00005      0.000032  0.645823   
17      1338.24         551.04  0.7       0.00005      0.000020  0.395480   
18      1416.96         629.76  0.8       0.00005      0.000009  0.188998   
19      1495.68         708.48  0.9       0.00005      0.000003  0.050165   
20      1574.40         787.20  1.0       0.00005      0.000000  0.000000   

    H_coef_aswani  
0        0.000000  
1        0.075247  
2        0.283497  
3        0.593219  
4        0.968734  
5        1.372994  
6        1.769615  
7        2.124418  
8        2.406682  
9        2.590287  
10       2.654877  
11       2.590287  
12       2.406682  
13       2.124418  
14       1.769615  
15       1.372994  
16       0.968734  
17       0.593219  
18       0.283497  
19       0.075247  
20       0.000000  
2022-07-26 20:18:36,036 




2022-07-26 20:18:36,198 Printing Springing Moment(ML) Calculation................
2022-07-26 20:18:36,198     Load_position        Mprime         H           b         Hxb  \
0            0.00  7.872000e+02  0.000000  188.632404    0.000000   
1           78.72  7.094559e+02  0.050165  188.632404    9.462668   
2          157.44  6.339472e+02  0.188998  188.632404   35.651139   
3          236.16  5.610990e+02  0.395480  188.632404   74.600269   
4          314.88  4.913365e+02  0.645823  188.632404  121.823108   
5          393.60  4.250848e+02  0.915329  188.632404  172.660749   
6          472.32  3.627691e+02  1.179743  188.632404  222.537783   
7          551.04  3.048146e+02  1.416278  188.632404  267.156002   
8          629.76  2.516463e+02  1.604455  188.632404  302.652196   
9          708.48  2.036896e+02  1.726858  188.632404  325.741376   
10         787.20  1.613696e+02  1.769918  188.632404  333.863949   
11         865.92  1.249696e+02  1.726858  188.632404  325.741376   
12         944.64  9.420635e+01  1.604455  188.632404  302.652196   
13        1023.36  6.865455e+01  1.416278  188.632404  267.156002   
14        1102.08  4.788909e+01  1.179743  188.632404  222.537783   
15        1180.80  3.148479e+01  0.915329  188.632404  172.660749   
16        1259.52  1.901649e+01  0.645823  188.632404  121.823108   
17        1338.24  1.005903e+01  0.395480  188.632404   74.600269   
18        1416.96  4.187237e+00  0.188998  188.632404   35.651139   
19        1495.68  9.759483e-01  0.050165  188.632404    9.462668   
20        1574.40 -4.486652e-14  0.000000  188.632404    0.000000   

               V       L  Vl_by_2_list   ML(inch_lb)       ML_by_l  
0   1.000000e+00  1574.4  7.872000e+02  0.000000e+00  0.000000e+00  
1   9.950807e-01  1574.4  7.833275e+02 -6.440892e+01 -4.091014e-02  
2   9.796951e-01  1574.4  7.712160e+02 -1.016176e+02 -6.454368e-02  
3   9.532343e-01  1574.4  7.503860e+02 -1.146867e+02 -7.284473e-02  
4   9.155336e-01  1574.4  7.207081e+02 -1.075485e+02 -6.831076e-02  
5   8.668722e-01  1574.4  6.824018e+02 -8.465624e+01 -5.377048e-02  
6   8.079731e-01  1574.4  6.360364e+02 -5.072953e+01 -3.222150e-02  
7   7.400033e-01  1574.4  5.825306e+02 -1.056008e+01 -6.707366e-03  
8   6.645740e-01  1574.4  5.231526e+02  3.114591e+01  1.978272e-02  
9   5.837399e-01  1574.4  4.595201e+02  6.991096e+01  4.440483e-02  
10  5.000000e-01  1574.4  3.936000e+02  1.016335e+02  6.455382e-02  
11  4.162601e-01  1574.4  3.276799e+02  1.230311e+02  7.814473e-02  
12  3.354260e-01  1574.4  2.640474e+02  1.328112e+02  8.435669e-02  
13  2.599967e-01  1574.4  2.046694e+02  1.311412e+02  8.329598e-02  
14  1.920269e-01  1574.4  1.511636e+02  1.192633e+02  7.575157e-02  
15  1.331278e-01  1574.4  1.047982e+02  9.934732e+01  6.310170e-02  
16  8.446639e-02  1574.4  6.649194e+01  7.434766e+01  4.722285e-02  
17  4.676571e-02  1574.4  3.681397e+01  4.784533e+01  3.038957e-02  
18  2.030494e-02  1574.4  1.598405e+01  2.385433e+01  1.515138e-02  
19  4.919285e-03  1574.4  3.872461e+00  6.566155e+00  4.170576e-03  
20  5.856050e-17  1574.4  4.609883e-14 -9.096534e-14 -5.777779e-17  
2022-07-26 20:18:36,214 




2022-07-26 20:18:36,368 Printing Crown Moment(MC) Calculation................
2022-07-26 20:18:36,368     Load_position        Mprime         H         yc        Hyc  P_xprime  \
0            0.00  7.872000e+02  0.000000  47.527596   0.000000    787.20   
1           78.72  7.094559e+02  0.050165  47.527596   2.384202    708.48   
2          157.44  6.339472e+02  0.188998  47.527596   8.982619    629.76   
3          236.16  5.610990e+02  0.395480  47.527596  18.796195    551.04   
4          314.88  4.913365e+02  0.645823  47.527596  30.694405    472.32   
5          393.60  4.250848e+02  0.915329  47.527596  43.503397    393.60   
6          472.32  3.627691e+02  1.179743  47.527596  56.070355    314.88   
7          551.04  3.048146e+02  1.416278  47.527596  67.312308    236.16   
8          629.76  2.516463e+02  1.604455  47.527596  76.255887    157.44   
9          708.48  2.036896e+02  1.726858  47.527596  82.073410     78.72   
10         787.20  1.613696e+02  1.769918  47.527596  84.119963      0.00   
11         865.92  1.249696e+02  1.726858  47.527596  82.073410      0.00   
12         944.64  9.420635e+01  1.604455  47.527596  76.255887      0.00   
13        1023.36  6.865455e+01  1.416278  47.527596  67.312308      0.00   
14        1102.08  4.788909e+01  1.179743  47.527596  56.070355      0.00   
15        1180.80  3.148479e+01  0.915329  47.527596  43.503397      0.00   
16        1259.52  1.901649e+01  0.645823  47.527596  30.694405      0.00   
17        1338.24  1.005903e+01  0.395480  47.527596  18.796195      0.00   
18        1416.96  4.187237e+00  0.188998  47.527596   8.982619      0.00   
19        1495.68  9.759483e-01  0.050165  47.527596   2.384202      0.00   
20        1574.40 -4.486652e-14  0.000000  47.527596   0.000000      0.00   

     MC(inch_lb)       MC_by_l  
0   0.000000e+00  0.000000e+00  
1  -1.408254e+00 -8.944704e-04  
2  -4.795382e+00 -3.045847e-03  
3  -8.737165e+00 -5.549521e-03  
4  -1.167791e+01 -7.417373e-03  
5  -1.201861e+01 -7.633769e-03  
6  -8.181266e+00 -5.196434e-03  
7   1.342244e+00  8.525435e-04  
8   1.795046e+01  1.140146e-02  
9   4.289622e+01  2.724608e-02  
10  7.724962e+01  4.906607e-02  
11  4.289622e+01  2.724608e-02  
12  1.795046e+01  1.140146e-02  
13  1.342244e+00  8.525435e-04  
14 -8.181266e+00 -5.196434e-03  
15 -1.201861e+01 -7.633769e-03  
16 -1.167791e+01 -7.417373e-03  
17 -8.737165e+00 -5.549521e-03  
18 -4.795382e+00 -3.045847e-03  
19 -1.408254e+00 -8.944704e-04  
20 -4.486652e-14 -2.849753e-17  
2022-07-26 20:18:36,383 




2022-07-26 20:18:36,553 Printing IL Calcualtion at X=393.6................
2022-07-26 20:18:36,553               ML            VL         H          y          Hy            Vx  \
0   0.000000e+00  1.000000e+00  0.000000  192.93972   -0.000000  3.936000e+02   
1  -6.440892e+01  9.950807e-01  0.050165  192.93972   -9.678742  3.916638e+02   
2  -1.016176e+02  9.796951e-01  0.188998  192.93972  -36.465213  3.856080e+02   
3  -1.146867e+02  9.532343e-01  0.395480  192.93972  -76.303725  3.751930e+02   
4  -1.075485e+02  9.155336e-01  0.645823  192.93972 -124.604872  3.603540e+02   
5  -8.465624e+01  8.668722e-01  0.915329  192.93972 -176.603362  3.412009e+02   
6  -5.072953e+01  8.079731e-01  1.179743  192.93972 -227.619310  3.180182e+02   
7  -1.056008e+01  7.400033e-01  1.416278  192.93972 -273.256361  2.912653e+02   
8   3.114591e+01  6.645740e-01  1.604455  192.93972 -309.563091  2.615763e+02   
9   6.991096e+01  5.837399e-01  1.726858  192.93972 -333.179500  2.297600e+02   
10  1.016335e+02  5.000000e-01  1.769918  192.93972 -341.487547  1.968000e+02   
11  1.230311e+02  4.162601e-01  1.726858  192.93972 -333.179500  1.638400e+02   
12  1.328112e+02  3.354260e-01  1.604455  192.93972 -309.563091  1.320237e+02   
13  1.311412e+02  2.599967e-01  1.416278  192.93972 -273.256361  1.023347e+02   
14  1.192633e+02  1.920269e-01  1.179743  192.93972 -227.619310  7.558180e+01   
15  9.934732e+01  1.331278e-01  0.915329  192.93972 -176.603362  5.239911e+01   
16  7.434766e+01  8.446639e-02  0.645823  192.93972 -124.604872  3.324597e+01   
17  4.784533e+01  4.676571e-02  0.395480  192.93972  -76.303725  1.840698e+01   
18  2.385433e+01  2.030494e-02  0.188998  192.93972  -36.465213  7.992024e+00   
19  6.566155e+00  4.919285e-03  0.050165  192.93972   -9.678742  1.936230e+00   
20 -9.096534e-14  5.856050e-17  0.000000  192.93972   -0.000000  2.304941e-14   

               M           M/L  M_coef_Aswani  
0   0.000000e+00  0.000000e+00   0.000000e+00  
1   2.696104e+00  1.712464e-03   1.712464e-01  
2   1.136519e+01  7.218742e-03   7.218742e-01  
3   2.676256e+01  1.699858e-02   1.699858e+00  
4   4.948070e+01  3.142829e-02   3.142829e+00  
5   7.994129e+01  5.077572e-02   5.077572e+00  
6   3.966936e+01  2.519649e-02   2.519649e+00  
7   7.448878e+00  4.731249e-03   4.731249e-01  
8  -1.684087e+01 -1.069669e-02  -1.069669e+00  
9  -3.350851e+01 -2.128336e-02  -2.128336e+00  
10 -4.305402e+01 -2.734630e-02  -2.734630e+00  
11 -4.630846e+01 -2.941340e-02  -2.941340e+00  
12 -4.472823e+01 -2.840970e-02  -2.840970e+00  
13 -3.978049e+01 -2.526708e-02  -2.526708e+00  
14 -3.277424e+01 -2.081697e-02  -2.081697e+00  
15 -2.485693e+01 -1.578819e-02  -1.578819e+00  
16 -1.701124e+01 -1.080490e-02  -1.080490e+00  
17 -1.005141e+01 -6.384279e-03  -6.384279e-01  
18 -4.618862e+00 -2.933728e-03  -2.933728e-01  
19 -1.176357e+00 -7.471779e-04  -7.471779e-02  
20 -6.791593e-14 -4.313766e-17  -4.313766e-15  
2022-07-26 20:18:36,553 




2022-07-26 20:18:36,769 Testing yc..............
2022-07-26 20:18:36,784 g=5.0 m=0.2986188060058253 yc=47.527596074498206
2022-07-26 20:18:36,784 r=2833.92 yc=47.527596074498206 yc/r=0.016770973095393733
2022-07-26 20:18:36,784 




2022-07-26 20:18:36,922 Printing Internal Forces as Crown................
2022-07-26 20:18:36,922            H             V             M
0   0.000000  1.000000e+00  0.000000e+00
1   0.050165  9.950807e-01 -1.408254e+00
2   0.188998  9.796951e-01 -4.795382e+00
3   0.395480  9.532343e-01 -8.737165e+00
4   0.645823  9.155336e-01 -1.167791e+01
5   0.915329  8.668722e-01 -1.201861e+01
6   1.179743  8.079731e-01 -8.181266e+00
7   1.416278  7.400033e-01  1.342244e+00
8   1.604455  6.645740e-01  1.795046e+01
9   1.726858  5.837399e-01  4.289622e+01
10  1.769918  5.000000e-01  7.724962e+01
11  1.726858  4.162601e-01  4.289622e+01
12  1.604455  3.354260e-01  1.795046e+01
13  1.416278  2.599967e-01  1.342244e+00
14  1.179743  1.920269e-01 -8.181266e+00
15  0.915329  1.331278e-01 -1.201861e+01
16  0.645823  8.446639e-02 -1.167791e+01
17  0.395480  4.676571e-02 -8.737165e+00
18  0.188998  2.030494e-02 -4.795382e+00
19  0.050165  4.919285e-03 -1.408254e+00
20  0.000000  5.856050e-17 -4.486652e-14
2022-07-26 20:18:36,922 




2022-07-26 20:18:37,637 




2022-07-26 20:18:37,637 Testing delta_sub_Ha Calcualtion
2022-07-26 20:18:37,637 {'l': 1574.4, 'r': 236.16, 'E': 2000000.0, 'Ic': 33288.69, 'k': 2.2924316695611777, 'g': 5.0, 'yc': 47.527596074498206, 'TC1': 0.0021981119661722945, 'TC2': 0.4512516771447248, 'TC3': 0.190286159495616, 'TC4': 0.7013811939941748, 'TC5': 0.095143079747808, 'TC6': 2.137023122920008, 'z': 0.6859756097560975, 'y0': 89.34069573871193, 'TV1': 0.5294374628197502, 'TV2': 0.6772055766294018, 'TV3': 0.3783057915765241, 'TV4': 0.25950854605096924, 'TS': 2.3057082824281223, 'T1': 0.11945477152033009, 'T2': 0.11829980330157028, 'T3': 0.05093169203762967, 'T4': 0.14090527491128588, 'T5': -0.07775161312261804, 'Tbr2': 0.009727227955703641, 'del_sub_Ha': 2.138153616711784e-05}
