****************************************************************************************************                    
**             MIDAS/CIVIL V8.7.5 - Modeling, Integrated Design & Analysis Software               **                    
**                         GENERAL STRUCTURE DESIGN SYSTEM FOR WINDOWS                            **                    
****************************************************************************************************                    
                                                                                                                        
                                   ....xxxxxxxx*********xxxxxxxx......                                                  
                               xXXXXXX***''               ```***XXXXXXXXXXx.                                            
                           XXXXXXX                                   ``*XXXXXXXx.                                       
         XXXXXXXXXX      XXXXXXX XX                                        `*XXXXXX.                                    
         XXXXXXXXXXX    XXXXXX XXXX                                           `*XXXXX                                   
         XXXXXXXXXXXX  XXXXXX XXXXX  XXXXX  XXXXXXXXXXx        XXXXX      .XXXX.`XXXXX                                  
         XXXXXXXXXXXX::XXXXX XXXXXX  XXXXX  XXXXXXXXXXXX      XXXXXXX    :XXXXXX: XXXXX                                 
         XXXXXX XXXXX XXXXX: XXXXXX  XXXXX  XXXXX   xXXXX    :XXXXXXX:   XXXX:     XXXXX                                
         XXXXXX  XXXX XXXXX  XXXXXX  XXXXX  XXXXX    XXXXX  :XXXX:XXXX   XXXXXXXXX:                                     
         XXXXXX  XXX XXXXX:  XXXXXX  XXXXX  XXXXX    :XXXX  XXXXX XXXXX   :XXXXXXXXXX                                   
         XXXXXX  :XX XXXXX   XXXXXX  XXXXX  XXXXX    :XXXX :XXXX: :XXXX:    `:XXXXXXXX:                                 
         XXXXXX   XX XXXXX   XXXXXX  XXXXX  XXXXX    XXXXX XXXXX   XXXXX XXXX     XXXXX                                 
         XXXXXX   XX XXXXX   XXXXXX  XXXXX  XXXXX   xXXXX XXXXX:   :XXXXX:XXXX   .XXXX                                  
         XXXXXX   :XXXXXXX   XXXXXX  XXXXX  XXXXXXXXXXXX :XXXX:     XXXXX XXXXXXXXXXX:                                  
         XXXXXX    XXXXXXX   XXXXXX  XXXXX  XXXXXXXXXXx  XXXXX      :XXXXX `XXXXXXX'     /CIVIL                         
                                                                                                                        
         ----------------- PC WINDOWS XP/VISTA/7/8/8.1 VERSION. V8.7.5 ------------------                               
                                                                                                                        
                  Copyright ¨Ï SINCE 1989 MIDAS Information Technology Co., Ltd.                                        
                           ALL RIGHTS RESERVED MIDAS IT Co., Ltd.                                                       
                                                                                                                        
****************************************************************************************************                    
  
  
 -----------------------------------------S T A R T I N G       S O L U T I O N

 MULTI-FRONTAL SOLVER
 AVAILABLE MEMORY =   16.0 GBYTES

 INTERNAL DATA REGENERATION ( ENTRY REGEN_MODEL )

**  MIDAS/CIVIL WINDOWS VERSION 8.7.5                                DATE JUL/19/2023  TIME 13: 0:37
**  Modeling, Integrated Design & Analysis Software              PC WINDOWS XP/VISTA/7/8/8.1 VERSION
====================================================================================================
  
  
 N U M B E R I N G   E Q U A T I O N
 ===================================


 INFORMATION FOR EQUATION NUMBER
 -------------------------------

  SERIAL   NODE          EQUATION NUMBERS FOR EACH DEGREE OF FREEDOM
    NO.     NO.         X       Y        Z        XX       YY       ZZ
 -------  -------   -------- -------- -------- -------- -------- --------
      1        1           0        0        0        0        0        0
      2        2           1        2        3        4        5        6
      3        3           0        0        0        0        0        0
      4        4           7        8        9       10       11       12
      5        5           0        0        0        0        0        0
      6        6          13       14       15       16       17       18
      7        9           0        0        0        0        0        0
      8       10          19       20       21       22       23       24
      9       11           0        0        0        0        0        0
     10       12          25       26       27       28       29       30
     11       13           0        0        0        0        0        0
     12       14          31       32       33       34       35       36
     13       16          37       38       39       40       41       42
     14       17          43       44       45       46       47       48
     15       18          49       50       51       52       53       54
     16       19          55       56       57       58       59       60
     17       20          61       62       63       64       65       66
     18       21          67       68       69       70       71       72
     19       22          73       74       75       76       77       78
     20       23          79       80       81       82       83       84
     21       24          85       86       87       88       89       90
     22       25          91       92       93       94       95       96
     23       27          97       98       99      100      101      102
     24       28         103      104      105      106      107      108
     25       29         109      110      111      112      113      114
     26       30         115      116      117      118      119      120
     27       31         121      122      123      124      125      126
     28       32         127      128      129      130      131      132
     29       33         133      134      135      136      137      138
     30       34         139      140      141      142      143      144
     31       35         145      146      147      148      149      150
     32       36         151      152      153      154      155      156
     33       37         157      158      159      160      161      162
     34       39         163      164      165      166      167      168
     35       40         169      170      171      172      173      174
     36       41         175      176      177      178      179      180
     37       42         181      182      183      184      185      186
     38       43         187      188      189      190      191      192
     39       44         193      194      195      196      197      198
     40       45         199      200      201      202      203      204
     41       46         205      206      207      208      209      210
     42       47         211      212      213      214      215      216
     43       48         217      218      219      220      221      222
     44       50         223      224      225      226      227      228
     45       51         229      230      231      232      233      234
     46       52         235      236      237      238      239      240
     47       53         241      242      243      244      245      246
     48       54         247      248      249      250      251      252
     49       55         253      254      255      256      257      258
     50       56         259      260      261      262      263      264
     51       57         265      266      267      268      269      270
     52       58         271      272      273      274      275      276
     53       59         277      278      279      280      281      282
     54       60         283      284      285      286      287      288
     55       61         289      290      291      292      293      294
     56       62         295      296      297      298      299      300
     57       63         301      302      303      304      305      306
     58       64         307      308      309      310      311      312
     59       65         313      314      315      316      317      318
     60       66         319      320      321      322      323      324
     61       67         325      326      327      328      329      330
     62       68         331      332      333      334      335      336
     63       69         337      338      339      340      341      342
     64       70         343      344      345      346      347      348
     65       71         349      350      351      352      353      354
     66       72         355      356      357      358      359      360
     67       73         361      362      363      364      365      366
     68       74         367      368      369      370      371      372
     69       75         373      374      375      376      377      378
     70       76         379      380      381      382      383      384
     71       77         385      386      387      388      389      390
     72       78         391      392      393      394      395      396
     73       79         397      398      399      400      401      402
     74       80         403      404      405      406      407      408
     75       81         409      410      411      412      413      414
     76       82         415      416      417      418      419      420
     77       83         421      422      423      424      425      426
     78       84         427      428      429      430      431      432
     79       85         433      434      435      436      437      438
     80       86         439      440      441      442      443      444
     81       87         445      446      447      448      449      450
     82       88         451      452      453      454      455      456
     83       89         457      458      459      460      461      462
     84       90         463      464      465      466      467      468
     85       91         469      470      471      472      473      474
     86       92         475      476      477      478      479      480
     87       93         481      482      483      484      485      486
     88       94         487      488      489      490      491      492
     89       95         493      494      495      496      497      498
     90       96         499      500      501      502      503      504
     91       97         505      506      507      508      509      510
     92       98         511      512      513      514      515      516
     93       99         517      518      519      520      521      522
     94      100         523      524      525      526      527      528
     95      101         529      530      531      532      533      534
     96      102         535      536      537      538      539      540
     97      103         541      542      543      544      545      546
     98      104         547      548      549      550      551      552
     99      105         553      554      555      556      557      558
    100      106         559      560      561      562      563      564
    101      107         565      566      567      568      569      570
    102      108         571      572      573      574      575      576
    103      109         577      578      579      580      581      582
    104      110         583      584      585      586      587      588
    105      111         589      590      591      592      593      594
    106      112         595      596      597      598      599      600
    107      113         601      602      603      604      605      606
    108      114         607      608      609      610      611      612
    109      115         613      614      615      616      617      618
    110      116         619      620      621      622      623      624
    111      117         625      626      627      628      629      630
    112      118         631      632      633      634      635      636
    113      119         637      638      639      640      641      642
    114      120         643      644      645      646      647      648
    115      121         649      650      651      652      653      654
    116      122         655      656      657      658      659      660
    117      123         661      662      663      664      665      666
    118      124         667      668      669      670      671      672
    119      125         673      674      675      676      677      678
    120      126         679      680      681      682      683      684
    121      127         685      686      687      688      689      690
    122      128         691      692      693      694      695      696
    123      129         697      698      699      700      701      702
    124      130         703      704      705      706      707      708
    125      131         709      710      711      712      713      714
    126      132         715      716      717      718      719      720
    127      133         721      722      723      724      725      726
    128      134         727      728      729      730      731      732
    129      135         733      734      735      736      737      738
    130      136         739      740      741      742      743      744
    131      137         745      746      747      748      749      750
    132      138         751      752      753      754      755      756
    133      139         757      758      759      760      761      762
    134      140         763      764      765      766      767      768
    135      141         769      770      771      772      773      774
    136      142         775      776      777      778      779      780
    137      143         781      782      783      784      785      786
    138      144         787      788      789      790      791      792
    139      145         793      794      795      796      797      798
    140      146         799      800      801      802      803      804
    141      147         805      806      807      808      809      810
    142      148         811      812      813      814      815      816
    143      149         817      818      819      820      821      822
    144      150         823      824      825      826      827      828
    145      151         829      830      831      832      833      834
    146      152         835      836      837      838      839      840
    147      153         841      842      843      844      845      846
    148      154         847      848      849      850      851      852
    149      155         853      854      855      856      857      858
    150      156         859      860      861      862      863      864
    151      157         865      866      867      868      869      870
    152      158         871      872      873      874      875      876
    153      159         877      878      879      880      881      882
    154      160         883      884      885      886      887      888
    155      161         889      890      891      892      893      894
    156      162         895      896      897      898      899      900
    157      163         901      902      903      904      905      906
    158      164         907      908      909      910      911      912
    159      165         913      914      915      916      917      918
    160      166         919      920      921      922      923      924
    161      167         925      926      927      928      929      930
    162      168         931      932      933      934      935      936
    163      169         937      938      939      940      941      942
    164      170         943      944      945      946      947      948
    165      183         949      950      951      952      953      954
    166      184         955      956      957      958      959      960
    167      185         961      962      963      964      965      966
    168      186         967      968      969      970      971      972
    169      187         973      974      975      976      977      978
    170      188         979      980      981      982      983      984
    171      189         985      986      987      988      989      990
    172      190         991      992      993      994      995      996
    173      191         997      998      999     1000     1001     1002
    174      192        1003     1004     1005     1006     1007     1008
    175      194        1009     1010     1011     1012     1013     1014
    176      195        1015     1016     1017     1018     1019     1020
    177      196        1021     1022     1023     1024     1025     1026
    178      197        1027     1028     1029     1030     1031     1032
    179      198        1033     1034     1035     1036     1037     1038
    180      199        1039     1040     1041     1042     1043     1044
    181      200        1045     1046     1047     1048     1049     1050
    182      201        1051     1052     1053     1054     1055     1056
    183      202        1057     1058     1059     1060     1061     1062
    184      203        1063     1064     1065     1066     1067     1068
    185      204        1069     1070     1071     1072     1073     1074
    186      206        1075     1076     1077     1078     1079     1080
    187      207        1081     1082     1083     1084     1085     1086
    188      208        1087     1088     1089     1090     1091     1092
    189      209        1093     1094     1095     1096     1097     1098
    190      210        1099     1100     1101     1102     1103     1104
    191      211        1105     1106     1107     1108     1109     1110
    192      212        1111     1112     1113     1114     1115     1116
    193      213        1117     1118     1119     1120     1121     1122
    194      214        1123     1124     1125     1126     1127     1128
    195      215        1129     1130     1131     1132     1133     1134
    196      217        1135     1136     1137     1138     1139     1140
    197      218        1141     1142     1143     1144     1145     1146
    198      219        1147     1148     1149     1150     1151     1152
    199      220        1153     1154     1155     1156     1157     1158
    200      221        1159     1160     1161     1162     1163     1164
    201      222        1165     1166     1167     1168     1169     1170
    202      223        1171     1172     1173     1174     1175     1176
    203      224        1177     1178     1179     1180     1181     1182
    204      225        1183     1184     1185     1186     1187     1188
    205      226        1189     1190     1191     1192     1193     1194
    206      227        1195     1196     1197     1198     1199     1200
    207      228        1201     1202     1203     1204     1205     1206
    208      229        1207     1208     1209     1210     1211     1212
    209      230        1213     1214     1215     1216     1217     1218
    210      231        1219     1220     1221     1222     1223     1224
    211      232        1225     1226     1227     1228     1229     1230
    212      233        1231     1232     1233     1234     1235     1236
    213      234        1237     1238     1239     1240     1241     1242
    214      235        1243     1244     1245     1246     1247     1248
    215      236        1249     1250     1251     1252     1253     1254
    216      237        1255     1256     1257     1258     1259     1260
    217      238        1261     1262     1263     1264     1265     1266
    218      239        1267     1268     1269     1270     1271     1272
    219      240        1273     1274     1275     1276     1277     1278
    220      241        1279     1280     1281     1282     1283     1284
    221      242        1285     1286     1287     1288     1289     1290
    222      243        1291     1292     1293     1294     1295     1296
    223      244        1297     1298     1299     1300     1301     1302
    224      245        1303     1304     1305     1306     1307     1308
    225      246        1309     1310     1311     1312     1313     1314
    226      247        1315     1316     1317     1318     1319     1320
    227      248        1321     1322     1323     1324     1325     1326
    228      249        1327     1328     1329     1330     1331     1332
    229      250        1333     1334     1335     1336     1337     1338
    230      251        1339     1340     1341     1342     1343     1344
    231      252        1345     1346     1347     1348     1349     1350
    232      253        1351     1352     1353     1354     1355     1356
    233      254        1357     1358     1359     1360     1361     1362
    234      255        1363     1364     1365     1366     1367     1368
    235      256        1369     1370     1371     1372     1373     1374
    236      257        1375     1376     1377     1378     1379     1380
    237      258        1381     1382     1383     1384     1385     1386
    238      259        1387     1388     1389     1390     1391     1392
    239      260        1393     1394     1395     1396     1397     1398
    240      261        1399     1400     1401     1402     1403     1404
    241      262        1405     1406     1407     1408     1409     1410
    242      263        1411     1412     1413     1414     1415     1416
    243      264        1417     1418     1419     1420     1421     1422
    244      265        1423     1424     1425     1426     1427     1428
    245      266        1429     1430     1431     1432     1433     1434
    246      267        1435     1436     1437     1438     1439     1440
    247      268        1441     1442     1443     1444     1445     1446
    248      269        1447     1448     1449     1450     1451     1452
    249      270        1453     1454     1455     1456     1457     1458
    250      271        1459     1460     1461     1462     1463     1464
    251      272        1465     1466     1467     1468     1469     1470
    252      273        1471     1472     1473     1474     1475     1476
    253      274        1477     1478     1479     1480     1481     1482
    254      275        1483     1484     1485     1486     1487     1488
    255      276        1489     1490     1491     1492     1493     1494
    256      277        1495     1496     1497     1498     1499     1500
    257      278        1501     1502     1503     1504     1505     1506
    258      279        1507     1508     1509     1510     1511     1512
    259      280        1513     1514     1515     1516     1517     1518
    260      281        1519     1520     1521     1522     1523     1524
    261      282        1525     1526     1527     1528     1529     1530
    262      283        1531     1532     1533     1534     1535     1536
    263      284        1537     1538     1539     1540     1541     1542
    264      285        1543     1544     1545     1546     1547     1548
    265      286        1549     1550     1551     1552     1553     1554
    266      287        1555     1556     1557     1558     1559     1560
    267      288        1561     1562     1563     1564     1565     1566
    268      289        1567     1568     1569     1570     1571     1572
    269      290        1573     1574     1575     1576     1577     1578
    270      291        1579     1580     1581     1582     1583     1584
    271      292        1585     1586     1587     1588     1589     1590
    272      293        1591     1592     1593     1594     1595     1596
    273      294        1597     1598     1599     1600     1601     1602
    274      295        1603     1604     1605     1606     1607     1608
    275      296        1609     1610     1611     1612     1613     1614
    276      297        1615     1616     1617     1618     1619     1620
    277      298        1621     1622     1623     1624     1625     1626
    278      299        1627     1628     1629     1630     1631     1632
    279      300        1633     1634     1635     1636     1637     1638
    280      301        1639     1640     1641     1642     1643     1644
    281      302        1645     1646     1647     1648     1649     1650
    282      303        1651     1652     1653     1654     1655     1656
    283      304        1657     1658     1659     1660     1661     1662
    284      305        1663     1664     1665     1666     1667     1668
    285      306        1669     1670     1671     1672     1673     1674
    286      307        1675     1676     1677     1678     1679     1680
    287      308        1681     1682     1683     1684     1685     1686
    288      309        1687     1688     1689     1690     1691     1692
    289      310        1693     1694     1695     1696     1697     1698
    290      311        1699     1700     1701     1702     1703     1704
    291      312        1705     1706     1707     1708     1709     1710
    292      313        1711     1712     1713     1714     1715     1716
    293      314        1717     1718     1719     1720     1721     1722
    294      315        1723     1724     1725     1726     1727     1728
    295      316        1729     1730     1731     1732     1733     1734
    296      317        1735     1736     1737     1738     1739     1740
    297      318        1741     1742     1743     1744     1745     1746
    298      319        1747     1748     1749     1750     1751     1752
    299      320        1753     1754     1755     1756     1757     1758
    300      321        1759     1760     1761     1762     1763     1764
    301      322        1765     1766     1767     1768     1769     1770
    302      323        1771     1772     1773     1774     1775     1776
    303      325        1777     1778     1779     1780     1781     1782
    304      326        1783     1784     1785     1786     1787     1788
    305      327        1789     1790     1791     1792     1793     1794
    306      328        1795     1796     1797     1798     1799     1800
    307      329        1801     1802     1803     1804     1805     1806
    308      330        1807     1808     1809     1810     1811     1812
    309      331        1813     1814     1815     1816     1817     1818
    310      332        1819     1820     1821     1822     1823     1824
    311      333        1825     1826     1827     1828     1829     1830
    312      334        1831     1832     1833     1834     1835     1836
    313      336        1837     1838     1839     1840     1841     1842
    314      337        1843     1844     1845     1846     1847     1848
    315      338        1849     1850     1851     1852     1853     1854
    316      339        1855     1856     1857     1858     1859     1860
    317      340        1861     1862     1863     1864     1865     1866
    318      341        1867     1868     1869     1870     1871     1872
    319      342        1873     1874     1875     1876     1877     1878
    320      343        1879     1880     1881     1882     1883     1884
    321      344        1885     1886     1887     1888     1889     1890
    322      345        1891     1892     1893     1894     1895     1896
    323      346        1897     1898     1899     1900     1901     1902
    324      348        1903     1904     1905     1906     1907     1908
    325      349        1909     1910     1911     1912     1913     1914
    326      350        1915     1916     1917     1918     1919     1920
    327      351        1921     1922     1923     1924     1925     1926
    328      352        1927     1928     1929     1930     1931     1932
    329      353        1933     1934     1935     1936     1937     1938
    330      354        1939     1940     1941     1942     1943     1944
    331      355        1945     1946     1947     1948     1949     1950
    332      356        1951     1952     1953     1954     1955     1956
    333      357        1957     1958     1959     1960     1961     1962
    334      359        1963     1964     1965     1966     1967     1968
    335      360        1969     1970     1971     1972     1973     1974
    336      361        1975     1976     1977     1978     1979     1980
    337      362        1981     1982     1983     1984     1985     1986
    338      363        1987     1988     1989     1990     1991     1992
    339      364        1993     1994     1995     1996     1997     1998
    340      365        1999     2000     2001     2002     2003     2004
    341      366        2005     2006     2007     2008     2009     2010
    342      367        2011     2012     2013     2014     2015     2016
    343      368        2017     2018     2019     2020     2021     2022
    344      369        2023     2024     2025     2026     2027     2028
    345      370        2029     2030     2031     2032     2033     2034
    346      371        2035     2036     2037     2038     2039     2040
    347      372        2041     2042     2043     2044     2045     2046
    348      373        2047     2048     2049     2050     2051     2052
    349      374        2053     2054     2055     2056     2057     2058
    350      375        2059     2060     2061     2062     2063     2064
    351      376        2065     2066     2067     2068     2069     2070
    352      377        2071     2072     2073     2074     2075     2076
    353      378        2077     2078     2079     2080     2081     2082
    354      379        2083     2084     2085     2086     2087     2088
    355      380        2089     2090     2091     2092     2093     2094
    356      381        2095     2096     2097     2098     2099     2100
    357      382        2101     2102     2103     2104     2105     2106
    358      383        2107     2108     2109     2110     2111     2112
    359      384        2113     2114     2115     2116     2117     2118
    360      385        2119     2120     2121     2122     2123     2124
    361      386        2125     2126     2127     2128     2129     2130
    362      387        2131     2132     2133     2134     2135     2136
    363      388        2137     2138     2139     2140     2141     2142
    364      389        2143     2144     2145     2146     2147     2148
    365      390        2149     2150     2151     2152     2153     2154
    366      391        2155     2156     2157     2158     2159     2160
    367      392        2161     2162     2163     2164     2165     2166
    368      393        2167     2168     2169     2170     2171     2172
    369      394        2173     2174     2175     2176     2177     2178
    370      395        2179     2180     2181     2182     2183     2184
    371      396        2185     2186     2187     2188     2189     2190
    372      397        2191     2192     2193     2194     2195     2196
    373      398        2197     2198     2199     2200     2201     2202
    374      399        2203     2204     2205     2206     2207     2208
    375      400        2209     2210     2211     2212     2213     2214
    376      401        2215     2216     2217     2218     2219     2220
    377      402        2221     2222     2223     2224     2225     2226
    378      403        2227     2228     2229     2230     2231     2232
    379      404        2233     2234     2235     2236     2237     2238
    380      405        2239     2240     2241     2242     2243     2244
    381      406        2245     2246     2247     2248     2249     2250
    382      407        2251     2252     2253     2254     2255     2256
    383      408        2257     2258     2259     2260     2261     2262
    384      409        2263     2264     2265     2266     2267     2268
    385      410        2269     2270     2271     2272     2273     2274
    386      411        2275     2276     2277     2278     2279     2280
    387      412        2281     2282     2283     2284     2285     2286
    388      413        2287     2288     2289     2290     2291     2292
    389      414        2293     2294     2295     2296     2297     2298
    390      415        2299     2300     2301     2302     2303     2304
    391      416        2305     2306     2307     2308     2309     2310
    392      417        2311     2312     2313     2314     2315     2316
    393      418        2317     2318     2319     2320     2321     2322
    394      419        2323     2324     2325     2326     2327     2328
    395      420        2329     2330     2331     2332     2333     2334
    396      421        2335     2336     2337     2338     2339     2340
    397      422        2341     2342     2343     2344     2345     2346
    398      423        2347     2348     2349     2350     2351     2352
    399      424        2353     2354     2355     2356     2357     2358
    400      425        2359     2360     2361     2362     2363     2364
    401      426        2365     2366     2367     2368     2369     2370
    402      427        2371     2372     2373     2374     2375     2376
    403      428        2377     2378     2379     2380     2381     2382
    404      429        2383     2384     2385     2386     2387     2388
    405      430        2389     2390     2391     2392     2393     2394
    406      431        2395     2396     2397     2398     2399     2400
    407      432        2401     2402     2403     2404     2405     2406
    408      433        2407     2408     2409     2410     2411     2412
    409      434        2413     2414     2415     2416     2417     2418
    410      435        2419     2420     2421     2422     2423     2424
    411      436        2425     2426     2427     2428     2429     2430
    412      437        2431     2432     2433     2434     2435     2436
    413      438        2437     2438     2439     2440     2441     2442
    414      439        2443     2444     2445     2446     2447     2448
    415      440        2449     2450     2451     2452     2453     2454
    416      441        2455     2456     2457     2458     2459     2460
    417      442        2461     2462     2463     2464     2465     2466
    418      443        2467     2468     2469     2470     2471     2472
    419      444        2473     2474     2475     2476     2477     2478
    420      445        2479     2480     2481     2482     2483     2484
    421      446        2485     2486     2487     2488     2489     2490
    422      447        2491     2492     2493     2494     2495     2496
    423      448        2497     2498     2499     2500     2501     2502
    424      449        2503     2504     2505     2506     2507     2508
    425      450        2509     2510     2511     2512     2513     2514
    426      451        2515     2516     2517     2518     2519     2520
    427      452        2521     2522     2523     2524     2525     2526
    428      453        2527     2528     2529     2530     2531     2532
    429      454        2533     2534     2535     2536     2537     2538
    430      455        2539     2540     2541     2542     2543     2544
    431      456        2545     2546     2547     2548     2549     2550
    432      457        2551     2552     2553     2554     2555     2556
    433      458        2557     2558     2559     2560     2561     2562
    434      459        2563     2564     2565     2566     2567     2568
    435      460        2569     2570     2571     2572     2573     2574
    436      461        2575     2576     2577     2578     2579     2580
    437      462        2581     2582     2583     2584     2585     2586
    438      463        2587     2588     2589     2590     2591     2592
    439      464        2593     2594     2595     2596     2597     2598
    440      465        2599     2600     2601     2602     2603     2604
    441      466        2605     2606     2607     2608     2609     2610
    442      467        2611     2612     2613     2614     2615     2616
    443      468        2617     2618     2619     2620     2621     2622
    444      469        2623     2624     2625     2626     2627     2628
    445      470        2629     2630     2631     2632     2633     2634
    446      471        2635     2636     2637     2638     2639     2640
    447      472        2641     2642     2643     2644     2645     2646
    448      473        2647     2648     2649     2650     2651     2652
    449      474        2653     2654     2655     2656     2657     2658
    450      475        2659     2660     2661     2662     2663     2664
    451      476        2665     2666     2667     2668     2669     2670
    452      477        2671     2672     2673     2674     2675     2676
    453      478        2677     2678     2679     2680     2681     2682
    454      479        2683     2684     2685     2686     2687     2688
    455      492        2689     2690     2691     2692     2693     2694
    456      493        2695     2696     2697     2698     2699     2700
    457      494        2701     2702     2703     2704     2705     2706
    458      495        2707     2708     2709     2710     2711     2712
    459      496        2713     2714     2715     2716     2717     2718
    460      497        2719     2720     2721     2722     2723     2724
    461      498        2725     2726     2727     2728     2729     2730
    462      499        2731     2732     2733     2734     2735     2736
    463      500        2737     2738     2739     2740     2741     2742
    464      501        2743     2744     2745     2746     2747     2748
    465      503        2749     2750     2751     2752     2753     2754
    466      504        2755     2756     2757     2758     2759     2760
    467      505        2761     2762     2763     2764     2765     2766
    468      506        2767     2768     2769     2770     2771     2772
    469      507        2773     2774     2775     2776     2777     2778
    470      508        2779     2780     2781     2782     2783     2784
    471      509        2785     2786     2787     2788     2789     2790
    472      510        2791     2792     2793     2794     2795     2796
    473      511        2797     2798     2799     2800     2801     2802
    474      512        2803     2804     2805     2806     2807     2808
    475      513        2809     2810     2811     2812     2813     2814
    476      515        2815     2816     2817     2818     2819     2820
    477      516        2821     2822     2823     2824     2825     2826
    478      517        2827     2828     2829     2830     2831     2832
    479      518        2833     2834     2835     2836     2837     2838
    480      519        2839     2840     2841     2842     2843     2844
    481      520        2845     2846     2847     2848     2849     2850
    482      521        2851     2852     2853     2854     2855     2856
    483      522        2857     2858     2859     2860     2861     2862
    484      523        2863     2864     2865     2866     2867     2868
    485      524        2869     2870     2871     2872     2873     2874
    486      526        2875     2876     2877     2878     2879     2880
    487      527        2881     2882     2883     2884     2885     2886
    488      528        2887     2888     2889     2890     2891     2892
    489      529        2893     2894     2895     2896     2897     2898
    490      530        2899     2900     2901     2902     2903     2904
    491      531        2905     2906     2907     2908     2909     2910
    492      532        2911     2912     2913     2914     2915     2916
    493      533        2917     2918     2919     2920     2921     2922
    494      534        2923     2924     2925     2926     2927     2928
    495      535        2929     2930     2931     2932     2933     2934
    496      536        2935     2936     2937     2938     2939     2940
    497      537        2941     2942     2943     2944     2945     2946
    498      538        2947     2948     2949     2950     2951     2952
    499      539        2953     2954     2955     2956     2957     2958
    500      540        2959     2960     2961     2962     2963     2964
    501      541        2965     2966     2967     2968     2969     2970
    502      542        2971     2972     2973     2974     2975     2976
    503      543        2977     2978     2979     2980     2981     2982
    504      544        2983     2984     2985     2986     2987     2988
    505      545        2989     2990     2991     2992     2993     2994
    506      546        2995     2996     2997     2998     2999     3000
    507      547        3001     3002     3003     3004     3005     3006
    508      548        3007     3008     3009     3010     3011     3012
    509      549        3013     3014     3015     3016     3017     3018
    510      550        3019     3020     3021     3022     3023     3024
    511      551        3025     3026     3027     3028     3029     3030
    512      552        3031     3032     3033     3034     3035     3036
    513      553        3037     3038     3039     3040     3041     3042
    514      554        3043     3044     3045     3046     3047     3048
    515      555        3049     3050     3051     3052     3053     3054
    516      556        3055     3056     3057     3058     3059     3060
    517      557        3061     3062     3063     3064     3065     3066
    518      558        3067     3068     3069     3070     3071     3072
    519      559        3073     3074     3075     3076     3077     3078
    520      560        3079     3080     3081     3082     3083     3084
    521      561        3085     3086     3087     3088     3089     3090
    522      562        3091     3092     3093     3094     3095     3096
    523      563        3097     3098     3099     3100     3101     3102
    524      564        3103     3104     3105     3106     3107     3108
    525      565        3109     3110     3111     3112     3113     3114
    526      566        3115     3116     3117     3118     3119     3120
    527      567        3121     3122     3123     3124     3125     3126
    528      568        3127     3128     3129     3130     3131     3132
    529      569        3133     3134     3135     3136     3137     3138
    530      570        3139     3140     3141     3142     3143     3144
    531      571        3145     3146     3147     3148     3149     3150
    532      572        3151     3152     3153     3154     3155     3156
    533      573        3157     3158     3159     3160     3161     3162
    534      574        3163     3164     3165     3166     3167     3168
    535      575        3169     3170     3171     3172     3173     3174
    536      576        3175     3176     3177     3178     3179     3180
    537      577        3181     3182     3183     3184     3185     3186
    538      578        3187     3188     3189     3190     3191     3192
    539      579        3193     3194     3195     3196     3197     3198
    540      580        3199     3200     3201     3202     3203     3204
    541      581        3205     3206     3207     3208     3209     3210
    542      582        3211     3212     3213     3214     3215     3216
    543      583        3217     3218     3219     3220     3221     3222
    544      584        3223     3224     3225     3226     3227     3228
    545      585        3229     3230     3231     3232     3233     3234
    546      586        3235     3236     3237     3238     3239     3240
    547      587        3241     3242     3243     3244     3245     3246
    548      588        3247     3248     3249     3250     3251     3252
    549      589        3253     3254     3255     3256     3257     3258
    550      590        3259     3260     3261     3262     3263     3264
    551      591        3265     3266     3267     3268     3269     3270
    552      592        3271     3272     3273     3274     3275     3276
    553      593        3277     3278     3279     3280     3281     3282
    554      594        3283     3284     3285     3286     3287     3288
    555      595        3289     3290     3291     3292     3293     3294
    556      596        3295     3296     3297     3298     3299     3300
    557      597        3301     3302     3303     3304     3305     3306
    558      598        3307     3308     3309     3310     3311     3312
    559      599        3313     3314     3315     3316     3317     3318
    560      600        3319     3320     3321     3322     3323     3324
    561      601        3325     3326     3327     3328     3329     3330
    562      602        3331     3332     3333     3334     3335     3336
    563      603        3337     3338     3339     3340     3341     3342
    564      604        3343     3344     3345     3346     3347     3348
    565      605        3349     3350     3351     3352     3353     3354
    566      606        3355     3356     3357     3358     3359     3360
    567      607        3361     3362     3363     3364     3365     3366
    568      608        3367     3368     3369     3370     3371     3372
    569      609        3373     3374     3375     3376     3377     3378
    570      610        3379     3380     3381     3382     3383     3384
    571      611        3385     3386     3387     3388     3389     3390
    572      612        3391     3392     3393     3394     3395     3396
    573      613        3397     3398     3399     3400     3401     3402
    574      614        3403     3404     3405     3406     3407     3408
    575      615        3409     3410     3411     3412     3413     3414
    576      616        3415     3416     3417     3418     3419     3420
    577      617        3421     3422     3423     3424     3425     3426
    578      618        3427     3428     3429     3430     3431     3432
    579      619        3433     3434     3435     3436     3437     3438
    580      620        3439     3440     3441     3442     3443     3444
    581      621        3445     3446     3447     3448     3449     3450
    582      622        3451     3452     3453     3454     3455     3456
    583      623        3457     3458     3459     3460     3461     3462
    584      624        3463     3464     3465     3466     3467     3468
    585      625        3469     3470     3471     3472     3473     3474
    586      626        3475     3476     3477     3478     3479     3480
    587      627        3481     3482     3483     3484     3485     3486
    588      628        3487     3488     3489     3490     3491     3492
    589      629        3493     3494     3495     3496     3497     3498
    590      630        3499     3500     3501     3502     3503     3504
    591      631        3505     3506     3507     3508     3509     3510
    592      632        3511     3512     3513     3514     3515     3516


 EQUATION STATUS
 ---------------

 TOTAL NUMBER OF VALID DOFS IN MODEL ..........:    3516
 NUMBER OF EQUATIONS IN A BLOCK ...............:    3516
 NUMBER OF BLOCKS .............................:       1
 NUMBER OF INTERNAL LOADCASES .................:       4

**  MIDAS/CIVIL WINDOWS VERSION 8.7.5                                DATE JUL/19/2023  TIME 13: 0:37
**  Modeling, Integrated Design & Analysis Software              PC WINDOWS XP/VISTA/7/8/8.1 VERSION
====================================================================================================
  
  


 S E T U P   E Q U A T I O N   P R O F I L E
 ===========================================


 THE TOTAL WEIGHT OF MODEL
 -------------------------

 TOTAL WEIGHT ...........:  1.81501E+03   KIPS


 THE CENTER OF GRAVITY OF FINITE ELEMENT MODEL 
 ---------------------------------------------

 X-COORDINATE OF C.G ....:  2.40158E+02   IN  
 Y-COORDINATE OF C.G ....:  1.44000E+02   IN  
 Z-COORDINATE OF C.G ....:  6.26905E+01   IN  

 STATIC ANALYSIS TIME LOG ( IN SECOND )
 --------------------------------------
 MULTI-FRONTAL SOLUTION .....................:     0.05
 DISPLACEMENT OUTPUT ........................:     0.05
 STRESS OUTPUT ..............................:     0.11
 TOTAL SOLUTION TIME (SUM OF THE ABOVE) .....:     0.22


**  MIDAS/CIVIL WINDOWS VERSION 8.7.5                                DATE JUL/19/2023  TIME 13: 0:37
**  Modeling, Integrated Design & Analysis Software              PC WINDOWS XP/VISTA/7/8/8.1 VERSION
====================================================================================================
  
  


 =========================================================
 ** O V E R A L L   T I M E   L O G   I N   S E C O N D **
 =========================================================

  - INPUT DATA READING AND GENERATION ..........:     0.02
  - FORM ELEMENT STIFFNESS MATRICES ............:     0.07
  - FORM GLOBAL LOAD VECTOR ....................:     0.03
  - FORM TOTAL STIFFNESS MATRICES ..............:     0.07
  - P-DELTA ANALYSIS ...........................:     0.00
  - STATIC ANALYSIS ............................:     0.22
  - MOVING LOAD ANALYSIS .......................:     0.00
  - SETTLEMENT ANALYSIS ........................:     0.00
  - EIGENVALUE EXTRACTION ......................:     0.00
  - RESPONSE SPECTRUM ANALYSIS .................:     0.00
  - TIME HISTORY ANALYSIS ......................:     0.00
  - PRINT DYNAMIC INFORMATION OUTPUT ...........:     0.04
  - TOTAL ELAPSED TIME .........................:     0.45
