04/07/2022 12:54:00	Reading UID database.
04/07/2022 12:54:00	Start loading STAAD model.
04/07/2022 12:54:00	Reading model file.
04/07/2022 12:54:00	Reading model file is complete.
04/07/2022 12:54:00	Processing support.
04/07/2022 12:54:00	Processing springs.
04/07/2022 12:54:00	Processing properties.
04/07/2022 12:54:00	Processing physical properties.
04/07/2022 12:54:00	Processing constants.
04/07/2022 12:54:00	Processing surface constants.
04/07/2022 12:54:00	Processing BETA constants.
04/07/2022 12:54:00	Processing hidden analytical member loads.
04/07/2022 12:54:00	Processing command list for member release.
04/07/2022 12:54:00	Processing command list for member offset.
04/07/2022 12:54:00	Processing command list for member specs (cracked).
04/07/2022 12:54:00	Processing command list for member specs (axial).
04/07/2022 12:54:00	Processing command list for element release.
04/07/2022 12:54:00	Processing command list for element offset.
04/07/2022 12:54:00	Processing command list for element plate stress directive.
04/07/2022 12:54:00	Processing parameter for Chinese wind load case.
04/07/2022 12:54:00	End Processing command list.
04/07/2022 12:54:00	End loading STAAD model.
