2023-08-16 17:47:01,251 - __main__ - 10 - DEBUG - This is a warning message
2023-08-16 17:47:01,299 - __main__ - 56 - DEBUG - 




2023-08-16 17:47:01,300 - __main__ - 57 - DEBUG - displaying straight_drop spillway info
2023-08-16 17:47:01,301 - __main__ - 58 - DEBUG - H=9.02ft
2023-08-16 17:47:01,301 - __main__ - 59 - DEBUG - dc=6.013333333333333ft
2023-08-16 17:47:01,302 - __main__ - 60 - DEBUG - d2=12.928666666666665ft
2023-08-16 17:47:01,302 - __main__ - 61 - DEBUG - Appon top at=-8.992666666666665 feet PWD
2023-08-16 17:47:01,302 - __main__ - 62 - DEBUG - y=-12.928666666666665ft
2023-08-16 17:47:01,303 - __main__ - 63 - DEBUG - y/dc=-2.15
2023-08-16 17:47:01,303 - __main__ - 21 - DEBUG - 




2023-08-16 17:47:01,304 - __main__ - 22 - DEBUG - Initating basin design ,,,,,,,.......................
2023-08-16 17:47:01,304 - __main__ - 29 - DEBUG - y/dc=-2.15 xF/dc=3.1471535289092136
2023-08-16 17:47:01,305 - __main__ - 42 - DEBUG - yt=0.0ft
2023-08-16 17:47:01,305 - __main__ - 43 - DEBUG - yt/dc=0.0ft
2023-08-16 17:47:01,306 - __main__ - 44 - DEBUG - xt/dc=1.3814562931719476
2023-08-16 17:47:01,306 - __main__ - 46 - DEBUG - xF/dc=3.1471535289092136
2023-08-16 17:47:01,306 - __main__ - 48 - DEBUG - T1=3.276120099707318 T2=0.8149440696864081 T1/T2=4.020055144358526
2023-08-16 17:47:01,307 - __main__ - 49 - DEBUG - xT/dc=4.020055144358526
2023-08-16 17:47:01,307 - __main__ - 51 - DEBUG - xa/dc=3.58360433663387
2023-08-16 17:47:01,308 - __main__ - 52 - DEBUG - xa=21.549407410958334ft
2023-08-16 17:47:01,308 - __main__ - 53 - DEBUG - Distance_to_floor_block=26.961407410958333ft
2023-08-16 17:47:01,308 - __main__ - 54 - DEBUG - xa=21.549407410958334 xb=5.412 xc=10.523333333333332 L_B=37.48474074429166 
2023-08-16 17:47:01,309 - __main__ - 8 - DEBUG - Designing for Maximum Tailwater Level
2023-08-16 17:47:01,309 - __main__ - 21 - DEBUG - 




2023-08-16 17:47:01,310 - __main__ - 22 - DEBUG - Initating basin design ,,,,,,,.......................
2023-08-16 17:47:01,310 - __main__ - 29 - DEBUG - y/dc=-2.15 xF/dc=3.1471535289092136
2023-08-16 17:47:01,311 - __main__ - 42 - DEBUG - yt=1.968ft
2023-08-16 17:47:01,312 - __main__ - 43 - DEBUG - yt/dc=0.3272727272727273ft
2023-08-16 17:47:01,312 - __main__ - 44 - DEBUG - xt/dc=0.9204922985761425
2023-08-16 17:47:01,313 - __main__ - 46 - DEBUG - xF/dc=3.1471535289092136
2023-08-16 17:47:01,313 - __main__ - 48 - DEBUG - T1=3.0341857843562616 T2=0.6047444881507209 T1/T2=5.017302090068904
2023-08-16 17:47:01,314 - __main__ - 49 - DEBUG - xT/dc=5.017302090068904
2023-08-16 17:47:01,314 - __main__ - 51 - DEBUG - xa/dc=4.0822278094890585
2023-08-16 17:47:01,315 - __main__ - 52 - DEBUG - xa=24.54779656106087ft
2023-08-16 17:47:01,315 - __main__ - 53 - DEBUG - Distance_to_floor_block=29.95979656106087ft
2023-08-16 17:47:01,315 - __main__ - 54 - DEBUG - xa=24.54779656106087 xb=5.412 xc=10.523333333333332 L_B=40.4831298943942 
2023-08-16 17:47:01,325 - __main__ - 1 - DEBUG - sucessfully completed calcualtions...............................
