2023-08-19 01:06:09,781 - __main__ - 10 - DEBUG - This is a warning message
2023-08-19 01:07:40,220 - __main__ - 60 - DEBUG - 




2023-08-19 01:07:40,226 - __main__ - 61 - DEBUG - displaying straight_drop spillway info
2023-08-19 01:07:40,228 - __main__ - 62 - DEBUG - H=2.2959999999999994m
2023-08-19 01:07:40,231 - __main__ - 63 - DEBUG - dc=1.5306666666666662m
2023-08-19 01:07:40,234 - __main__ - 64 - DEBUG - d2=3.290933333333332m
2023-08-19 01:07:40,237 - __main__ - 65 - DEBUG - Appon top at=4.909066666666668 feet PWD
2023-08-19 01:07:40,239 - __main__ - 66 - DEBUG - y=-0.9949333333333321m
2023-08-19 01:07:40,241 - __main__ - 67 - DEBUG - y/dc=-0.6499999999999995
2023-08-19 01:08:12,916 - __main__ - 25 - DEBUG - 




2023-08-19 01:08:46,070 - __main__ - 26 - DEBUG - Initating basin design ,,,,,,,.......................
2023-08-19 01:06:09,781 - __main__ - 10 - DEBUG - This is a warning message
2023-08-19 01:07:40,220 - __main__ - 60 - DEBUG - 




2023-08-19 01:07:40,226 - __main__ - 61 - DEBUG - displaying straight_drop spillway info
2023-08-19 01:07:40,228 - __main__ - 62 - DEBUG - H=2.2959999999999994m
2023-08-19 01:07:40,231 - __main__ - 63 - DEBUG - dc=1.5306666666666662m
2023-08-19 01:07:40,234 - __main__ - 64 - DEBUG - d2=3.290933333333332m
2023-08-19 01:07:40,237 - __main__ - 65 - DEBUG - Appon top at=4.909066666666668 feet PWD
2023-08-19 01:07:40,239 - __main__ - 66 - DEBUG - y=-0.9949333333333321m
2023-08-19 01:07:40,241 - __main__ - 67 - DEBUG - y/dc=-0.6499999999999995
2023-08-19 01:08:12,916 - __main__ - 25 - DEBUG - 




2023-08-19 01:08:46,070 - __main__ - 26 - DEBUG - Initating basin design ,,,,,,,.......................
