2022-07-25 21:59:43,936 




2022-07-25 21:59:43,936 g=4.695049504950495 k=2.22811667349684
2022-07-25 21:59:43,936 




2022-07-25 21:59:43,958 Calcualting y0............
2022-07-25 21:59:43,974 x=[ 0.  5. 10. 15. 20. 25. 30. 35. 40. 45. 50.]
2022-07-25 21:59:43,974 k=2.22811667349684
2022-07-25 21:59:43,974 z=[0.0, 0.1, 0.2, 0.3, 0.4, 0.5, 0.6, 0.7, 0.8, 0.9, 1.0]
2022-07-25 21:59:43,974 kz=[0.0, 0.22281166734968402, 0.44562333469936805, 0.668435002049052, 0.8912466693987361, 1.11405833674842, 1.336870004098104, 1.559681671447788, 1.7824933387974722, 2.005305006147156, 2.22811667349684]
2022-07-25 21:59:43,974 y0=[0.0, 0.10118422983320195, 0.40978103060745147, 0.9411741889530327, 1.7218540603897474, 2.7907381338177064, 4.201111098115316, 6.02328112464872, 8.348084783408154, 11.291415315522285, 14.999999999999996]
2022-07-25 21:59:43,974 y=[37.85349047668578, 37.75230624685258, 37.44370944607832, 36.91231628773274, 36.13163641629603, 35.06275234286807, 33.65237937857046, 31.83020935203706, 29.505405693277623, 26.56207516116349, 22.85349047668578]
2022-07-25 21:59:43,974 tanphi=[0.0, 0.040640996719701235, 0.08330797822086958, 0.13012792617643726, 0.18343485081458064, 0.2458861431143781, 0.32059504777932407, 0.41128586086778474, 0.5224795888010183, 0.6597193239923589, 0.8298465722451192]
2022-07-25 21:59:43,974 




2022-07-25 21:59:43,974 printing arch Axis parameters...........
2022-07-25 21:59:43,974       z        zk  cosh(zk)  sinh(zk)         y0          y   tan_phi
0   0.0  0.000000  1.000000  0.000000   0.000000  37.853490  0.000000
1   0.1  0.222812  1.024925  0.224660   0.101184  37.752306  0.040641
2   0.2  0.445623  1.100944  0.460519   0.409781  37.443709  0.083308
3   0.3  0.668435  1.231846  0.719336   0.941174  36.912316  0.130128
4   0.4  0.891247  1.424156  1.014012   1.721854  36.131636  0.183435
5   0.5  1.114058  1.687461  1.359237   2.790738  35.062752  0.245886
6   0.6  1.336870  2.034888  1.772221   4.201111  33.652379  0.320595
7   0.7  1.559682  2.483755  2.273552   6.023281  31.830209  0.411286
8   0.8  1.782493  3.056439  2.888221   8.348085  29.505406  0.522480
9   0.9  2.005305  3.781489  3.646870  11.291415  26.562075  0.659719
10  1.0  2.228117  4.695050  4.587318  15.000000  22.853490  0.829847
2022-07-25 21:59:43,974 




2022-07-25 21:59:43,974 printing reactions due to dead load..............
2022-07-25 21:59:43,974 Dead load Reaction vd=51985.51327781752
2022-07-25 21:59:43,974 Dead load Horizontal Thrust Hd=62644.728575756635
2022-07-25 21:59:43,974 




2022-07-25 21:59:43,974 Setting Arch Rib thickness................
2022-07-25 21:59:43,974 dc=18 ds=27
2022-07-25 21:59:43,974 tan_phi_s=0.8298465722451192 cos_phi_s=0.7695392538644537
2022-07-25 21:59:43,974 m=0.3385735052467585
2022-07-25 21:59:43,974 




2022-07-25 21:59:43,974 printing arch thickness parameters...........
2022-07-25 21:59:43,974       z        zk  sinh(zk)   tan_phi  1+tanphi_2  sixth_root_1_plus_tan_phi  \
0   0.0  0.000000  0.000000  0.000000    1.000000                   1.000000   
1   0.1  0.222812  0.224660  0.040641    1.001652                   1.000275   
2   0.2  0.445623  0.460519  0.083308    1.006940                   1.001153   
3   0.3  0.668435  0.719336  0.130128    1.016933                   1.002803   
4   0.4  0.891247  1.014012  0.183435    1.033648                   1.005531   
5   0.5  1.114058  1.359237  0.245886    1.060460                   1.009832   
6   0.6  1.336870  1.772221  0.320595    1.102781                   1.016440   
7   0.7  1.559682  2.273552  0.411286    1.169156                   1.026389   
8   0.8  1.782493  2.888221  0.522480    1.272985                   1.041047   
9   0.9  2.005305  3.646870  0.659719    1.435230                   1.062071   
10  1.0  2.228117  4.587318  0.829847    1.688645                   1.091247   

    one_minus_m_z    c_list        d_x  
0        0.000000  1.000000  18.000000  
1        0.066143  1.023073  18.420374  
2        0.132285  1.048434  18.893575  
3        0.198428  1.076513  19.431533  
4        0.264571  1.107864  20.051844  
5        0.330713  1.143219  20.780252  
6        0.396856  1.183567  21.654444  
7        0.462999  1.230292  22.729651  
8        0.529141  1.285394  24.086821  
9        0.595284  1.351916  25.844961  
10       0.661426  1.434770  28.182397  
2022-07-25 21:59:43,974 




2022-07-25 21:59:43,974 Calculating Intregationg of dw fro L to R..
2022-07-25 21:59:43,974 l=1200 E=2000000 Ic=6399 m=0.3385735052467585
2022-07-25 21:59:43,974 integration value=6.275543859572238e-08
2022-07-25 21:59:43,974 




2022-07-25 21:59:43,974 Calcualting Delta_sub_HL...............
2022-07-25 21:59:43,974 l=1200 r=180 Ic=6399 E=2000000 T1=0.0030379746835443038
2022-07-25 21:59:43,974 g=4.695049504950495 k=2.22811667349684 m=0.3385735052467585 yc=37.85349047668578
2022-07-25 21:59:43,974 T2=0.3646838156484459 T3=0.21029716931492098
2022-07-25 21:59:43,974 T4=0.5571866374900056 T5=0.03662093949492757 T6=0.6614264947532416 T7=0.018310469747463785
2022-07-25 21:59:43,974 T8=0.20142999542043935 T9=0.11468381564844586
2022-07-25 21:59:43,974 T_com_1=0.08602217634393544
2022-07-25 21:59:43,974 T_com_2=-0.019259397391170933
2022-07-25 21:59:43,974 delta_sub_HL=0.0001242412062950777
2022-07-25 21:59:43,974 




2022-07-25 21:59:43,974 




2022-07-25 21:59:43,974 Printing Basic input parapmeter............
2022-07-25 21:59:43,974 span=100 rise=15
2022-07-25 21:59:43,974 wc=505 ws=2371 g=4.695049504950495
2022-07-25 21:59:43,974 N=0.186
2022-07-25 21:59:43,974 Is=24560 Ic=6399
2022-07-25 21:59:43,974 cos_phi_s=0.7695392538644537 m=0.3385735052467585
2022-07-25 21:59:43,974 




2022-07-25 21:59:44,707 Calcualting Delta_sub_HA...............
2022-07-25 21:59:44,707 l=1200 r=180 Ic=6399 E=2000000 
2022-07-25 21:59:44,707 g=4.695049504950495 k=2.22811667349684 m=0.3385735052467585 yc=37.85349047668578 z=0.0 y0=0.0
2022-07-25 21:59:44,707 T1=0.005063291139240506
2022-07-25 21:59:44,707 T7=0.6614264947532416
2022-07-25 21:59:44,707 T13=0.1090269535769795
2022-07-25 21:59:44,707 T_com_1=0.24046476900901462
2022-07-25 21:59:44,707 T_com_2=0.20142999542043935
2022-07-25 21:59:44,707 T8=0.21029716931492098 T9=0.27063236870310825 T10=0.16666666666666666
2022-07-25 21:59:44,707 T_com_3=0.08015492300300486
2022-07-25 21:59:44,707 T_com_4=0.20142999542043935
2022-07-25 21:59:44,707 T_com_5=-1.058832209022476
2022-07-25 21:59:44,707 delta_sub_HL=0.0002171818644847292
2022-07-25 21:59:44,923 Calcualting Delta_sub_HA...............
2022-07-25 21:59:44,923 l=1200 r=180 Ic=6399 E=2000000 
2022-07-25 21:59:44,923 g=4.695049504950495 k=2.22811667349684 m=0.3385735052467585 yc=37.85349047668578 z=0.0 y0=0.0
2022-07-25 21:59:44,923 T1=0.005063291139240506
2022-07-25 21:59:44,923 T7=0.6614264947532416
2022-07-25 21:59:44,923 T13=0.1090269535769795
2022-07-25 21:59:44,923 T_com_1=0.24046476900901462
2022-07-25 21:59:44,923 T_com_2=0.20142999542043935
2022-07-25 21:59:44,923 T8=0.21029716931492098 T9=0.27063236870310825 T10=0.16666666666666666
2022-07-25 21:59:44,923 T_com_3=0.08015492300300486
2022-07-25 21:59:44,923 T_com_4=0.20142999542043935
2022-07-25 21:59:44,923 T_com_5=-1.058832209022476
2022-07-25 21:59:44,923 delta_sub_HL=0.0002171818644847292
2022-07-25 21:59:45,277 Calcualting Delta_sub_HA...............
2022-07-25 21:59:45,277 l=1200 r=180 Ic=6399 E=2000000 
2022-07-25 21:59:45,277 g=4.695049504950495 k=2.22811667349684 m=0.3385735052467585 yc=37.85349047668578 z=1.0 y0=179.99999999999994
2022-07-25 21:59:45,277 T1=0.005063291139240506
2022-07-25 21:59:45,277 T7=0.6614264947532416
2022-07-25 21:59:45,277 T13=0.1090269535769795
2022-07-25 21:59:45,277 T_com_1=0.0
2022-07-25 21:59:45,277 T_com_2=6.708966562977348e-17
2022-07-25 21:59:45,277 T8=0.21029716931492098 T9=0.27063236870310825 T10=0.0
2022-07-25 21:59:45,277 T_com_3=0.0
2022-07-25 21:59:45,277 T_com_4=6.708966562977348e-17
2022-07-25 21:59:45,277 T_com_5=-8.881784197001252e-16
2022-07-25 21:59:45,277 delta_sub_HL=-4.393127800995403e-19
2022-07-25 21:59:45,277 




2022-07-25 21:59:45,277 IL ordinate forment...............
2022-07-25 21:59:45,277 Moment At=-25 Load At=0 
2022-07-25 21:59:45,277 r=15  y0=33.48885760581248 y=4.364632870873301 yc=37.85349047668578
2022-07-25 21:59:45,277 V_L=0.5 H=-3.535966795558595e-15 M_prime_left=125.29360576163087
2022-07-25 21:59:45,277 M1=125.29360576163087 M2=-150.0 M3=-1.5433196906211578e-14
2022-07-25 21:59:45,277 x=-300 y=4.364632870873301 M0=-24.706394238369114
2022-07-25 21:59:45,277 M0/PL=-0.020588661865307594
2022-07-25 21:59:45,393 Calcualting Delta_sub_HA...............
2022-07-25 21:59:45,393 l=1200 r=180 Ic=6399 E=2000000 
2022-07-25 21:59:45,393 g=4.695049504950495 k=2.22811667349684 m=0.3385735052467585 yc=37.85349047668578 z=1.0 y0=179.99999999999994
2022-07-25 21:59:45,393 T1=0.005063291139240506
2022-07-25 21:59:45,393 T7=0.6614264947532416
2022-07-25 21:59:45,393 T13=0.1090269535769795
2022-07-25 21:59:45,393 T_com_1=0.0
2022-07-25 21:59:45,393 T_com_2=6.708966562977348e-17
2022-07-25 21:59:45,393 T8=0.21029716931492098 T9=0.27063236870310825 T10=0.0
2022-07-25 21:59:45,393 T_com_3=0.0
2022-07-25 21:59:45,393 T_com_4=6.708966562977348e-17
2022-07-25 21:59:45,393 T_com_5=-8.881784197001252e-16
2022-07-25 21:59:45,393 delta_sub_HL=-4.393127800995403e-19
2022-07-25 21:59:45,393 Calcualting Delta_sub_HA...............
2022-07-25 21:59:45,393 l=1200 r=180 Ic=6399 E=2000000 
2022-07-25 21:59:45,393 g=4.695049504950495 k=2.22811667349684 m=0.3385735052467585 yc=37.85349047668578 z=0.9 y0=135.4969837862674
2022-07-25 21:59:45,393 T1=0.005063291139240506
2022-07-25 21:59:45,393 T7=0.6614264947532416
2022-07-25 21:59:45,393 T13=0.1090269535769795
2022-07-25 21:59:45,393 T_com_1=0.04568830611171276
2022-07-25 21:59:45,393 T_com_2=0.04980134640071053
2022-07-25 21:59:45,393 T8=0.21029716931492098 T9=0.27063236870310825 T10=0.031666666666666655
2022-07-25 21:59:45,393 T_com_3=0.01522943537057092
2022-07-25 21:59:45,393 T_com_4=0.06496421130268341
2022-07-25 21:59:45,393 T_com_5=-0.3220821897082988
2022-07-25 21:59:45,393 delta_sub_HL=2.8133891559906404e-05
2022-07-25 21:59:45,393 Calcualting Delta_sub_HA...............
2022-07-25 21:59:45,393 l=1200 r=180 Ic=6399 E=2000000 
2022-07-25 21:59:45,393 g=4.695049504950495 k=2.22811667349684 m=0.3385735052467585 yc=37.85349047668578 z=0.8 y0=100.17701740089785
2022-07-25 21:59:45,393 T1=0.005063291139240506
2022-07-25 21:59:45,393 T7=0.6614264947532416
2022-07-25 21:59:45,393 T13=0.1090269535769795
2022-07-25 21:59:45,393 T_com_1=0.08656731684324523
2022-07-25 21:59:45,393 T_com_2=0.0893263501076831
2022-07-25 21:59:45,393 T8=0.21029716931492098 T9=0.27063236870310825 T10=0.05999999999999998
2022-07-25 21:59:45,393 T_com_3=0.028855772281081743
2022-07-25 21:59:45,393 T_com_4=0.11174707917023434
2022-07-25 21:59:45,393 T_com_5=-0.5625711386536552
2022-07-25 21:59:45,393 delta_sub_HL=5.8220775442665823e-05
2022-07-25 21:59:45,393 Calcualting Delta_sub_HA...............
2022-07-25 21:59:45,393 l=1200 r=180 Ic=6399 E=2000000 
2022-07-25 21:59:45,393 g=4.695049504950495 k=2.22811667349684 m=0.3385735052467585 yc=37.85349047668578 z=0.7 y0=72.27937349578464
2022-07-25 21:59:45,393 T1=0.005063291139240506
2022-07-25 21:59:45,393 T7=0.6614264947532416
2022-07-25 21:59:45,393 T13=0.1090269535769795
2022-07-25 21:59:45,393 T_com_1=0.12263703219459746
2022-07-25 21:59:45,393 T_com_2=0.12054536279683867
2022-07-25 21:59:45,393 T8=0.21029716931492098 T9=0.27063236870310825 T10=0.085
2022-07-25 21:59:45,393 T_com_3=0.04087901073153249
2022-07-25 21:59:45,393 T_com_4=0.14481075258391884
2022-07-25 21:59:45,393 T_com_5=-0.738440481453811
2022-07-25 21:59:45,393 delta_sub_HL=8.90303063896108e-05
2022-07-25 21:59:45,393 Calcualting Delta_sub_HA...............
2022-07-25 21:59:45,393 l=1200 r=180 Ic=6399 E=2000000 
2022-07-25 21:59:45,393 g=4.695049504950495 k=2.22811667349684 m=0.3385735052467585 yc=37.85349047668578 z=0.6 y0=50.41333317738379
2022-07-25 21:59:45,393 T1=0.005063291139240506
2022-07-25 21:59:45,393 T7=0.6614264947532416
2022-07-25 21:59:45,393 T13=0.1090269535769795
2022-07-25 21:59:45,393 T_com_1=0.15389745216576936
2022-07-25 21:59:45,393 T_com_2=0.14501467613683103
2022-07-25 21:59:45,393 T8=0.21029716931492098 T9=0.27063236870310825 T10=0.10666666666666667
2022-07-25 21:59:45,393 T_com_3=0.05129915072192312
2022-07-25 21:59:45,393 T_com_4=0.16758080385027435
2022-07-25 21:59:45,408 T_com_5=-0.8634425159188134
2022-07-25 21:59:45,408 delta_sub_HL=0.00011913336450445493
2022-07-25 21:59:45,408 Calcualting Delta_sub_HA...............
2022-07-25 21:59:45,408 l=1200 r=180 Ic=6399 E=2000000 
2022-07-25 21:59:45,408 g=4.695049504950495 k=2.22811667349684 m=0.3385735052467585 yc=37.85349047668578 z=0.5 y0=33.48885760581248
2022-07-25 21:59:45,408 T1=0.005063291139240506
2022-07-25 21:59:45,408 T7=0.6614264947532416
2022-07-25 21:59:45,408 T13=0.1090269535769795
2022-07-25 21:59:45,408 T_com_1=0.18034857675676097
2022-07-25 21:59:45,408 T_com_2=0.1639541041194696
2022-07-25 21:59:45,408 T8=0.21029716931492098 T9=0.27063236870310825 T10=0.125
2022-07-25 21:59:45,408 T_com_3=0.060116192252253654
2022-07-25 21:59:45,408 T_com_4=0.18269204976995448
2022-07-25 21:59:45,408 T_com_5=-0.9487937656189169
2022-07-25 21:59:45,408 delta_sub_HL=0.00014708216722142026
2022-07-25 21:59:45,408 Calcualting Delta_sub_HA...............
2022-07-25 21:59:45,408 l=1200 r=180 Ic=6399 E=2000000 
2022-07-25 21:59:45,408 g=4.695049504950495 k=2.22811667349684 m=0.3385735052467585 yc=37.85349047668578 z=0.4 y0=20.66224872467697
2022-07-25 21:59:45,408 T1=0.005063291139240506
2022-07-25 21:59:45,408 T7=0.6614264947532416
2022-07-25 21:59:45,408 T13=0.1090269535769795
2022-07-25 21:59:45,408 T_com_1=0.20199040596757228
2022-07-25 21:59:45,408 T_com_2=0.1783077917205079
2022-07-25 21:59:45,408 T8=0.21029716931492098 T9=0.27063236870310825 T10=0.13999999999999999
2022-07-25 21:59:45,408 T_com_3=0.06733013532252409
2022-07-25 21:59:45,408 T_com_4=0.19218111394046677
2022-07-25 21:59:45,408 T_com_5=-1.0037341321664832
2022-07-25 21:59:45,408 delta_sub_HL=0.00017154310385249108
2022-07-25 21:59:45,408 Calcualting Delta_sub_HA...............
2022-07-25 21:59:45,408 l=1200 r=180 Ic=6399 E=2000000 
2022-07-25 21:59:45,408 g=4.695049504950495 k=2.22811667349684 m=0.3385735052467585 yc=37.85349047668578 z=0.3 y0=11.294090267436392
2022-07-25 21:59:45,408 T1=0.005063291139240506
2022-07-25 21:59:45,408 T7=0.6614264947532416
2022-07-25 21:59:45,408 T13=0.1090269535769795
2022-07-25 21:59:45,408 T_com_1=0.2188229397982033
2022-07-25 21:59:45,408 T_com_2=0.188791281249063
2022-07-25 21:59:45,408 T8=0.21029716931492098 T9=0.27063236870310825 T10=0.15166666666666667
2022-07-25 21:59:45,408 T_com_3=0.07294097993273443
2022-07-25 21:59:45,408 T_com_4=0.19763838116902646
2022-07-25 21:59:45,408 T_com_5=-1.0359875113809311
2022-07-25 21:59:45,408 delta_sub_HL=0.0001913991344041211
2022-07-25 21:59:45,408 Calcualting Delta_sub_HA...............
2022-07-25 21:59:45,408 l=1200 r=180 Ic=6399 E=2000000 
2022-07-25 21:59:45,408 g=4.695049504950495 k=2.22811667349684 m=0.3385735052467585 yc=37.85349047668578 z=0.2 y0=4.917372367289418
2022-07-25 21:59:45,408 T1=0.005063291139240506
2022-07-25 21:59:45,408 T7=0.6614264947532416
2022-07-25 21:59:45,408 T13=0.1090269535769795
2022-07-25 21:59:45,408 T_com_1=0.23084617824865403
2022-07-25 21:59:45,408 T_com_2=0.19592718267919657
2022-07-25 21:59:45,408 T8=0.21029716931492098 T9=0.27063236870310825 T10=0.16
2022-07-25 21:59:45,408 T_com_3=0.07694872608288468
2022-07-25 21:59:45,408 T_com_4=0.2003294328721908
2022-07-25 21:59:45,408 T_com_5=-1.0521468354049939
2022-07-25 21:59:45,408 delta_sub_HL=0.00020583527613640253
2022-07-25 21:59:45,408 Calcualting Delta_sub_HA...............
2022-07-25 21:59:45,408 l=1200 r=180 Ic=6399 E=2000000 
2022-07-25 21:59:45,408 g=4.695049504950495 k=2.22811667349684 m=0.3385735052467585 yc=37.85349047668578 z=0.1 y0=1.2142107579984234
2022-07-25 21:59:45,408 T1=0.005063291139240506
2022-07-25 21:59:45,408 T7=0.6614264947532416
2022-07-25 21:59:45,408 T13=0.1090269535769795
2022-07-25 21:59:45,408 T_com_1=0.23806012131892446
2022-07-25 21:59:45,408 T_com_2=0.20007122615697784
2022-07-25 21:59:45,408 T8=0.21029716931492098 T9=0.27063236870310825 T10=0.165
2022-07-25 21:59:45,408 T_com_3=0.07935337377297483
2022-07-25 21:59:45,408 T_com_4=0.2012941184940932
2022-07-25 21:59:45,408 T_com_5=-1.0580027354163812
2022-07-25 21:59:45,408 delta_sub_HL=0.00021441847696019242
2022-07-25 21:59:45,408 Calcualting Delta_sub_HA...............
2022-07-25 21:59:45,408 l=1200 r=180 Ic=6399 E=2000000 
2022-07-25 21:59:45,408 g=4.695049504950495 k=2.22811667349684 m=0.3385735052467585 yc=37.85349047668578 z=0.0 y0=0.0
2022-07-25 21:59:45,408 T1=0.005063291139240506
2022-07-25 21:59:45,408 T7=0.6614264947532416
2022-07-25 21:59:45,408 T13=0.1090269535769795
2022-07-25 21:59:45,408 T_com_1=0.24046476900901462
2022-07-25 21:59:45,408 T_com_2=0.20142999542043935
2022-07-25 21:59:45,408 T8=0.21029716931492098 T9=0.27063236870310825 T10=0.16666666666666666
2022-07-25 21:59:45,408 T_com_3=0.08015492300300486
2022-07-25 21:59:45,408 T_com_4=0.20142999542043935
2022-07-25 21:59:45,408 T_com_5=-1.058832209022476
2022-07-25 21:59:45,408 delta_sub_HL=0.0002171818644847292
2022-07-25 21:59:45,809 Calculating Intregationg of dw del_Ma at left side
2022-07-25 21:59:45,809 l=1200 E=2000000 Ic=6399 m=0.3385735052467585 z=1.0
2022-07-25 21:59:45,809 del_Ma=3.7653263157433426e-05
2022-07-25 21:59:45,809 




2022-07-25 21:59:45,809 Calculating Intregationg of dw del_Ma at left side
2022-07-25 21:59:45,809 l=1200 E=2000000 Ic=6399 m=0.3385735052467585 z=0.9
2022-07-25 21:59:45,809 del_Ma=3.393865710260034e-05
2022-07-25 21:59:45,809 




2022-07-25 21:59:45,809 Calculating Intregationg of dw del_Ma at left side
2022-07-25 21:59:45,809 l=1200 E=2000000 Ic=6399 m=0.3385735052467585 z=0.8
2022-07-25 21:59:45,809 del_Ma=3.033789525444012e-05
2022-07-25 21:59:45,809 




2022-07-25 21:59:45,809 Calculating Intregationg of dw del_Ma at left side
2022-07-25 21:59:45,809 l=1200 E=2000000 Ic=6399 m=0.3385735052467585 z=0.7
2022-07-25 21:59:45,809 del_Ma=2.686958314023135e-05
2022-07-25 21:59:45,809 




2022-07-25 21:59:45,809 Calculating Intregationg of dw del_Ma at left side
2022-07-25 21:59:45,809 l=1200 E=2000000 Ic=6399 m=0.3385735052467585 z=0.6
2022-07-25 21:59:45,809 del_Ma=2.3552326287252606e-05
2022-07-25 21:59:45,809 




2022-07-25 21:59:45,809 Calculating Intregationg of dw del_Ma at left side
2022-07-25 21:59:45,809 l=1200 E=2000000 Ic=6399 m=0.3385735052467585 z=0.5
2022-07-25 21:59:45,809 del_Ma=2.0404730222782462e-05
2022-07-25 21:59:45,809 




2022-07-25 21:59:45,809 Calculating Intregationg of dw del_Ma at left side
2022-07-25 21:59:45,809 l=1200 E=2000000 Ic=6399 m=0.3385735052467585 z=0.4
2022-07-25 21:59:45,809 del_Ma=1.7445400474099483e-05
2022-07-25 21:59:45,809 




2022-07-25 21:59:45,809 Calculating Intregationg of dw del_Ma at left side
2022-07-25 21:59:45,809 l=1200 E=2000000 Ic=6399 m=0.3385735052467585 z=0.3
2022-07-25 21:59:45,809 del_Ma=1.4692942568482239e-05
2022-07-25 21:59:45,809 




2022-07-25 21:59:45,809 Calculating Intregationg of dw del_Ma at left side
2022-07-25 21:59:45,809 l=1200 E=2000000 Ic=6399 m=0.3385735052467585 z=0.2
2022-07-25 21:59:45,809 del_Ma=1.2165962033209312e-05
2022-07-25 21:59:45,809 




2022-07-25 21:59:45,809 Calculating Intregationg of dw del_Ma at left side
2022-07-25 21:59:45,809 l=1200 E=2000000 Ic=6399 m=0.3385735052467585 z=0.1
2022-07-25 21:59:45,809 del_Ma=9.883064395559265e-06
2022-07-25 21:59:45,809 




2022-07-25 21:59:45,809 Calculating Intregationg of dw del_Ma at left side
2022-07-25 21:59:45,809 l=1200 E=2000000 Ic=6399 m=0.3385735052467585 z=0.0
2022-07-25 21:59:45,809 del_Ma=7.862855182810675e-06
2022-07-25 21:59:45,809 




2022-07-25 21:59:45,809 Calculating Intregationg of dw del_Ma at right side....
2022-07-25 21:59:45,809 l=1200 E=2000000 Ic=6399 m=0.3385735052467585 z=0.1
2022-07-25 21:59:45,809 del_Ma=6.117738079815921e-06
2022-07-25 21:59:45,809 




2022-07-25 21:59:45,809 Calculating Intregationg of dw del_Ma at right side....
2022-07-25 21:59:45,809 l=1200 E=2000000 Ic=6399 m=0.3385735052467585 z=0.2
2022-07-25 21:59:45,809 del_Ma=4.635309401722624e-06
2022-07-25 21:59:45,809 




2022-07-25 21:59:45,809 Calculating Intregationg of dw del_Ma at right side....
2022-07-25 21:59:45,809 l=1200 E=2000000 Ic=6399 m=0.3385735052467585 z=0.3
2022-07-25 21:59:45,809 del_Ma=3.396963621252213e-06
2022-07-25 21:59:45,809 




2022-07-25 21:59:45,809 Calculating Intregationg of dw del_Ma at right side....
2022-07-25 21:59:45,809 l=1200 E=2000000 Ic=6399 m=0.3385735052467585 z=0.4
2022-07-25 21:59:45,809 del_Ma=2.384095211126109e-06
2022-07-25 21:59:45,809 




2022-07-25 21:59:45,809 Calculating Intregationg of dw del_Ma at right side....
2022-07-25 21:59:45,809 l=1200 E=2000000 Ic=6399 m=0.3385735052467585 z=0.5
2022-07-25 21:59:45,809 del_Ma=1.578098644065748e-06
2022-07-25 21:59:45,809 




2022-07-25 21:59:45,809 Calculating Intregationg of dw del_Ma at right side....
2022-07-25 21:59:45,809 l=1200 E=2000000 Ic=6399 m=0.3385735052467585 z=0.6
2022-07-25 21:59:45,809 del_Ma=9.603683927925552e-07
2022-07-25 21:59:45,809 




2022-07-25 21:59:45,809 Calculating Intregationg of dw del_Ma at right side....
2022-07-25 21:59:45,809 l=1200 E=2000000 Ic=6399 m=0.3385735052467585 z=0.7
2022-07-25 21:59:45,809 del_Ma=5.122989300279541e-07
2022-07-25 21:59:45,809 




2022-07-25 21:59:45,809 Calculating Intregationg of dw del_Ma at right side....
2022-07-25 21:59:45,809 l=1200 E=2000000 Ic=6399 m=0.3385735052467585 z=0.8
2022-07-25 21:59:45,809 del_Ma=2.15284728493375e-07
2022-07-25 21:59:45,809 




2022-07-25 21:59:45,809 Calculating Intregationg of dw del_Ma at right side....
2022-07-25 21:59:45,809 l=1200 E=2000000 Ic=6399 m=0.3385735052467585 z=0.9
2022-07-25 21:59:45,809 del_Ma=5.0720260910247e-08
2022-07-25 21:59:45,809 




2022-07-25 21:59:45,809 Calculating Intregationg of dw del_Ma at right side....
2022-07-25 21:59:45,809 l=1200 E=2000000 Ic=6399 m=0.3385735052467585 z=1.0
2022-07-25 21:59:45,809 del_Ma=0.0
2022-07-25 21:59:45,809 




2022-07-25 21:59:45,809 Printing Mprime Calcualtions................
2022-07-25 21:59:45,809     x_from_left  x_from_center    z  integral_dw_L_to_R      delta_Ma  \
0             0          -50.0  1.0        6.275544e-08  3.765326e-05   
1             5          -45.0  0.9        6.275544e-08  3.393866e-05   
2            10          -40.0  0.8        6.275544e-08  3.033790e-05   
3            15          -35.0  0.7        6.275544e-08  2.686958e-05   
4            20          -30.0  0.6        6.275544e-08  2.355233e-05   
5            25          -25.0  0.5        6.275544e-08  2.040473e-05   
6            30          -20.0  0.4        6.275544e-08  1.744540e-05   
7            35          -15.0  0.3        6.275544e-08  1.469294e-05   
8            40          -10.0  0.2        6.275544e-08  1.216596e-05   
9            45           -5.0  0.1        6.275544e-08  9.883064e-06   
10           50            0.0  0.0        6.275544e-08  7.862855e-06   
11           55            5.0  0.1        6.275544e-08  6.117738e-06   
12           60           10.0  0.2        6.275544e-08  4.635309e-06   
13           65           15.0  0.3        6.275544e-08  3.396964e-06   
14           70           20.0  0.4        6.275544e-08  2.384095e-06   
15           75           25.0  0.5        6.275544e-08  1.578099e-06   
16           80           30.0  0.6        6.275544e-08  9.603684e-07   
17           85           35.0  0.7        6.275544e-08  5.122989e-07   
18           90           40.0  0.8        6.275544e-08  2.152847e-07   
19           95           45.0  0.9        6.275544e-08  5.072026e-08   
20          100           50.0  1.0        6.275544e-08  0.000000e+00   

       M_prime  M_prime_direct  Mprime_by_l  
0   600.000000      600.000000     0.500000  
1   540.808221      540.808221     0.450674  
2   483.430535      483.430535     0.402859  
3   428.163419      428.163419     0.356803  
4   375.303349      375.303349     0.312753  
5   325.146803      325.146803     0.270956  
6   277.990257      277.990257     0.231659  
7   234.130187      234.130187     0.195108  
8   193.863071      193.863071     0.161553  
9   157.485385      157.485385     0.131238  
10  125.293606      125.293606     0.104411  
11   97.485385       97.485385     0.081238  
12   73.863071       73.863071     0.061553  
13   54.130187       54.130187     0.045108  
14   37.990257       37.990257     0.031659  
15   25.146803       25.146803     0.020956  
16   15.303349       15.303349     0.012753  
17    8.163419        8.163419     0.006803  
18    3.430535        3.430535     0.002859  
19    0.808221        0.808221     0.000674  
20    0.000000        0.000000     0.000000  
2022-07-25 21:59:45,824 




2022-07-25 21:59:45,925 Printing Vertical Reaction V_L Calcualtions................
2022-07-25 21:59:45,925     x_from_left  x_from_center    z        VL
0             0          -50.0  1.0  1.000000
1             5          -45.0  0.9  0.994817
2            10          -40.0  0.8  0.978825
3            15          -35.0  0.7  0.951653
4            20          -30.0  0.6  0.913325
5            25          -25.0  0.5  0.864258
6            30          -20.0  0.4  0.805263
7            35          -15.0  0.3  0.737544
8            40          -10.0  0.2  0.662700
9            45           -5.0  0.1  0.582724
10           50            0.0  0.0  0.500000
11           55            5.0  0.1  0.417276
12           60           10.0  0.2  0.337300
13           65           15.0  0.3  0.262456
14           70           20.0  0.4  0.194737
15           75           25.0  0.5  0.135742
16           80           30.0  0.6  0.086675
17           85           35.0  0.7  0.048347
18           90           40.0  0.8  0.021175
19           95           45.0  0.9  0.005183
20          100           50.0  1.0  0.000000
2022-07-25 21:59:45,940 




2022-07-25 21:59:46,078 Calcualting Delta_sub_HA...............
2022-07-25 21:59:46,078 l=1200 r=180 Ic=6399 E=2000000 
2022-07-25 21:59:46,078 g=4.695049504950495 k=2.22811667349684 m=0.3385735052467585 yc=37.85349047668578 z=1.0 y0=179.99999999999994
2022-07-25 21:59:46,078 T1=0.005063291139240506
2022-07-25 21:59:46,078 T7=0.6614264947532416
2022-07-25 21:59:46,078 T13=0.1090269535769795
2022-07-25 21:59:46,078 T_com_1=0.0
2022-07-25 21:59:46,078 T_com_2=6.708966562977348e-17
2022-07-25 21:59:46,078 T8=0.21029716931492098 T9=0.27063236870310825 T10=0.0
2022-07-25 21:59:46,078 T_com_3=0.0
2022-07-25 21:59:46,078 T_com_4=6.708966562977348e-17
2022-07-25 21:59:46,078 T_com_5=-8.881784197001252e-16
2022-07-25 21:59:46,078 delta_sub_HL=-4.393127800995403e-19
2022-07-25 21:59:46,078 Calcualting Delta_sub_HA...............
2022-07-25 21:59:46,078 l=1200 r=180 Ic=6399 E=2000000 
2022-07-25 21:59:46,078 g=4.695049504950495 k=2.22811667349684 m=0.3385735052467585 yc=37.85349047668578 z=0.9 y0=135.4969837862674
2022-07-25 21:59:46,078 T1=0.005063291139240506
2022-07-25 21:59:46,078 T7=0.6614264947532416
2022-07-25 21:59:46,078 T13=0.1090269535769795
2022-07-25 21:59:46,078 T_com_1=0.04568830611171276
2022-07-25 21:59:46,078 T_com_2=0.04980134640071053
2022-07-25 21:59:46,078 T8=0.21029716931492098 T9=0.27063236870310825 T10=0.031666666666666655
2022-07-25 21:59:46,078 T_com_3=0.01522943537057092
2022-07-25 21:59:46,078 T_com_4=0.06496421130268341
2022-07-25 21:59:46,078 T_com_5=-0.3220821897082988
2022-07-25 21:59:46,078 delta_sub_HL=2.8133891559906404e-05
2022-07-25 21:59:46,078 Calcualting Delta_sub_HA...............
2022-07-25 21:59:46,078 l=1200 r=180 Ic=6399 E=2000000 
2022-07-25 21:59:46,078 g=4.695049504950495 k=2.22811667349684 m=0.3385735052467585 yc=37.85349047668578 z=0.8 y0=100.17701740089785
2022-07-25 21:59:46,078 T1=0.005063291139240506
2022-07-25 21:59:46,078 T7=0.6614264947532416
2022-07-25 21:59:46,078 T13=0.1090269535769795
2022-07-25 21:59:46,078 T_com_1=0.08656731684324523
2022-07-25 21:59:46,078 T_com_2=0.0893263501076831
2022-07-25 21:59:46,078 T8=0.21029716931492098 T9=0.27063236870310825 T10=0.05999999999999998
2022-07-25 21:59:46,078 T_com_3=0.028855772281081743
2022-07-25 21:59:46,078 T_com_4=0.11174707917023434
2022-07-25 21:59:46,078 T_com_5=-0.5625711386536552
2022-07-25 21:59:46,078 delta_sub_HL=5.8220775442665823e-05
2022-07-25 21:59:46,078 Calcualting Delta_sub_HA...............
2022-07-25 21:59:46,078 l=1200 r=180 Ic=6399 E=2000000 
2022-07-25 21:59:46,078 g=4.695049504950495 k=2.22811667349684 m=0.3385735052467585 yc=37.85349047668578 z=0.7 y0=72.27937349578464
2022-07-25 21:59:46,078 T1=0.005063291139240506
2022-07-25 21:59:46,078 T7=0.6614264947532416
2022-07-25 21:59:46,078 T13=0.1090269535769795
2022-07-25 21:59:46,078 T_com_1=0.12263703219459746
2022-07-25 21:59:46,078 T_com_2=0.12054536279683867
2022-07-25 21:59:46,078 T8=0.21029716931492098 T9=0.27063236870310825 T10=0.085
2022-07-25 21:59:46,078 T_com_3=0.04087901073153249
2022-07-25 21:59:46,078 T_com_4=0.14481075258391884
2022-07-25 21:59:46,078 T_com_5=-0.738440481453811
2022-07-25 21:59:46,078 delta_sub_HL=8.90303063896108e-05
2022-07-25 21:59:46,078 Calcualting Delta_sub_HA...............
2022-07-25 21:59:46,078 l=1200 r=180 Ic=6399 E=2000000 
2022-07-25 21:59:46,078 g=4.695049504950495 k=2.22811667349684 m=0.3385735052467585 yc=37.85349047668578 z=0.6 y0=50.41333317738379
2022-07-25 21:59:46,078 T1=0.005063291139240506
2022-07-25 21:59:46,078 T7=0.6614264947532416
2022-07-25 21:59:46,078 T13=0.1090269535769795
2022-07-25 21:59:46,078 T_com_1=0.15389745216576936
2022-07-25 21:59:46,078 T_com_2=0.14501467613683103
2022-07-25 21:59:46,078 T8=0.21029716931492098 T9=0.27063236870310825 T10=0.10666666666666667
2022-07-25 21:59:46,078 T_com_3=0.05129915072192312
2022-07-25 21:59:46,078 T_com_4=0.16758080385027435
2022-07-25 21:59:46,078 T_com_5=-0.8634425159188134
2022-07-25 21:59:46,078 delta_sub_HL=0.00011913336450445493
2022-07-25 21:59:46,078 Calcualting Delta_sub_HA...............
2022-07-25 21:59:46,078 l=1200 r=180 Ic=6399 E=2000000 
2022-07-25 21:59:46,078 g=4.695049504950495 k=2.22811667349684 m=0.3385735052467585 yc=37.85349047668578 z=0.5 y0=33.48885760581248
2022-07-25 21:59:46,078 T1=0.005063291139240506
2022-07-25 21:59:46,078 T7=0.6614264947532416
2022-07-25 21:59:46,078 T13=0.1090269535769795
2022-07-25 21:59:46,078 T_com_1=0.18034857675676097
2022-07-25 21:59:46,078 T_com_2=0.1639541041194696
2022-07-25 21:59:46,078 T8=0.21029716931492098 T9=0.27063236870310825 T10=0.125
2022-07-25 21:59:46,078 T_com_3=0.060116192252253654
2022-07-25 21:59:46,078 T_com_4=0.18269204976995448
2022-07-25 21:59:46,078 T_com_5=-0.9487937656189169
2022-07-25 21:59:46,078 delta_sub_HL=0.00014708216722142026
2022-07-25 21:59:46,078 Calcualting Delta_sub_HA...............
2022-07-25 21:59:46,078 l=1200 r=180 Ic=6399 E=2000000 
2022-07-25 21:59:46,078 g=4.695049504950495 k=2.22811667349684 m=0.3385735052467585 yc=37.85349047668578 z=0.4 y0=20.66224872467697
2022-07-25 21:59:46,078 T1=0.005063291139240506
2022-07-25 21:59:46,078 T7=0.6614264947532416
2022-07-25 21:59:46,078 T13=0.1090269535769795
2022-07-25 21:59:46,078 T_com_1=0.20199040596757228
2022-07-25 21:59:46,078 T_com_2=0.1783077917205079
2022-07-25 21:59:46,078 T8=0.21029716931492098 T9=0.27063236870310825 T10=0.13999999999999999
2022-07-25 21:59:46,078 T_com_3=0.06733013532252409
2022-07-25 21:59:46,078 T_com_4=0.19218111394046677
2022-07-25 21:59:46,078 T_com_5=-1.0037341321664832
2022-07-25 21:59:46,078 delta_sub_HL=0.00017154310385249108
2022-07-25 21:59:46,078 Calcualting Delta_sub_HA...............
2022-07-25 21:59:46,078 l=1200 r=180 Ic=6399 E=2000000 
2022-07-25 21:59:46,078 g=4.695049504950495 k=2.22811667349684 m=0.3385735052467585 yc=37.85349047668578 z=0.3 y0=11.294090267436392
2022-07-25 21:59:46,078 T1=0.005063291139240506
2022-07-25 21:59:46,078 T7=0.6614264947532416
2022-07-25 21:59:46,078 T13=0.1090269535769795
2022-07-25 21:59:46,078 T_com_1=0.2188229397982033
2022-07-25 21:59:46,125 T_com_2=0.188791281249063
2022-07-25 21:59:46,125 T8=0.21029716931492098 T9=0.27063236870310825 T10=0.15166666666666667
2022-07-25 21:59:46,125 T_com_3=0.07294097993273443
2022-07-25 21:59:46,125 T_com_4=0.19763838116902646
2022-07-25 21:59:46,125 T_com_5=-1.0359875113809311
2022-07-25 21:59:46,125 delta_sub_HL=0.0001913991344041211
2022-07-25 21:59:46,125 Calcualting Delta_sub_HA...............
2022-07-25 21:59:46,125 l=1200 r=180 Ic=6399 E=2000000 
2022-07-25 21:59:46,125 g=4.695049504950495 k=2.22811667349684 m=0.3385735052467585 yc=37.85349047668578 z=0.2 y0=4.917372367289418
2022-07-25 21:59:46,125 T1=0.005063291139240506
2022-07-25 21:59:46,125 T7=0.6614264947532416
2022-07-25 21:59:46,125 T13=0.1090269535769795
2022-07-25 21:59:46,125 T_com_1=0.23084617824865403
2022-07-25 21:59:46,125 T_com_2=0.19592718267919657
2022-07-25 21:59:46,125 T8=0.21029716931492098 T9=0.27063236870310825 T10=0.16
2022-07-25 21:59:46,125 T_com_3=0.07694872608288468
2022-07-25 21:59:46,125 T_com_4=0.2003294328721908
2022-07-25 21:59:46,125 T_com_5=-1.0521468354049939
2022-07-25 21:59:46,125 delta_sub_HL=0.00020583527613640253
2022-07-25 21:59:46,125 Calcualting Delta_sub_HA...............
2022-07-25 21:59:46,125 l=1200 r=180 Ic=6399 E=2000000 
2022-07-25 21:59:46,125 g=4.695049504950495 k=2.22811667349684 m=0.3385735052467585 yc=37.85349047668578 z=0.1 y0=1.2142107579984234
2022-07-25 21:59:46,125 T1=0.005063291139240506
2022-07-25 21:59:46,125 T7=0.6614264947532416
2022-07-25 21:59:46,125 T13=0.1090269535769795
2022-07-25 21:59:46,125 T_com_1=0.23806012131892446
2022-07-25 21:59:46,125 T_com_2=0.20007122615697784
2022-07-25 21:59:46,125 T8=0.21029716931492098 T9=0.27063236870310825 T10=0.165
2022-07-25 21:59:46,125 T_com_3=0.07935337377297483
2022-07-25 21:59:46,125 T_com_4=0.2012941184940932
2022-07-25 21:59:46,125 T_com_5=-1.0580027354163812
2022-07-25 21:59:46,125 delta_sub_HL=0.00021441847696019242
2022-07-25 21:59:46,125 Calcualting Delta_sub_HA...............
2022-07-25 21:59:46,125 l=1200 r=180 Ic=6399 E=2000000 
2022-07-25 21:59:46,125 g=4.695049504950495 k=2.22811667349684 m=0.3385735052467585 yc=37.85349047668578 z=0.0 y0=0.0
2022-07-25 21:59:46,125 T1=0.005063291139240506
2022-07-25 21:59:46,125 T7=0.6614264947532416
2022-07-25 21:59:46,125 T13=0.1090269535769795
2022-07-25 21:59:46,125 T_com_1=0.24046476900901462
2022-07-25 21:59:46,125 T_com_2=0.20142999542043935
2022-07-25 21:59:46,125 T8=0.21029716931492098 T9=0.27063236870310825 T10=0.16666666666666666
2022-07-25 21:59:46,125 T_com_3=0.08015492300300486
2022-07-25 21:59:46,125 T_com_4=0.20142999542043935
2022-07-25 21:59:46,125 T_com_5=-1.058832209022476
2022-07-25 21:59:46,125 delta_sub_HL=0.0002171818644847292
2022-07-25 21:59:46,125 Calcualting Delta_sub_HA...............
2022-07-25 21:59:46,125 l=1200 r=180 Ic=6399 E=2000000 
2022-07-25 21:59:46,125 g=4.695049504950495 k=2.22811667349684 m=0.3385735052467585 yc=37.85349047668578 z=0.1 y0=1.2142107579984234
2022-07-25 21:59:46,125 T1=0.005063291139240506
2022-07-25 21:59:46,125 T7=0.6614264947532416
2022-07-25 21:59:46,125 T13=0.1090269535769795
2022-07-25 21:59:46,125 T_com_1=0.23806012131892446
2022-07-25 21:59:46,125 T_com_2=0.20007122615697784
2022-07-25 21:59:46,125 T8=0.21029716931492098 T9=0.27063236870310825 T10=0.165
2022-07-25 21:59:46,125 T_com_3=0.07935337377297483
2022-07-25 21:59:46,125 T_com_4=0.2012941184940932
2022-07-25 21:59:46,125 T_com_5=-1.0580027354163812
2022-07-25 21:59:46,125 delta_sub_HL=0.00021441847696019242
2022-07-25 21:59:46,125 Calcualting Delta_sub_HA...............
2022-07-25 21:59:46,125 l=1200 r=180 Ic=6399 E=2000000 
2022-07-25 21:59:46,125 g=4.695049504950495 k=2.22811667349684 m=0.3385735052467585 yc=37.85349047668578 z=0.2 y0=4.917372367289418
2022-07-25 21:59:46,125 T1=0.005063291139240506
2022-07-25 21:59:46,125 T7=0.6614264947532416
2022-07-25 21:59:46,125 T13=0.1090269535769795
2022-07-25 21:59:46,125 T_com_1=0.23084617824865403
2022-07-25 21:59:46,125 T_com_2=0.19592718267919657
2022-07-25 21:59:46,125 T8=0.21029716931492098 T9=0.27063236870310825 T10=0.16
2022-07-25 21:59:46,125 T_com_3=0.07694872608288468
2022-07-25 21:59:46,125 T_com_4=0.2003294328721908
2022-07-25 21:59:46,125 T_com_5=-1.0521468354049939
2022-07-25 21:59:46,125 delta_sub_HL=0.00020583527613640253
2022-07-25 21:59:46,125 Calcualting Delta_sub_HA...............
2022-07-25 21:59:46,125 l=1200 r=180 Ic=6399 E=2000000 
2022-07-25 21:59:46,125 g=4.695049504950495 k=2.22811667349684 m=0.3385735052467585 yc=37.85349047668578 z=0.3 y0=11.294090267436392
2022-07-25 21:59:46,125 T1=0.005063291139240506
2022-07-25 21:59:46,125 T7=0.6614264947532416
2022-07-25 21:59:46,125 T13=0.1090269535769795
2022-07-25 21:59:46,125 T_com_1=0.2188229397982033
2022-07-25 21:59:46,125 T_com_2=0.188791281249063
2022-07-25 21:59:46,125 T8=0.21029716931492098 T9=0.27063236870310825 T10=0.15166666666666667
2022-07-25 21:59:46,125 T_com_3=0.07294097993273443
2022-07-25 21:59:46,125 T_com_4=0.19763838116902646
2022-07-25 21:59:46,125 T_com_5=-1.0359875113809311
2022-07-25 21:59:46,125 delta_sub_HL=0.0001913991344041211
2022-07-25 21:59:46,125 Calcualting Delta_sub_HA...............
2022-07-25 21:59:46,125 l=1200 r=180 Ic=6399 E=2000000 
2022-07-25 21:59:46,125 g=4.695049504950495 k=2.22811667349684 m=0.3385735052467585 yc=37.85349047668578 z=0.4 y0=20.66224872467697
2022-07-25 21:59:46,125 T1=0.005063291139240506
2022-07-25 21:59:46,125 T7=0.6614264947532416
2022-07-25 21:59:46,125 T13=0.1090269535769795
2022-07-25 21:59:46,125 T_com_1=0.20199040596757228
2022-07-25 21:59:46,125 T_com_2=0.1783077917205079
2022-07-25 21:59:46,125 T8=0.21029716931492098 T9=0.27063236870310825 T10=0.13999999999999999
2022-07-25 21:59:46,125 T_com_3=0.06733013532252409
2022-07-25 21:59:46,125 T_com_4=0.19218111394046677
2022-07-25 21:59:46,125 T_com_5=-1.0037341321664832
2022-07-25 21:59:46,125 delta_sub_HL=0.00017154310385249108
2022-07-25 21:59:46,125 Calcualting Delta_sub_HA...............
2022-07-25 21:59:46,125 l=1200 r=180 Ic=6399 E=2000000 
2022-07-25 21:59:46,125 g=4.695049504950495 k=2.22811667349684 m=0.3385735052467585 yc=37.85349047668578 z=0.5 y0=33.48885760581248
2022-07-25 21:59:46,125 T1=0.005063291139240506
2022-07-25 21:59:46,125 T7=0.6614264947532416
2022-07-25 21:59:46,125 T13=0.1090269535769795
2022-07-25 21:59:46,125 T_com_1=0.18034857675676097
2022-07-25 21:59:46,125 T_com_2=0.1639541041194696
2022-07-25 21:59:46,125 T8=0.21029716931492098 T9=0.27063236870310825 T10=0.125
2022-07-25 21:59:46,125 T_com_3=0.060116192252253654
2022-07-25 21:59:46,125 T_com_4=0.18269204976995448
2022-07-25 21:59:46,125 T_com_5=-0.9487937656189169
2022-07-25 21:59:46,125 delta_sub_HL=0.00014708216722142026
2022-07-25 21:59:46,125 Calcualting Delta_sub_HA...............
2022-07-25 21:59:46,125 l=1200 r=180 Ic=6399 E=2000000 
2022-07-25 21:59:46,125 g=4.695049504950495 k=2.22811667349684 m=0.3385735052467585 yc=37.85349047668578 z=0.6 y0=50.41333317738379
2022-07-25 21:59:46,125 T1=0.005063291139240506
2022-07-25 21:59:46,125 T7=0.6614264947532416
2022-07-25 21:59:46,125 T13=0.1090269535769795
2022-07-25 21:59:46,125 T_com_1=0.15389745216576936
2022-07-25 21:59:46,125 T_com_2=0.14501467613683103
2022-07-25 21:59:46,125 T8=0.21029716931492098 T9=0.27063236870310825 T10=0.10666666666666667
2022-07-25 21:59:46,125 T_com_3=0.05129915072192312
2022-07-25 21:59:46,125 T_com_4=0.16758080385027435
2022-07-25 21:59:46,125 T_com_5=-0.8634425159188134
2022-07-25 21:59:46,125 delta_sub_HL=0.00011913336450445493
2022-07-25 21:59:46,140 Calcualting Delta_sub_HA...............
2022-07-25 21:59:46,140 l=1200 r=180 Ic=6399 E=2000000 
2022-07-25 21:59:46,140 g=4.695049504950495 k=2.22811667349684 m=0.3385735052467585 yc=37.85349047668578 z=0.7 y0=72.27937349578464
2022-07-25 21:59:46,140 T1=0.005063291139240506
2022-07-25 21:59:46,140 T7=0.6614264947532416
2022-07-25 21:59:46,140 T13=0.1090269535769795
2022-07-25 21:59:46,140 T_com_1=0.12263703219459746
2022-07-25 21:59:46,140 T_com_2=0.12054536279683867
2022-07-25 21:59:46,140 T8=0.21029716931492098 T9=0.27063236870310825 T10=0.085
2022-07-25 21:59:46,140 T_com_3=0.04087901073153249
2022-07-25 21:59:46,140 T_com_4=0.14481075258391884
2022-07-25 21:59:46,140 T_com_5=-0.738440481453811
2022-07-25 21:59:46,140 delta_sub_HL=8.90303063896108e-05
2022-07-25 21:59:46,140 Calcualting Delta_sub_HA...............
2022-07-25 21:59:46,140 l=1200 r=180 Ic=6399 E=2000000 
2022-07-25 21:59:46,140 g=4.695049504950495 k=2.22811667349684 m=0.3385735052467585 yc=37.85349047668578 z=0.8 y0=100.17701740089785
2022-07-25 21:59:46,140 T1=0.005063291139240506
2022-07-25 21:59:46,140 T7=0.6614264947532416
2022-07-25 21:59:46,140 T13=0.1090269535769795
2022-07-25 21:59:46,140 T_com_1=0.08656731684324523
2022-07-25 21:59:46,140 T_com_2=0.0893263501076831
2022-07-25 21:59:46,140 T8=0.21029716931492098 T9=0.27063236870310825 T10=0.05999999999999998
2022-07-25 21:59:46,140 T_com_3=0.028855772281081743
2022-07-25 21:59:46,140 T_com_4=0.11174707917023434
2022-07-25 21:59:46,140 T_com_5=-0.5625711386536552
2022-07-25 21:59:46,140 delta_sub_HL=5.8220775442665823e-05
2022-07-25 21:59:46,140 Calcualting Delta_sub_HA...............
2022-07-25 21:59:46,140 l=1200 r=180 Ic=6399 E=2000000 
2022-07-25 21:59:46,140 g=4.695049504950495 k=2.22811667349684 m=0.3385735052467585 yc=37.85349047668578 z=0.9 y0=135.4969837862674
2022-07-25 21:59:46,140 T1=0.005063291139240506
2022-07-25 21:59:46,140 T7=0.6614264947532416
2022-07-25 21:59:46,140 T13=0.1090269535769795
2022-07-25 21:59:46,140 T_com_1=0.04568830611171276
2022-07-25 21:59:46,140 T_com_2=0.04980134640071053
2022-07-25 21:59:46,140 T8=0.21029716931492098 T9=0.27063236870310825 T10=0.031666666666666655
2022-07-25 21:59:46,140 T_com_3=0.01522943537057092
2022-07-25 21:59:46,140 T_com_4=0.06496421130268341
2022-07-25 21:59:46,140 T_com_5=-0.3220821897082988
2022-07-25 21:59:46,140 delta_sub_HL=2.8133891559906404e-05
2022-07-25 21:59:46,140 Calcualting Delta_sub_HA...............
2022-07-25 21:59:46,140 l=1200 r=180 Ic=6399 E=2000000 
2022-07-25 21:59:46,140 g=4.695049504950495 k=2.22811667349684 m=0.3385735052467585 yc=37.85349047668578 z=1.0 y0=179.99999999999994
2022-07-25 21:59:46,140 T1=0.005063291139240506
2022-07-25 21:59:46,140 T7=0.6614264947532416
2022-07-25 21:59:46,140 T13=0.1090269535769795
2022-07-25 21:59:46,140 T_com_1=0.0
2022-07-25 21:59:46,140 T_com_2=6.708966562977348e-17
2022-07-25 21:59:46,140 T8=0.21029716931492098 T9=0.27063236870310825 T10=0.0
2022-07-25 21:59:46,140 T_com_3=0.0
2022-07-25 21:59:46,140 T_com_4=6.708966562977348e-17
2022-07-25 21:59:46,140 T_com_5=-8.881784197001252e-16
2022-07-25 21:59:46,140 delta_sub_HL=-4.393127800995403e-19
2022-07-25 21:59:46,140 Printing Horizontal Thrust Calcualtions................
2022-07-25 21:59:46,140     x_from_left  x_from_center    z  delta_sub_HL  delta_sub_Ha             H
0             0          -50.0  1.0      0.000124 -4.393128e-19 -3.535967e-15
1             5          -45.0  0.9      0.000124  2.813389e-05  2.264457e-01
2            10          -40.0  0.8      0.000124  5.822078e-05  4.686108e-01
3            15          -35.0  0.7      0.000124  8.903031e-05  7.165924e-01
4            20          -30.0  0.6      0.000124  1.191334e-04  9.588877e-01
5            25          -25.0  0.5      0.000124  1.470822e-04  1.183844e+00
6            30          -20.0  0.4      0.000124  1.715431e-04  1.380726e+00
7            35          -15.0  0.3      0.000124  1.913991e-04  1.540545e+00
8            40          -10.0  0.2      0.000124  2.058353e-04  1.656739e+00
9            45           -5.0  0.1      0.000124  2.144185e-04  1.725824e+00
10           50            0.0  0.0      0.000124  2.171819e-04  1.748066e+00
11           55            5.0  0.1      0.000124  2.144185e-04  1.725824e+00
12           60           10.0  0.2      0.000124  2.058353e-04  1.656739e+00
13           65           15.0  0.3      0.000124  1.913991e-04  1.540545e+00
14           70           20.0  0.4      0.000124  1.715431e-04  1.380726e+00
15           75           25.0  0.5      0.000124  1.470822e-04  1.183844e+00
16           80           30.0  0.6      0.000124  1.191334e-04  9.588877e-01
17           85           35.0  0.7      0.000124  8.903031e-05  7.165924e-01
18           90           40.0  0.8      0.000124  5.822078e-05  4.686108e-01
19           95           45.0  0.9      0.000124  2.813389e-05  2.264457e-01
20          100           50.0  1.0      0.000124 -4.393128e-19 -3.535967e-15
2022-07-25 21:59:46,140 




2022-07-25 21:59:46,209 Printing Springing Moment(ML) Calculation................
2022-07-25 21:59:46,209     Load_position      Mprime             H          b           Hxb  \
0               0  600.000000 -3.535967e-15  142.14651 -5.026253e-13   
1               5  540.808221  2.264457e-01  142.14651  3.218847e+01   
2              10  483.430535  4.686108e-01  142.14651  6.661139e+01   
3              15  428.163419  7.165924e-01  142.14651  1.018611e+02   
4              20  375.303349  9.588877e-01  142.14651  1.363025e+02   
5              25  325.146803  1.183844e+00  142.14651  1.682792e+02   
6              30  277.990257  1.380726e+00  142.14651  1.962654e+02   
7              35  234.130187  1.540545e+00  142.14651  2.189831e+02   
8              40  193.863071  1.656739e+00  142.14651  2.354997e+02   
9              45  157.485385  1.725824e+00  142.14651  2.453199e+02   
10             50  125.293606  1.748066e+00  142.14651  2.484815e+02   
11             55   97.485385  1.725824e+00  142.14651  2.453199e+02   
12             60   73.863071  1.656739e+00  142.14651  2.354997e+02   
13             65   54.130187  1.540545e+00  142.14651  2.189831e+02   
14             70   37.990257  1.380726e+00  142.14651  1.962654e+02   
15             75   25.146803  1.183844e+00  142.14651  1.682792e+02   
16             80   15.303349  9.588877e-01  142.14651  1.363025e+02   
17             85    8.163419  7.165924e-01  142.14651  1.018611e+02   
18             90    3.430535  4.686108e-01  142.14651  6.661139e+01   
19             95    0.808221  2.264457e-01  142.14651  3.218847e+01   
20            100    0.000000 -3.535967e-15  142.14651 -5.026253e-13   

    Vl_by_2_list   ML(inch_lb)       ML_by_l  
0     600.000000 -4.547474e-13 -3.789561e-16  
1     596.890347 -2.389365e+01 -1.991138e-02  
2     587.295113 -3.725318e+01 -3.104432e-02  
3     570.992080 -4.096755e+01 -3.413963e-02  
4     547.995286 -3.638940e+01 -3.032450e-02  
5     518.555026 -2.512898e+01 -2.094081e-02  
6     483.157851 -8.902167e+00 -7.418473e-03  
7     442.526569  1.058667e+01  8.822228e-03  
8     397.620243  3.174252e+01  2.645210e-02  
9     349.634194  5.317107e+01  4.430923e-02  
10    300.000000  7.377513e+01  6.147927e-02  
11    250.365806  9.243946e+01  7.703288e-02  
12    202.379757  1.069830e+02  8.915251e-02  
13    157.473431  1.156398e+02  9.636651e-02  
14    116.842149  1.174135e+02  9.784461e-02  
15     81.444974  1.119811e+02  9.331756e-02  
16     52.004714  9.960117e+01  8.300098e-02  
17     29.007920  8.101661e+01  6.751384e-02  
18     12.704887  5.733704e+01  4.778087e-02  
19      3.109653  2.988704e+01  2.490587e-02  
20      0.000000 -5.026253e-13 -4.188544e-16  
2022-07-25 21:59:46,225 




2022-07-25 21:59:46,379 Testing yc..............
2022-07-25 21:59:46,379 g=4.695049504950495 m=0.3385735052467585 yc=37.85349047668578
2022-07-25 21:59:46,379 r=180 yc=37.85349047668578 yc/r=0.21029716931492098
2022-07-25 21:59:46,379 




2022-07-25 21:59:47,566 Testing 2nd Function for Calcualting del_sub_Ha
2022-07-25 21:59:47,566 l=1200 r=180 Ic=6399 E=2000000 
2022-07-25 21:59:47,566 g=4.695049504950495 k=2.22811667349684 m=0.3385735052467585 yc=37.85349047668578 z=0.9 y0=135.4969837862674
2022-07-25 21:59:47,566 for z=0.9 yo=11.291415315522285
2022-07-25 21:59:47,566 {'T1': 0.0007594936708860759, 'T2': 0.04568830611171276, 'T3': 0.04980134640071053, 'T4': 0.01522943537057092, 'T5': 0.06496421130268341, 'T6': 0.1090269535769795, 't1': 2.058832209022476, 't2': 13.299660858022948, 't3': 1.636750019314177, 'T7': -0.3220821897082988, 'Tbr3': -0.014619135986813893}
2022-07-25 22:00:10,441 Testing 2nd Function for Calcualting del_sub_Ha
2022-07-25 22:00:10,441 l=1200 r=180 Ic=6399 E=2000000 
2022-07-25 22:00:10,441 g=4.695049504950495 k=2.22811667349684 m=0.3385735052467585 yc=37.85349047668578 z=0.1 y0=1.2142107579984234
2022-07-25 22:00:10,441 for z=0.1 yo=11.291415315522285
2022-07-25 22:00:10,441 {'T1': 0.0007594936708860759, 'T2': 0.23806012131892446, 'T3': 0.20007122615697784, 'T4': 0.07935337377297481, 'T5': 0.2012941184940932, 'T6': 0.1090269535769795, 't1': 2.058832209022476, 't2': 0.050472039809472014, 't3': 0.10082947360609487, 'T7': -1.0580027354163812, 'Tbr3': -0.006589929602559261}
