2022-07-26 16:25:40,331 Calcualting y0............
2022-07-26 16:25:40,331 x=[  0.  60. 120. 180. 240. 300. 360. 420. 480. 540. 600.]
2022-07-26 16:25:40,331 k=2.22811667349684
2022-07-26 16:25:40,331 z=[0.0, 0.1, 0.2, 0.3, 0.4, 0.5, 0.6, 0.7, 0.8, 0.9, 1.0]
2022-07-26 16:25:40,331 kz=[0.0, 0.22281166734968402, 0.44562333469936805, 0.668435002049052, 0.8912466693987361, 1.11405833674842, 1.336870004098104, 1.559681671447788, 1.7824933387974722, 2.005305006147156, 2.22811667349684]
2022-07-26 16:25:40,331 y0=[0.0, 1.2142107579984234, 4.917372367289417, 11.294090267436392, 20.66224872467697, 33.48885760581248, 50.41333317738379, 72.27937349578463, 100.17701740089787, 135.4969837862674, 179.99999999999994]
2022-07-26 16:25:40,331 y=[37.85349047668578, 36.639279718687355, 32.93611810939636, 26.559400209249386, 17.191241752008807, 4.364632870873301, -12.559842700698013, -34.42588301909885, -62.32352692421209, -97.64349330958163, -142.14650952331417]
2022-07-26 16:25:40,331 tanphi=[0.0, 0.040640996719701235, 0.08330797822086958, 0.13012792617643726, 0.18343485081458064, 0.2458861431143781, 0.32059504777932407, 0.41128586086778474, 0.5224795888010183, 0.6597193239923589, 0.8298465722451192]
2022-07-26 16:25:40,331 




2022-07-26 16:25:40,331 printing arch Axis parameters...........
2022-07-26 16:25:40,331         x    z        zk  cosh(zk)  sinh(zk)          y0           y   tan_phi
0     0.0  0.0  0.000000  1.000000  0.000000    0.000000   37.853490  0.000000
1    60.0  0.1  0.222812  1.024925  0.224660    1.214211   36.639280  0.040641
2   120.0  0.2  0.445623  1.100944  0.460519    4.917372   32.936118  0.083308
3   180.0  0.3  0.668435  1.231846  0.719336   11.294090   26.559400  0.130128
4   240.0  0.4  0.891247  1.424156  1.014012   20.662249   17.191242  0.183435
5   300.0  0.5  1.114058  1.687461  1.359237   33.488858    4.364633  0.245886
6   360.0  0.6  1.336870  2.034888  1.772221   50.413333  -12.559843  0.320595
7   420.0  0.7  1.559682  2.483755  2.273552   72.279373  -34.425883  0.411286
8   480.0  0.8  1.782493  3.056439  2.888221  100.177017  -62.323527  0.522480
9   540.0  0.9  2.005305  3.781489  3.646870  135.496984  -97.643493  0.659719
10  600.0  1.0  2.228117  4.695050  4.587318  180.000000 -142.146510  0.829847
2022-07-26 16:25:40,346 




2022-07-26 16:25:40,346 printing reactions due to dead load..............
2022-07-26 16:25:40,346 Dead load Reaction vd=623826.1593338102
2022-07-26 16:25:40,346 Dead load Horizontal Thrust Hd=751736.7429090795
2022-07-26 16:25:40,346 




2022-07-26 16:25:40,346 Setting Arch Rib thickness................
2022-07-26 16:25:40,346 dc=18 ds=27
2022-07-26 16:25:40,346 tan_phi_s=0.8298465722451192 cos_phi_s=0.7695392538644537
2022-07-26 16:25:40,346 m=0.3385735052467585
2022-07-26 16:25:40,346 




2022-07-26 16:25:40,346 printing arch thickness parameters...........
2022-07-26 16:25:40,346       z        zk  sinh(zk)   tan_phi  1+tanphi_2  sixth_root_1_plus_tan_phi  \
0   0.0  0.000000  0.000000  0.000000    1.000000                   1.000000   
1   0.1  0.222812  0.224660  0.040641    1.001652                   1.000275   
2   0.2  0.445623  0.460519  0.083308    1.006940                   1.001153   
3   0.3  0.668435  0.719336  0.130128    1.016933                   1.002803   
4   0.4  0.891247  1.014012  0.183435    1.033648                   1.005531   
5   0.5  1.114058  1.359237  0.245886    1.060460                   1.009832   
6   0.6  1.336870  1.772221  0.320595    1.102781                   1.016440   
7   0.7  1.559682  2.273552  0.411286    1.169156                   1.026389   
8   0.8  1.782493  2.888221  0.522480    1.272985                   1.041047   
9   0.9  2.005305  3.646870  0.659719    1.435230                   1.062071   
10  1.0  2.228117  4.587318  0.829847    1.688645                   1.091247   

    one_minus_m_z    c_list        d_x  
0        0.000000  1.000000  18.000000  
1        0.066143  1.023073  18.420374  
2        0.132285  1.048434  18.893575  
3        0.198428  1.076513  19.431533  
4        0.264571  1.107864  20.051844  
5        0.330713  1.143219  20.780252  
6        0.396856  1.183567  21.654444  
7        0.462999  1.230292  22.729651  
8        0.529141  1.285394  24.086821  
9        0.595284  1.351916  25.844961  
10       0.661426  1.434770  28.182397  
2022-07-26 16:25:40,362 




2022-07-26 16:25:40,362 Calculating Intregationg of dw fro L to R..
2022-07-26 16:25:40,362 l=1200 E=2000000 Ic=6399 m=0.3385735052467585
2022-07-26 16:25:40,362 integration value=6.275543859572238e-08
2022-07-26 16:25:40,362 




2022-07-26 16:25:40,362 Calcualting Delta_sub_HL...............
2022-07-26 16:25:40,362 l=1200 r=180 Ic=6399 E=2000000 T1=0.0030379746835443038
2022-07-26 16:25:40,362 g=4.695049504950495 k=2.22811667349684 m=0.3385735052467585 yc=37.85349047668578
2022-07-26 16:25:40,362 T2=0.3646838156484459 T3=0.21029716931492098
2022-07-26 16:25:40,362 T4=0.5571866374900056 T5=0.03662093949492757 T6=0.6614264947532416 T7=0.018310469747463785
2022-07-26 16:25:40,362 T8=0.20142999542043935 T9=0.11468381564844586
2022-07-26 16:25:40,362 T_com_1=0.08602217634393544
2022-07-26 16:25:40,362 T_com_2=-0.019259397391170933
2022-07-26 16:25:40,362 delta_sub_HL=0.0001242412062950777
2022-07-26 16:25:40,362 




2022-07-26 16:25:40,362 




2022-07-26 16:25:40,362 Printing Basic input parapmeter............
2022-07-26 16:25:40,362 span=1200 rise=180
2022-07-26 16:25:40,362 wc=505 ws=2371 g=4.695049504950495
2022-07-26 16:25:40,362 N=0.186
2022-07-26 16:25:40,362 Is=24560 Ic=6399
2022-07-26 16:25:40,362 cos_phi_s=0.7695392538644537 m=0.3385735052467585
2022-07-26 16:25:40,362 




2022-07-26 16:25:40,878 Calcualting Delta_sub_HA...............
2022-07-26 16:25:40,878 l=1200 r=180 Ic=6399 E=2000000 T1=0.005063291139240506
2022-07-26 16:25:40,878 g=4.695049504950495 k=2.22811667349684 m=0.3385735052467585 yc=37.85349047668578 z=0.0 y0=0.0
2022-07-26 16:25:40,878 T1=0.005063291139240506 T2=0.21029716931492098 T3=0.27063236870310825
2022-07-26 16:25:40,878 T4=0.5 T5=0.20142999542043935 T6=1.0 T7=0.6614264947532416
2022-07-26 16:25:40,878 T8=0.21029716931492098 T9=0.27063236870310825
2022-07-26 16:25:40,878 T10=0.16666666666666666 T11=0.20142999542043935 T12=1.0 T13=0.1090269535769795
2022-07-26 16:25:40,878 T14=1 T15=0.0 T16=2.058832209022476 T17=0.0
2022-07-26 16:25:40,878 t1=0.4488095313386731 t2=1.0 t3=0.0 t4=0.0
2022-07-26 16:25:40,878 T13=0.1090269535769795
2022-07-26 16:25:40,878 T_com_1=0.24046476900901462
2022-07-26 16:25:40,878 T_com_2=0.20142999542043935
2022-07-26 16:25:40,878 T8=0.21029716931492098 T9=0.27063236870310825 T10=0.16666666666666666
2022-07-26 16:25:40,878 T_com_3=0.08015492300300486
2022-07-26 16:25:40,878 T_com_4=0.20142999542043935
2022-07-26 16:25:40,878 T_com_5=-1.058832209022476
2022-07-26 16:25:40,878 delta_sub_HL=0.0002171818644847292
2022-07-26 16:25:41,317 




2022-07-26 16:25:41,317 IL ordinate forment...............
2022-07-26 16:25:41,317 Moment At=-25 Load At=0 
2022-07-26 16:25:41,317 r=180  y0=2.520976370604629 y=35.33251410608115 yc=37.85349047668578
2022-07-26 16:25:41,317 V_L=0.5 H=-3.535966795558595e-15 M_prime_left=125.29360576163087
2022-07-26 16:25:41,317 M1=125.29360576163087 M2=-150.0 M3=-1.249345966827086e-13
2022-07-26 16:25:41,317 x=-300 y=35.33251410608115 M0=-24.706394238369004
2022-07-26 16:25:41,317 M0/PL=-0.0017157218221089585
2022-07-26 16:25:42,396 Calculating Intregationg of dw del_Ma at left side
2022-07-26 16:25:42,396 l=1200 E=2000000 Ic=6399 m=0.3385735052467585 z=1.0
2022-07-26 16:25:42,396 del_Ma=3.7653263157433426e-05
2022-07-26 16:25:42,396 




2022-07-26 16:25:42,396 Calculating Intregationg of dw del_Ma at left side
2022-07-26 16:25:42,396 l=1200 E=2000000 Ic=6399 m=0.3385735052467585 z=0.9
2022-07-26 16:25:42,396 del_Ma=3.393865710260034e-05
2022-07-26 16:25:42,396 




2022-07-26 16:25:42,396 Calculating Intregationg of dw del_Ma at left side
2022-07-26 16:25:42,396 l=1200 E=2000000 Ic=6399 m=0.3385735052467585 z=0.8
2022-07-26 16:25:42,396 del_Ma=3.033789525444012e-05
2022-07-26 16:25:42,396 




2022-07-26 16:25:42,396 Calculating Intregationg of dw del_Ma at left side
2022-07-26 16:25:42,396 l=1200 E=2000000 Ic=6399 m=0.3385735052467585 z=0.7
2022-07-26 16:25:42,396 del_Ma=2.686958314023135e-05
2022-07-26 16:25:42,396 




2022-07-26 16:25:42,396 Calculating Intregationg of dw del_Ma at left side
2022-07-26 16:25:42,396 l=1200 E=2000000 Ic=6399 m=0.3385735052467585 z=0.6
2022-07-26 16:25:42,396 del_Ma=2.3552326287252606e-05
2022-07-26 16:25:42,396 




2022-07-26 16:25:42,396 Calculating Intregationg of dw del_Ma at left side
2022-07-26 16:25:42,396 l=1200 E=2000000 Ic=6399 m=0.3385735052467585 z=0.5
2022-07-26 16:25:42,396 del_Ma=2.0404730222782462e-05
2022-07-26 16:25:42,396 




2022-07-26 16:25:42,396 Calculating Intregationg of dw del_Ma at left side
2022-07-26 16:25:42,396 l=1200 E=2000000 Ic=6399 m=0.3385735052467585 z=0.4
2022-07-26 16:25:42,396 del_Ma=1.7445400474099483e-05
2022-07-26 16:25:42,396 




2022-07-26 16:25:42,396 Calculating Intregationg of dw del_Ma at left side
2022-07-26 16:25:42,396 l=1200 E=2000000 Ic=6399 m=0.3385735052467585 z=0.3
2022-07-26 16:25:42,396 del_Ma=1.4692942568482239e-05
2022-07-26 16:25:42,396 




2022-07-26 16:25:42,396 Calculating Intregationg of dw del_Ma at left side
2022-07-26 16:25:42,396 l=1200 E=2000000 Ic=6399 m=0.3385735052467585 z=0.2
2022-07-26 16:25:42,396 del_Ma=1.2165962033209312e-05
2022-07-26 16:25:42,396 




2022-07-26 16:25:42,396 Calculating Intregationg of dw del_Ma at left side
2022-07-26 16:25:42,396 l=1200 E=2000000 Ic=6399 m=0.3385735052467585 z=0.1
2022-07-26 16:25:42,396 del_Ma=9.883064395559265e-06
2022-07-26 16:25:42,396 




2022-07-26 16:25:42,396 Calculating Intregationg of dw del_Ma at left side
2022-07-26 16:25:42,396 l=1200 E=2000000 Ic=6399 m=0.3385735052467585 z=0.0
2022-07-26 16:25:42,396 del_Ma=7.862855182810675e-06
2022-07-26 16:25:42,396 




2022-07-26 16:25:42,396 Calculating Intregationg of dw del_Ma at right side....
2022-07-26 16:25:42,396 l=1200 E=2000000 Ic=6399 m=0.3385735052467585 z=0.1
2022-07-26 16:25:42,396 del_Ma=6.117738079815921e-06
2022-07-26 16:25:42,396 




2022-07-26 16:25:42,396 Calculating Intregationg of dw del_Ma at right side....
2022-07-26 16:25:42,396 l=1200 E=2000000 Ic=6399 m=0.3385735052467585 z=0.2
2022-07-26 16:25:42,396 del_Ma=4.635309401722624e-06
2022-07-26 16:25:42,396 




2022-07-26 16:25:42,396 Calculating Intregationg of dw del_Ma at right side....
2022-07-26 16:25:42,396 l=1200 E=2000000 Ic=6399 m=0.3385735052467585 z=0.3
2022-07-26 16:25:42,396 del_Ma=3.396963621252213e-06
2022-07-26 16:25:42,396 




2022-07-26 16:25:42,396 Calculating Intregationg of dw del_Ma at right side....
2022-07-26 16:25:42,396 l=1200 E=2000000 Ic=6399 m=0.3385735052467585 z=0.4
2022-07-26 16:25:42,396 del_Ma=2.384095211126109e-06
2022-07-26 16:25:42,396 




2022-07-26 16:25:42,396 Calculating Intregationg of dw del_Ma at right side....
2022-07-26 16:25:42,396 l=1200 E=2000000 Ic=6399 m=0.3385735052467585 z=0.5
2022-07-26 16:25:42,396 del_Ma=1.578098644065748e-06
2022-07-26 16:25:42,396 




2022-07-26 16:25:42,396 Calculating Intregationg of dw del_Ma at right side....
2022-07-26 16:25:42,396 l=1200 E=2000000 Ic=6399 m=0.3385735052467585 z=0.6
2022-07-26 16:25:42,396 del_Ma=9.603683927925552e-07
2022-07-26 16:25:42,396 




2022-07-26 16:25:42,396 Calculating Intregationg of dw del_Ma at right side....
2022-07-26 16:25:42,396 l=1200 E=2000000 Ic=6399 m=0.3385735052467585 z=0.7
2022-07-26 16:25:42,396 del_Ma=5.122989300279541e-07
2022-07-26 16:25:42,396 




2022-07-26 16:25:42,396 Calculating Intregationg of dw del_Ma at right side....
2022-07-26 16:25:42,396 l=1200 E=2000000 Ic=6399 m=0.3385735052467585 z=0.8
2022-07-26 16:25:42,396 del_Ma=2.15284728493375e-07
2022-07-26 16:25:42,396 




2022-07-26 16:25:42,396 Calculating Intregationg of dw del_Ma at right side....
2022-07-26 16:25:42,396 l=1200 E=2000000 Ic=6399 m=0.3385735052467585 z=0.9
2022-07-26 16:25:42,396 del_Ma=5.0720260910247e-08
2022-07-26 16:25:42,396 




2022-07-26 16:25:42,396 Calculating Intregationg of dw del_Ma at right side....
2022-07-26 16:25:42,396 l=1200 E=2000000 Ic=6399 m=0.3385735052467585 z=1.0
2022-07-26 16:25:42,396 del_Ma=0.0
2022-07-26 16:25:42,396 




2022-07-26 16:25:42,396 Printing Mprime Calcualtions................
2022-07-26 16:25:42,396     x_from_left  x_from_center    z  integral_dw_L_to_R      delta_Ma  \
0           0.0         -600.0  1.0        6.275544e-08  3.765326e-05   
1          60.0         -540.0  0.9        6.275544e-08  3.393866e-05   
2         120.0         -480.0  0.8        6.275544e-08  3.033790e-05   
3         180.0         -420.0  0.7        6.275544e-08  2.686958e-05   
4         240.0         -360.0  0.6        6.275544e-08  2.355233e-05   
5         300.0         -300.0  0.5        6.275544e-08  2.040473e-05   
6         360.0         -240.0  0.4        6.275544e-08  1.744540e-05   
7         420.0         -180.0  0.3        6.275544e-08  1.469294e-05   
8         480.0         -120.0  0.2        6.275544e-08  1.216596e-05   
9         540.0          -60.0  0.1        6.275544e-08  9.883064e-06   
10        600.0            0.0  0.0        6.275544e-08  7.862855e-06   
11        660.0           60.0  0.1        6.275544e-08  6.117738e-06   
12        720.0          120.0  0.2        6.275544e-08  4.635309e-06   
13        780.0          180.0  0.3        6.275544e-08  3.396964e-06   
14        840.0          240.0  0.4        6.275544e-08  2.384095e-06   
15        900.0          300.0  0.5        6.275544e-08  1.578099e-06   
16        960.0          360.0  0.6        6.275544e-08  9.603684e-07   
17       1020.0          420.0  0.7        6.275544e-08  5.122989e-07   
18       1080.0          480.0  0.8        6.275544e-08  2.152847e-07   
19       1140.0          540.0  0.9        6.275544e-08  5.072026e-08   
20       1200.0          600.0  1.0        6.275544e-08  0.000000e+00   

       M_prime  M_prime_direct  Mprime_by_l  
0   600.000000      600.000000     0.041667  
1   540.808221      540.808221     0.037556  
2   483.430535      483.430535     0.033572  
3   428.163419      428.163419     0.029734  
4   375.303349      375.303349     0.026063  
5   325.146803      325.146803     0.022580  
6   277.990257      277.990257     0.019305  
7   234.130187      234.130187     0.016259  
8   193.863071      193.863071     0.013463  
9   157.485385      157.485385     0.010936  
10  125.293606      125.293606     0.008701  
11   97.485385       97.485385     0.006770  
12   73.863071       73.863071     0.005129  
13   54.130187       54.130187     0.003759  
14   37.990257       37.990257     0.002638  
15   25.146803       25.146803     0.001746  
16   15.303349       15.303349     0.001063  
17    8.163419        8.163419     0.000567  
18    3.430535        3.430535     0.000238  
19    0.808221        0.808221     0.000056  
20    0.000000        0.000000     0.000000  
2022-07-26 16:25:42,396 




2022-07-26 16:25:42,797 Printing Vertical Reaction V_L Calcualtions................
2022-07-26 16:25:42,797     x_from_left  x_from_center    z        VL
0           0.0         -600.0  1.0  1.000000
1          60.0         -540.0  0.9  0.994817
2         120.0         -480.0  0.8  0.978825
3         180.0         -420.0  0.7  0.951653
4         240.0         -360.0  0.6  0.913325
5         300.0         -300.0  0.5  0.864258
6         360.0         -240.0  0.4  0.805263
7         420.0         -180.0  0.3  0.737544
8         480.0         -120.0  0.2  0.662700
9         540.0          -60.0  0.1  0.582724
10        600.0            0.0  0.0  0.500000
11        660.0           60.0  0.1  0.417276
12        720.0          120.0  0.2  0.337300
13        780.0          180.0  0.3  0.262456
14        840.0          240.0  0.4  0.194737
15        900.0          300.0  0.5  0.135742
16        960.0          360.0  0.6  0.086675
17       1020.0          420.0  0.7  0.048347
18       1080.0          480.0  0.8  0.021175
19       1140.0          540.0  0.9  0.005183
20       1200.0          600.0  1.0  0.000000
2022-07-26 16:25:42,812 




2022-07-26 16:25:43,029 Printing Horizontal Thrust Calcualtions................
2022-07-26 16:25:43,029     x_from_left  x_from_center    z  delta_sub_HL  delta_sub_Ha             H  \
0           0.0         -600.0  1.0      0.000124 -4.393128e-19 -3.535967e-15   
1          60.0         -540.0  0.9      0.000124  6.390379e-06  5.143526e-02   
2         120.0         -480.0  0.8      0.000124  2.386066e-05  1.920511e-01   
3         180.0         -420.0  0.7      0.000124  4.956986e-05  3.989808e-01   
4         240.0         -360.0  0.6      0.000124  8.047823e-05  6.477580e-01   
5         300.0         -300.0  0.5      0.000124  1.135274e-04  9.137658e-01   
6         360.0         -240.0  0.4      0.000124  1.457730e-04  1.173306e+00   
7         420.0         -180.0  0.3      0.000124  1.744875e-04  1.404425e+00   
8         480.0         -120.0  0.2      0.000124  1.972452e-04  1.587599e+00   
9         540.0          -60.0  0.1      0.000124  2.120025e-04  1.706379e+00   
10        600.0            0.0  0.0      0.000124  2.171819e-04  1.748066e+00   
11        660.0           60.0  0.1      0.000124  2.120025e-04  1.706379e+00   
12        720.0          120.0  0.2      0.000124  1.972452e-04  1.587599e+00   
13        780.0          180.0  0.3      0.000124  1.744875e-04  1.404425e+00   
14        840.0          240.0  0.4      0.000124  1.457730e-04  1.173306e+00   
15        900.0          300.0  0.5      0.000124  1.135274e-04  9.137658e-01   
16        960.0          360.0  0.6      0.000124  8.047823e-05  6.477580e-01   
17       1020.0          420.0  0.7      0.000124  4.956986e-05  3.989808e-01   
18       1080.0          480.0  0.8      0.000124  2.386066e-05  1.920511e-01   
19       1140.0          540.0  0.9      0.000124  6.390379e-06  5.143526e-02   
20       1200.0          600.0  1.0      0.000124 -4.393128e-19 -3.535967e-15   

    H_coef_aswani  
0   -5.303950e-15  
1    7.715289e-02  
2    2.880766e-01  
3    5.984712e-01  
4    9.716369e-01  
5    1.370649e+00  
6    1.759960e+00  
7    2.106638e+00  
8    2.381399e+00  
9    2.559568e+00  
10   2.622099e+00  
11   2.559568e+00  
12   2.381399e+00  
13   2.106638e+00  
14   1.759960e+00  
15   1.370649e+00  
16   9.716369e-01  
17   5.984712e-01  
18   2.880766e-01  
19   7.715289e-02  
20  -5.303950e-15  
2022-07-26 16:25:43,044 




2022-07-26 16:25:43,182 Printing Springing Moment(ML) Calculation................
2022-07-26 16:25:43,182     Load_position      Mprime             H          b           Hxb  \
0             0.0  600.000000 -3.535967e-15  142.14651 -5.026253e-13   
1            60.0  540.808221  5.143526e-02  142.14651  7.311343e+00   
2           120.0  483.430535  1.920511e-01  142.14651  2.729939e+01   
3           180.0  428.163419  3.989808e-01  142.14651  5.671373e+01   
4           240.0  375.303349  6.477580e-01  142.14651  9.207653e+01   
5           300.0  325.146803  9.137658e-01  142.14651  1.298886e+02   
6           360.0  277.990257  1.173306e+00  142.14651  1.667814e+02   
7           420.0  234.130187  1.404425e+00  142.14651  1.996342e+02   
8           480.0  193.863071  1.587599e+00  142.14651  2.256717e+02   
9           540.0  157.485385  1.706379e+00  142.14651  2.425558e+02   
10          600.0  125.293606  1.748066e+00  142.14651  2.484815e+02   
11          660.0   97.485385  1.706379e+00  142.14651  2.425558e+02   
12          720.0   73.863071  1.587599e+00  142.14651  2.256717e+02   
13          780.0   54.130187  1.404425e+00  142.14651  1.996342e+02   
14          840.0   37.990257  1.173306e+00  142.14651  1.667814e+02   
15          900.0   25.146803  9.137658e-01  142.14651  1.298886e+02   
16          960.0   15.303349  6.477580e-01  142.14651  9.207653e+01   
17         1020.0    8.163419  3.989808e-01  142.14651  5.671373e+01   
18         1080.0    3.430535  1.920511e-01  142.14651  2.729939e+01   
19         1140.0    0.808221  5.143526e-02  142.14651  7.311343e+00   
20         1200.0    0.000000 -3.535967e-15  142.14651 -5.026253e-13   

           V     L  Vl_by_2_list   ML(inch_lb)       ML_by_l  
0   1.000000  1200    600.000000 -4.547474e-13 -3.789561e-16  
1   0.994817  1200    596.890347 -4.877078e+01 -4.064232e-02  
2   0.978825  1200    587.295113 -7.656519e+01 -6.380432e-02  
3   0.951653  1200    570.992080 -8.611493e+01 -7.176244e-02  
4   0.913325  1200    547.995286 -8.061540e+01 -6.717950e-02  
5   0.864258  1200    518.555026 -6.351961e+01 -5.293301e-02  
6   0.805263  1200    483.157851 -3.838617e+01 -3.198848e-02  
7   0.737544  1200    442.526569 -8.762205e+00 -7.301837e-03  
8   0.662700  1200    397.620243  2.191452e+01  1.826210e-02  
9   0.582724  1200    349.634194  5.040695e+01  4.200579e-02  
10  0.500000  1200    300.000000  7.377513e+01  6.147927e-02  
11  0.417276  1200    250.365806  8.967534e+01  7.472945e-02  
12  0.337300  1200    202.379757  9.715501e+01  8.096250e-02  
13  0.262456  1200    157.473431  9.629093e+01  8.024244e-02  
14  0.194737  1200    116.842149  8.792953e+01  7.327461e-02  
15  0.135742  1200     81.444974  7.359045e+01  6.132537e-02  
16  0.086675  1200     52.004714  5.537517e+01  4.614597e-02  
17  0.048347  1200     29.007920  3.586923e+01  2.989102e-02  
18  0.021175  1200     12.704887  1.802504e+01  1.502086e-02  
19  0.005183  1200      3.109653  5.009910e+00  4.174925e-03  
20  0.000000  1200      0.000000 -5.026253e-13 -4.188544e-16  
2022-07-26 16:25:43,182 




2022-07-26 16:25:43,367 Printing Crown Moment(MC) Calculation................
2022-07-26 16:25:43,367     Load_position      Mprime             H        yc           Hyc  P_xprime  \
0             0.0  600.000000 -3.535967e-15  37.85349 -1.338487e-13     600.0   
1            60.0  540.808221  5.143526e-02  37.85349  1.947004e+00     540.0   
2           120.0  483.430535  1.920511e-01  37.85349  7.269803e+00     480.0   
3           180.0  428.163419  3.989808e-01  37.85349  1.510282e+01     420.0   
4           240.0  375.303349  6.477580e-01  37.85349  2.451990e+01     360.0   
5           300.0  325.146803  9.137658e-01  37.85349  3.458922e+01     300.0   
6           360.0  277.990257  1.173306e+00  37.85349  4.441375e+01     240.0   
7           420.0  234.130187  1.404425e+00  37.85349  5.316241e+01     180.0   
8           480.0  193.863071  1.587599e+00  37.85349  6.009617e+01     120.0   
9           540.0  157.485385  1.706379e+00  37.85349  6.459238e+01      60.0   
10          600.0  125.293606  1.748066e+00  37.85349  6.617041e+01       0.0   
11          660.0   97.485385  1.706379e+00  37.85349  6.459238e+01       0.0   
12          720.0   73.863071  1.587599e+00  37.85349  6.009617e+01       0.0   
13          780.0   54.130187  1.404425e+00  37.85349  5.316241e+01       0.0   
14          840.0   37.990257  1.173306e+00  37.85349  4.441375e+01       0.0   
15          900.0   25.146803  9.137658e-01  37.85349  3.458922e+01       0.0   
16          960.0   15.303349  6.477580e-01  37.85349  2.451990e+01       0.0   
17         1020.0    8.163419  3.989808e-01  37.85349  1.510282e+01       0.0   
18         1080.0    3.430535  1.920511e-01  37.85349  7.269803e+00       0.0   
19         1140.0    0.808221  5.143526e-02  37.85349  1.947004e+00       0.0   
20         1200.0    0.000000 -3.535967e-15  37.85349 -1.338487e-13       0.0   

     MC(inch_lb)       MC_by_l  
0   1.136868e-13  9.473903e-17  
1  -1.138783e+00 -9.489860e-04  
2  -3.839268e+00 -3.199390e-03  
3  -6.939398e+00 -5.782831e-03  
4  -9.216551e+00 -7.680459e-03  
5  -9.442422e+00 -7.868685e-03  
6  -6.423490e+00 -5.352908e-03  
7   9.677811e-01  8.064843e-04  
8   1.376690e+01  1.147241e-02  
9   3.289300e+01  2.741083e-02  
10  5.912320e+01  4.926933e-02  
11  3.289300e+01  2.741083e-02  
12  1.376690e+01  1.147241e-02  
13  9.677811e-01  8.064843e-04  
14 -6.423490e+00 -5.352908e-03  
15 -9.442422e+00 -7.868685e-03  
16 -9.216551e+00 -7.680459e-03  
17 -6.939398e+00 -5.782831e-03  
18 -3.839268e+00 -3.199390e-03  
19 -1.138783e+00 -9.489860e-04  
20  1.338487e-13  1.115406e-16  
2022-07-26 16:25:43,367 




2022-07-26 16:25:43,546 Printing IL Calcualtion at X=300................
2022-07-26 16:25:43,546               ML        VL             H           y            Hy  \
0  -4.547474e-13  1.000000 -3.535967e-15  146.511142  5.180585e-13   
1  -4.877078e+01  0.994817  5.143526e-02  146.511142 -7.535839e+00   
2  -7.656519e+01  0.978825  1.920511e-01  146.511142 -2.813762e+01   
3  -8.611493e+01  0.951653  3.989808e-01  146.511142 -5.845513e+01   
4  -8.061540e+01  0.913325  6.477580e-01  146.511142 -9.490376e+01   
5  -6.351961e+01  0.864258  9.137658e-01  146.511142 -1.338769e+02   
6  -3.838617e+01  0.805263  1.173306e+00  146.511142 -1.719025e+02   
7  -8.762205e+00  0.737544  1.404425e+00  146.511142 -2.057640e+02   
8   2.191452e+01  0.662700  1.587599e+00  146.511142 -2.326010e+02   
9   5.040695e+01  0.582724  1.706379e+00  146.511142 -2.500035e+02   
10  7.377513e+01  0.500000  1.748066e+00  146.511142 -2.561112e+02   
11  8.967534e+01  0.417276  1.706379e+00  146.511142 -2.500035e+02   
12  9.715501e+01  0.337300  1.587599e+00  146.511142 -2.326010e+02   
13  9.629093e+01  0.262456  1.404425e+00  146.511142 -2.057640e+02   
14  8.792953e+01  0.194737  1.173306e+00  146.511142 -1.719025e+02   
15  7.359045e+01  0.135742  9.137658e-01  146.511142 -1.338769e+02   
16  5.537517e+01  0.086675  6.477580e-01  146.511142 -9.490376e+01   
17  3.586923e+01  0.048347  3.989808e-01  146.511142 -5.845513e+01   
18  1.802504e+01  0.021175  1.920511e-01  146.511142 -2.813762e+01   
19  5.009910e+00  0.005183  5.143526e-02  146.511142 -7.535839e+00   
20 -5.026253e-13  0.000000 -3.535967e-15  146.511142  5.180585e-13   

            Vx             M           M/L  
0   300.000000  5.684342e-14  4.736952e-17  
1   298.445173  2.138552e+00  1.782126e-03  
2   293.647556  8.944746e+00  7.453955e-03  
3   285.496040  2.092597e+01  1.743831e-02  
4   273.997643  3.847848e+01  3.206540e-02  
5   259.277513  6.188104e+01  5.156753e-02  
6   241.578926  3.129028e+01  2.607523e-02  
7   221.263284  6.737101e+00  5.614251e-03  
8   198.810121 -1.187634e+01 -9.896949e-03  
9   174.817097 -2.477943e+01 -2.064952e-02  
10  150.000000 -3.233606e+01 -2.694672e-02  
11  125.182903 -3.514523e+01 -2.928770e-02  
12  101.189879 -3.425610e+01 -2.854675e-02  
13   78.736716 -3.073633e+01 -2.561361e-02  
14   58.421074 -2.555187e+01 -2.129323e-02  
15   40.722487 -1.956394e+01 -1.630328e-02  
16   26.002357 -1.352623e+01 -1.127186e-02  
17   14.503960 -8.081946e+00 -6.734955e-03  
18    6.352444 -3.760141e+00 -3.133451e-03  
19    1.554827 -9.711018e-01 -8.092515e-04  
20    0.000000  1.543320e-14  1.286100e-17  
2022-07-26 16:25:43,546 




2022-07-26 16:25:43,715 Testing yc..............
2022-07-26 16:25:43,715 g=4.695049504950495 m=0.3385735052467585 yc=37.85349047668578
2022-07-26 16:25:43,715 r=2160 yc=37.85349047668578 yc/r=0.01752476410957675
2022-07-26 16:25:43,715 




2022-07-26 16:25:43,900 Printing Internal Forces as Crown................
2022-07-26 16:25:43,900                H         V             M
0  -3.535967e-15  1.000000  1.136868e-13
1   5.143526e-02  0.994817 -1.138783e+00
2   1.920511e-01  0.978825 -3.839268e+00
3   3.989808e-01  0.951653 -6.939398e+00
4   6.477580e-01  0.913325 -9.216551e+00
5   9.137658e-01  0.864258 -9.442422e+00
6   1.173306e+00  0.805263 -6.423490e+00
7   1.404425e+00  0.737544  9.677811e-01
8   1.587599e+00  0.662700  1.376690e+01
9   1.706379e+00  0.582724  3.289300e+01
10  1.748066e+00  0.500000  5.912320e+01
11  1.706379e+00  0.417276  3.289300e+01
12  1.587599e+00  0.337300  1.376690e+01
13  1.404425e+00  0.262456  9.677811e-01
14  1.173306e+00  0.194737 -6.423490e+00
15  9.137658e-01  0.135742 -9.442422e+00
16  6.477580e-01  0.086675 -9.216551e+00
17  3.989808e-01  0.048347 -6.939398e+00
18  1.920511e-01  0.021175 -3.839268e+00
19  5.143526e-02  0.005183 -1.138783e+00
20 -3.535967e-15  0.000000  1.338487e-13
2022-07-26 16:25:43,900 




2022-07-26 16:25:44,242 Calcualting y0............
2022-07-26 16:25:44,242 x=[  0.  60. 120. 180. 240. 300. 360. 420. 480. 540. 600.]
2022-07-26 16:25:44,242 k=0.8109302162163293
2022-07-26 16:25:44,242 z=[0.0, 0.1, 0.2, 0.3, 0.4, 0.5, 0.6, 0.7, 0.8, 0.9, 1.0]
2022-07-26 16:25:44,242 kz=[0.0, 0.08109302162163294, 0.16218604324326588, 0.24327906486489878, 0.32437208648653176, 0.40546510810816466, 0.48655812972979756, 0.5676511513514305, 0.6487441729730635, 0.7298371945946964, 0.8109302162163293]
2022-07-26 16:25:44,242 y0=[0.0, 1.7054537505072718, 6.833036346531991, 15.416485654468518, 27.512278047058107, 43.20000000000001, 62.58287174570774, 85.78842642968412, 112.96934923814983, 144.30448201811848, 180.0]
2022-07-26 16:25:44,242 y=[42.73548502695346, 41.03003127644619, 35.90244868042147, 27.318999372484946, 15.223206979895355, -0.46451497304654765, -19.84738671875428, -43.05294140273066, -70.23386421119636, -101.56899699116502, -137.26451497304654]
2022-07-26 16:25:44,242 tanphi=[0.0, 0.05687960826176204, 0.11413346629681655, 0.1721382863232071, 0.23127572165058463, 0.2919348778378783, 0.35451487288440237, 0.4194274632996429, 0.4870997533304321, 0.5579770051713622, 0.6325255686487364]
2022-07-26 16:25:44,242 




2022-07-26 16:25:44,242 printing arch Axis parameters...........
2022-07-26 16:25:44,242         x    z        zk  cosh(zk)  sinh(zk)          y0           y   tan_phi
0     0.0  0.0  0.000000  1.000000  0.000000    0.000000   42.735485  0.000000
1    60.0  0.1  0.081093  1.003290  0.081182    1.705454   41.030031  0.056880
2   120.0  0.2  0.162186  1.013181  0.162898    6.833036   35.902449  0.114133
3   180.0  0.3  0.243279  1.029739  0.245686   15.416486   27.318999  0.172138
4   240.0  0.4  0.324372  1.053072  0.330090   27.512278   15.223207  0.231276
5   300.0  0.5  0.405465  1.083333  0.416667   43.200000   -0.464515  0.291935
6   360.0  0.6  0.486558  1.120723  0.505985   62.582872  -19.847387  0.354515
7   420.0  0.7  0.567651  1.165487  0.598632   85.788426  -43.052941  0.419427
8   480.0  0.8  0.648744  1.217919  0.695217  112.969349  -70.233864  0.487100
9   540.0  0.9  0.729837  1.278365  0.796378  144.304482 -101.568997  0.557977
10  600.0  1.0  0.810930  1.347222  0.902778  180.000000 -137.264515  0.632526
2022-07-26 16:25:44,252 




2022-07-26 16:25:44,252 printing reactions due to dead load..............
2022-07-26 16:25:44,252 Dead load Reaction vd=337318.37980210996
2022-07-26 16:25:44,252 Dead load Horizontal Thrust Hd=533288.1333520205
2022-07-26 16:25:44,252 




2022-07-26 16:25:44,252 Setting Arch Rib thickness................
2022-07-26 16:25:44,252 dc=18 ds=27
2022-07-26 16:25:44,252 tan_phi_s=0.6325255686487364 cos_phi_s=0.8451275144131943
2022-07-26 16:25:44,252 m=0.29999999999999993
2022-07-26 16:25:44,252 




2022-07-26 16:25:44,252 printing arch thickness parameters...........
2022-07-26 16:25:44,252       z        zk  sinh(zk)   tan_phi  1+tanphi_2  sixth_root_1_plus_tan_phi  \
0   0.0  0.000000  0.000000  0.000000    1.000000                   1.000000   
1   0.1  0.081093  0.081182  0.056880    1.003235                   1.000538   
2   0.2  0.162186  0.162898  0.114133    1.013026                   1.002159   
3   0.3  0.243279  0.245686  0.172138    1.029632                   1.004879   
4   0.4  0.324372  0.330090  0.231276    1.053488                   1.008722   
5   0.5  0.405465  0.416667  0.291935    1.085226                   1.013725   
6   0.6  0.486558  0.505985  0.354515    1.125681                   1.019927   
7   0.7  0.567651  0.598632  0.419427    1.175919                   1.027376   
8   0.8  0.648744  0.695217  0.487100    1.237266                   1.036121   
9   0.9  0.729837  0.796378  0.557977    1.311338                   1.046211   
10  1.0  0.810930  0.902778  0.632526    1.400089                   1.057692   

    one_minus_m_z    c_list        d_x  
0            0.00  1.000000  18.000000  
1            0.07  1.024485  18.450664  
2            0.14  1.051559  18.968944  
3            0.21  1.081744  19.566379  
4            0.28  1.115722  20.258159  
5            0.35  1.154416  21.064674  
6            0.42  1.199105  22.014004  
7            0.49  1.251632  23.146147  
8            0.56  1.314768  24.520659  
9            0.63  1.392941  26.231576  
10           0.70  1.493802  28.439678  
2022-07-26 16:25:44,252 




2022-07-26 16:25:44,252 Calculating Intregationg of dw fro L to R..
2022-07-26 16:25:44,252 l=1200 E=2000000 Ic=6399 m=0.29999999999999993
2022-07-26 16:25:44,252 integration value=6.094702297233942e-08
2022-07-26 16:25:44,252 




2022-07-26 16:25:44,260 Calcualting Delta_sub_HL...............
2022-07-26 16:25:44,260 l=1200 r=180 Ic=6399 E=2000000 T1=0.0030379746835443038
2022-07-26 16:25:44,260 g=1.3472222222222228 k=0.8109302162163293 m=0.29999999999999993 yc=42.73548502695346
2022-07-26 16:25:44,260 T2=-0.9399999999999977 T3=0.23741936126085256
2022-07-26 16:25:44,260 T4=3.206194501089357 T5=4.1471999999999865 T6=0.7000000000000001 T7=2.0735999999999932
2022-07-26 16:25:44,260 T8=1.5206631921324916 T9=-1.1899999999999977
2022-07-26 16:25:44,260 T_com_1=-3.7750354815506815
2022-07-26 16:25:44,260 T_com_2=-2.170624082406647
2022-07-26 16:25:44,260 delta_sub_HL=0.00013285822131686226
2022-07-26 16:25:44,260 




2022-07-26 16:25:44,260 




2022-07-26 16:25:44,260 Printing Basic input parapmeter............
2022-07-26 16:25:44,260 span=1200 rise=180
2022-07-26 16:25:44,260 wc=505 ws=680.3472222222225 g=1.3472222222222228
2022-07-26 16:25:44,260 N=0.24
2022-07-26 16:25:44,260 Is=25238.79489926473 Ic=6399
2022-07-26 16:25:44,260 cos_phi_s=0.8451275144131943 m=0.29999999999999993
2022-07-26 16:25:44,260 




2022-07-26 16:25:44,260 Calcualting y0............
2022-07-26 16:25:44,260 x=[  0.  60. 120. 180. 240. 300. 360. 420. 480. 540. 600.]
2022-07-26 16:25:44,260 k=1.1630771561490063
2022-07-26 16:25:44,260 z=[0.0, 0.1, 0.2, 0.3, 0.4, 0.5, 0.6, 0.7, 0.8, 0.9, 1.0]
2022-07-26 16:25:44,260 kz=[0.0, 0.11630771561490064, 0.23261543122980127, 0.3489231468447019, 0.46523086245960255, 0.5815385780745032, 0.6978462936894038, 0.8141540093043044, 0.9304617249192051, 1.0467694405341057, 1.1630771561490063]
2022-07-26 16:25:44,260 y0=[0.0, 1.6119247466884972, 6.469528866098584, 14.638597632665787, 26.229762628849567, 41.39999999999999, 60.35475634163649, 83.35073100947866, 110.69935253233419, 142.7709962080018, 180.0]
2022-07-26 16:25:44,260 y=[41.61856871987119, 40.0066439731827, 35.14903985377261, 26.979971087205406, 15.388806091021625, 0.2185687198712003, -18.736187621765296, -41.73216228960747, -69.080783812463, -101.15242748813061, -138.38143128012882]
2022-07-26 16:25:44,260 tanphi=[0.0, 0.05379138148064937, 0.10831124570834533, 0.16429794108329554, 0.22250968092001547, 0.283734811733864, 0.34880248961371396, 0.41859390926810625, 0.49405423781695224, 0.5762054149450335, 0.6661599927664632]
2022-07-26 16:25:44,260 




2022-07-26 16:25:44,260 printing arch Axis parameters...........
2022-07-26 16:25:44,260         x    z        zk  cosh(zk)  sinh(zk)          y0           y   tan_phi
0     0.0  0.0  0.000000  1.000000  0.000000    0.000000   41.618569  0.000000
1    60.0  0.1  0.116308  1.006771  0.116570    1.611925   40.006644  0.053791
2   120.0  0.2  0.232615  1.027177  0.234719    6.469529   35.149040  0.108311
3   180.0  0.3  0.348923  1.061494  0.356046   14.638598   26.979971  0.164298
4   240.0  0.4  0.465231  1.110186  0.482196   26.229763   15.388806  0.222510
5   300.0  0.5  0.581539  1.173913  0.614875   41.400000    0.218569  0.283735
6   360.0  0.6  0.697846  1.253538  0.755882   60.354756  -18.736188  0.348802
7   420.0  0.7  0.814154  1.350140  0.907126   83.350731  -41.732162  0.418594
8   480.0  0.8  0.930462  1.465026  1.070654  110.699353  -69.080784  0.494054
9   540.0  0.9  1.046769  1.599752  1.248682  142.770996 -101.152427  0.576205
10  600.0  1.0  1.163077  1.756144  1.443621  180.000000 -138.381431  0.666160
2022-07-26 16:25:44,270 




2022-07-26 16:25:44,270 printing reactions due to dead load..............
2022-07-26 16:25:44,270 Dead load Reaction vd=376086.0184906177
2022-07-26 16:25:44,270 Dead load Horizontal Thrust Hd=564558.0980160463
2022-07-26 16:25:44,270 




2022-07-26 16:25:44,270 Setting Arch Rib thickness................
2022-07-26 16:25:44,270 dc=18 ds=27
2022-07-26 16:25:44,270 tan_phi_s=0.6661599927664632 cos_phi_s=0.832244863163902
2022-07-26 16:25:44,270 m=0.3
2022-07-26 16:25:44,270 




2022-07-26 16:25:44,270 printing arch thickness parameters...........
2022-07-26 16:25:44,270       z        zk  sinh(zk)   tan_phi  1+tanphi_2  sixth_root_1_plus_tan_phi  \
0   0.0  0.000000  0.000000  0.000000    1.000000                   1.000000   
1   0.1  0.116308  0.116570  0.053791    1.002894                   1.000482   
2   0.2  0.232615  0.234719  0.108311    1.011731                   1.001946   
3   0.3  0.348923  0.356046  0.164298    1.026994                   1.004449   
4   0.4  0.465231  0.482196  0.222510    1.049511                   1.008087   
5   0.5  0.581539  0.614875  0.283735    1.080505                   1.012988   
6   0.6  0.697846  0.755882  0.348802    1.121663                   1.019320   
7   0.7  0.814154  0.907126  0.418594    1.175221                   1.027275   
8   0.8  0.930462  1.070654  0.494054    1.244090                   1.037071   
9   0.9  1.046769  1.248682  0.576205    1.332013                   1.048942   
10  1.0  1.163077  1.443621  0.666160    1.443769                   1.063122   

    one_minus_m_z    c_list        d_x  
0            0.00  1.000000  18.000000  
1            0.07  1.024485  18.449616  
2            0.14  1.051559  18.964900  
3            0.21  1.081744  19.558015  
4            0.28  1.115722  20.245390  
5            0.35  1.154416  21.049375  
6            0.42  1.199105  22.000890  
7            0.49  1.251632  23.143855  
8            0.56  1.314768  24.543146  
9            0.63  1.392941  26.300055  
10           0.70  1.493802  28.585670  
2022-07-26 16:25:44,270 




2022-07-26 16:25:44,270 Calculating Intregationg of dw fro L to R..
2022-07-26 16:25:44,270 l=1200 E=2000000 Ic=6399 m=0.3
2022-07-26 16:25:44,270 integration value=6.094702297233942e-08
2022-07-26 16:25:44,270 




2022-07-26 16:25:44,270 Calcualting Delta_sub_HL...............
2022-07-26 16:25:44,270 l=1200 r=180 Ic=6399 E=2000000 T1=0.0030379746835443038
2022-07-26 16:25:44,270 g=1.756143667296786 k=1.1630771561490063 m=0.3 yc=41.61856871987119
2022-07-26 16:25:44,270 T2=-0.16125000000000028 T3=0.23121427066595107
2022-07-26 16:25:44,270 T4=1.6414975559532743 T5=0.8745031250000008 T6=0.7 T7=0.4372515625000004
2022-07-26 16:25:44,270 T8=0.7392357273526946 T9=-0.4112500000000003
2022-07-26 16:25:44,270 T_com_1=-0.6442291410971435
2022-07-26 16:25:44,270 T_com_2=-0.474932542423863
2022-07-26 16:25:44,270 delta_sub_HL=0.00012973825587084576
2022-07-26 16:25:44,270 




2022-07-26 16:25:44,270 




2022-07-26 16:25:44,270 Printing Basic input parapmeter............
2022-07-26 16:25:44,270 span=1200 rise=180
2022-07-26 16:25:44,270 wc=505 ws=886.852551984877 g=1.756143667296786
2022-07-26 16:25:44,270 N=0.23
2022-07-26 16:25:44,270 Is=25629.476304498712 Ic=6399
2022-07-26 16:25:44,270 cos_phi_s=0.832244863163902 m=0.3
2022-07-26 16:25:44,270 




2022-07-26 16:25:44,270 Calcualting y0............
2022-07-26 16:25:44,270 x=[  0.  60. 120. 180. 240. 300. 360. 420. 480. 540. 600.]
2022-07-26 16:25:44,270 k=1.4454343871758315
2022-07-26 16:25:44,270 z=[0.0, 0.1, 0.2, 0.3, 0.4, 0.5, 0.6, 0.7, 0.8, 0.9, 1.0]
2022-07-26 16:25:44,270 kz=[0.0, 0.14454343871758316, 0.2890868774351663, 0.43363031615274944, 0.5781737548703326, 0.7227171935879158, 0.8672606323054989, 1.011804071023082, 1.1563475097406652, 1.3008909484582485, 1.4454343871758315]
2022-07-26 16:25:44,270 y0=[0.0, 1.5194604134073688, 6.109642754840321, 13.866615899755262, 24.95272714321497, 39.59999999999999, 58.11499027273101, 80.88520202165647, 108.38719771726394, 141.1965723147762, 179.99999999999997]
2022-07-26 16:25:44,270 y=[40.49492300982146, 38.9754625964141, 34.38528025498114, 26.628307110066203, 15.542195866606491, 0.8949230098214755, -17.62006726290955, -40.390279011835005, -67.89227470744248, -100.70164930495474, -139.5050769901785]
2022-07-26 16:25:44,270 tanphi=[0.0, 0.050736832508954846, 0.10253554667767603, 0.15648024850678027, 0.2136999578164107, 0.2753922377355295, 0.3428482587482958, 0.4174798218681375, 0.5008489065131169, 0.5947003614961822, 0.7009984233268025]
2022-07-26 16:25:44,270 




2022-07-26 16:25:44,270 printing arch Axis parameters...........
2022-07-26 16:25:44,270         x    z        zk  cosh(zk)  sinh(zk)          y0           y   tan_phi
0     0.0  0.0  0.000000  1.000000  0.000000    0.000000   40.494923  0.000000
1    60.0  0.1  0.144543  1.010465  0.145047    1.519460   38.975463  0.050737
2   120.0  0.2  0.289087  1.042077  0.293130    6.109643   34.385280  0.102536
3   180.0  0.3  0.433630  1.095500  0.447348   13.866616   26.628307  0.156480
4   240.0  0.4  0.578174  1.171851  0.610929   24.952727   15.542196  0.213700
5   300.0  0.5  0.722717  1.272727  0.787296   39.600000    0.894923  0.275392
6   360.0  0.6  0.867261  1.400241  0.980140   58.114990  -17.620067  0.342848
7   420.0  0.7  1.011804  1.557061  1.193498   80.885202  -40.390279  0.417480
8   480.0  0.8  1.156348  1.746468  1.431835  108.387198  -67.892275  0.500849
9   540.0  0.9  1.300891  1.972428  1.700139  141.196572 -100.701649  0.594700
10  600.0  1.0  1.445434  2.239669  2.004026  180.000000 -139.505077  0.700998
2022-07-26 16:25:44,285 




2022-07-26 16:25:44,285 printing reactions due to dead load..............
2022-07-26 16:25:44,285 Dead load Reaction vd=420095.02534349513
2022-07-26 16:25:44,285 Dead load Horizontal Thrust Hd=599280.984613069
2022-07-26 16:25:44,285 




2022-07-26 16:25:44,285 Setting Arch Rib thickness................
2022-07-26 16:25:44,285 dc=18 ds=27
2022-07-26 16:25:44,285 tan_phi_s=0.7009984233268025 cos_phi_s=0.8188476497787139
2022-07-26 16:25:44,285 m=0.3
2022-07-26 16:25:44,285 




2022-07-26 16:25:44,285 printing arch thickness parameters...........
2022-07-26 16:25:44,285       z        zk  sinh(zk)   tan_phi  1+tanphi_2  sixth_root_1_plus_tan_phi  \
0   0.0  0.000000  0.000000  0.000000    1.000000                   1.000000   
1   0.1  0.144543  0.145047  0.050737    1.002574                   1.000429   
2   0.2  0.289087  0.293130  0.102536    1.010514                   1.001745   
3   0.3  0.433630  0.447348  0.156480    1.024486                   1.004040   
4   0.4  0.578174  0.610929  0.213700    1.045668                   1.007470   
5   0.5  0.722717  0.787296  0.275392    1.075841                   1.012258   
6   0.6  0.867261  0.980140  0.342848    1.117545                   1.018695   
7   0.7  1.011804  1.193498  0.417480    1.174289                   1.027139   
8   0.8  1.156348  1.431835  0.500849    1.250850                   1.038008   
9   0.9  1.300891  1.700139  0.594700    1.353669                   1.051765   
10  1.0  1.445434  2.004026  0.700998    1.491399                   1.068888   

    one_minus_m_z    c_list        d_x  
0            0.00  1.000000  18.000000  
1            0.07  1.024485  18.448637  
2            0.14  1.051559  18.961093  
3            0.21  1.081744  19.550048  
4            0.28  1.115722  20.233016  
5            0.35  1.154416  21.034203  
6            0.42  1.199105  21.987407  
7            0.49  1.251632  23.140797  
8            0.56  1.314768  24.565322  
9            0.63  1.392941  26.370841  
10           0.70  1.493802  28.740725  
2022-07-26 16:25:44,285 




2022-07-26 16:25:44,285 Calculating Intregationg of dw fro L to R..
2022-07-26 16:25:44,285 l=1200 E=2000000 Ic=6399 m=0.3
2022-07-26 16:25:44,285 integration value=6.094702297233942e-08
2022-07-26 16:25:44,285 




2022-07-26 16:25:44,285 Calcualting Delta_sub_HL...............
2022-07-26 16:25:44,285 l=1200 r=180 Ic=6399 E=2000000 T1=0.0030379746835443038
2022-07-26 16:25:44,285 g=2.2396694214876045 k=1.4454343871758315 m=0.3 yc=40.49492300982146
2022-07-26 16:25:44,285 T2=0.09666666666666705 T3=0.22497179449900812
2022-07-26 16:25:44,285 T4=1.1184047979441774 T5=0.3253555555555549 T6=0.7 T7=0.16267777777777745
2022-07-26 16:25:44,285 T8=0.4786336576777641 T9=-0.15333333333333293
2022-07-26 16:25:44,285 T_com_1=-0.14349707056853123
2022-07-26 16:25:44,285 T_com_2=-0.1810695670526475
2022-07-26 16:25:44,285 delta_sub_HL=0.00012663278887199415
2022-07-26 16:25:44,285 




2022-07-26 16:25:44,285 




2022-07-26 16:25:44,285 Printing Basic input parapmeter............
2022-07-26 16:25:44,285 span=1200 rise=180
2022-07-26 16:25:44,285 wc=505 ws=1131.0330578512403 g=2.2396694214876045
2022-07-26 16:25:44,285 N=0.22
2022-07-26 16:25:44,285 Is=26048.801636988563 Ic=6399
2022-07-26 16:25:44,285 cos_phi_s=0.8188476497787139 m=0.3
2022-07-26 16:25:44,285 




2022-07-26 16:25:44,301 Calcualting y0............
2022-07-26 16:25:44,301 x=[  0.  60. 120. 180. 240. 300. 360. 420. 480. 540. 600.]
2022-07-26 16:25:44,301 k=1.6945957207744073
2022-07-26 16:25:44,301 z=[0.0, 0.1, 0.2, 0.3, 0.4, 0.5, 0.6, 0.7, 0.8, 0.9, 1.0]
2022-07-26 16:25:44,301 kz=[0.0, 0.16945957207744075, 0.3389191441548815, 0.5083787162323222, 0.677838288309763, 0.8472978603872037, 1.0167574324646445, 1.186217004542085, 1.355676576619526, 1.5251361486969666, 1.6945957207744073]
2022-07-26 16:25:44,301 y0=[0.0, 1.4281123030179905, 5.753557899399388, 13.1008461783551, 23.68147127513326, 37.8, 55.86283889510693, 78.3899327818908, 106.0297315455814, 139.57785598068338, 180.00000000000006]
2022-07-26 16:25:44,301 y=[39.36400494504002, 37.93589264202203, 33.61044704564063, 26.263158766684924, 15.682533669906764, 1.5640049450400255, -16.49883395006691, -39.025927836850784, -66.66572660054138, -100.21385103564336, -140.63599505496003]
2022-07-26 16:25:44,301 tanphi=[0.0, 0.047717606875291, 0.09680878092516863, 0.14868662791189496, 0.20484446890447136, 0.2668988260219691, 0.336635954560037, 0.416063260943313, 0.5074670865865929, 0.6134785209924023, 0.7371491385368671]
2022-07-26 16:25:44,301 




2022-07-26 16:25:44,301 printing arch Axis parameters...........
2022-07-26 16:25:44,301         x    z        zk  cosh(zk)  sinh(zk)          y0           y   tan_phi
0     0.0  0.0  0.000000  1.000000  0.000000    0.000000   39.364005  0.000000
1    60.0  0.1  0.169460  1.014393  0.170272    1.428112   37.935893  0.047718
2   120.0  0.2  0.338919  1.057985  0.345445    5.753558   33.610447  0.096809
3   180.0  0.3  0.508379  1.132032  0.530562   13.100846   26.263159  0.148687
4   240.0  0.4  0.677838  1.238664  0.730951   23.681471   15.682534  0.204844
5   300.0  0.5  0.847298  1.380952  0.952381   37.800000    1.564005  0.266899
6   360.0  0.6  1.016757  1.562992  1.201225   55.862839  -16.498834  0.336636
7   420.0  0.7  1.186217  1.790022  1.484648   78.389933  -39.025928  0.416063
8   480.0  0.8  1.355677  2.068579  1.810806  106.029732  -66.665727  0.507467
9   540.0  0.9  1.525136  2.406680  2.189089  139.577856 -100.213851  0.613479
10  600.0  1.0  1.694596  2.814059  2.630385  180.000000 -140.635995  0.737149
2022-07-26 16:25:44,301 




2022-07-26 16:25:44,301 printing reactions due to dead load..............
2022-07-26 16:25:44,301 Dead load Reaction vd=470322.68106806447
2022-07-26 16:25:44,301 Dead load Horizontal Thrust Hd=638029.2080400257
2022-07-26 16:25:44,301 




2022-07-26 16:25:44,301 Setting Arch Rib thickness................
2022-07-26 16:25:44,301 dc=18 ds=27
2022-07-26 16:25:44,301 tan_phi_s=0.7371491385368671 cos_phi_s=0.8049377963654032
2022-07-26 16:25:44,301 m=0.3
2022-07-26 16:25:44,301 




2022-07-26 16:25:44,301 printing arch thickness parameters...........
2022-07-26 16:25:44,301       z        zk  sinh(zk)   tan_phi  1+tanphi_2  sixth_root_1_plus_tan_phi  \
0   0.0  0.000000  0.000000  0.000000    1.000000                   1.000000   
1   0.1  0.169460  0.170272  0.047718    1.002277                   1.000379   
2   0.2  0.338919  0.345445  0.096809    1.009372                   1.001556   
3   0.3  0.508379  0.530562  0.148687    1.022108                   1.003651   
4   0.4  0.677838  0.730951  0.204844    1.041961                   1.006874   
5   0.5  0.847298  0.952381  0.266899    1.071235                   1.011535   
6   0.6  1.016757  1.201225  0.336636    1.113324                   1.018053   
7   0.7  1.186217  1.484648  0.416063    1.173109                   1.026967   
8   0.8  1.355677  1.810806  0.507467    1.257523                   1.038929   
9   0.9  1.525136  2.189089  0.613479    1.376356                   1.054683   
10  1.0  1.694596  2.630385  0.737149    1.543389                   1.075010   

    one_minus_m_z    c_list        d_x  
0            0.00  1.000000  18.000000  
1            0.07  1.024485  18.447725  
2            0.14  1.051559  18.957522  
3            0.21  1.081744  19.542476  
4            0.28  1.115722  20.221045  
5            0.35  1.154416  21.019167  
6            0.42  1.199105  21.973543  
7            0.49  1.251632  23.136917  
8            0.56  1.314768  24.587116  
9            0.63  1.392941  26.443994  
10           0.70  1.493802  28.905333  
2022-07-26 16:25:44,301 




2022-07-26 16:25:44,301 Calculating Intregationg of dw fro L to R..
2022-07-26 16:25:44,301 l=1200 E=2000000 Ic=6399 m=0.3
2022-07-26 16:25:44,301 integration value=6.094702297233942e-08
2022-07-26 16:25:44,301 




2022-07-26 16:25:44,301 Calcualting Delta_sub_HL...............
2022-07-26 16:25:44,301 l=1200 r=180 Ic=6399 E=2000000 T1=0.0030379746835443038
2022-07-26 16:25:44,301 g=2.8140589569161 k=1.6945957207744073 m=0.3 yc=39.36400494504002
2022-07-26 16:25:44,301 T2=0.22437500000000002 T3=0.21868891636133345
2022-07-26 16:25:44,301 T4=0.8556613133292756 T5=0.15193828124999997 T6=0.7 T7=0.07596914062499999
2022-07-26 16:25:44,301 T8=0.3482312880515486 T9=-0.025624999999999988
2022-07-26 16:25:44,301 T_com_1=0.004865361793961546
2022-07-26 16:25:44,301 T_com_2=-0.08507774978342546
2022-07-26 16:25:44,301 delta_sub_HL=0.00012353944253860446
2022-07-26 16:25:44,301 




2022-07-26 16:25:44,301 




2022-07-26 16:25:44,301 Printing Basic input parapmeter............
2022-07-26 16:25:44,301 span=1200 rise=180
2022-07-26 16:25:44,301 wc=505 ws=1421.0997732426304 g=2.8140589569161
2022-07-26 16:25:44,301 N=0.21
2022-07-26 16:25:44,301 Is=26498.94202547448 Ic=6399
2022-07-26 16:25:44,301 cos_phi_s=0.8049377963654032 m=0.3
2022-07-26 16:25:44,301 




2022-07-26 16:25:44,301 Calcualting y0............
2022-07-26 16:25:44,301 x=[  0.  60. 120. 180. 240. 300. 360. 420. 480. 540. 600.]
2022-07-26 16:25:44,301 k=1.9248473002384139
2022-07-26 16:25:44,301 z=[0.0, 0.1, 0.2, 0.3, 0.4, 0.5, 0.6, 0.7, 0.8, 0.9, 1.0]
2022-07-26 16:25:44,301 kz=[0.0, 0.1924847300238414, 0.3849694600476828, 0.5774541900715241, 0.7699389200953656, 0.9624236501192069, 1.1549083801430482, 1.3473931101668897, 1.5398778401907312, 1.7323625702145726, 1.9248473002384139]
2022-07-26 16:25:44,301 y0=[0.0, 1.337936645945378, 5.401470874574919, 12.341623556903553, 22.41632482076861, 36.0, 53.59748511706749, 75.86278906682121, 103.62339979613577, 137.9110378163605, 180.0]
2022-07-26 16:25:44,301 y=[38.225199500492714, 36.88726285454734, 32.823728625917795, 25.88357594358916, 15.808874679724102, 2.225199500492714, -15.372285616574779, -37.637589566328494, -65.39820029564305, -99.68583831586778, -141.77480049950728]
2022-07-26 16:25:44,301 tanphi=[0.0, 0.04473550060386286, 0.09113359191974292, 0.14091865468856896, 0.1959409461297605, 0.25824536457840247, 0.330147447941349, 0.4143194304477977, 0.5138895559854498, 0.6325583389931445, 0.7747360937352074]
2022-07-26 16:25:44,301 




2022-07-26 16:25:44,301 printing arch Axis parameters...........
2022-07-26 16:25:44,301         x    z        zk  cosh(zk)  sinh(zk)          y0           y   tan_phi
0     0.0  0.0  0.000000  1.000000  0.000000    0.000000   38.225200  0.000000
1    60.0  0.1  0.192485  1.018582  0.193676    1.337937   36.887263  0.044736
2   120.0  0.2  0.384969  1.075020  0.394549    5.401471   32.823729  0.091134
3   180.0  0.3  0.577454  1.171411  0.610086   12.341624   25.883576  0.140919
4   240.0  0.4  0.769939  1.311338  0.848296   22.416325   15.808875  0.195941
5   300.0  0.5  0.962424  1.500000  1.118034   36.000000    2.225200  0.258245
6   360.0  0.6  1.154908  1.744410  1.429323   53.597485  -15.372286  0.330147
7   420.0  0.7  1.347393  2.053650  1.793733   75.862789  -37.637590  0.414319
8   480.0  0.8  1.539878  2.439214  2.224807  103.623400  -65.398200  0.513890
9   540.0  0.9  1.732363  2.915431  2.738565  137.911038  -99.685838  0.632558
10  600.0  1.0  1.924847  3.500000  3.354102  180.000000 -141.774800  0.774736
2022-07-26 16:25:44,317 




2022-07-26 16:25:44,317 printing reactions due to dead load..............
2022-07-26 16:25:44,317 Dead load Reaction vd=527986.243712826
2022-07-26 16:25:44,317 Dead load Horizontal Thrust Hd=681504.6413640869
2022-07-26 16:25:44,317 




2022-07-26 16:25:44,317 Setting Arch Rib thickness................
2022-07-26 16:25:44,317 dc=18 ds=27
2022-07-26 16:25:44,317 tan_phi_s=0.7747360937352074 cos_phi_s=0.7905160533197623
2022-07-26 16:25:44,317 m=0.3
2022-07-26 16:25:44,317 




2022-07-26 16:25:44,317 printing arch thickness parameters...........
2022-07-26 16:25:44,317       z        zk  sinh(zk)   tan_phi  1+tanphi_2  sixth_root_1_plus_tan_phi  \
0   0.0  0.000000  0.000000  0.000000    1.000000                   1.000000   
1   0.1  0.192485  0.193676  0.044736    1.002001                   1.000333   
2   0.2  0.384969  0.394549  0.091134    1.008305                   1.001379   
3   0.3  0.577454  0.610086  0.140919    1.019858                   1.003283   
4   0.4  0.769939  0.848296  0.195941    1.038393                   1.006299   
5   0.5  0.962424  1.118034  0.258245    1.066691                   1.010818   
6   0.6  1.154908  1.429323  0.330147    1.108997                   1.017392   
7   0.7  1.347393  1.793733  0.414319    1.171661                   1.026755   
8   0.8  1.539878  2.224807  0.513890    1.264082                   1.039831   
9   0.9  1.732363  2.738565  0.632558    1.400130                   1.057697   
10  1.0  1.924847  3.354102  0.774736    1.600216                   1.081508   

    one_minus_m_z    c_list        d_x  
0            0.00  1.000000  18.000000  
1            0.07  1.024485  18.446879  
2            0.14  1.051559  18.954181  
3            0.21  1.081744  19.535301  
4            0.28  1.115722  20.209487  
5            0.35  1.154416  21.004280  
6            0.42  1.199105  21.959288  
7            0.49  1.251632  23.132154  
8            0.56  1.314768  24.608446  
9            0.63  1.392941  26.519581  
10           0.70  1.493802  29.080053  
2022-07-26 16:25:44,317 




2022-07-26 16:25:44,317 Calculating Intregationg of dw fro L to R..
2022-07-26 16:25:44,317 l=1200 E=2000000 Ic=6399 m=0.3
2022-07-26 16:25:44,317 integration value=6.094702297233942e-08
2022-07-26 16:25:44,317 




2022-07-26 16:25:44,317 Calcualting Delta_sub_HL...............
2022-07-26 16:25:44,317 l=1200 r=180 Ic=6399 E=2000000 T1=0.0030379746835443038
2022-07-26 16:25:44,317 g=3.5 k=1.9248473002384139 m=0.3 yc=38.225199500492714
2022-07-26 16:25:44,317 T2=0.3 T3=0.21236221944718175
2022-07-26 16:25:44,317 T4=0.6970115428552159 T5=0.08 T6=0.7 T7=0.04
2022-07-26 16:25:44,317 T8=0.2699028282630047 T9=0.05
2022-07-26 16:25:44,317 T_com_1=0.06108454463552668
2022-07-26 16:25:44,317 T_com_2=-0.04382202223185298
2022-07-26 16:25:44,317 delta_sub_HL=0.00012045553770641285
2022-07-26 16:25:44,317 




2022-07-26 16:25:44,317 




2022-07-26 16:25:44,317 Printing Basic input parapmeter............
2022-07-26 16:25:44,317 span=1200 rise=180
2022-07-26 16:25:44,317 wc=505 ws=1767.5 g=3.5
2022-07-26 16:25:44,317 N=0.2
2022-07-26 16:25:44,317 Is=26982.37424834693 Ic=6399
2022-07-26 16:25:44,317 cos_phi_s=0.7905160533197623 m=0.3
2022-07-26 16:25:44,317 




2022-07-26 16:25:44,317 Calcualting y0............
2022-07-26 16:25:44,317 x=[  0.  60. 120. 180. 240. 300. 360. 420. 480. 540. 600.]
2022-07-26 16:25:44,317 k=2.143704198244209
2022-07-26 16:25:44,317 z=[0.0, 0.1, 0.2, 0.3, 0.4, 0.5, 0.6, 0.7, 0.8, 0.9, 1.0]
2022-07-26 16:25:44,317 kz=[0.0, 0.21437041982442093, 0.42874083964884185, 0.6431112594732628, 0.8574816792976837, 1.0718520991221046, 1.2862225189465255, 1.5005929387709462, 1.7149633585953674, 1.9293337784197881, 2.143704198244209]
2022-07-26 16:25:44,317 y0=[0.0, 1.2489950034964332, 5.053597318464373, 11.589316798336359, 21.15765227873987, 34.2, 51.3180156274064, 73.30136918823159, 101.16417328663323, 136.1917650639705, 180.00000000000006]
2022-07-26 16:25:44,317 y=[37.07780588577403, 35.8288108822776, 32.02420856730966, 25.488489087437674, 15.920153607034162, 2.8778058857740305, -14.24020974163237, -36.223563302457556, -64.08636740085919, -99.11395917819647, -142.92219411422602]
2022-07-26 16:25:44,317 tanphi=[0.0, 0.041792481363052025, 0.08551288887222298, 0.1331780857049748, 0.1869869118496651, 0.24942161864512025, 0.3233623773501507, 0.4122201441301235, 0.5200940106463514, 0.6519602989777485, 0.8139021239998663]
2022-07-26 16:25:44,317 




2022-07-26 16:25:44,317 printing arch Axis parameters...........
2022-07-26 16:25:44,317         x    z        zk  cosh(zk)  sinh(zk)          y0           y   tan_phi
0     0.0  0.0  0.000000  1.000000  0.000000    0.000000   37.077806  0.000000
1    60.0  0.1  0.214370  1.023065  0.216016    1.248995   35.828811  0.041792
2   120.0  0.2  0.428741  1.093326  0.441997    5.053597   32.024209  0.085513
3   180.0  0.3  0.643111  1.214022  0.688368   11.589317   25.488489  0.133178
4   240.0  0.4  0.857482  1.390723  0.966494   21.157652   15.920154  0.186987
5   300.0  0.5  1.071852  1.631579  1.289205   34.200000    2.877806  0.249422
6   360.0  0.6  1.286223  1.947701  1.671389   51.318016  -14.240210  0.323362
7   420.0  0.7  1.500593  2.353673  2.130675   73.301369  -36.223563  0.412220
8   480.0  0.8  1.714963  2.868221  2.688251  101.164173  -64.086367  0.520094
9   540.0  0.9  1.929334  3.515083  3.369838  136.191765  -99.113959  0.651960
10  600.0  1.0  2.143704  4.324100  4.206880  180.000000 -142.922194  0.813902
2022-07-26 16:25:44,332 




2022-07-26 16:25:44,332 printing reactions due to dead load..............
2022-07-26 16:25:44,332 Dead load Reaction vd=594617.7685856785
2022-07-26 16:25:44,332 Dead load Horizontal Thrust Hd=730576.5042895704
2022-07-26 16:25:44,332 




2022-07-26 16:25:44,332 Setting Arch Rib thickness................
2022-07-26 16:25:44,332 dc=18 ds=27
2022-07-26 16:25:44,332 tan_phi_s=0.8139021239998663 cos_phi_s=0.7755815072681995
2022-07-26 16:25:44,332 m=0.3
2022-07-26 16:25:44,332 




2022-07-26 16:25:44,332 printing arch thickness parameters...........
2022-07-26 16:25:44,332       z        zk  sinh(zk)   tan_phi  1+tanphi_2  sixth_root_1_plus_tan_phi  \
0   0.0  0.000000  0.000000  0.000000    1.000000                   1.000000   
1   0.1  0.214370  0.216016  0.041792    1.001747                   1.000291   
2   0.2  0.428741  0.441997  0.085513    1.007312                   1.001215   
3   0.3  0.643111  0.688368  0.133178    1.017736                   1.002934   
4   0.4  0.857482  0.966494  0.186987    1.034964                   1.005744   
5   0.5  1.071852  1.289205  0.249422    1.062211                   1.010110   
6   0.6  1.286223  1.671389  0.323362    1.104563                   1.016713   
7   0.7  1.500593  2.130675  0.412220    1.169925                   1.026502   
8   0.8  1.714963  2.688251  0.520094    1.270498                   1.040708   
9   0.9  1.929334  3.369838  0.651960    1.425052                   1.060812   
10  1.0  2.143704  4.206880  0.813902    1.662437                   1.088406   

    one_minus_m_z    c_list        d_x  
0            0.00  1.000000  18.000000  
1            0.07  1.024485  18.446098  
2            0.14  1.051559  18.951069  
3            0.21  1.081744  19.528521  
4            0.28  1.115722  20.198350  
5            0.35  1.154416  20.989553  
6            0.42  1.199105  21.944630  
7            0.49  1.251632  23.126441  
8            0.56  1.314768  24.629217  
9            0.63  1.392941  26.597678  
10           0.70  1.493802  29.265522  
2022-07-26 16:25:44,332 




2022-07-26 16:25:44,332 Calculating Intregationg of dw fro L to R..
2022-07-26 16:25:44,332 l=1200 E=2000000 Ic=6399 m=0.3
2022-07-26 16:25:44,332 integration value=6.094702297233942e-08
2022-07-26 16:25:44,332 




2022-07-26 16:25:44,332 Calcualting Delta_sub_HL...............
2022-07-26 16:25:44,332 l=1200 r=180 Ic=6399 E=2000000 T1=0.0030379746835443038
2022-07-26 16:25:44,332 g=4.324099722991691 k=2.143704198244209 m=0.3 yc=37.07780588577403
2022-07-26 16:25:44,332 T2=0.34958333333333336 T3=0.2059878104765224
2022-07-26 16:25:44,332 T4=0.5903658263460668 T5=0.04525034722222219 T6=0.7 T7=0.022625173611111094
2022-07-26 16:25:44,332 T8=0.2176057079608373 T9=0.09958333333333338
2022-07-26 16:25:44,332 T_com_1=0.08477388951095673
2022-07-26 16:25:44,332 T_com_2=-0.023154221578946376
2022-07-26 16:25:44,332 delta_sub_HL=0.00011737803779990582
2022-07-26 16:25:44,332 




2022-07-26 16:25:44,332 




2022-07-26 16:25:44,332 Printing Basic input parapmeter............
2022-07-26 16:25:44,332 span=1200 rise=180
2022-07-26 16:25:44,332 wc=505 ws=2183.670360110804 g=4.324099722991691
2022-07-26 16:25:44,332 N=0.19
2022-07-26 16:25:44,332 Is=27501.945056851375 Ic=6399
2022-07-26 16:25:44,332 cos_phi_s=0.7755815072681995 m=0.3
2022-07-26 16:25:44,332 




2022-07-26 16:25:44,332 Calcualting y0............
2022-07-26 16:25:44,332 x=[  0.  60. 120. 180. 240. 300. 360. 420. 480. 540. 600.]
2022-07-26 16:25:44,332 k=2.355856921731525
2022-07-26 16:25:44,332 z=[0.0, 0.1, 0.2, 0.3, 0.4, 0.5, 0.6, 0.7, 0.8, 0.9, 1.0]
2022-07-26 16:25:44,332 kz=[0.0, 0.2355856921731525, 0.471171384346305, 0.7067570765194575, 0.94234276869261, 1.1779284608657625, 1.413514153038915, 1.6490998452120675, 1.88468553738522, 2.1202712295583725, 2.355856921731525]
2022-07-26 16:25:44,332 y0=[0.0, 1.1613550478794155, 4.710174778833463, 10.844333527292218, 19.905858409779075, 32.4, 49.02340398268106, 70.70295457522677, 98.64745554042776, 134.41503040911283, 180.0]
2022-07-26 16:25:44,332 y=[35.9210203823513, 34.75966533447188, 31.21084560351784, 25.076686855059084, 16.015161972572226, 3.5210203823513027, -13.102383600329759, -34.78193419287547, -62.726435158076455, -98.49401002676153, -144.0789796176487]
2022-07-26 16:25:44,332 tanphi=[0.0, 0.03889071376146412, 0.0799498876545988, 0.12546689034907382, 0.1779796491830578, 0.240416159374997, 0.31625774255715244, 0.4097331575654251, 0.5260543866735279, 0.6717072441901142, 0.8548130111111004]
2022-07-26 16:25:44,332 




2022-07-26 16:25:44,332 printing arch Axis parameters...........
2022-07-26 16:25:44,332         x    z        zk  cosh(zk)  sinh(zk)          y0           y   tan_phi
0     0.0  0.0  0.000000  1.000000  0.000000    0.000000   35.921020  0.000000
1    60.0  0.1  0.235586  1.027879  0.237771    1.161355   34.759665  0.038891
2   120.0  0.2  0.471171  1.113070  0.488799    4.710175   31.210846  0.079950
3   180.0  0.3  0.706757  1.260324  0.767082   10.844334   25.076687  0.125467
4   240.0  0.4  0.942343  1.477850  1.088136   19.905858   16.015162  0.177980
5   300.0  0.5  1.177928  1.777778  1.469862   32.400000    3.521020  0.240416
6   360.0  0.6  1.413514  2.176831  1.933544   49.023404  -13.102384  0.316258
7   420.0  0.7  1.649100  2.697259  2.505036   70.702955  -34.781934  0.409733
8   480.0  0.8  1.884686  3.368080  3.216203   98.647456  -62.726435  0.526054
9   540.0  0.9  2.120271  4.226698  4.106699  134.415030  -98.494010  0.671707
10  600.0  1.0  2.355857  5.320988  5.226175  180.000000 -144.078980  0.854813
2022-07-26 16:25:44,348 




2022-07-26 16:25:44,348 printing reactions due to dead load..............
2022-07-26 16:25:44,348 Dead load Reaction vd=672167.7961252974
2022-07-26 16:25:44,348 Dead load Horizontal Thrust Hd=786333.1364734406
2022-07-26 16:25:44,348 




2022-07-26 16:25:44,348 Setting Arch Rib thickness................
2022-07-26 16:25:44,348 dc=18 ds=27
2022-07-26 16:25:44,348 tan_phi_s=0.8548130111111004 cos_phi_s=0.7601309924918593
2022-07-26 16:25:44,348 m=0.3
2022-07-26 16:25:44,348 




2022-07-26 16:25:44,348 printing arch thickness parameters...........
2022-07-26 16:25:44,348       z        zk  sinh(zk)   tan_phi  1+tanphi_2  sixth_root_1_plus_tan_phi  \
0   0.0  0.000000  0.000000  0.000000    1.000000                   1.000000   
1   0.1  0.235586  0.237771  0.038891    1.001512                   1.000252   
2   0.2  0.471171  0.488799  0.079950    1.006392                   1.001063   
3   0.3  0.706757  0.767082  0.125467    1.015742                   1.002607   
4   0.4  0.942343  1.088136  0.177980    1.031677                   1.005211   
5   0.5  1.177928  1.469862  0.240416    1.057800                   1.009409   
6   0.6  1.413514  1.933544  0.316258    1.100019                   1.016015   
7   0.7  1.649100  2.505036  0.409733    1.167881                   1.026203   
8   0.8  1.884686  3.216203  0.526054    1.276733                   1.041558   
9   0.9  2.120271  4.106699  0.671707    1.451191                   1.064031   
10  1.0  2.355857  5.226175  0.854813    1.730705                   1.095731   

    one_minus_m_z    c_list        d_x  
0            0.00  1.000000  18.000000  
1            0.07  1.024485  18.445379  
2            0.14  1.051559  18.948182  
3            0.21  1.081744  19.522138  
4            0.28  1.115722  20.187643  
5            0.35  1.154416  20.975000  
6            0.42  1.199105  21.929558  
7            0.49  1.251632  23.119702  
8            0.56  1.314768  24.649322  
9            0.63  1.392941  26.678373  
10           0.70  1.493802  29.462478  
2022-07-26 16:25:44,348 




2022-07-26 16:25:44,348 Calculating Intregationg of dw fro L to R..
2022-07-26 16:25:44,348 l=1200 E=2000000 Ic=6399 m=0.3
2022-07-26 16:25:44,348 integration value=6.094702297233942e-08
2022-07-26 16:25:44,348 




2022-07-26 16:25:44,348 Calcualting Delta_sub_HL...............
2022-07-26 16:25:44,348 l=1200 r=180 Ic=6399 E=2000000 T1=0.0030379746835443038
2022-07-26 16:25:44,348 g=5.320987654320987 k=2.355856921731525 m=0.3 yc=35.9210203823513
2022-07-26 16:25:44,348 T2=0.3842857142857143 T3=0.19956122434639612
2022-07-26 16:25:44,348 T4=0.5133954878467619 T5=0.0267795918367347 T6=0.7 T7=0.01338979591836735
2022-07-26 16:25:44,348 T8=0.1801781727138577 T9=0.13428571428571429
2022-07-26 16:25:44,348 T_com_1=0.09483671962964052
2022-07-26 16:25:44,348 T_com_2=-0.011761222125698686
2022-07-26 16:25:44,348 delta_sub_HL=0.00011430347876895382
2022-07-26 16:25:44,348 




2022-07-26 16:25:44,348 




2022-07-26 16:25:44,348 Printing Basic input parapmeter............
2022-07-26 16:25:44,348 span=1200 rise=180
2022-07-26 16:25:44,348 wc=505 ws=2687.0987654320984 g=5.320987654320987
2022-07-26 16:25:44,348 N=0.18
2022-07-26 16:25:44,348 Is=28060.95292875252 Ic=6399
2022-07-26 16:25:44,348 cos_phi_s=0.7601309924918593 m=0.3
2022-07-26 16:25:44,348 




2022-07-26 16:25:44,348 Calcualting y0............
2022-07-26 16:25:44,348 x=[  0.  60. 120. 180. 240. 300. 360. 420. 480. 540. 600.]
2022-07-26 16:25:44,348 k=2.5646197589211277
2022-07-26 16:25:44,348 z=[0.0, 0.1, 0.2, 0.3, 0.4, 0.5, 0.6, 0.7, 0.8, 0.9, 1.0]
2022-07-26 16:25:44,348 kz=[0.0, 0.2564619758921128, 0.5129239517842256, 0.7693859276763383, 1.0258479035684511, 1.2823098794605639, 1.5387718553526766, 1.7952338312447893, 2.0516958071369022, 2.308157783029015, 2.5646197589211277]
2022-07-26 16:25:44,348 y0=[0.0, 1.075091502154515, 4.371466153977849, 10.107126531469556, 18.661395032543393, 30.6, 46.71248962288002, 68.06444794867973, 96.06796626231571, 132.5750303888963, 179.99999999999994]
2022-07-26 16:25:44,348 y=[34.75391458444074, 33.67882308228623, 30.382448430462894, 24.64678805297119, 16.09251955189735, 4.1539145844407415, -11.958575038439278, -33.310533364238985, -61.314051677874964, -97.82111580445556, -145.2460854155592]
2022-07-26 16:25:44,348 tanphi=[0.0, 0.03603258986468714, 0.07444816050071726, 0.11778728882719605, 0.16891616652883448, 0.23121615289401262, 0.308807397768208, 0.40682132371233354, 0.5317399877121843, 0.6918247658001621, 0.8976627112355783]
2022-07-26 16:25:44,348 




2022-07-26 16:25:44,348 printing arch Axis parameters...........
2022-07-26 16:25:44,348         x    z        zk  cosh(zk)  sinh(zk)          y0           y   tan_phi
0     0.0  0.0  0.000000  1.000000  0.000000    0.000000   34.753915  0.000000
1    60.0  0.1  0.256462  1.033067  0.259283    1.075092   33.678823  0.036033
2   120.0  0.2  0.512924  1.134455  0.535713    4.371466   30.382448  0.074448
3   180.0  0.3  0.769386  1.310869  0.847571   10.107127   24.646788  0.117787
4   240.0  0.4  1.025848  1.573976  1.215484   18.661395   16.092520  0.168916
5   300.0  0.5  1.282310  1.941176  1.663781   30.600000    4.153915  0.231216
6   360.0  0.6  1.538772  2.436755  2.222110   46.712490  -11.958575  0.308807
7   420.0  0.7  1.795234  3.093486  2.927397   68.064448  -33.310533  0.406821
8   480.0  0.8  2.051696  3.954801  3.826284   96.067966  -61.314052  0.531740
9   540.0  0.9  2.308158  5.077663  4.978219  132.575030  -97.821116  0.691825
10  600.0  1.0  2.564620  6.536332  6.459384  180.000000 -145.246085  0.897663
2022-07-26 16:25:44,363 




2022-07-26 16:25:44,363 printing reactions due to dead load..............
2022-07-26 16:25:44,363 Dead load Reaction vd=763151.4449483767
2022-07-26 16:25:44,363 Dead load Horizontal Thrust Hd=850153.8889790187
2022-07-26 16:25:44,363 




2022-07-26 16:25:44,363 Setting Arch Rib thickness................
2022-07-26 16:25:44,363 dc=18 ds=27
2022-07-26 16:25:44,363 tan_phi_s=0.8976627112355783 cos_phi_s=0.7441583768554731
2022-07-26 16:25:44,363 m=0.3
2022-07-26 16:25:44,363 




2022-07-26 16:25:44,363 printing arch thickness parameters...........
2022-07-26 16:25:44,363       z        zk  sinh(zk)   tan_phi  1+tanphi_2  sixth_root_1_plus_tan_phi  \
0   0.0  0.000000  0.000000  0.000000    1.000000                   1.000000   
1   0.1  0.256462  0.259283  0.036033    1.001298                   1.000216   
2   0.2  0.512924  0.535713  0.074448    1.005543                   1.000922   
3   0.3  0.769386  0.847571  0.117787    1.013874                   1.002299   
4   0.4  1.025848  1.215484  0.168916    1.028533                   1.004700   
5   0.5  1.282310  1.663781  0.231216    1.053461                   1.008718   
6   0.6  1.538772  2.222110  0.308807    1.095362                   1.015297   
7   0.7  1.795234  2.927397  0.406821    1.165504                   1.025854   
8   0.8  2.051696  3.826284  0.531740    1.282747                   1.042374   
9   0.9  2.308158  4.978219  0.691825    1.478622                   1.067357   
10  1.0  2.564620  6.459384  0.897663    1.805798                   1.103515   

    one_minus_m_z    c_list        d_x  
0            0.00  1.000000  18.000000  
1            0.07  1.024485  18.444722  
2            0.14  1.051559  18.945516  
3            0.21  1.081744  19.516149  
4            0.28  1.115722  20.177376  
5            0.35  1.154416  20.960636  
6            0.42  1.199105  21.914057  
7            0.49  1.251632  23.111850  
8            0.56  1.314768  24.668636  
9            0.63  1.392941  26.761766  
10           0.70  1.493802  29.671782  
2022-07-26 16:25:44,370 




2022-07-26 16:25:44,370 Calculating Intregationg of dw fro L to R..
2022-07-26 16:25:44,370 l=1200 E=2000000 Ic=6399 m=0.3
2022-07-26 16:25:44,370 integration value=6.094702297233942e-08
2022-07-26 16:25:44,370 




2022-07-26 16:25:44,370 Calcualting Delta_sub_HL...............
2022-07-26 16:25:44,370 l=1200 r=180 Ic=6399 E=2000000 T1=0.0030379746835443038
2022-07-26 16:25:44,370 g=6.536332179930794 k=2.5646197589211277 m=0.3 yc=34.75391458444074
2022-07-26 16:25:44,370 T2=0.4096875 T3=0.193077303246893
2022-07-26 16:25:44,370 T4=0.45493145129967194 T5=0.016312695312500014 T6=0.7 T7=0.008156347656250007
2022-07-26 16:25:44,370 T8=0.15203865960082705 T9=0.15968749999999995
2022-07-26 16:25:44,370 T_com_1=0.09854279117519844
2022-07-26 16:25:44,370 T_com_2=-0.005076540929992963
2022-07-26 16:25:44,370 delta_sub_HL=0.00011122788046994269
2022-07-26 16:25:44,370 




2022-07-26 16:25:44,370 




2022-07-26 16:25:44,370 Printing Basic input parapmeter............
2022-07-26 16:25:44,370 span=1200 rise=180
2022-07-26 16:25:44,370 wc=505 ws=3300.847750865051 g=6.536332179930794
2022-07-26 16:25:44,370 N=0.17
2022-07-26 16:25:44,370 Is=28663.25323129785 Ic=6399
2022-07-26 16:25:44,370 cos_phi_s=0.7441583768554731 m=0.3
2022-07-26 16:25:44,370 




2022-07-26 16:25:44,370 Calcualting y0............
2022-07-26 16:25:44,370 x=[  0.  60. 120. 180. 240. 300. 360. 420. 480. 540. 600.]
2022-07-26 16:25:44,370 k=2.772588722239781
2022-07-26 16:25:44,370 z=[0.0, 0.1, 0.2, 0.3, 0.4, 0.5, 0.6, 0.7, 0.8, 0.9, 1.0]
2022-07-26 16:25:44,370 kz=[0.0, 0.2772588722239781, 0.5545177444479562, 0.8317766166719344, 1.1090354888959124, 1.3862943611198906, 1.6635532333438687, 1.9408121055678467, 2.218070977791825, 2.495329850015803, 2.772588722239781]
2022-07-26 16:25:44,370 y0=[0.0, 0.990287283559593, 4.037763892361801, 9.378201493019294, 17.424769417139455, 28.8, 44.38395153798882, 65.38229504951835, 93.41959245297016, 130.66498273928306, 180.0]
2022-07-26 16:25:44,370 y=[33.57540746310816, 32.58512017954856, 29.537643570746354, 24.197205970088863, 16.1506380459687, 4.775407463108156, -10.808544074880665, -31.80688758641019, -59.84418498986201, -97.08957527617491, -146.42459253689185]
2022-07-26 16:25:44,370 tanphi=[0.0, 0.033220766359589024, 0.06901169697511596, 0.11014179992902771, 0.15979315474685205, 0.2218070977791825, 0.3009814117751054, 0.4034415120732705, 0.5371143466734838, 0.7123416740337102, 0.9426801655615255]
2022-07-26 16:25:44,370 




2022-07-26 16:25:44,370 printing arch Axis parameters...........
2022-07-26 16:25:44,370         x    z        zk  cosh(zk)  sinh(zk)          y0           y   tan_phi
0     0.0  0.0  0.000000  1.000000  0.000000    0.000000   33.575407  0.000000
1    60.0  0.1  0.277259  1.038683  0.280825    0.990287   32.585120  0.033221
2   120.0  0.2  0.554518  1.157725  0.583376    4.037764   29.537644  0.069012
3   180.0  0.3  0.831777  1.366336  0.931061    9.378201   24.197206  0.110142
4   240.0  0.4  1.109035  1.680655  1.350778   17.424769   16.150638  0.159793
5   300.0  0.5  1.386294  2.125000  1.875000   28.800000    4.775407  0.221807
6   360.0  0.6  1.663553  2.733748  2.544284   44.383952  -10.808544  0.300981
7   420.0  0.7  1.940812  3.553996  3.410409   65.382295  -31.806888  0.403442
8   480.0  0.8  2.218071  4.649203  4.540384   93.419592  -59.844185  0.537114
9   540.0  0.9  2.495330  6.104101  6.021632  130.664983  -97.089575  0.712342
10  600.0  1.0  2.772589  8.031250  7.968750  180.000000 -146.424593  0.942680
2022-07-26 16:25:44,370 




2022-07-26 16:25:44,370 printing reactions due to dead load..............
2022-07-26 16:25:44,370 Dead load Reaction vd=870858.0651116074
2022-07-26 16:25:44,370 Dead load Horizontal Thrust Hd=923810.7440107899
2022-07-26 16:25:44,370 




2022-07-26 16:25:44,370 Setting Arch Rib thickness................
2022-07-26 16:25:44,370 dc=18 ds=27
2022-07-26 16:25:44,370 tan_phi_s=0.9426801655615255 cos_phi_s=0.7276536807782199
2022-07-26 16:25:44,370 m=0.3
2022-07-26 16:25:44,370 




2022-07-26 16:25:44,370 printing arch thickness parameters...........
2022-07-26 16:25:44,370       z        zk  sinh(zk)   tan_phi  1+tanphi_2  sixth_root_1_plus_tan_phi  \
0   0.0  0.000000  0.000000  0.000000    1.000000                   1.000000   
1   0.1  0.277259  0.280825  0.033221    1.001104                   1.000184   
2   0.2  0.554518  0.583376  0.069012    1.004763                   1.000792   
3   0.3  0.831777  0.931061  0.110142    1.012131                   1.002012   
4   0.4  1.109035  1.350778  0.159793    1.025534                   1.004211   
5   0.5  1.386294  1.875000  0.221807    1.049198                   1.008037   
6   0.6  1.663553  2.544284  0.300981    1.090590                   1.014558   
7   0.7  1.940812  3.410409  0.403442    1.162765                   1.025452   
8   0.8  2.218071  4.540384  0.537114    1.288492                   1.043150   
9   0.9  2.495330  6.021632  0.712342    1.507431                   1.070795   
10  1.0  2.772589  7.968750  0.942680    1.888646                   1.111796   

    one_minus_m_z    c_list        d_x  
0            0.00  1.000000  18.000000  
1            0.07  1.024485  18.444124  
2            0.14  1.051559  18.943066  
3            0.21  1.081744  19.510554  
4            0.28  1.115722  20.167559  
5            0.35  1.154416  20.946477  
6            0.42  1.199105  21.898116  
7            0.49  1.251632  23.102791  
8            0.56  1.314768  24.687014  
9            0.63  1.392941  26.847972  
10           0.70  1.493802  29.894446  
2022-07-26 16:25:44,386 




2022-07-26 16:25:44,386 Calculating Intregationg of dw fro L to R..
2022-07-26 16:25:44,386 l=1200 E=2000000 Ic=6399 m=0.3
2022-07-26 16:25:44,386 integration value=6.094702297233942e-08
2022-07-26 16:25:44,386 




2022-07-26 16:25:44,386 Calcualting Delta_sub_HL...............
2022-07-26 16:25:44,386 l=1200 r=180 Ic=6399 E=2000000 T1=0.0030379746835443038
2022-07-26 16:25:44,386 g=8.03125 k=2.772588722239781 m=0.3 yc=33.57540746310816
2022-07-26 16:25:44,386 T2=0.4288888888888889 T3=0.18653004146171198
2022-07-26 16:25:44,386 T4=0.40876359491853964 T5=0.01011358024691358 T6=0.7 T7=0.00505679012345679
2022-07-26 16:25:44,386 T8=0.13008556131285048 T9=0.17888888888888888
2022-07-26 16:25:44,386 T_com_1=0.0990674737346467
2022-07-26 16:25:44,386 T_com_2=-0.0009940036215128254
2022-07-26 16:25:44,386 delta_sub_HL=0.00010814663315188519
2022-07-26 16:25:44,386 




2022-07-26 16:25:44,386 




2022-07-26 16:25:44,386 Printing Basic input parapmeter............
2022-07-26 16:25:44,386 span=1200 rise=180
2022-07-26 16:25:44,386 wc=505 ws=4055.78125 g=8.03125
2022-07-26 16:25:44,386 N=0.16
2022-07-26 16:25:44,386 Is=29313.395319031075 Ic=6399
2022-07-26 16:25:44,386 cos_phi_s=0.7276536807782199 m=0.3
2022-07-26 16:25:44,386 




2022-07-26 16:25:44,386 Calcualting y0............
2022-07-26 16:25:44,386 x=[  0.  60. 120. 180. 240. 300. 360. 420. 480. 540. 600.]
2022-07-26 16:25:44,386 k=2.9819926179896172
2022-07-26 16:25:44,386 z=[0.0, 0.1, 0.2, 0.3, 0.4, 0.5, 0.6, 0.7, 0.8, 0.9, 1.0]
2022-07-26 16:25:44,386 kz=[0.0, 0.2981992617989617, 0.5963985235979234, 0.8945977853968852, 1.192797047195847, 1.4909963089948086, 1.7891955707937703, 2.087394832592732, 2.385594094391694, 2.6837933561906557, 2.9819926179896172]
2022-07-26 16:25:44,386 y0=[0.0, 0.9070349087411593, 3.709395173302912, 8.658126580038509, 16.196554772394162, 27.000000000000007, 42.03627480173125, 62.652384228708414, 90.69519553354348, 128.67688736243167, 180.00000000000006]
2022-07-26 16:25:44,386 y=[32.38422899393941, 31.47719408519825, 28.674833820636497, 23.7261024139009, 16.187674221545247, 5.384228993939402, -9.652045807791843, -30.268155234769004, -58.310966539604074, -96.29265836849225, -147.61577100606064]
2022-07-26 16:25:44,386 tanphi=[0.0, 0.030458210291335868, 0.06364497959422936, 0.10253330131767441, 0.1506069350019695, 0.21217249436975072, 0.29274524969487026, 0.39954320609074473, 0.54213371907671, 0.7332905736338605, 0.9901383070588369]
2022-07-26 16:25:44,386 




2022-07-26 16:25:44,386 printing arch Axis parameters...........
2022-07-26 16:25:44,386         x    z        zk  cosh(zk)  sinh(zk)          y0           y   tan_phi
0     0.0  0.0  0.000000  1.000000  0.000000    0.000000   32.384229  0.000000
1    60.0  0.1  0.298199  1.044792  0.302638    0.907035   31.477194  0.030458
2   120.0  0.2  0.596399  1.183180  0.632388    3.709395   28.674834  0.063645
3   180.0  0.3  0.894598  1.427562  1.018790    8.658127   23.726102  0.102533
4   240.0  0.4  1.192797  1.799830  1.496458   16.196555   16.187674  0.150607
5   300.0  0.5  1.490996  2.333333  2.108185   27.000000    5.384229  0.212172
6   360.0  0.6  1.789196  3.075865  2.908771   42.036275   -9.652046  0.292745
7   420.0  0.7  2.087395  4.093945  3.969935   62.652384  -30.268155  0.399543
8   480.0  0.8  2.385594  5.478775  5.386741   90.695196  -58.310967  0.542134
9   540.0  0.9  2.683793  7.354414  7.286111  128.676887  -96.292658  0.733291
10  600.0  1.0  2.981993  9.888889  9.838197  180.000000 -147.615771  0.990138
2022-07-26 16:25:44,386 




2022-07-26 16:25:44,386 printing reactions due to dead load..............
2022-07-26 16:25:44,386 Dead load Reaction vd=999658.3234317626
2022-07-26 16:25:44,386 Dead load Horizontal Thrust Hd=1009614.8349226125
2022-07-26 16:25:44,386 




2022-07-26 16:25:44,386 Setting Arch Rib thickness................
2022-07-26 16:25:44,386 dc=18 ds=27
2022-07-26 16:25:44,386 tan_phi_s=0.9901383070588369 cos_phi_s=0.7106019691244272
2022-07-26 16:25:44,386 m=0.29999999999999993
2022-07-26 16:25:44,386 




2022-07-26 16:25:44,386 printing arch thickness parameters...........
2022-07-26 16:25:44,386       z        zk  sinh(zk)   tan_phi  1+tanphi_2  sixth_root_1_plus_tan_phi  \
0   0.0  0.000000  0.000000  0.000000    1.000000                   1.000000   
1   0.1  0.298199  0.302638  0.030458    1.000928                   1.000155   
2   0.2  0.596399  0.632388  0.063645    1.004051                   1.000674   
3   0.3  0.894598  1.018790  0.102533    1.010513                   1.001745   
4   0.4  1.192797  1.496458  0.150607    1.022682                   1.003745   
5   0.5  1.490996  2.108185  0.212172    1.045017                   1.007366   
6   0.6  1.789196  2.908771  0.292745    1.085700                   1.013798   
7   0.7  2.087395  3.969935  0.399543    1.159635                   1.024991   
8   0.8  2.385594  5.386741  0.542134    1.293909                   1.043880   
9   0.9  2.683793  7.286111  0.733291    1.537715                   1.074350   
10  1.0  2.981993  9.838197  0.990138    1.980374                   1.120619   

    one_minus_m_z    c_list        d_x  
0            0.00  1.000000  18.000000  
1            0.07  1.024485  18.443584  
2            0.14  1.051559  18.940828  
3            0.21  1.081744  19.505352  
4            0.28  1.115722  20.158203  
5            0.35  1.154416  20.932541  
6            0.42  1.199105  21.881720  
7            0.49  1.251632  23.092413  
8            0.56  1.314768  24.704282  
9            0.63  1.392941  26.937125  
10           0.70  1.493802  30.131676  
2022-07-26 16:25:44,401 




2022-07-26 16:25:44,401 Calculating Intregationg of dw fro L to R..
2022-07-26 16:25:44,401 l=1200 E=2000000 Ic=6399 m=0.29999999999999993
2022-07-26 16:25:44,401 integration value=6.094702297233942e-08
2022-07-26 16:25:44,401 




2022-07-26 16:25:44,401 Calcualting Delta_sub_HL...............
2022-07-26 16:25:44,401 l=1200 r=180 Ic=6399 E=2000000 T1=0.0030379746835443038
2022-07-26 16:25:44,401 g=9.888888888888891 k=2.9819926179896172 m=0.29999999999999993 yc=32.38422899393941
2022-07-26 16:25:44,401 T2=0.44375000000000003 T3=0.1799123832996634
2022-07-26 16:25:44,401 T4=0.37116026860090184 T5=0.006328124999999997 T6=0.7000000000000001 T7=0.0031640624999999985
2022-07-26 16:25:44,401 T8=0.1124570979493009 T9=0.19375
2022-07-26 16:25:44,401 T_com_1=0.09792604068151875
2022-07-26 16:25:44,401 T_com_2=0.001556138216654637
2022-07-26 16:25:44,401 delta_sub_HL=0.0001050543499932573
2022-07-26 16:25:44,401 




2022-07-26 16:25:44,401 




2022-07-26 16:25:44,401 Printing Basic input parapmeter............
2022-07-26 16:25:44,401 span=1200 rise=180
2022-07-26 16:25:44,401 wc=505 ws=4993.88888888889 g=9.888888888888891
2022-07-26 16:25:44,401 N=0.15
2022-07-26 16:25:44,401 Is=30016.803958877143 Ic=6399
2022-07-26 16:25:44,401 cos_phi_s=0.7106019691244272 m=0.29999999999999993
2022-07-26 16:25:44,401 




2022-07-26 16:25:44,401 Printing Variation of delta_sub_HL
2022-07-26 16:25:44,401       N         g    m  delta_sub_HL         C   yc_by_r
0  0.24  1.347222  0.3      0.000133  0.043732  0.237419
1  0.23  1.756144  0.3      0.000130  0.042706  0.231214
2  0.22  2.239669  0.3      0.000127  0.041683  0.224972
3  0.21  2.814059  0.3      0.000124  0.040665  0.218689
4  0.20  3.500000  0.3      0.000120  0.039650  0.212362
5  0.19  4.324100  0.3      0.000117  0.038637  0.205988
6  0.18  5.320988  0.3      0.000114  0.037625  0.199561
7  0.17  6.536332  0.3      0.000111  0.036613  0.193077
8  0.16  8.031250  0.3      0.000108  0.035598  0.186530
9  0.15  9.888889  0.3      0.000105  0.034580  0.179912
2022-07-26 16:25:44,771 




2022-07-26 16:25:44,771 Testing delta_sub_Ha Calcualtion
2022-07-26 16:25:44,771 {'l': 1200, 'r': 180, 'E': 2000000, 'Ic': 6399, 'k': 2.22811667349684, 'g': 4.695049504950495, 'yc': 37.85349047668578, 'TC1': 0.005063291139240506, 'TC2': 0.48092953801802923, 'TC3': 0.20142999542043935, 'TC4': 0.6614264947532416, 'TC5': 0.1090269535769795, 'TC6': 2.058832209022476, 'z': 0.9, 'y0': 135.4969837862674, 'TV1': 0.18999999999999995, 'TV2': 0.2709999999999999, 'TV3': 0.7527610210348189, 'TV4': 0.677484918931337, 'TS': 3.646870008380193, 'T1': 0.04568830611171276, 'T2': 0.04980134640071053, 'T3': 0.02172198413381431, 'T4': 0.06496421130268341, 'T5': -0.0351156399452986, 'Tbr2': 0.0012620998125949488, 'del_sub_Ha': 6.390378797949108e-06}
