07/21/2023 05:24:36	Reading UID database.
07/21/2023 05:24:36	Start loading STAAD model.
07/21/2023 05:24:36	Reading model file.
07/21/2023 05:24:36	Reading model file is complete.
07/21/2023 05:24:36	Processing support.
07/21/2023 05:24:36	Processing springs.
07/21/2023 05:24:36	Processing properties.
07/21/2023 05:24:36	Processing physical properties.
07/21/2023 05:24:36	Processing constants.
07/21/2023 05:24:36	Processing surface constants.
07/21/2023 05:24:36	Processing BETA constants.
07/21/2023 05:24:36	Processing hidden analytical member loads.
07/21/2023 05:24:36	Processing command list for member release.
07/21/2023 05:24:36	Processing command list for member offset.
07/21/2023 05:24:36	Processing command list for member specs (cracked).
07/21/2023 05:24:36	Processing command list for member specs (axial).
07/21/2023 05:24:36	Processing command list for element release.
07/21/2023 05:24:36	Processing command list for element offset.
07/21/2023 05:24:36	Processing command list for element plate stress directive.
07/21/2023 05:24:36	End Processing command list.
07/21/2023 05:24:36	End loading STAAD model.
