2023-08-21 13:28:10,660 - __main__ - 10 - DEBUG - This is a warning message
2023-08-21 13:28:10,705 - __main__ - 90 - DEBUG - 




2023-08-21 13:28:10,705 - __main__ - 91 - DEBUG - displaying straight_drop spillway info
2023-08-21 13:28:10,705 - __main__ - 92 - DEBUG - Invert_Level=3.936ft
2023-08-21 13:28:10,705 - __main__ - 93 - DEBUG - HHWS=11.5ft
2023-08-21 13:28:10,705 - __main__ - 94 - DEBUG - H=7.564ft
2023-08-21 13:28:10,705 - __main__ - 95 - DEBUG - dc=5.042666666666666ft
2023-08-21 13:28:10,705 - __main__ - 96 - DEBUG - d2=10.841733333333332ft
2023-08-21 13:28:10,705 - __main__ - 97 - DEBUG - Appon top at=-8.873733333333332 feet PWD
2023-08-21 13:28:10,705 - __main__ - 98 - DEBUG - y=-12.809733333333332ft
2023-08-21 13:28:10,705 - __main__ - 99 - DEBUG - y/dc=-2.540269698572184
2023-08-21 13:28:10,705 - __main__ - 49 - DEBUG - 




2023-08-21 13:28:10,705 - __main__ - 50 - DEBUG - Initating basin design for TWL=1.968ft.......
2023-08-21 13:28:10,705 - __main__ - 57 - DEBUG - y/dc=-2.540269698572184 xF/dc=3.380373317296856
2023-08-21 13:28:10,705 - __main__ - 73 - DEBUG - yt=-1.968ft
2023-08-21 13:28:10,705 - __main__ - 74 - DEBUG - yt/dc=-0.390269698572184ft
2023-08-21 13:28:10,705 - __main__ - 75 - DEBUG - xt/dc=1.8091123894596408
2023-08-21 13:28:10,705 - __main__ - 77 - DEBUG - xF/dc=3.380373317296856
2023-08-21 13:28:10,705 - __main__ - 79 - DEBUG - T1=3.9774880799669567 T2=1.0099552495935962 T1/T2=3.938281504618635
2023-08-21 13:28:10,705 - __main__ - 80 - DEBUG - xT/dc=3.938281504618635
2023-08-21 13:28:10,705 - __main__ - 82 - DEBUG - xa/dc=3.6593274109577454
2023-08-21 13:28:10,705 - __main__ - 83 - DEBUG - xa=18.452768357656257ft
2023-08-21 13:28:10,705 - __main__ - 84 - DEBUG - Distance_to_floor_block=22.991168357656257ft
2023-08-21 13:28:10,705 - __main__ - 85 - DEBUG - xa=18.452768357656257 xb=4.5384 xc=8.824666666666666 L_B=31.815835024322922 
2023-08-21 13:28:10,705 - __main__ - 13 - DEBUG - Width of Floor Block=2.0170666666666666ft
2023-08-21 13:28:10,705 - __main__ - 14 - DEBUG - Spacings of floor block=2.0170666666666666ft
2023-08-21 13:28:10,705 - __main__ - 15 - DEBUG - Height of floor block=4.034133333333333ft
2023-08-21 13:28:10,720 - __main__ - 25 - DEBUG - Minimum Level of Side Wall=6.002133333333333ft
2023-08-21 13:28:10,720 - __main__ - 8 - DEBUG - Designing for Maximum Tailwater Level
2023-08-21 13:28:10,720 - __main__ - 49 - DEBUG - 




2023-08-21 13:28:10,720 - __main__ - 50 - DEBUG - Initating basin design for TWL=5.904ft.......
2023-08-21 13:28:10,720 - __main__ - 57 - DEBUG - y/dc=-2.540269698572184 xF/dc=3.380373317296856
2023-08-21 13:28:10,720 - __main__ - 73 - DEBUG - yt=1.968ft
2023-08-21 13:28:10,720 - __main__ - 74 - DEBUG - yt/dc=0.390269698572184ft
2023-08-21 13:28:10,720 - __main__ - 75 - DEBUG - xt/dc=0.8118986419494852
2023-08-21 13:28:10,720 - __main__ - 77 - DEBUG - xF/dc=3.380373317296856
2023-08-21 13:28:10,720 - __main__ - 79 - DEBUG - T1=3.3815626028664516 T2=0.5552257807289653 T1/T2=6.09042793082616
2023-08-21 13:28:10,720 - __main__ - 80 - DEBUG - xT/dc=6.09042793082616
2023-08-21 13:28:10,720 - __main__ - 82 - DEBUG - xa/dc=4.7354006240615085
2023-08-21 13:28:10,720 - __main__ - 83 - DEBUG - xa=23.8790468802675ft
2023-08-21 13:28:10,720 - __main__ - 84 - DEBUG - Distance_to_floor_block=28.417446880267498ft
2023-08-21 13:28:10,720 - __main__ - 85 - DEBUG - xa=23.8790468802675 xb=4.5384 xc=8.824666666666666 L_B=37.24211354693416 
2023-08-21 13:28:10,720 - __main__ - 13 - DEBUG - Width of Floor Block=2.0170666666666666ft
2023-08-21 13:28:10,720 - __main__ - 14 - DEBUG - Spacings of floor block=2.0170666666666666ft
2023-08-21 13:28:10,720 - __main__ - 15 - DEBUG - Height of floor block=4.034133333333333ft
2023-08-21 13:28:10,720 - __main__ - 25 - DEBUG - Minimum Level of Side Wall=9.938133333333333ft
2023-08-21 13:28:10,736 - __main__ - 1 - DEBUG - sucessfully completed calcualtions...............................
