2023-08-29 11:46:29,998 - __main__ - 10 - DEBUG - This is a warning message
2023-08-29 11:46:30,046 - __main__ - 90 - DEBUG - 




2023-08-29 11:46:30,047 - __main__ - 91 - DEBUG - displaying straight_drop spillway info
2023-08-29 11:46:30,047 - __main__ - 92 - DEBUG - Invert_Level=0.656ft
2023-08-29 11:46:30,048 - __main__ - 93 - DEBUG - HHWS=11.5ft
2023-08-29 11:46:30,048 - __main__ - 94 - DEBUG - H=10.844ft
2023-08-29 11:46:30,049 - __main__ - 95 - DEBUG - dc=7.229333333333333ft
2023-08-29 11:46:30,050 - __main__ - 96 - DEBUG - d2=15.543066666666665ft
2023-08-29 11:46:30,050 - __main__ - 97 - DEBUG - Appon top at=-13.575066666666665 feet PWD
2023-08-29 11:46:30,051 - __main__ - 98 - DEBUG - y=-14.231066666666665ft
2023-08-29 11:46:30,052 - __main__ - 99 - DEBUG - y/dc=-1.968517152342309
2023-08-29 11:46:30,053 - __main__ - 49 - DEBUG - 




2023-08-29 11:46:30,053 - __main__ - 50 - DEBUG - Initating basin design for TWL=1.968ft.......
2023-08-29 11:46:30,054 - __main__ - 57 - DEBUG - y/dc=-1.968517152342309 xF/dc=3.0333191521249327
2023-08-29 11:46:30,054 - __main__ - 73 - DEBUG - yt=1.3119999999999998ft
2023-08-29 11:46:30,055 - __main__ - 74 - DEBUG - yt/dc=0.18148284765769088ft
2023-08-29 11:46:30,055 - __main__ - 75 - DEBUG - xt/dc=1.1428757955928446
2023-08-29 11:46:30,056 - __main__ - 77 - DEBUG - xF/dc=3.0333191521249327
2023-08-29 11:46:30,057 - __main__ - 79 - DEBUG - T1=2.95732279152896 T2=0.7061513627903371 T1/T2=4.187944607007743
2023-08-29 11:46:30,057 - __main__ - 80 - DEBUG - xT/dc=4.187944607007743
2023-08-29 11:46:30,058 - __main__ - 82 - DEBUG - xa/dc=3.6106318795663377
2023-08-29 11:46:30,059 - __main__ - 83 - DEBUG - xa=26.102461401344907ft
2023-08-29 11:46:30,059 - __main__ - 84 - DEBUG - Distance_to_floor_block=32.60886140134491ft
2023-08-29 11:46:30,060 - __main__ - 85 - DEBUG - xa=26.102461401344907 xb=6.5064 xc=12.651333333333334 L_B=45.260194734678244 
2023-08-29 11:46:30,060 - __main__ - 13 - DEBUG - Width of Floor Block=2.8917333333333333ft
2023-08-29 11:46:30,061 - __main__ - 14 - DEBUG - Spacings of floor block=2.8917333333333333ft
2023-08-29 11:46:30,061 - __main__ - 15 - DEBUG - Height of floor block=5.7834666666666665ft
2023-08-29 11:46:30,062 - __main__ - 25 - DEBUG - Minimum Level of Side Wall=7.7514666666666665ft
2023-08-29 11:46:30,062 - __main__ - 8 - DEBUG - Designing for Maximum Tailwater Level
2023-08-29 11:46:30,063 - __main__ - 49 - DEBUG - 




2023-08-29 11:46:30,063 - __main__ - 50 - DEBUG - Initating basin design for TWL=5.904ft.......
2023-08-29 11:46:30,064 - __main__ - 57 - DEBUG - y/dc=-1.968517152342309 xF/dc=3.0333191521249327
2023-08-29 11:46:30,064 - __main__ - 73 - DEBUG - yt=5.248ft
2023-08-29 11:46:30,065 - __main__ - 74 - DEBUG - yt/dc=0.7259313906307636ft
2023-08-29 11:46:30,065 - __main__ - 75 - DEBUG - xt/dc=-0.30081007323193665
2023-08-29 11:46:30,066 - __main__ - 77 - DEBUG - xF/dc=3.0333191521249327
2023-08-29 11:46:30,066 - __main__ - 79 - DEBUG - T1=2.680148119978288 T2=0.04783060660623689 T1/T2=56.03416536282877
2023-08-29 11:46:30,066 - __main__ - 80 - DEBUG - xT/dc=56.03416536282877
2023-08-29 11:46:30,067 - __main__ - 82 - DEBUG - xa/dc=29.533742257476852
2023-08-29 11:46:30,067 - __main__ - 83 - DEBUG - xa=213.50926736005266ft
2023-08-29 11:46:30,068 - __main__ - 84 - DEBUG - Distance_to_floor_block=220.01566736005267ft
2023-08-29 11:46:30,068 - __main__ - 85 - DEBUG - xa=213.50926736005266 xb=6.5064 xc=12.651333333333334 L_B=232.667000693386 
2023-08-29 11:46:30,068 - __main__ - 13 - DEBUG - Width of Floor Block=2.8917333333333333ft
2023-08-29 11:46:30,069 - __main__ - 14 - DEBUG - Spacings of floor block=2.8917333333333333ft
2023-08-29 11:46:30,069 - __main__ - 15 - DEBUG - Height of floor block=5.7834666666666665ft
2023-08-29 11:46:30,070 - __main__ - 25 - DEBUG - Minimum Level of Side Wall=11.687466666666666ft
2023-08-29 11:46:30,083 - __main__ - 1 - DEBUG - sucessfully completed calcualtions...............................
