2022-07-27 05:58:27,090 Calcualting y0............
2022-07-27 05:58:27,090 x=[  0.    78.72 157.44 236.16 314.88 393.6  472.32 551.04 629.76 708.48
 787.2 ]
2022-07-27 05:58:27,090 k=2.2924316695611777
2022-07-27 05:58:27,090 z=[0.0, 0.09999999999999999, 0.19999999999999998, 0.3, 0.39999999999999997, 0.5, 0.6, 0.7, 0.7999999999999999, 0.9, 1.0]
2022-07-27 05:58:27,090 kz=[0.0, 0.22924316695611777, 0.45848633391223553, 0.6877295008683533, 0.9169726678244711, 1.1462158347805889, 1.3754590017367065, 1.6047021686928242, 1.8339453356489421, 2.06318850260506, 2.2924316695611777]
2022-07-27 05:58:27,090 y0=[0.0, 1.558153558418946, 6.314858221196558, 14.52118703361249, 26.61029448213766, 43.22027967886651, 65.22786713394706, 93.79468288753345, 130.42856859339088, 177.06316989417843, 236.16]
2022-07-27 05:58:27,090 y=[47.527596074498206, 45.96944251607926, 41.21273785330165, 33.006409040885714, 20.917301592360545, 4.307316395631695, -17.700271059448852, -46.26708681303525, -82.90097251889267, -129.53557381968022, -188.6324039255018]
2022-07-27 05:58:27,090 tanphi=[0.0, 0.03976045017173699, 0.08161957537462002, 0.1277868249611957, 0.18069904392556088, 0.24314909684302613, 0.3184332835840792, 0.41052532784327456, 0.5242861221160237, 0.6657203000881206, 0.8422931790932131]
2022-07-27 05:58:27,090 




2022-07-27 05:58:27,090 printing arch Axis parameters...........
2022-07-27 05:58:27,090          x    z        zk  cosh(zk)  sinh(zk)          y0           y  \
0     0.00  0.0  0.000000  1.000000  0.000000    0.000000   47.527596   
1    78.72  0.1  0.229243  1.026391  0.231256    1.558154   45.969443   
2   157.44  0.2  0.458486  1.106959  0.474719    6.314858   41.212738   
3   236.16  0.3  0.687730  1.245955  0.743239   14.521187   33.006409   
4   314.88  0.4  0.916973  1.450716  1.050989   26.610294   20.917302   
5   393.60  0.5  1.146216  1.732051  1.414214   43.220280    4.307316   
6   472.32  0.6  1.375459  2.104808  1.852084   65.227867  -17.700271   
7   551.04  0.7  1.604702  2.588663  2.387714   93.794683  -46.267087   
8   629.76  0.8  1.833945  3.209156  3.049374  130.428569  -82.900973   
9   708.48  0.9  2.063189  3.999037  3.871989  177.063170 -129.535574   
10  787.20  1.0  2.292432  5.000000  4.898979  236.160000 -188.632404   

     tan_phi  
0   0.000000  
1   0.039760  
2   0.081620  
3   0.127787  
4   0.180699  
5   0.243149  
6   0.318433  
7   0.410525  
8   0.524286  
9   0.665720  
10  0.842293  
2022-07-27 05:58:27,100 




2022-07-27 05:58:27,100 printing reactions due to dead load..............
2022-07-27 05:58:27,100 Dead load Reaction vd=4129959.5988002573
2022-07-27 05:58:27,100 Dead load Horizontal Thrust Hd=4903232.866311996
2022-07-27 05:58:27,100 




2022-07-27 05:58:27,100 Setting Arch Rib thickness................
2022-07-27 05:58:27,100 dc=21.64 ds=35.42
2022-07-27 05:58:27,100 tan_phi_s=0.8422931790932131 cos_phi_s=0.7648403788895295
2022-07-27 05:58:27,100 m=0.2986188060058253
2022-07-27 05:58:27,100 




2022-07-27 05:58:27,100 printing arch thickness parameters...........
2022-07-27 05:58:27,100       z        zk  sinh(zk)   tan_phi  1+tanphi_2  sixth_root_1_plus_tan_phi  \
0   0.0  0.000000  0.000000  0.000000    1.000000                   1.000000   
1   0.1  0.229243  0.231256  0.039760    1.001581                   1.000263   
2   0.2  0.458486  0.474719  0.081620    1.006662                   1.001107   
3   0.3  0.687730  0.743239  0.127787    1.016329                   1.002703   
4   0.4  0.916973  1.050989  0.180699    1.032652                   1.005369   
5   0.5  1.146216  1.414214  0.243149    1.059121                   1.009619   
6   0.6  1.375459  1.852084  0.318433    1.101400                   1.016227   
7   0.7  1.604702  2.387714  0.410525    1.168531                   1.026298   
8   0.8  1.833945  3.049374  0.524286    1.274876                   1.041305   
9   0.9  2.063189  3.871989  0.665720    1.443184                   1.063050   
10  1.0  2.292432  4.898979  0.842293    1.709458                   1.093477   

    one_minus_m_z    c_list        d_x  
0        0.000000  1.000000  21.640000  
1        0.070138  1.024536  22.176795  
2        0.140276  1.051672  22.783383  
3        0.210414  1.081933  23.476315  
4        0.280552  1.116007  24.280068  
5        0.350691  1.154825  25.230798  
6        0.420829  1.199677  26.382285  
7        0.490967  1.252424  27.815184  
8        0.561105  1.315870  29.651615  
9        0.631243  1.394505  32.079736  
10       0.701381  1.496101  35.402011  
2022-07-27 05:58:27,110 




2022-07-27 05:58:27,110 Calculating Intregationg of dw fro L to R..
2022-07-27 05:58:27,110 l=1574.4 E=2000000.0 Ic=33288.69 m=0.2986188060058253
2022-07-27 05:58:27,110 integration value=1.5354655351228683e-08
2022-07-27 05:58:27,110 




2022-07-27 05:58:27,110 Calcualting Delta_sub_HL...............
2022-07-27 05:58:27,110 l=1574.4 r=236.16 Ic=33288.69 E=2000000.0 T1=0.0013188671797033766
2022-07-27 05:58:27,110 g=5.0 k=2.2924316695611777 m=0.2986188060058253 yc=47.527596074498206
2022-07-27 05:58:27,110 T2=0.375 T3=0.20125167714472478
2022-07-27 05:58:27,110 T4=0.534255780730002 T5=0.03125 T6=0.7013811939941748 T7=0.015625
2022-07-27 05:58:27,110 T8=0.190286159495616 T9=0.125
2022-07-27 05:58:27,110 T_com_1=0.09282604587757352
2022-07-27 05:58:27,110 T_com_2=-0.014509638798969316
2022-07-27 05:58:27,110 delta_sub_HL=4.9897670117311264e-05
2022-07-27 05:58:27,110 




2022-07-27 05:58:27,110 




2022-07-27 05:58:27,110 Printing Basic input parapmeter............
2022-07-27 05:58:27,110 span=1574.4 rise=236.16
2022-07-27 05:58:27,110 wc=2455.0 ws=12275.0 g=5.0
2022-07-27 05:58:27,110 N=0.183
2022-07-27 05:58:27,110 Is=145750.06 Ic=33288.69
2022-07-27 05:58:27,110 cos_phi_s=0.7648403788895295 m=0.2986188060058253
2022-07-27 05:58:27,110 




2022-07-27 05:58:27,110 Calculating Intregationg of dw del_Ma at left side
2022-07-27 05:58:27,110 l=1574.4 E=2000000.0 Ic=33288.69 m=0.2986188060058253 z=1.0
2022-07-27 05:58:27,110 del_Ma=1.2087184692487224e-05
2022-07-27 05:58:27,110 




2022-07-27 05:58:27,110 Calculating Intregationg of dw del_Ma at left side
2022-07-27 05:58:27,110 l=1574.4 E=2000000.0 Ic=33288.69 m=0.2986188060058253 z=0.9542682926829268
2022-07-27 05:58:27,110 del_Ma=1.1537427630806205e-05
2022-07-27 05:58:27,110 




2022-07-27 05:58:27,110 Calculating Intregationg of dw del_Ma at left side
2022-07-27 05:58:27,110 l=1574.4 E=2000000.0 Ic=33288.69 m=0.2986188060058253 z=0.9085365853658537
2022-07-27 05:58:27,110 del_Ma=1.099410788519968e-05
2022-07-27 05:58:27,110 




2022-07-27 05:58:27,110 Calculating Intregationg of dw del_Ma at left side
2022-07-27 05:58:27,110 l=1574.4 E=2000000.0 Ic=33288.69 m=0.2986188060058253 z=0.8628048780487805
2022-07-27 05:58:27,110 del_Ma=1.0457849836889734e-05
2022-07-27 05:58:27,110 




2022-07-27 05:58:27,110 Calculating Intregationg of dw del_Ma at left side
2022-07-27 05:58:27,120 l=1574.4 E=2000000.0 Ic=33288.69 m=0.2986188060058253 z=0.8170731707317074
2022-07-27 05:58:27,120 del_Ma=9.929277867098459e-06
2022-07-27 05:58:27,120 




2022-07-27 05:58:27,120 Calculating Intregationg of dw del_Ma at left side
2022-07-27 05:58:27,120 l=1574.4 E=2000000.0 Ic=33288.69 m=0.2986188060058253 z=0.7713414634146342
2022-07-27 05:58:27,120 del_Ma=9.409016357047946e-06
2022-07-27 05:58:27,120 




2022-07-27 05:58:27,120 Calculating Intregationg of dw del_Ma at left side
2022-07-27 05:58:27,120 l=1574.4 E=2000000.0 Ic=33288.69 m=0.2986188060058253 z=0.725609756097561
2022-07-27 05:58:27,120 del_Ma=8.897689687960285e-06
2022-07-27 05:58:27,120 




2022-07-27 05:58:27,120 Calculating Intregationg of dw del_Ma at left side
2022-07-27 05:58:27,120 l=1574.4 E=2000000.0 Ic=33288.69 m=0.2986188060058253 z=0.6798780487804879
2022-07-27 05:58:27,120 del_Ma=8.395922241057563e-06
2022-07-27 05:58:27,120 




2022-07-27 05:58:27,120 Calculating Intregationg of dw del_Ma at left side
2022-07-27 05:58:27,120 l=1574.4 E=2000000.0 Ic=33288.69 m=0.2986188060058253 z=0.6341463414634146
2022-07-27 05:58:27,120 del_Ma=7.904338397561872e-06
2022-07-27 05:58:27,120 




2022-07-27 05:58:27,120 Calculating Intregationg of dw del_Ma at left side
2022-07-27 05:58:27,120 l=1574.4 E=2000000.0 Ic=33288.69 m=0.2986188060058253 z=0.5884146341463415
2022-07-27 05:58:27,120 del_Ma=7.4235625386953e-06
2022-07-27 05:58:27,120 




2022-07-27 05:58:27,120 Calculating Intregationg of dw del_Ma at left side
2022-07-27 05:58:27,120 l=1574.4 E=2000000.0 Ic=33288.69 m=0.2986188060058253 z=0.5426829268292683
2022-07-27 05:58:27,120 del_Ma=6.954219045679942e-06
2022-07-27 05:58:27,120 




2022-07-27 05:58:27,120 Calculating Intregationg of dw del_Ma at left side
2022-07-27 05:58:27,120 l=1574.4 E=2000000.0 Ic=33288.69 m=0.2986188060058253 z=0.4969512195121952
2022-07-27 05:58:27,120 del_Ma=6.496932299737882e-06
2022-07-27 05:58:27,120 




2022-07-27 05:58:27,120 Calculating Intregationg of dw del_Ma at left side
2022-07-27 05:58:27,120 l=1574.4 E=2000000.0 Ic=33288.69 m=0.2986188060058253 z=0.45121951219512196
2022-07-27 05:58:27,120 del_Ma=6.052326682091214e-06
2022-07-27 05:58:27,125 




2022-07-27 05:58:27,125 Calculating Intregationg of dw del_Ma at left side
2022-07-27 05:58:27,125 l=1574.4 E=2000000.0 Ic=33288.69 m=0.2986188060058253 z=0.4054878048780488
2022-07-27 05:58:27,125 del_Ma=5.621026573962026e-06
2022-07-27 05:58:27,125 




2022-07-27 05:58:27,125 Calculating Intregationg of dw del_Ma at left side
2022-07-27 05:58:27,125 l=1574.4 E=2000000.0 Ic=33288.69 m=0.2986188060058253 z=0.35975609756097565
2022-07-27 05:58:27,125 del_Ma=5.203656356572409e-06
2022-07-27 05:58:27,125 




2022-07-27 05:58:27,125 Calculating Intregationg of dw del_Ma at left side
2022-07-27 05:58:27,125 l=1574.4 E=2000000.0 Ic=33288.69 m=0.2986188060058253 z=0.3140243902439025
2022-07-27 05:58:27,125 del_Ma=4.800840411144452e-06
2022-07-27 05:58:27,125 




2022-07-27 05:58:27,125 Calculating Intregationg of dw del_Ma at left side
2022-07-27 05:58:27,125 l=1574.4 E=2000000.0 Ic=33288.69 m=0.2986188060058253 z=0.2682926829268293
2022-07-27 05:58:27,125 del_Ma=4.413203118900245e-06
2022-07-27 05:58:27,125 




2022-07-27 05:58:27,125 Calculating Intregationg of dw del_Ma at left side
2022-07-27 05:58:27,125 l=1574.4 E=2000000.0 Ic=33288.69 m=0.2986188060058253 z=0.22256097560975613
2022-07-27 05:58:27,125 del_Ma=4.0413688610618795e-06
2022-07-27 05:58:27,125 




2022-07-27 05:58:27,125 Calculating Intregationg of dw del_Ma at left side
2022-07-27 05:58:27,125 l=1574.4 E=2000000.0 Ic=33288.69 m=0.2986188060058253 z=0.17682926829268297
2022-07-27 05:58:27,125 del_Ma=3.6859620188514435e-06
2022-07-27 05:58:27,125 




2022-07-27 05:58:27,125 Calculating Intregationg of dw del_Ma at left side
2022-07-27 05:58:27,125 l=1574.4 E=2000000.0 Ic=33288.69 m=0.2986188060058253 z=0.13109756097560982
2022-07-27 05:58:27,125 del_Ma=3.3476069734910285e-06
2022-07-27 05:58:27,125 




2022-07-27 05:58:27,125 Calculating Intregationg of dw del_Ma at left side
2022-07-27 05:58:27,125 l=1574.4 E=2000000.0 Ic=33288.69 m=0.2986188060058253 z=0.08536585365853663
2022-07-27 05:58:27,125 del_Ma=3.0269281062027232e-06
2022-07-27 05:58:27,125 




2022-07-27 05:58:27,125 Calculating Intregationg of dw del_Ma at left side
2022-07-27 05:58:27,125 l=1574.4 E=2000000.0 Ic=33288.69 m=0.2986188060058253 z=0.03963414634146347
2022-07-27 05:58:27,125 del_Ma=2.7245497982086182e-06
2022-07-27 05:58:27,125 




2022-07-27 05:58:27,125 Calculating Intregationg of dw del_Ma at right side....
2022-07-27 05:58:27,125 l=1574.4 E=2000000.0 Ic=33288.69 m=0.2986188060058253 z=0.006097560975609698
2022-07-27 05:58:27,125 del_Ma=2.4410959373925534e-06
2022-07-27 05:58:27,125 




2022-07-27 05:58:27,125 Calculating Intregationg of dw del_Ma at right side....
2022-07-27 05:58:27,125 l=1574.4 E=2000000.0 Ic=33288.69 m=0.2986188060058253 z=0.05182926829268287
2022-07-27 05:58:27,125 del_Ma=2.176889413638862e-06
2022-07-27 05:58:27,125 




2022-07-27 05:58:27,125 Calculating Intregationg of dw del_Ma at right side....
2022-07-27 05:58:27,125 l=1574.4 E=2000000.0 Ic=33288.69 m=0.2986188060058253 z=0.09756097560975603
2022-07-27 05:58:27,125 del_Ma=1.9314413287422366e-06
2022-07-27 05:58:27,125 




2022-07-27 05:58:27,125 Calculating Intregationg of dw del_Ma at right side....
2022-07-27 05:58:27,125 l=1574.4 E=2000000.0 Ic=33288.69 m=0.2986188060058253 z=0.1432926829268292
2022-07-27 05:58:27,125 del_Ma=1.7041273014805872e-06
2022-07-27 05:58:27,125 




2022-07-27 05:58:27,125 Calculating Intregationg of dw del_Ma at right side....
2022-07-27 05:58:27,125 l=1574.4 E=2000000.0 Ic=33288.69 m=0.2986188060058253 z=0.18902439024390236
2022-07-27 05:58:27,125 del_Ma=1.4943229506318242e-06
2022-07-27 05:58:27,125 




2022-07-27 05:58:27,125 Calculating Intregationg of dw del_Ma at right side....
2022-07-27 05:58:27,125 l=1574.4 E=2000000.0 Ic=33288.69 m=0.2986188060058253 z=0.23475609756097554
2022-07-27 05:58:27,125 del_Ma=1.3014038949738572e-06
2022-07-27 05:58:27,125 




2022-07-27 05:58:27,125 Calculating Intregationg of dw del_Ma at right side....
2022-07-27 05:58:27,125 l=1574.4 E=2000000.0 Ic=33288.69 m=0.2986188060058253 z=0.2804878048780487
2022-07-27 05:58:27,125 del_Ma=1.124745753284597e-06
2022-07-27 05:58:27,125 




2022-07-27 05:58:27,125 Calculating Intregationg of dw del_Ma at right side....
2022-07-27 05:58:27,125 l=1574.4 E=2000000.0 Ic=33288.69 m=0.2986188060058253 z=0.32621951219512185
2022-07-27 05:58:27,125 del_Ma=9.637241443419528e-07
2022-07-27 05:58:27,125 




2022-07-27 05:58:27,125 Calculating Intregationg of dw del_Ma at right side....
2022-07-27 05:58:27,125 l=1574.4 E=2000000.0 Ic=33288.69 m=0.2986188060058253 z=0.37195121951219506
2022-07-27 05:58:27,125 del_Ma=8.177146869238348e-07
2022-07-27 05:58:27,125 




2022-07-27 05:58:27,125 Calculating Intregationg of dw del_Ma at right side....
2022-07-27 05:58:27,125 l=1574.4 E=2000000.0 Ic=33288.69 m=0.2986188060058253 z=0.4176829268292682
2022-07-27 05:58:27,125 del_Ma=6.860929998081537e-07
2022-07-27 05:58:27,125 




2022-07-27 05:58:27,125 Calculating Intregationg of dw del_Ma at right side....
2022-07-27 05:58:27,125 l=1574.4 E=2000000.0 Ic=33288.69 m=0.2986188060058253 z=0.4634146341463414
2022-07-27 05:58:27,125 del_Ma=5.682347017728196e-07
2022-07-27 05:58:27,125 




2022-07-27 05:58:27,125 Calculating Intregationg of dw del_Ma at right side....
2022-07-27 05:58:27,125 l=1574.4 E=2000000.0 Ic=33288.69 m=0.2986188060058253 z=0.5091463414634145
2022-07-27 05:58:27,125 del_Ma=4.6351541159574134e-07
2022-07-27 05:58:27,125 




2022-07-27 05:58:27,125 Calculating Intregationg of dw del_Ma at right side....
2022-07-27 05:58:27,130 l=1574.4 E=2000000.0 Ic=33288.69 m=0.2986188060058253 z=0.5548780487804877
2022-07-27 05:58:27,130 del_Ma=3.713107480548298e-07
2022-07-27 05:58:27,130 




2022-07-27 05:58:27,130 Calculating Intregationg of dw del_Ma at right side....
2022-07-27 05:58:27,130 l=1574.4 E=2000000.0 Ic=33288.69 m=0.2986188060058253 z=0.6006097560975608
2022-07-27 05:58:27,130 del_Ma=2.9099632992799497e-07
2022-07-27 05:58:27,130 




2022-07-27 05:58:27,130 Calculating Intregationg of dw del_Ma at right side....
2022-07-27 05:58:27,130 l=1574.4 E=2000000.0 Ic=33288.69 m=0.2986188060058253 z=0.646341463414634
2022-07-27 05:58:27,130 del_Ma=2.2194777599314685e-07
2022-07-27 05:58:27,130 




2022-07-27 05:58:27,130 Calculating Intregationg of dw del_Ma at right side....
2022-07-27 05:58:27,130 l=1574.4 E=2000000.0 Ic=33288.69 m=0.2986188060058253 z=0.6920731707317073
2022-07-27 05:58:27,130 del_Ma=1.6354070502819512e-07
2022-07-27 05:58:27,130 




2022-07-27 05:58:27,130 Calculating Intregationg of dw del_Ma at right side....
2022-07-27 05:58:27,130 l=1574.4 E=2000000.0 Ic=33288.69 m=0.2986188060058253 z=0.7378048780487804
2022-07-27 05:58:27,130 del_Ma=1.1515073581105079e-07
2022-07-27 05:58:27,130 




2022-07-27 05:58:27,130 Calculating Intregationg of dw del_Ma at right side....
2022-07-27 05:58:27,130 l=1574.4 E=2000000.0 Ic=33288.69 m=0.2986188060058253 z=0.7835365853658536
2022-07-27 05:58:27,130 del_Ma=7.615348711962278e-08
2022-07-27 05:58:27,130 




2022-07-27 05:58:27,130 Calculating Intregationg of dw del_Ma at right side....
2022-07-27 05:58:27,130 l=1574.4 E=2000000.0 Ic=33288.69 m=0.2986188060058253 z=0.8292682926829267
2022-07-27 05:58:27,130 del_Ma=4.592457773182111e-08
2022-07-27 05:58:27,130 




2022-07-27 05:58:27,130 Calculating Intregationg of dw del_Ma at right side....
2022-07-27 05:58:27,130 l=1574.4 E=2000000.0 Ic=33288.69 m=0.2986188060058253 z=0.8749999999999999
2022-07-27 05:58:27,130 del_Ma=2.3839626425556774e-08
2022-07-27 05:58:27,130 




2022-07-27 05:58:27,130 Calculating Intregationg of dw del_Ma at right side....
2022-07-27 05:58:27,130 l=1574.4 E=2000000.0 Ic=33288.69 m=0.2986188060058253 z=0.9207317073170731
2022-07-27 05:58:27,130 del_Ma=9.274251978741493e-09
2022-07-27 05:58:27,130 




2022-07-27 05:58:27,130 Calculating Intregationg of dw del_Ma at right side....
2022-07-27 05:58:27,130 l=1574.4 E=2000000.0 Ic=33288.69 m=0.2986188060058253 z=0.9664634146341462
2022-07-27 05:58:27,130 del_Ma=1.6040731692807709e-09
2022-07-27 05:58:27,130 




2022-07-27 05:58:27,135 Printing Mprime Calcualtions................
2022-07-27 05:58:27,135     x_from_left  x_from_center         z  integral_dw_L_to_R      delta_Ma  \
0           0.0         -787.2  1.000000        1.535466e-08  1.208718e-05   
1          36.0         -751.2  0.954268        1.535466e-08  1.153743e-05   
2          72.0         -715.2  0.908537        1.535466e-08  1.099411e-05   
3         108.0         -679.2  0.862805        1.535466e-08  1.045785e-05   
4         144.0         -643.2  0.817073        1.535466e-08  9.929278e-06   
5         180.0         -607.2  0.771341        1.535466e-08  9.409016e-06   
6         216.0         -571.2  0.725610        1.535466e-08  8.897690e-06   
7         252.0         -535.2  0.679878        1.535466e-08  8.395922e-06   
8         288.0         -499.2  0.634146        1.535466e-08  7.904338e-06   
9         324.0         -463.2  0.588415        1.535466e-08  7.423563e-06   
10        360.0         -427.2  0.542683        1.535466e-08  6.954219e-06   
11        396.0         -391.2  0.496951        1.535466e-08  6.496932e-06   
12        432.0         -355.2  0.451220        1.535466e-08  6.052327e-06   
13        468.0         -319.2  0.405488        1.535466e-08  5.621027e-06   
14        504.0         -283.2  0.359756        1.535466e-08  5.203656e-06   
15        540.0         -247.2  0.314024        1.535466e-08  4.800840e-06   
16        576.0         -211.2  0.268293        1.535466e-08  4.413203e-06   
17        612.0         -175.2  0.222561        1.535466e-08  4.041369e-06   
18        648.0         -139.2  0.176829        1.535466e-08  3.685962e-06   
19        684.0         -103.2  0.131098        1.535466e-08  3.347607e-06   
20        720.0          -67.2  0.085366        1.535466e-08  3.026928e-06   
21        756.0          -31.2  0.039634        1.535466e-08  2.724550e-06   
22        792.0            4.8  0.006098        1.535466e-08  2.441096e-06   
23        828.0           40.8  0.051829        1.535466e-08  2.176889e-06   
24        864.0           76.8  0.097561        1.535466e-08  1.931441e-06   
25        900.0          112.8  0.143293        1.535466e-08  1.704127e-06   
26        936.0          148.8  0.189024        1.535466e-08  1.494323e-06   
27        972.0          184.8  0.234756        1.535466e-08  1.301404e-06   
28       1008.0          220.8  0.280488        1.535466e-08  1.124746e-06   
29       1044.0          256.8  0.326220        1.535466e-08  9.637241e-07   
30       1080.0          292.8  0.371951        1.535466e-08  8.177147e-07   
31       1116.0          328.8  0.417683        1.535466e-08  6.860930e-07   
32       1152.0          364.8  0.463415        1.535466e-08  5.682347e-07   
33       1188.0          400.8  0.509146        1.535466e-08  4.635154e-07   
34       1224.0          436.8  0.554878        1.535466e-08  3.713107e-07   
35       1260.0          472.8  0.600610        1.535466e-08  2.909963e-07   
36       1296.0          508.8  0.646341        1.535466e-08  2.219478e-07   
37       1332.0          544.8  0.692073        1.535466e-08  1.635407e-07   
38       1368.0          580.8  0.737805        1.535466e-08  1.151507e-07   
39       1404.0          616.8  0.783537        1.535466e-08  7.615349e-08   
40       1440.0          652.8  0.829268        1.535466e-08  4.592458e-08   
41       1476.0          688.8  0.875000        1.535466e-08  2.383963e-08   
42       1512.0          724.8  0.920732        1.535466e-08  9.274252e-09   
43       1548.0          760.8  0.966463        1.535466e-08  1.604073e-09   

       M_prime  M_prime_direct  Mprime_by_l  
0   787.200000      787.200000     0.500000  
1   751.396066      751.396066     0.477259  
2   716.011375      716.011375     0.454784  
3   681.086589      681.086589     0.432601  
4   646.662373      646.662373     0.410736  
5   612.779391      612.779391     0.389215  
6   579.478307      579.478307     0.368063  
7   546.799785      546.799785     0.347307  
8   514.784488      514.784488     0.326972  
9   483.473082      483.473082     0.307084  
10  452.906229      452.906229     0.287669  
11  423.124593      423.124593     0.268753  
12  394.168840      394.168840     0.250361  
13  366.079632      366.079632     0.232520  
14  338.897633      338.897633     0.215255  
15  312.663508      312.663508     0.198592  
16  287.417921      287.417921     0.182557  
17  263.201535      263.201535     0.167176  
18  240.055015      240.055015     0.152474  
19  218.019024      218.019024     0.138478  
20  197.134227      197.134227     0.125212  
21  177.441286      177.441286     0.112704  
22  158.980836      158.980836     0.100979  
23  141.773903      141.773903     0.090049  
24  125.788647      125.788647     0.079896  
25  110.984406      110.984406     0.070493  
26   97.320514       97.320514     0.061814  
27   84.756308       84.756308     0.053834  
28   73.251123       73.251123     0.046526  
29   62.764297       62.764297     0.039866  
30   53.255164       53.255164     0.033826  
31   44.683061       44.683061     0.028381  
32   37.007324       37.007324     0.023506  
33   30.187289       30.187289     0.019174  
34   24.182291       24.182291     0.015360  
35   18.951668       18.951668     0.012037  
36   14.454755       14.454755     0.009181  
37   10.650887       10.650887     0.006765  
38    7.499402        7.499402     0.004763  
39    4.959635        4.959635     0.003150  
40    2.990922        2.990922     0.001900  
41    1.552599        1.552599     0.000986  
42    0.604003        0.604003     0.000384  
43    0.104468        0.104468     0.000066  
2022-07-27 05:58:27,145 




2022-07-27 05:58:27,150 Printing Vertical Reaction V_L Calcualtions................
2022-07-27 05:58:27,150     x_from_left  x_from_center         z        VL
0           0.0         -787.2  1.000000  1.000000
1          36.0         -751.2  0.954268  0.998992
2          72.0         -715.2  0.908537  0.995897
3         108.0         -679.2  0.862805  0.990623
4         144.0         -643.2  0.817073  0.983095
5         180.0         -607.2  0.771341  0.973260
6         216.0         -571.2  0.725610  0.961083
7         252.0         -535.2  0.679878  0.946549
8         288.0         -499.2  0.634146  0.929663
9         324.0         -463.2  0.588415  0.910448
10        360.0         -427.2  0.542683  0.888947
11        396.0         -391.2  0.496951  0.865223
12        432.0         -355.2  0.451220  0.839358
13        468.0         -319.2  0.405488  0.811453
14        504.0         -283.2  0.359756  0.781629
15        540.0         -247.2  0.314024  0.750027
16        576.0         -211.2  0.268293  0.716806
17        612.0         -175.2  0.222561  0.682144
18        648.0         -139.2  0.176829  0.646241
19        684.0         -103.2  0.131098  0.609314
20        720.0          -67.2  0.085366  0.571601
21        756.0          -31.2  0.039634  0.533359
22        792.0            4.8  0.006098  0.494863
23        828.0           40.8  0.051829  0.456407
24        864.0           76.8  0.097561  0.418279
25        900.0          112.8  0.143293  0.380751
26        936.0          148.8  0.189024  0.344075
27        972.0          184.8  0.234756  0.308483
28       1008.0          220.8  0.280488  0.274187
29       1044.0          256.8  0.326220  0.241380
30       1080.0          292.8  0.371951  0.210237
31       1116.0          328.8  0.417683  0.180913
32       1152.0          364.8  0.463415  0.153541
33       1188.0          400.8  0.509146  0.128238
34       1224.0          436.8  0.554878  0.105099
35       1260.0          472.8  0.600610  0.084203
36       1296.0          508.8  0.646341  0.065605
37       1332.0          544.8  0.692073  0.049345
38       1368.0          580.8  0.737805  0.035440
39       1404.0          616.8  0.783537  0.023890
40       1440.0          652.8  0.829268  0.014674
41       1476.0          688.8  0.875000  0.007753
42       1512.0          724.8  0.920732  0.003068
43       1548.0          760.8  0.966463  0.000539
2022-07-27 05:58:27,160 




2022-07-27 05:58:27,160 Printing Horizontal Thrust Calcualtions................
2022-07-27 05:58:27,160     x_from_left  x_from_center         z  delta_sub_HL  delta_sub_Ha  \
0           0.0         -787.2  1.000000       0.00005  0.000000e+00   
1          36.0         -751.2  0.954268       0.00005  5.377483e-07   
2          72.0         -715.2  0.908537       0.00005  2.103417e-06   
3         108.0         -679.2  0.862805       0.00005  4.614749e-06   
4         144.0         -643.2  0.817073       0.00005  7.977548e-06   
5         180.0         -607.2  0.771341       0.00005  1.208852e-05   
6         216.0         -571.2  0.725610       0.00005  1.683773e-05   
7         252.0         -535.2  0.679878       0.00005  2.211066e-05   
8         288.0         -499.2  0.634146       0.00005  2.779007e-05   
9         324.0         -463.2  0.588415       0.00005  3.375752e-05   
10        360.0         -427.2  0.542683       0.00005  3.989474e-05   
11        396.0         -391.2  0.496951       0.00005  4.608480e-05   
12        432.0         -355.2  0.451220       0.00005  5.221314e-05   
13        468.0         -319.2  0.405488       0.00005  5.816854e-05   
14        504.0         -283.2  0.359756       0.00005  6.384395e-05   
15        540.0         -247.2  0.314024       0.00005  6.913727e-05   
16        576.0         -211.2  0.268293       0.00005  7.395214e-05   
17        612.0         -175.2  0.222561       0.00005  7.819862e-05   
18        648.0         -139.2  0.176829       0.00005  8.179401e-05   
19        684.0         -103.2  0.131098       0.00005  8.466355e-05   
20        720.0          -67.2  0.085366       0.00005  8.674128e-05   
21        756.0          -31.2  0.039634       0.00005  8.797086e-05   
22        792.0            4.8  0.006098       0.00005  8.830659e-05   
23        828.0           40.8  0.051829       0.00005  8.772868e-05   
24        864.0           76.8  0.097561       0.00005  8.626800e-05   
25        900.0          112.8  0.143293       0.00005  8.397321e-05   
26        936.0          148.8  0.189024       0.00005  8.090327e-05   
27        972.0          184.8  0.234756       0.00005  7.712661e-05   
28       1008.0          220.8  0.280488       0.00005  7.272016e-05   
29       1044.0          256.8  0.326220       0.00005  6.776863e-05   
30       1080.0          292.8  0.371951       0.00005  6.236375e-05   
31       1116.0          328.8  0.417683       0.00005  5.660347e-05   
32       1152.0          364.8  0.463415       0.00005  5.059130e-05   
33       1188.0          400.8  0.509146       0.00005  4.443547e-05   
34       1224.0          436.8  0.554878       0.00005  3.824819e-05   
35       1260.0          472.8  0.600610       0.00005  3.214473e-05   
36       1296.0          508.8  0.646341       0.00005  2.624250e-05   
37       1332.0          544.8  0.692073       0.00005  2.065992e-05   
38       1368.0          580.8  0.737805       0.00005  1.551527e-05   
39       1404.0          616.8  0.783537       0.00005  1.092522e-05   
40       1440.0          652.8  0.829268       0.00005  7.003245e-06   
41       1476.0          688.8  0.875000       0.00005  3.857733e-06   
42       1512.0          724.8  0.920732       0.00005  1.589806e-06   
43       1548.0          760.8  0.966463       0.00005  2.907729e-07   

           H  H_coef_aswani  
0   0.000000       0.000000  
1   0.010777       0.016166  
2   0.042155       0.063232  
3   0.092484       0.138726  
4   0.159878       0.239817  
5   0.242266       0.363399  
6   0.337445       0.506168  
7   0.443120       0.664680  
8   0.556941       0.835412  
9   0.676535       1.014803  
10  0.799531       1.199297  
11  0.923586       1.385379  
12  1.046404       1.569606  
13  1.165757       1.748635  
14  1.279498       1.919246  
15  1.385581       2.078372  
16  1.482076       2.223114  
17  1.567180       2.350770  
18  1.639235       2.458853  
19  1.696744       2.545115  
20  1.738383       2.607575  
21  1.763025       2.644538  
22  1.769754       2.654631  
23  1.758172       2.637258  
24  1.728898       2.593348  
25  1.682908       2.524363  
26  1.621384       2.432076  
27  1.545696       2.318543  
28  1.457386       2.186079  
29  1.358152       2.037228  
30  1.249833       1.874749  
31  1.134391       1.701587  
32  1.013901       1.520852  
33  0.890532       1.335798  
34  0.766533       1.149799  
35  0.644213       0.966320  
36  0.525926       0.788889  
37  0.414046       0.621069  
38  0.310942       0.466413  
39  0.218953       0.328429  
40  0.140352       0.210528  
41  0.077313       0.115969  
42  0.031861       0.047792  
43  0.005827       0.008741  
2022-07-27 05:58:27,210 




2022-07-27 05:58:27,210 Printing Springing Moment(ML) Calculation................
2022-07-27 05:58:27,210     Load_position      Mprime         H           b         Hxb         V  \
0             0.0  787.200000  0.000000  188.632404    0.000000  1.000000   
1            36.0  751.396066  0.010777  188.632404    2.032895  0.998992   
2            72.0  716.011375  0.042155  188.632404    7.951725  0.995897   
3           108.0  681.086589  0.092484  188.632404   17.445527  0.990623   
4           144.0  646.662373  0.159878  188.632404   30.158204  0.983095   
5           180.0  612.779391  0.242266  188.632404   45.699268  0.973260   
6           216.0  579.478307  0.337445  188.632404   63.653083  0.961083   
7           252.0  546.799785  0.443120  188.632404   83.586796  0.946549   
8           288.0  514.784488  0.556941  188.632404  105.057161  0.929663   
9           324.0  483.473082  0.676535  188.632404  127.616435  0.910448   
10          360.0  452.906229  0.799531  188.632404  150.817489  0.888947   
11          396.0  423.124593  0.923586  188.632404  174.218274  0.865223   
12          432.0  394.168840  1.046404  188.632404  197.385761  0.839358   
13          468.0  366.079632  1.165757  188.632404  219.899475  0.811453   
14          504.0  338.897633  1.279498  188.632404  241.354707  0.781629   
15          540.0  312.663508  1.385581  188.632404  261.365508  0.750027   
16          576.0  287.417921  1.482076  188.632404  279.567545  0.716806   
17          612.0  263.201535  1.567180  188.632404  295.620892  0.682144   
18          648.0  240.055015  1.639235  188.632404  309.212847  0.646241   
19          684.0  218.019024  1.696744  188.632404  320.060825  0.609314   
20          720.0  197.134227  1.738383  188.632404  327.915424  0.571601   
21          756.0  177.441286  1.763025  188.632404  332.563711  0.533359   
22          792.0  158.980836  1.769754  188.632404  333.832905  0.494863   
23          828.0  141.773903  1.758172  188.632404  331.648194  0.456407   
24          864.0  125.788647  1.728898  188.632404  326.126266  0.418279   
25          900.0  110.984406  1.682908  188.632404  317.451045  0.380751   
26          936.0   97.320514  1.621384  188.632404  305.845527  0.344075   
27          972.0   84.756308  1.545696  188.632404  291.568274  0.308483   
28         1008.0   73.251123  1.457386  188.632404  274.910193  0.274187   
29         1044.0   62.764297  1.358152  188.632404  256.191524  0.241380   
30         1080.0   53.255164  1.249833  188.632404  235.758975  0.210237   
31         1116.0   44.683061  1.134391  188.632404  213.982918  0.180913   
32         1152.0   37.007324  1.013901  188.632404  191.254587  0.153541   
33         1188.0   30.187289  0.890532  188.632404  167.983196  0.128238   
34         1224.0   24.182291  0.766533  188.632404  144.592894  0.105099   
35         1260.0   18.951668  0.644213  188.632404  121.519474  0.084203   
36         1296.0   14.454755  0.525926  188.632404   99.206746  0.065605   
37         1332.0   10.650887  0.414046  188.632404   78.102465  0.049345   
38         1368.0    7.499402  0.310942  188.632404   58.653702  0.035440   
39         1404.0    4.959635  0.218953  188.632404   41.301543  0.023890   
40         1440.0    2.990922  0.140352  188.632404   26.474963  0.014674   
41         1476.0    1.552599  0.077313  188.632404   14.583715  0.007753   
42         1512.0    0.604003  0.031861  188.632404    6.010077  0.003068   
43         1548.0    0.104468  0.005827  188.632404    1.099233  0.000539   

         L  Vl_by_2_list  ML(inch_lb)   ML_by_l  
0   1574.4    787.200000     0.000000  0.000000  
1   1574.4    786.406690   -32.977728 -0.020946  
2   1574.4    783.970423   -60.007324 -0.038114  
3   1574.4    779.818158   -81.286042 -0.051630  
4   1574.4    773.892141   -97.071564 -0.061656  
5   1574.4    766.149902  -107.671243 -0.068389  
6   1574.4    756.564257  -113.432867 -0.072048  
7   1574.4    745.123308  -114.736727 -0.072876  
8   1574.4    731.830443  -111.988794 -0.071131  
9   1574.4    716.704336  -105.614819 -0.067083  
10  1574.4    699.778944   -96.055227 -0.061011  
11  1574.4    681.103514   -83.760647 -0.053202  
12  1574.4    660.742575   -69.187975 -0.043946  
13  1574.4    638.775944   -52.796837 -0.033535  
14  1574.4    615.298721   -35.046381 -0.022260  
15  1574.4    590.421295   -16.392279 -0.010412  
16  1574.4    564.269339     2.716127  0.001725  
17  1574.4    536.983811    21.838617  0.013871  
18  1574.4    508.720955    40.546906  0.025754  
19  1574.4    479.652303    58.427546  0.037111  
20  1574.4    449.964669    75.084982  0.047691  
21  1574.4    419.860155    90.144843  0.057257  
22  1574.4    389.556148   103.257592  0.065585  
23  1574.4    359.283220   114.138876  0.072497  
24  1574.4    329.269250   122.645663  0.077900  
25  1574.4    299.727548   128.707903  0.081750  
26  1574.4    270.856139   132.309902  0.084038  
27  1574.4    242.837764   133.486819  0.084786  
28  1574.4    215.839875   132.321441  0.084046  
29  1574.4    190.014642   128.941179  0.081899  
30  1574.4    165.498947   123.515192  0.078452  
31  1574.4    142.414386   116.251592  0.073839  
32  1574.4    120.867271   107.394639  0.068213  
33  1574.4    100.948628    97.221856  0.061752  
34  1574.4     82.734196    86.040989  0.054650  
35  1574.4     66.284430    74.186712  0.047121  
36  1574.4     51.644498    62.017003  0.039391  
37  1574.4     38.844283    49.909069  0.031700  
38  1574.4     27.898381    38.254722  0.024298  
39  1574.4     18.806106    27.455073  0.017438  
40  1574.4     11.551481    17.914403  0.011379  
41  1574.4      6.103248    10.033065  0.006373  
42  1574.4      2.414861     4.199219  0.002667  
43  1574.4      0.424489     0.779212  0.000495  
2022-07-27 05:58:27,245 




2022-07-27 05:58:27,245 Printing Crown Moment(MC) Calculation................
2022-07-27 05:58:27,245     Load_position      Mprime         H         yc        Hyc  P_xprime  \
0             0.0  787.200000  0.000000  47.527596   0.000000     787.2   
1            36.0  751.396066  0.010777  47.527596   0.512206     751.2   
2            72.0  716.011375  0.042155  47.527596   2.003507     715.2   
3           108.0  681.086589  0.092484  47.527596   4.395554     679.2   
4           144.0  646.662373  0.159878  47.527596   7.598625     643.2   
5           180.0  612.779391  0.242266  47.527596  11.514333     607.2   
6           216.0  579.478307  0.337445  47.527596  16.037955     571.2   
7           252.0  546.799785  0.443120  47.527596  21.060430     535.2   
8           288.0  514.784488  0.556941  47.527596  26.470077     499.2   
9           324.0  483.473082  0.676535  47.527596  32.154085     463.2   
10          360.0  452.906229  0.799531  47.527596  37.999795     427.2   
11          396.0  423.124593  0.923586  47.527596  43.895829     391.2   
12          432.0  394.168840  1.046404  47.527596  49.733081     355.2   
13          468.0  366.079632  1.165757  47.527596  55.405610     319.2   
14          504.0  338.897633  1.279498  47.527596  60.811445     283.2   
15          540.0  312.663508  1.385581  47.527596  65.853343     247.2   
16          576.0  287.417921  1.482076  47.527596  70.439506     211.2   
17          612.0  263.201535  1.567180  47.527596  74.484288     175.2   
18          648.0  240.055015  1.639235  47.527596  77.908901     139.2   
19          684.0  218.019024  1.696744  47.527596  80.642145     103.2   
20          720.0  197.134227  1.738383  47.527596  82.621180      67.2   
21          756.0  177.441286  1.763025  47.527596  83.792357      31.2   
22          792.0  158.980836  1.769754  47.527596  84.112142       0.0   
23          828.0  141.773903  1.758172  47.527596  83.561684       0.0   
24          864.0  125.788647  1.728898  47.527596  82.170386       0.0   
25          900.0  110.984406  1.682908  47.527596  79.984588       0.0   
26          936.0   97.320514  1.621384  47.527596  77.060475       0.0   
27          972.0   84.756308  1.545696  47.527596  73.463196       0.0   
28         1008.0   73.251123  1.457386  47.527596  69.266045       0.0   
29         1044.0   62.764297  1.358152  47.527596  64.549712       0.0   
30         1080.0   53.255164  1.249833  47.527596  59.401551       0.0   
31         1116.0   44.683061  1.134391  47.527596  53.914881       0.0   
32         1152.0   37.007324  1.013901  47.527596  48.188278       0.0   
33         1188.0   30.187289  0.890532  47.527596  42.324846       0.0   
34         1224.0   24.182291  0.766533  47.527596  36.431454       0.0   
35         1260.0   18.951668  0.644213  47.527596  30.617902       0.0   
36         1296.0   14.454755  0.525926  47.527596  24.996014       0.0   
37         1332.0   10.650887  0.414046  47.527596  19.678604       0.0   
38         1368.0    7.499402  0.310942  47.527596  14.778317       0.0   
39         1404.0    4.959635  0.218953  47.527596  10.406288       0.0   
40         1440.0    2.990922  0.140352  47.527596   6.670600       0.0   
41         1476.0    1.552599  0.077313  47.527596   3.674495       0.0   
42         1512.0    0.604003  0.031861  47.527596   1.514292       0.0   
43         1548.0    0.104468  0.005827  47.527596   0.276962       0.0   

    MC(inch_lb)   MC_by_l  
0      0.000000  0.000000  
1     -0.316140 -0.000201  
2     -1.192132 -0.000757  
3     -2.508965 -0.001594  
4     -4.136252 -0.002627  
5     -5.934942 -0.003770  
6     -7.759648 -0.004929  
7     -9.460645 -0.006009  
8    -10.885589 -0.006914  
9    -11.881004 -0.007546  
10   -12.293567 -0.007808  
11   -11.971236 -0.007604  
12   -10.764242 -0.006837  
13    -8.525978 -0.005415  
14    -5.113812 -0.003248  
15    -0.389834 -0.000248  
16     5.778415  0.003670  
17    13.517247  0.008586  
18    22.946114  0.014575  
19    34.176879  0.021708  
20    47.313046  0.030051  
21    62.448929  0.039665  
22    74.868694  0.047554  
23    58.212218  0.036974  
24    43.618261  0.027705  
25    30.999818  0.019690  
26    20.260039  0.012868  
27    11.293112  0.007173  
28     3.985078  0.002531  
29    -1.785415 -0.001134  
30    -6.146387 -0.003904  
31    -9.231820 -0.005864  
32   -11.180954 -0.007102  
33   -12.137558 -0.007709  
34   -12.249162 -0.007780  
35   -11.666234 -0.007410  
36   -10.541259 -0.006695  
37    -9.027717 -0.005734  
38    -7.278915 -0.004623  
39    -5.446653 -0.003460  
40    -3.679678 -0.002337  
41    -2.121896 -0.001348  
42    -0.910289 -0.000578  
43    -0.172493 -0.000110  
2022-07-27 05:58:27,265 




2022-07-27 05:58:27,266 Printing Internal Forces as Crown................
2022-07-27 05:58:27,266            H         V          M
0   0.000000  1.000000   0.000000
1   0.010777  0.998992  -0.316140
2   0.042155  0.995897  -1.192132
3   0.092484  0.990623  -2.508965
4   0.159878  0.983095  -4.136252
5   0.242266  0.973260  -5.934942
6   0.337445  0.961083  -7.759648
7   0.443120  0.946549  -9.460645
8   0.556941  0.929663 -10.885589
9   0.676535  0.910448 -11.881004
10  0.799531  0.888947 -12.293567
11  0.923586  0.865223 -11.971236
12  1.046404  0.839358 -10.764242
13  1.165757  0.811453  -8.525978
14  1.279498  0.781629  -5.113812
15  1.385581  0.750027  -0.389834
16  1.482076  0.716806   5.778415
17  1.567180  0.682144  13.517247
18  1.639235  0.646241  22.946114
19  1.696744  0.609314  34.176879
20  1.738383  0.571601  47.313046
21  1.763025  0.533359  62.448929
22  1.769754  0.494863  74.868694
23  1.758172  0.456407  58.212218
24  1.728898  0.418279  43.618261
25  1.682908  0.380751  30.999818
26  1.621384  0.344075  20.260039
27  1.545696  0.308483  11.293112
28  1.457386  0.274187   3.985078
29  1.358152  0.241380  -1.785415
30  1.249833  0.210237  -6.146387
31  1.134391  0.180913  -9.231820
32  1.013901  0.153541 -11.180954
33  0.890532  0.128238 -12.137558
34  0.766533  0.105099 -12.249162
35  0.644213  0.084203 -11.666234
36  0.525926  0.065605 -10.541259
37  0.414046  0.049345  -9.027717
38  0.310942  0.035440  -7.278915
39  0.218953  0.023890  -5.446653
40  0.140352  0.014674  -3.679678
41  0.077313  0.007753  -2.121896
42  0.031861  0.003068  -0.910289
43  0.005827  0.000539  -0.172493
2022-07-27 05:58:27,288 




