E:\BWDB MASUM Billah. 10-12-17\Masum B.  SDE DC-5 WORKS\Sluice\Reza Sir\khulna-2\Khejurtala sluice\Khejurtala Sluice .dwg,Model,10/3/2018 4:01:41 PM,pc-2,Canon LBP3500,A3,1:150.032,
E:\BWDB MASUM Billah. 10-12-17\Masum B.  SDE DC-5 WORKS\Sluice\Reza Sir\khulna-2\kesorabad sluice  polder-31 part\kesorabad sluice  polder-31 part\Kesorabad 2V-1.50x1.80 regulator.dwg,Model,10/4/2018 10:17:27 AM,pc-2,Canon LBP3500,A3,1:150.96,
E:\BWDB MASUM Billah. 10-12-17\Masum B.  SDE DC-5 WORKS\Sluice\Reza Sir\khulna-2\Khejurtala sluice\Khejurtala Sluice .dwg,Model,11/26/2018 12:48:53 PM,pc-2,Canon LBP3500,A3,1:178.553,
E:\BWDB MASUM Billah. 10-12-17\Masum B.  SDE DC-5 WORKS\Sluice\Reza Sir\khulna-2\Khejurtala sluice\Khejurtala Sluice .dwg,Model,11/26/2018 12:49:31 PM,pc-2,Canon LBP3500,A3,1:178.465,
E:\BWDB MASUM Billah. 10-12-17\Masum B.  SDE DC-5 WORKS\Sluice\Reza Sir\khulna-2\Khejurtala sluice\Khejurtala Sluice .dwg,Model,11/26/2018 12:49:57 PM,pc-2,Canon LBP3500,A3,1:178.465,
E:\BWDB MASUM Billah. 10-12-17\Masum B.  SDE DC-5 WORKS\Sluice\Reza Sir\khulna-2\Khejurtala sluice\Khejurtala Sluice .dwg,Model,11/26/2018 12:54:59 PM,pc-2,Canon LBP3500,A3,1:178.465,
E:\BWDB MASUM Billah. 10-12-17\Masum B.  SDE DC-5 WORKS\Sluice\Reza Sir\khulna-2\Khejurtala sluice\Khejurtala Sluice .dwg,Model,11/26/2018 12:55:14 PM,pc-2,Canon LBP3500,A3,1:178.465,
E:\BWDB MASUM Billah. 10-12-17\Masum B.  SDE DC-5 WORKS\Sluice\Reza Sir\khulna-2\Khejurtala sluice\Khejurtala Sluice .dwg,Model,11/26/2018 12:55:30 PM,pc-2,Canon LBP3500,A3,1:178.553,
E:\BWDB MASUM Billah. 10-12-17\Masum B.  SDE DC-5 WORKS\Sluice\Reza Sir\khulna-2\Khejurtala sluice\Khejurtala Sluice .dwg,Model,11/26/2018 1:01:28 PM,pc-2,Canon LBP3500,A3,1:165.035,
E:\BWDB MASUM Billah. 10-12-17\Masum B.  SDE DC-5 WORKS\Sluice\Reza Sir\khulna-2\Khejurtala sluice\Khejurtala Sluice .dwg,Model,11/28/2018 3:47:46 PM,pc-2,Canon LBP3500,A3,1:80.7902,
E:\BWDB MASUM Billah. 10-12-17\Masum B.  SDE DC-5 WORKS\Sluice\Reza Sir\khulna-2\Khejurtala sluice\Khejurtala Sluice .dwg,Model,11/28/2018 3:48:11 PM,pc-2,Canon LBP3500,A3,1:181.538,
E:\BWDB MASUM Billah. 10-12-17\Masum B.  SDE DC-5 WORKS\Sluice\Reza Sir\khulna-2\Khejurtala sluice\Khejurtala Sluice .dwg,Model,11/28/2018 3:48:27 PM,pc-2,Canon LBP3500,A3,1:150.032,
E:\BWDB MASUM Billah. 10-12-17\Masum B.  SDE DC-5 WORKS\Sluice\Reza Sir\khulna-2\Khejurtala sluice\Khejurtala Sluice .dwg,Model,11/28/2018 3:48:55 PM,pc-2,Canon LBP3500,A3,1:150.119,
E:\BWDB MASUM Billah. 10-12-17\Masum B.  SDE DC-5 WORKS\Sluice\Reza Sir\khulna-2\Khejurtala sluice\Khejurtala Sluice .dwg,Model,11/28/2018 3:49:13 PM,pc-2,Canon LBP3500,A3,1:165.035,
E:\BWDB MASUM Billah. 10-12-17\Masum B.  SDE DC-5 WORKS\Sluice\Reza Sir\khulna-2\Khejurtala sluice\Khejurtala Sluice .dwg,Model,11/28/2018 3:49:30 PM,pc-2,Canon LBP3500,A3,1:150.032,
E:\BWDB MASUM Billah. 10-12-17\Masum B.  SDE DC-5 WORKS\Sluice\Reza Sir\khulna-2\Khejurtala sluice\Khejurtala Sluice .dwg,Model,11/28/2018 3:49:48 PM,pc-2,Canon LBP3500,A3,1:150.032,
E:\BWDB MASUM Billah. 10-12-17\Masum B.  SDE DC-5 WORKS\Sluice\Reza Sir\khulna-2\Khejurtala sluice\Khejurtala Sluice .dwg,Model,11/28/2018 3:50:04 PM,pc-2,Canon LBP3500,A3,1:178.553,
E:\BWDB MASUM Billah. 10-12-17\Masum B.  SDE DC-5 WORKS\Sluice\Reza Sir\khulna-2\Khejurtala sluice\Khejurtala Sluice .dwg,Model,11/28/2018 3:50:20 PM,pc-2,Canon LBP3500,A3,1:178.465,
E:\BWDB MASUM Billah. 10-12-17\Masum B.  SDE DC-5 WORKS\Sluice\Reza Sir\khulna-2\Khejurtala sluice\Khejurtala Sluice .dwg,Model,11/28/2018 3:50:39 PM,pc-2,Canon LBP3500,A3,1:178.465,
E:\BWDB MASUM Billah. 10-12-17\Masum B.  SDE DC-5 WORKS\Sluice\Reza Sir\khulna-2\Khejurtala sluice\Khejurtala Sluice .dwg,Model,11/28/2018 3:50:54 PM,pc-2,Canon LBP3500,A3,1:178.465,
E:\BWDB MASUM Billah. 10-12-17\Masum B.  SDE DC-5 WORKS\Sluice\Reza Sir\khulna-2\Khejurtala sluice\Khejurtala Sluice .dwg,Model,11/28/2018 3:51:10 PM,pc-2,Canon LBP3500,A3,1:178.465,
E:\BWDB MASUM Billah. 10-12-17\Masum B.  SDE DC-5 WORKS\Sluice\Reza Sir\khulna-2\Khejurtala sluice\Khejurtala Sluice .dwg,Model,11/28/2018 3:51:29 PM,pc-2,Canon LBP3500,A3,1:178.553,
E:\BWDB MASUM Billah. 10-12-17\Masum B.  SDE DC-5 WORKS\Sluice\Reza Sir\khulna-2\Khejurtala sluice\Khejurtala Sluice .dwg,Model,11/28/2018 3:51:45 PM,pc-2,Canon LBP3500,A3,1:165.035,
E:\BWDB MASUM Billah. 10-12-17\Masum B.  SDE DC-5 WORKS\Sluice\Reza Sir\khulna-2\Khejurtala sluice\Khejurtala Sluice .dwg,Model,11/28/2018 3:52:01 PM,pc-2,Canon LBP3500,A3,1:170.857,
E:\BWDB MASUM Billah. 10-12-17\Masum B.  SDE DC-5 WORKS\Sluice\Reza Sir\khulna-2\Khejurtala sluice\Khejurtala Sluice .dwg,Model,11/28/2018 3:52:15 PM,pc-2,Canon LBP3500,A3,1:170.857,
E:\BWDB MASUM Billah. 10-12-17\Masum B.  SDE DC-5 WORKS\Sluice\Reza Sir\khulna-2\Khejurtala sluice\Khejurtala Sluice .dwg,Model,11/28/2018 3:52:31 PM,pc-2,Canon LBP3500,A3,1:155.175,
E:\BWDB MASUM Billah. 10-12-17\Masum B.  SDE DC-5 WORKS\Sluice\Reza Sir\khulna-2\Khejurtala sluice\Khejurtala Sluice .dwg,Model,11/28/2018 3:52:45 PM,pc-2,Canon LBP3500,A3,1:120.613,
E:\BWDB MASUM Billah. 10-12-17\Masum B.  SDE DC-5 WORKS\Sluice\Reza Sir\khulna-2\Khejurtala sluice\Khejurtala Sluice .dwg,Model,11/28/2018 3:53:01 PM,pc-2,Canon LBP3500,A3,1:170.693,
E:\BWDB MASUM Billah. 10-12-17\Masum B.  SDE DC-5 WORKS\Sluice\Reza Sir\khulna-2\Khejurtala sluice\Khejurtala Sluice .dwg,Model,11/28/2018 3:53:17 PM,pc-2,Canon LBP3500,A3,1:150.032,
E:\BWDB MASUM Billah. 10-12-17\Masum B.  SDE DC-5 WORKS\Sluice\Reza Sir\khulna-2\Khejurtala sluice\Khejurtala Sluice .dwg,Model,11/28/2018 3:53:33 PM,pc-2,Canon LBP3500,A3,1:150.032,
E:\BWDB MASUM Billah. 10-12-17\Masum B.  SDE DC-5 WORKS\Sluice\Reza Sir\khulna-2\Khejurtala sluice\Khejurtala Sluice .dwg,Model,11/28/2018 3:53:47 PM,pc-2,Canon LBP3500,A3,1:150.032,
E:\BWDB MASUM Billah. 10-12-17\Masum B.  SDE DC-5 WORKS\Sluice\Reza Sir\khulna-2\Khejurtala sluice\Khejurtala Sluice .dwg,Model,11/28/2018 3:54:03 PM,pc-2,Canon LBP3500,A3,1:150.032,
E:\BWDB MASUM Billah. 10-12-17\Masum B.  SDE DC-5 WORKS\Sluice\Reza Sir\khulna-2\Khejurtala sluice\Khejurtala Sluice .dwg,Model,12/2/2018 12:29:22 PM,pc-2,Canon LBP3500,A3,1:80.7902,
E:\BWDB MASUM Billah. 10-12-17\Masum B.  SDE DC-5 WORKS\Sluice\Reza Sir\khulna-2\Khejurtala sluice\Khejurtala Sluice .dwg,Model,12/2/2018 12:29:49 PM,pc-2,Canon LBP3500,A3,1:181.538,
E:\BWDB MASUM Billah. 10-12-17\Masum B.  SDE DC-5 WORKS\Sluice\Reza Sir\khulna-2\Khejurtala sluice\Khejurtala Sluice .dwg,Model,12/2/2018 12:30:08 PM,pc-2,Canon LBP3500,A3,1:150.032,
E:\BWDB MASUM Billah. 10-12-17\Masum B.  SDE DC-5 WORKS\Sluice\Reza Sir\khulna-2\Khejurtala sluice\Khejurtala Sluice .dwg,Model,12/2/2018 12:30:35 PM,pc-2,Canon LBP3500,A3,1:150.032,
E:\BWDB MASUM Billah. 10-12-17\Masum B.  SDE DC-5 WORKS\Sluice\Reza Sir\khulna-2\Khejurtala sluice\Khejurtala Sluice .dwg,Model,12/2/2018 12:30:53 PM,pc-2,Canon LBP3500,A3,1:165.035,
E:\BWDB MASUM Billah. 10-12-17\Masum B.  SDE DC-5 WORKS\Sluice\Reza Sir\khulna-2\Khejurtala sluice\Khejurtala Sluice .dwg,Model,12/2/2018 12:31:12 PM,pc-2,Canon LBP3500,A3,1:150.032,
E:\BWDB MASUM Billah. 10-12-17\Masum B.  SDE DC-5 WORKS\Sluice\Reza Sir\khulna-2\Khejurtala sluice\Khejurtala Sluice .dwg,Model,12/2/2018 12:31:28 PM,pc-2,Canon LBP3500,A3,1:150.032,
E:\BWDB MASUM Billah. 10-12-17\Masum B.  SDE DC-5 WORKS\Sluice\Reza Sir\khulna-2\Khejurtala sluice\Khejurtala Sluice .dwg,Model,12/2/2018 12:31:55 PM,pc-2,Canon LBP3500,A3,1:178.553,
E:\BWDB MASUM Billah. 10-12-17\Masum B.  SDE DC-5 WORKS\Sluice\Reza Sir\khulna-2\Khejurtala sluice\Khejurtala Sluice .dwg,Model,12/2/2018 12:32:20 PM,pc-2,Canon LBP3500,A3,1:178.465,
E:\BWDB MASUM Billah. 10-12-17\Masum B.  SDE DC-5 WORKS\Sluice\Reza Sir\khulna-2\Khejurtala sluice\Khejurtala Sluice .dwg,Model,12/3/2018 3:26:17 PM,pc-2,Canon LBP3500,A3,1:150.032,
E:\BWDB MASUM Billah. 10-12-17\Masum B.  SDE DC-5 WORKS\Sluice\Reza Sir\khulna-2\Khejurtala sluice\Khejurtala Sluice .dwg,Model,12/3/2018 3:26:50 PM,pc-2,Canon LBP3500,A3,1:170.693,
E:\BWDB MASUM Billah. 10-12-17\Masum B.  SDE DC-5 WORKS\Sluice\Reza Sir\khulna-2\Khejurtala sluice\Khejurtala Sluice .dwg,Model,12/3/2018 3:28:00 PM,pc-2,Canon LBP3500,A3,1:170.857,
E:\BWDB MASUM Billah. 10-12-17\Masum B.  SDE DC-5 WORKS\Sluice\Reza Sir\khulna-2\Khejurtala sluice\Khejurtala Sluice .dwg,Model,12/3/2018 3:35:12 PM,pc-2,Canon LBP3500,A3,1:178.465,
E:\BWDB MASUM Billah. 10-12-17\Masum B.  SDE DC-5 WORKS\Sluice\Reza Sir\khulna-2\Khejurtala sluice\Khejurtala Sluice .dwg,Model,12/3/2018 3:36:12 PM,pc-2,Canon LBP3500,A3,1:147.151,
E:\BWDB MASUM Billah. 10-12-17\Masum B.  SDE DC-5 WORKS\Sluice\Reza Sir\khulna-2\Khejurtala sluice\Khejurtala Sluice .dwg,Model,12/3/2018 3:37:04 PM,pc-2,Canon LBP3500,A3,1:151.671,
E:\BWDB MASUM Billah. 10-12-17\Masum B.  SDE DC-5 WORKS\Sluice\Reza Sir\khulna-2\Khejurtala sluice\Khejurtala Sluice .dwg,Model,12/3/2018 3:38:57 PM,pc-2,Canon LBP3500,A3,1:147.151,
E:\BWDB MASUM Billah. 10-12-17\Masum B.  SDE DC-5 WORKS\Sluice\Reza Sir\khulna-1\Badnakhali Sluice 2V\Badnakhali Sluice .dwg,Model,2/4/2019 10:55:09 AM,pc-2,Canon LBP3500,A3,1:80.7902,
E:\BWDB MASUM Billah. 10-12-17\Masum B.  SDE DC-5 WORKS\Sluice\Reza Sir\khulna-1\Badnakhali Sluice 2V\Badnakhali Sluice .dwg,Model,2/4/2019 10:55:56 AM,pc-2,Canon LBP3500,A3,1:181.538,
E:\BWDB MASUM Billah. 10-12-17\Masum B.  SDE DC-5 WORKS\Sluice\Reza Sir\khulna-1\Badnakhali Sluice 2V\Badnakhali Sluice .dwg,Model,2/4/2019 10:56:51 AM,pc-2,Canon LBP3500,A3,1:150.032,
E:\BWDB MASUM Billah. 10-12-17\Masum B.  SDE DC-5 WORKS\Sluice\Reza Sir\khulna-1\Badnakhali Sluice 2V\Badnakhali Sluice .dwg,Model,2/4/2019 10:57:38 AM,pc-2,Canon LBP3500,A3,1:150.032,
E:\BWDB MASUM Billah. 10-12-17\Masum B.  SDE DC-5 WORKS\Sluice\Reza Sir\khulna-1\Badnakhali Sluice 2V\Badnakhali Sluice .dwg,Model,2/4/2019 10:58:15 AM,pc-2,Canon LBP3500,A3,1:165.035,
E:\BWDB MASUM Billah. 10-12-17\Masum B.  SDE DC-5 WORKS\Sluice\Reza Sir\khulna-1\Badnakhali Sluice 2V\Badnakhali Sluice .dwg,Model,2/4/2019 10:58:43 AM,pc-2,Canon LBP3500,A3,1:150.032,
E:\BWDB MASUM Billah. 10-12-17\Masum B.  SDE DC-5 WORKS\Sluice\Reza Sir\khulna-1\Badnakhali Sluice 2V\Badnakhali Sluice .dwg,Model,2/4/2019 10:59:50 AM,pc-2,Canon LBP3500,A3,1:150.032,
E:\BWDB MASUM Billah. 10-12-17\Masum B.  SDE DC-5 WORKS\Sluice\Reza Sir\khulna-1\Badnakhali Sluice 2V\Badnakhali Sluice .dwg,Model,2/4/2019 11:00:18 AM,pc-2,Canon LBP3500,A3,1:178.465,
E:\BWDB MASUM Billah. 10-12-17\Masum B.  SDE DC-5 WORKS\Sluice\Reza Sir\khulna-1\Badnakhali Sluice 2V\Badnakhali Sluice .dwg,Model,2/4/2019 1:21:07 PM,pc-2,Canon LBP3500,A3,1:178.465,
E:\BWDB MASUM Billah. 10-12-17\Masum B.  SDE DC-5 WORKS\Sluice\Reza Sir\khulna-1\Badnakhali Sluice 2V\Badnakhali Sluice .dwg,Model,2/4/2019 1:21:34 PM,pc-2,Canon LBP3500,A3,1:178.465,
E:\BWDB MASUM Billah. 10-12-17\Masum B.  SDE DC-5 WORKS\Sluice\Reza Sir\khulna-1\Badnakhali Sluice 2V\Badnakhali Sluice .dwg,Model,2/4/2019 1:21:51 PM,pc-2,Canon LBP3500,A3,1:178.465,
E:\BWDB MASUM Billah. 10-12-17\Masum B.  SDE DC-5 WORKS\Sluice\Reza Sir\khulna-1\Badnakhali Sluice 2V\Badnakhali Sluice .dwg,Model,2/4/2019 1:22:14 PM,pc-2,Canon LBP3500,A3,1:178.465,
E:\BWDB MASUM Billah. 10-12-17\Masum B.  SDE DC-5 WORKS\Sluice\Reza Sir\khulna-1\Badnakhali Sluice 2V\Badnakhali Sluice .dwg,Model,2/4/2019 1:22:31 PM,pc-2,Canon LBP3500,A3,1:178.553,
E:\BWDB MASUM Billah. 10-12-17\Masum B.  SDE DC-5 WORKS\Sluice\Reza Sir\khulna-1\Badnakhali Sluice 2V\Badnakhali Sluice .dwg,Model,2/4/2019 1:23:01 PM,pc-2,Canon LBP3500,A3,1:165.035,
E:\BWDB MASUM Billah. 10-12-17\Masum B.  SDE DC-5 WORKS\Sluice\Reza Sir\khulna-1\Badnakhali Sluice 2V\Badnakhali Sluice .dwg,Model,2/4/2019 1:23:23 PM,pc-2,Canon LBP3500,A3,1:170.857,
E:\BWDB MASUM Billah. 10-12-17\Masum B.  SDE DC-5 WORKS\Sluice\Reza Sir\khulna-1\Badnakhali Sluice 2V\Badnakhali Sluice .dwg,Model,2/4/2019 1:23:42 PM,pc-2,Canon LBP3500,A3,1:170.857,
E:\BWDB MASUM Billah. 10-12-17\Masum B.  SDE DC-5 WORKS\Sluice\Reza Sir\khulna-1\Badnakhali Sluice 2V\Badnakhali Sluice .dwg,Model,2/4/2019 1:26:18 PM,pc-2,Canon LBP3500,A3,1:155.175,
E:\BWDB MASUM Billah. 10-12-17\Masum B.  SDE DC-5 WORKS\Sluice\Reza Sir\khulna-1\Badnakhali Sluice 2V\Badnakhali Sluice .dwg,Model,2/4/2019 1:26:39 PM,pc-2,Canon LBP3500,A3,1:120.613,
E:\BWDB MASUM Billah. 10-12-17\Masum B.  SDE DC-5 WORKS\Sluice\Reza Sir\khulna-1\Badnakhali Sluice 2V\Badnakhali Sluice .dwg,Model,2/4/2019 1:26:59 PM,pc-2,Canon LBP3500,A3,1:170.693,
E:\BWDB MASUM Billah. 10-12-17\Masum B.  SDE DC-5 WORKS\Sluice\Reza Sir\khulna-1\Badnakhali Sluice 2V\Badnakhali Sluice .dwg,Model,2/4/2019 1:27:17 PM,pc-2,Canon LBP3500,A3,1:150.032,
E:\BWDB MASUM Billah. 10-12-17\Masum B.  SDE DC-5 WORKS\Sluice\Reza Sir\khulna-1\Badnakhali Sluice 2V\Badnakhali Sluice .dwg,Model,2/4/2019 1:27:39 PM,pc-2,Canon LBP3500,A3,1:150.032,
E:\BWDB MASUM Billah. 10-12-17\Masum B.  SDE DC-5 WORKS\Sluice\Reza Sir\khulna-1\Badnakhali Sluice 2V\Badnakhali Sluice .dwg,Model,2/4/2019 1:28:00 PM,pc-2,Canon LBP3500,A3,1:150.032,
E:\BWDB MASUM Billah. 10-12-17\Masum B.  SDE DC-5 WORKS\Sluice\Reza Sir\khulna-1\Badnakhali Sluice 2V\Badnakhali Sluice .dwg,Model,2/6/2019 10:43:29 AM,pc-2,Canon LBP3500,A3,1:80.7902,
E:\BWDB MASUM Billah. 10-12-17\Masum B.  SDE DC-5 WORKS\Sluice\Reza Sir\khulna-1\Badnakhali Sluice 2V\Badnakhali Sluice .dwg,Model,2/6/2019 10:44:42 AM,pc-2,Canon LBP3500,A3,1:181.538,
E:\BWDB MASUM Billah. 10-12-17\Masum B.  SDE DC-5 WORKS\Sluice\Reza Sir\khulna-1\Badnakhali Sluice 2V\Badnakhali Sluice .dwg,Model,2/6/2019 10:45:05 AM,pc-2,Canon LBP3500,A3,1:150.032,
E:\BWDB MASUM Billah. 10-12-17\Masum B.  SDE DC-5 WORKS\Sluice\Reza Sir\khulna-1\Badnakhali Sluice 2V\Badnakhali Sluice .dwg,Model,2/6/2019 10:45:24 AM,pc-2,Canon LBP3500,A3,1:150.032,
E:\BWDB MASUM Billah. 10-12-17\Masum B.  SDE DC-5 WORKS\Sluice\Reza Sir\khulna-1\Badnakhali Sluice 2V\Badnakhali Sluice .dwg,Model,2/6/2019 10:45:53 AM,pc-2,Canon LBP3500,A3,1:165.035,
E:\BWDB MASUM Billah. 10-12-17\Masum B.  SDE DC-5 WORKS\Sluice\Reza Sir\khulna-1\Badnakhali Sluice 2V\Badnakhali Sluice .dwg,Model,2/6/2019 10:46:16 AM,pc-2,Canon LBP3500,A3,1:150.032,
E:\BWDB MASUM Billah. 10-12-17\Masum B.  SDE DC-5 WORKS\Sluice\Reza Sir\khulna-1\Badnakhali Sluice 2V\Badnakhali Sluice .dwg,Model,2/6/2019 10:46:44 AM,pc-2,Canon LBP3500,A3,1:150.032,
E:\BWDB MASUM Billah. 10-12-17\Masum B.  SDE DC-5 WORKS\Sluice\Reza Sir\khulna-1\Badnakhali Sluice 2V\Badnakhali Sluice .dwg,Model,2/6/2019 10:47:06 AM,pc-2,Canon LBP3500,A3,1:178.465,
E:\BWDB MASUM Billah. 10-12-17\Masum B.  SDE DC-5 WORKS\Sluice\Reza Sir\khulna-1\Badnakhali Sluice 2V\Badnakhali Sluice .dwg,Model,2/6/2019 10:49:08 AM,pc-2,Canon LBP3500,A3,1:178.553,
E:\BWDB MASUM Billah. 10-12-17\Masum B.  SDE DC-5 WORKS\Sluice\Reza Sir\khulna-1\Badnakhali Sluice 2V\Badnakhali Sluice .dwg,Model,2/6/2019 10:49:33 AM,pc-2,Canon LBP3500,A3,1:178.465,
E:\BWDB MASUM Billah. 10-12-17\Masum B.  SDE DC-5 WORKS\Sluice\Reza Sir\khulna-1\Badnakhali Sluice 2V\Badnakhali Sluice .dwg,Model,2/6/2019 10:49:53 AM,pc-2,Canon LBP3500,A3,1:178.553,
E:\BWDB MASUM Billah. 10-12-17\Masum B.  SDE DC-5 WORKS\Sluice\Reza Sir\khulna-1\Badnakhali Sluice 2V\Badnakhali Sluice .dwg,Model,2/6/2019 10:50:16 AM,pc-2,Canon LBP3500,A3,1:178.553,
E:\BWDB MASUM Billah. 10-12-17\Masum B.  SDE DC-5 WORKS\Sluice\Reza Sir\khulna-1\Badnakhali Sluice 2V\Badnakhali Sluice .dwg,Model,2/6/2019 10:50:36 AM,pc-2,Canon LBP3500,A3,1:178.553,
E:\BWDB MASUM Billah. 10-12-17\Masum B.  SDE DC-5 WORKS\Sluice\Reza Sir\khulna-1\Badnakhali Sluice 2V\Badnakhali Sluice .dwg,Model,2/6/2019 10:50:55 AM,pc-2,Canon LBP3500,A3,1:165.035,
E:\BWDB MASUM Billah. 10-12-17\Masum B.  SDE DC-5 WORKS\Sluice\Reza Sir\khulna-1\Badnakhali Sluice 2V\Badnakhali Sluice .dwg,Model,2/6/2019 10:51:19 AM,pc-2,Canon LBP3500,A3,1:170.857,
E:\BWDB MASUM Billah. 10-12-17\Masum B.  SDE DC-5 WORKS\Sluice\Reza Sir\khulna-1\Badnakhali Sluice 2V\Badnakhali Sluice .dwg,Model,2/6/2019 10:51:43 AM,pc-2,Canon LBP3500,A3,1:170.857,
E:\BWDB MASUM Billah. 10-12-17\Masum B.  SDE DC-5 WORKS\Sluice\Reza Sir\khulna-1\Badnakhali Sluice 2V\Badnakhali Sluice .dwg,Model,2/6/2019 10:52:17 AM,pc-2,Canon LBP3500,A3,1:155.175,
E:\BWDB MASUM Billah. 10-12-17\Masum B.  SDE DC-5 WORKS\Sluice\Reza Sir\khulna-1\Badnakhali Sluice 2V\Badnakhali Sluice .dwg,Model,2/6/2019 10:52:38 AM,pc-2,Canon LBP3500,A3,1:120.613,
E:\BWDB MASUM Billah. 10-12-17\Masum B.  SDE DC-5 WORKS\Sluice\Reza Sir\khulna-1\Badnakhali Sluice 2V\Badnakhali Sluice .dwg,Model,2/6/2019 10:53:11 AM,pc-2,Canon LBP3500,A3,1:170.693,
E:\BWDB MASUM Billah. 10-12-17\Masum B.  SDE DC-5 WORKS\Sluice\Reza Sir\khulna-1\Badnakhali Sluice 2V\Badnakhali Sluice .dwg,Model,2/6/2019 10:53:26 AM,pc-2,Canon LBP3500,A3,1:150.032,
E:\BWDB MASUM Billah. 10-12-17\Masum B.  SDE DC-5 WORKS\Sluice\Reza Sir\khulna-1\Badnakhali Sluice 2V\Badnakhali Sluice .dwg,Model,2/6/2019 10:53:44 AM,pc-2,Canon LBP3500,A3,1:150.032,
E:\BWDB MASUM Billah. 10-12-17\Masum B.  SDE DC-5 WORKS\Sluice\Reza Sir\khulna-1\Badnakhali Sluice 2V\Badnakhali Sluice .dwg,Model,2/6/2019 10:54:00 AM,pc-2,Canon LBP3500,A3,1:150.032,
I:\Badnakhali Sluice 2V\Badnakhali Sluice .dwg,Model,2/6/2019 2:17:01 PM,HP,HP LaserJet Pro M706 PCL 6.pc3,A3,1:80.1378,
I:\Badnakhali Sluice 2V\Badnakhali Sluice .dwg,Model,2/6/2019 2:17:29 PM,HP,HP LaserJet Pro M706 PCL 6.pc3,A3,1:179.526,
I:\Badnakhali Sluice 2V\Badnakhali Sluice .dwg,Model,2/6/2019 2:20:46 PM,HP,HP LaserJet Pro M706 PCL 6.pc3,A3,1:148.369,
I:\Badnakhali Sluice 2V\Badnakhali Sluice .dwg,Model,2/6/2019 2:21:06 PM,HP,HP LaserJet Pro M706 PCL 6.pc3,A3,1:148.456,
I:\Badnakhali Sluice 2V\Badnakhali Sluice .dwg,Model,2/6/2019 2:21:51 PM,HP,HP LaserJet Pro M706 PCL 6.pc3,A3,1:163.206,
I:\Badnakhali Sluice 2V\Badnakhali Sluice .dwg,Model,2/6/2019 2:22:14 PM,HP,HP LaserJet Pro M706 PCL 6.pc3,A3,1:148.369,
I:\Badnakhali Sluice 2V\Badnakhali Sluice .dwg,Model,2/6/2019 2:22:50 PM,HP,HP LaserJet Pro M706 PCL 6.pc3,A3,1:148.369,
I:\Badnakhali Sluice 2V\Badnakhali Sluice .dwg,Model,2/6/2019 2:23:10 PM,HP,HP LaserJet Pro M706 PCL 6.pc3,A3,1:176.487,
I:\Badnakhali Sluice 2V\Badnakhali Sluice .dwg,Model,2/6/2019 2:23:33 PM,HP,HP LaserJet Pro M706 PCL 6.pc3,A3,1:176.487,
I:\Badnakhali Sluice 2V\Badnakhali Sluice .dwg,Model,2/6/2019 2:23:57 PM,HP,HP LaserJet Pro M706 PCL 6.pc3,A3,1:176.487,
I:\Badnakhali Sluice 2V\Badnakhali Sluice .dwg,Model,2/6/2019 2:24:18 PM,HP,HP LaserJet Pro M706 PCL 6.pc3,A3,1:176.574,
I:\Badnakhali Sluice 2V\Badnakhali Sluice .dwg,Model,2/6/2019 2:24:37 PM,HP,HP LaserJet Pro M706 PCL 6.pc3,A3,1:176.487,
I:\Badnakhali Sluice 2V\Badnakhali Sluice .dwg,Model,2/6/2019 2:24:56 PM,HP,HP LaserJet Pro M706 PCL 6.pc3,A3,1:176.574,
I:\Badnakhali Sluice 2V\Badnakhali Sluice .dwg,Model,2/6/2019 2:25:14 PM,HP,HP LaserJet Pro M706 PCL 6.pc3,A3,1:163.206,
I:\Badnakhali Sluice 2V\Badnakhali Sluice .dwg,Model,2/6/2019 2:25:34 PM,HP,HP LaserJet Pro M706 PCL 6.pc3,A3,1:168.964,
I:\Badnakhali Sluice 2V\Badnakhali Sluice .dwg,Model,2/6/2019 2:25:55 PM,HP,HP LaserJet Pro M706 PCL 6.pc3,A3,1:168.964,
I:\Badnakhali Sluice 2V\Badnakhali Sluice .dwg,Model,2/6/2019 2:26:13 PM,HP,HP LaserJet Pro M706 PCL 6.pc3,A3,1:153.455,
I:\Badnakhali Sluice 2V\Badnakhali Sluice .dwg,Model,2/6/2019 2:26:31 PM,HP,HP LaserJet Pro M706 PCL 6.pc3,A3,1:119.277,
I:\Badnakhali Sluice 2V\Badnakhali Sluice .dwg,Model,2/6/2019 2:26:50 PM,HP,HP LaserJet Pro M706 PCL 6.pc3,A3,1:168.801,
I:\Badnakhali Sluice 2V\Badnakhali Sluice .dwg,Model,2/6/2019 2:27:07 PM,HP,HP LaserJet Pro M706 PCL 6.pc3,A3,1:148.369,
I:\Badnakhali Sluice 2V\Badnakhali Sluice .dwg,Model,2/6/2019 2:27:26 PM,HP,HP LaserJet Pro M706 PCL 6.pc3,A3,1:148.369,
I:\Badnakhali Sluice 2V\Badnakhali Sluice .dwg,Model,2/6/2019 2:30:06 PM,HP,HP LaserJet Pro M706 PCL 6.pc3,A3,1:148.369,
I:\Badnakhali Sluice 2V\Badnakhali Sluice .dwg,Model,2/6/2019 2:30:31 PM,HP,HP LaserJet Pro M706 PCL 6.pc3,A3,1:148.369,
D:\Reza Sir\khulna-1\Approved\Badnakhali Sluice 2V\Badnakhali Sluice 2V\Badnakhali Sluice .dwg,Model,25/02/2019 15:51:13,User,Canon LBP3500,A3,1:170.693,
D:\Reza Sir\khulna-1\Approved\Badnakhali Sluice 2V\Badnakhali Sluice 2V\Badnakhali Sluice .dwg,Model,25/02/2019 15:51:35,User,Canon LBP3500,A3,1:120.613,
D:\Reza Sir\khulna-1\Approved\Badnakhali Sluice 2V\Badnakhali Sluice 2V\Badnakhali Sluice .dwg,Model,25/02/2019 15:52:12,User,Canon LBP3500,A3,1:170.857,
D:\Reza Sir\khulna-1\Approved\Badnakhali Sluice 2V\Badnakhali Sluice 2V\Badnakhali Sluice .dwg,Model,25/02/2019 15:52:32,User,Canon LBP3500,A3,1:170.857,
D:\Reza Sir\khulna-1\Approved\Badnakhali Sluice 2V\Badnakhali Sluice 2V\Badnakhali Sluice .dwg,Model,25/02/2019 15:53:28,User,Canon LBP3500,A3,1:178.465,
D:\Reza Sir\khulna-1\Approved\Badnakhali Sluice 2V\Badnakhali Sluice 2V\Badnakhali Sluice .dwg,Model,25/02/2019 15:53:45,User,Canon LBP3500,A3,1:178.465,
D:\Reza Sir\khulna-1\Approved\Badnakhali Sluice 2V\Badnakhali Sluice 2V\Badnakhali Sluice .dwg,Model,26/02/2019 11:37:44,User,Canon LBP3500,A3,1:155.175,
D:\Reza Sir\khulna-1\Approved\Badnakhali Sluice 2V\Badnakhali Sluice 2V\Badnakhali Sluice .dwg,Model,26/02/2019 12:20:59,User,Canon LBP3500,A3,1:165.035,
D:\Reza Sir\khulna-1\Approved\Badnakhali Sluice 2V\Badnakhali Sluice 2V\Badnakhali Sluice .dwg,Model,26/02/2019 12:21:34,User,Canon LBP3500,A3,1:178.465,
D:\Reza Sir\khulna-1\Approved\Badnakhali Sluice 2V\Badnakhali Sluice 2V\Badnakhali Sluice .dwg,Model,26/02/2019 12:24:53,User,Canon LBP3500,A3,1:178.465,
D:\Reza Sir\khulna-1\Approved\Badnakhali Sluice 2V\Badnakhali Sluice 2V\Badnakhali Sluice .dwg,Model,26/02/2019 12:25:11,User,Canon LBP3500,A3,1:178.465,
D:\Reza Sir\khulna-1\Approved\Badnakhali Sluice 2V\Badnakhali Sluice 2V\Badnakhali Sluice .dwg,Model,26/02/2019 12:25:56,User,Canon LBP3500,A3,1:178.465,
D:\Reza Sir\khulna-1\Approved\Badnakhali Sluice 2V\Badnakhali Sluice 2V\Badnakhali Sluice .dwg,Model,26/02/2019 12:26:14,User,Canon LBP3500,A3,1:150.032,
D:\Reza Sir\khulna-1\Approved\Badnakhali Sluice 2V\Badnakhali Sluice 2V\Badnakhali Sluice .dwg,Model,26/02/2019 12:26:36,User,Canon LBP3500,A3,1:150.032,
D:\Reza Sir\khulna-1\Approved\Badnakhali Sluice 2V\Badnakhali Sluice 2V\Badnakhali Sluice .dwg,Model,26/02/2019 12:26:56,User,Canon LBP3500,A3,1:165.035,
D:\Reza Sir\khulna-1\Approved\Badnakhali Sluice 2V\Badnakhali Sluice 2V\Badnakhali Sluice .dwg,Model,26/02/2019 12:27:26,User,Canon LBP3500,A3,1:150.032,
D:\Reza Sir\khulna-1\Approved\Badnakhali Sluice 2V\Badnakhali Sluice 2V\Badnakhali Sluice .dwg,Model,26/02/2019 12:27:48,User,Canon LBP3500,A3,1:150.032,
D:\Reza Sir\khulna-1\Approved\Badnakhali Sluice 2V\Badnakhali Sluice 2V\Badnakhali Sluice .dwg,Model,26/02/2019 12:28:06,User,Canon LBP3500,A3,1:181.538,
D:\Reza Sir\khulna-1\Approved\Badnakhali Sluice 2V\Badnakhali Sluice 2V\Badnakhali Sluice .dwg,Model,26/02/2019 12:28:23,User,Canon LBP3500,A3,1:80.7902,
D:\Reza Sir\khulna-1\Approved\Badnakhali Sluice 2V\Badnakhali Sluice 2V\Badnakhali Sluice .dwg,Model,26/02/2019 12:29:16,User,Canon LBP3500,A3,1:120.613,
D:\Mahmudul Work\East Halia Sluice 2V\East Halia Sluice 2V\East Halia Sluice.dwg,Model,07/03/2019 11:11:37,User,Canon LBP3500,A3,1:79.9899,
D:\Mahmudul Work\East Halia Sluice 2V\East Halia Sluice 2V\East Halia Sluice.dwg,Model,07/03/2019 11:13:11,User,Canon LBP3500,A3,1:150.032,
D:\Mahmudul Work\East Halia Sluice 2V\East Halia Sluice 2V\East Halia Sluice.dwg,Model,07/03/2019 11:13:31,User,Canon LBP3500,A3,1:150.032,
D:\Mahmudul Work\East Halia Sluice 2V\East Halia Sluice 2V\East Halia Sluice.dwg,Model,07/03/2019 11:13:55,User,Canon LBP3500,A3,1:150.032,
D:\Mahmudul Work\East Halia Sluice 2V\East Halia Sluice 2V\East Halia Sluice.dwg,Model,07/03/2019 11:14:17,User,Canon LBP3500,A3,1:170.692,
D:\Mahmudul Work\East Halia Sluice 2V\East Halia Sluice 2V\East Halia Sluice.dwg,Model,07/03/2019 11:15:29,User,Canon LBP3500,A3,1:121.503,
D:\Mahmudul Work\East Halia Sluice 2V\East Halia Sluice 2V\East Halia Sluice.dwg,Model,07/03/2019 11:15:46,User,Canon LBP3500,A3,1:155.16,
D:\Mahmudul Work\East Halia Sluice 2V\East Halia Sluice 2V\East Halia Sluice.dwg,Model,07/03/2019 11:16:03,User,Canon LBP3500,A3,1:138.572,
D:\Mahmudul Work\East Halia Sluice 2V\East Halia Sluice 2V\East Halia Sluice.dwg,Model,07/03/2019 11:16:18,User,Canon LBP3500,A3,1:153.969,
D:\Mahmudul Work\East Halia Sluice 2V\East Halia Sluice 2V\East Halia Sluice.dwg,Model,07/03/2019 11:16:35,User,Canon LBP3500,A3,1:164.469,
D:\Mahmudul Work\East Halia Sluice 2V\East Halia Sluice 2V\East Halia Sluice.dwg,Model,07/03/2019 11:16:53,User,Canon LBP3500,A3,1:178.466,
D:\Mahmudul Work\East Halia Sluice 2V\East Halia Sluice 2V\East Halia Sluice.dwg,Model,07/03/2019 11:17:05,User,Canon LBP3500,A3,1:178.466,
D:\Mahmudul Work\East Halia Sluice 2V\East Halia Sluice 2V\East Halia Sluice.dwg,Model,07/03/2019 11:17:19,User,Canon LBP3500,A3,1:178.466,
D:\Mahmudul Work\East Halia Sluice 2V\East Halia Sluice 2V\East Halia Sluice.dwg,Model,07/03/2019 11:17:32,User,Canon LBP3500,A3,1:178.466,
D:\Mahmudul Work\East Halia Sluice 2V\East Halia Sluice 2V\East Halia Sluice.dwg,Model,07/03/2019 11:17:47,User,Canon LBP3500,A3,1:178.466,
D:\Mahmudul Work\East Halia Sluice 2V\East Halia Sluice 2V\East Halia Sluice.dwg,Model,07/03/2019 11:17:58,User,Canon LBP3500,A3,1:178.466,
D:\Mahmudul Work\East Halia Sluice 2V\East Halia Sluice 2V\East Halia Sluice.dwg,Model,07/03/2019 11:18:10,User,Canon LBP3500,A3,1:150.032,
D:\Mahmudul Work\East Halia Sluice 2V\East Halia Sluice 2V\East Halia Sluice.dwg,Model,07/03/2019 11:18:20,User,Canon LBP3500,A3,1:150.032,
D:\Mahmudul Work\East Halia Sluice 2V\East Halia Sluice 2V\East Halia Sluice.dwg,Model,07/03/2019 11:18:30,User,Canon LBP3500,A3,1:160.966,
D:\Mahmudul Work\East Halia Sluice 2V\East Halia Sluice 2V\East Halia Sluice.dwg,Model,07/03/2019 11:18:40,User,Canon LBP3500,A3,1:150.032,
D:\Mahmudul Work\East Halia Sluice 2V\East Halia Sluice 2V\East Halia Sluice.dwg,Model,07/03/2019 11:18:51,User,Canon LBP3500,A3,1:150.032,
D:\Mahmudul Work\East Halia Sluice 2V\East Halia Sluice 2V\East Halia Sluice.dwg,Model,07/03/2019 11:19:01,User,Canon LBP3500,A3,1:182.035,
D:\Mahmudul Work\East Halia Sluice 2V\East Halia Sluice 2V\East Halia Sluice.dwg,Model,07/03/2019 11:19:11,User,Canon LBP3500,A3,1:81.4072,
D:\Mahmudul Work\East Halia Sluice 2V\East Halia Sluice 2V\East Halia Sluice.dwg,Model,10/03/2019 16:20:16,User,Canon LBP3500,A3,1:79.9899,
D:\Mahmudul Work\East Halia Sluice 2V\East Halia Sluice 2V\East Halia Sluice.dwg,Model,10/03/2019 16:20:30,User,Canon LBP3500,A3,1:150.032,
D:\Mahmudul Work\East Halia Sluice 2V\East Halia Sluice 2V\East Halia Sluice.dwg,Model,10/03/2019 16:20:42,User,Canon LBP3500,A3,1:150.032,
D:\Mahmudul Work\East Halia Sluice 2V\East Halia Sluice 2V\East Halia Sluice.dwg,Model,10/03/2019 16:20:54,User,Canon LBP3500,A3,1:150.032,
D:\Mahmudul Work\East Halia Sluice 2V\East Halia Sluice 2V\East Halia Sluice.dwg,Model,10/03/2019 16:21:05,User,Canon LBP3500,A3,1:170.692,
D:\Mahmudul Work\East Halia Sluice 2V\East Halia Sluice 2V\East Halia Sluice.dwg,Model,10/03/2019 16:21:17,User,Canon LBP3500,A3,1:121.503,
D:\Mahmudul Work\East Halia Sluice 2V\East Halia Sluice 2V\East Halia Sluice.dwg,Model,10/03/2019 16:21:29,User,Canon LBP3500,A3,1:147.402,
D:\Mahmudul Work\East Halia Sluice 2V\East Halia Sluice 2V\East Halia Sluice.dwg,Model,10/03/2019 16:21:41,User,Canon LBP3500,A3,1:124.715,
D:\Mahmudul Work\East Halia Sluice 2V\East Halia Sluice 2V\East Halia Sluice.dwg,Model,10/03/2019 16:21:53,User,Canon LBP3500,A3,1:146.27,
D:\Mahmudul Work\East Halia Sluice 2V\East Halia Sluice 2V\East Halia Sluice.dwg,Model,10/03/2019 16:22:04,User,Canon LBP3500,A3,1:156.246,
D:\Mahmudul Work\East Halia Sluice 2V\East Halia Sluice 2V\East Halia Sluice.dwg,Model,10/03/2019 16:22:17,User,Canon LBP3500,A3,1:178.466,
D:\Mahmudul Work\East Halia Sluice 2V\East Halia Sluice 2V\East Halia Sluice.dwg,Model,10/03/2019 16:22:29,User,Canon LBP3500,A3,1:178.466,
D:\Mahmudul Work\East Halia Sluice 2V\East Halia Sluice 2V\East Halia Sluice.dwg,Model,10/03/2019 16:22:40,User,Canon LBP3500,A3,1:178.466,
D:\Mahmudul Work\East Halia Sluice 2V\East Halia Sluice 2V\East Halia Sluice.dwg,Model,10/03/2019 16:22:54,User,Canon LBP3500,A3,1:178.466,
D:\Mahmudul Work\East Halia Sluice 2V\East Halia Sluice 2V\East Halia Sluice.dwg,Model,10/03/2019 16:23:07,User,Canon LBP3500,A3,1:178.466,
D:\Mahmudul Work\East Halia Sluice 2V\East Halia Sluice 2V\East Halia Sluice.dwg,Model,10/03/2019 16:23:20,User,Canon LBP3500,A3,1:178.466,
D:\Mahmudul Work\East Halia Sluice 2V\East Halia Sluice 2V\East Halia Sluice.dwg,Model,10/03/2019 16:23:37,User,Canon LBP3500,A3,1:150.032,
D:\Completed Work(Mahmudul)\East Halia Sluice 2V\East Halia Sluice.dwg,Model,21/03/2019 15:29:08,User,Canon LBP3500,A3,1:178.466,
D:\Completed Work(Mahmudul)\East Halia Sluice 2V\East Halia Sluice.dwg,Model,21/03/2019 15:29:22,User,Canon LBP3500,A3,1:178.466,
D:\Completed Work(Mahmudul)\East Halia Sluice 2V\East Halia Sluice.dwg,Model,21/03/2019 15:29:35,User,Canon LBP3500,A3,1:178.466,
D:\Completed Work(Mahmudul)\East Halia Sluice 2V\East Halia Sluice.dwg,Model,21/03/2019 15:29:50,User,Canon LBP3500,A3,1:178.466,
D:\Completed Work(Mahmudul)\East Halia Sluice 2V\East Halia Sluice.dwg,Model,21/03/2019 15:29:59,User,Canon LBP3500,A3,1:178.466,
D:\Completed Work(Mahmudul)\East Halia Sluice 2V\East Halia Sluice.dwg,Model,21/03/2019 15:30:09,User,Canon LBP3500,A3,1:178.466,
G:\USB Drive\East Halia Sluice 2V\East Halia Sluice.dwg,Model,5/18/2022 12:37:12 PM,Rahul,Canon iR2520 UFRII LT.pc3,A3,1:170.692,
G:\USB Drive\East Halia Sluice 2V\East Halia Sluice.dwg,Model,5/18/2022 12:37:27 PM,Rahul,Canon iR2520 UFRII LT.pc3,A3,1:170.692,
G:\USB Drive\East Halia Sluice 2V\East Halia Sluice.dwg,Model,5/18/2022 12:37:45 PM,Rahul,Canon iR2520 UFRII LT.pc3,A3,1:121.503,
G:\USB Drive\East Halia Sluice 2V\East Halia Sluice.dwg,Model,5/18/2022 12:38:04 PM,Rahul,Canon iR2520 UFRII LT.pc3,A3,1:147.402,
G:\USB Drive\East Halia Sluice 2V\East Halia Sluice.dwg,Model,5/18/2022 12:38:21 PM,Rahul,Canon iR2520 UFRII LT.pc3,A3,1:124.715,
G:\USB Drive\East Halia Sluice 2V\East Halia Sluice.dwg,Model,5/18/2022 12:38:35 PM,Rahul,Canon iR2520 UFRII LT.pc3,A3,1:156.246,
G:\USB Drive\East Halia Sluice 2V\East Halia Sluice.dwg,Model,5/18/2022 12:38:49 PM,Rahul,Canon iR2520 UFRII LT.pc3,A3,1:178.466,
G:\USB Drive\East Halia Sluice 2V\East Halia Sluice.dwg,Model,5/18/2022 12:39:01 PM,Rahul,Canon iR2520 UFRII LT.pc3,A3,1:178.466,
G:\USB Drive\East Halia Sluice 2V\East Halia Sluice.dwg,Model,5/18/2022 12:39:15 PM,Rahul,Canon iR2520 UFRII LT.pc3,A3,1:178.466,
G:\USB Drive\East Halia Sluice 2V\East Halia Sluice.dwg,Model,5/18/2022 12:39:29 PM,Rahul,Canon iR2520 UFRII LT.pc3,A3,1:178.466,
G:\USB Drive\East Halia Sluice 2V\East Halia Sluice.dwg,Model,5/18/2022 12:39:46 PM,Rahul,Canon iR2520 UFRII LT.pc3,A3,1:178.466,
G:\USB Drive\East Halia Sluice 2V\East Halia Sluice.dwg,Model,5/18/2022 12:40:00 PM,Rahul,Canon iR2520 UFRII LT.pc3,A3,1:150.032,
G:\USB Drive\East Halia Sluice 2V\East Halia Sluice.dwg,Model,5/18/2022 12:40:15 PM,Rahul,Canon iR2520 UFRII LT.pc3,A3,1:182.035,
G:\USB Drive\East Halia Sluice 2V\East Halia Sluice.dwg,Model,5/18/2022 12:40:30 PM,Rahul,Canon iR2520 UFRII LT.pc3,A3,1:160.966,
G:\USB Drive\East Halia Sluice 2V\East Halia Sluice.dwg,Model,5/18/2022 12:41:02 PM,Rahul,Canon iR2520 UFRII LT.pc3,A3,1:150.032,
G:\USB Drive\East Halia Sluice 2V\East Halia Sluice.dwg,Model,5/18/2022 12:41:18 PM,Rahul,Canon iR2520 UFRII LT.pc3,A3,1:150.032,
G:\USB Drive\East Halia Sluice 2V\East Halia Sluice.dwg,Model,5/18/2022 12:41:34 PM,Rahul,Canon iR2520 UFRII LT.pc3,A3,1:81.4072,
