03/30/2022 18:39:28	Reading UID database.
03/30/2022 18:39:28	Start loading STAAD model.
03/30/2022 18:39:29	Reading model file.
03/30/2022 18:39:29	Reading model file is complete.
03/30/2022 18:39:29	Processing support.
03/30/2022 18:39:29	Processing springs.
03/30/2022 18:39:29	Processing properties.
03/30/2022 18:39:29	Processing physical properties.
03/30/2022 18:39:29	Processing constants.
03/30/2022 18:39:29	Processing surface constants.
03/30/2022 18:39:29	Processing BETA constants.
03/30/2022 18:39:29	Processing hidden analytical member loads.
03/30/2022 18:39:29	Processing command list for member release.
03/30/2022 18:39:29	Processing command list for member offset.
03/30/2022 18:39:29	Processing command list for member specs (cracked).
03/30/2022 18:39:29	Processing command list for member specs (axial).
03/30/2022 18:39:29	Processing command list for element release.
03/30/2022 18:39:29	Processing command list for element offset.
03/30/2022 18:39:29	Processing command list for element plate stress directive.
03/30/2022 18:39:29	Processing parameter for Chinese wind load case.
03/30/2022 18:39:29	End Processing command list.
03/30/2022 18:39:29	End loading STAAD model.
