17:30:22	Initializing STAAD Engine
17:30:22	Run stream set up is complete.
17:30:22	Initialize license libraries.
17:30:22	License libraries initialized.
17:30:22	Starting license(s) for A & D engine.
17:30:26	License Status: Ok
17:30:26	License information set up is complete.
****************************************************************************
*                            START OF ANALYSIS                             *
****************************************************************************
* Initiating Analysis At Tue Jun  7 17:30:26 2022
                          PROGRAM: STAAD.Pro
                          VERSION: 22.08.00.175
                17:30:26:10  ENTERING STAAD
                17:30:26:11  USING 64 BIT STAAD ENGINE
                17:30:26:11  ENTERING MAINN
                17:30:26:11  START JOB INFORMATION
                17:30:26:11  INPUT WIDTH 79
                17:30:26:11  UNIT INCHES KIP
                17:30:26:11  JOINT COORDINATES
                17:30:26:11  ENTERING JOINTC
                17:30:26:11  JOINTC NEWJ                                 400000
                17:30:26:11  MAX NODE NO.                                     4
                17:30:26:12  MEMBER INCIDENCES
                17:30:26:12  DEFINE MATERIAL START
                17:30:26:12  MEMBER PROPERTY
                17:30:26:28    ++ Finished Reading Member Properties ...
                17:30:26:28  CONSTANTS
                17:30:26:28  SUPPORTS
                17:30:26:28  ENTERING SUPPORT
                17:30:26:28  LOAD 1 LOADTYPE NONE
                17:30:26:28  DUPLICATE ELEMENT CHECK
                17:30:26:28  CHECKING STRUCTURAL INTEGRITY
                17:30:26:28  CHECK UNCONNECTED JOINTS AND
                17:30:26:28  CALCULATE MAX JOINT CONNECTIVITY
                17:30:26:28  CHECK MULTIPLE STRUCTURES
                17:30:26:29  ENTERING SUPPORT
                17:30:26:29  NRJOLD                                           0
                17:30:26:29  SUPPORT NOLD                                     0
                17:30:26:29  SUPPORT N                                       12
                17:30:26:29  BEFORE LOADPR
                17:30:26:29  REOPEN AS DIR                                    0
                17:30:26:29  ENTER LOADPR
                17:30:26:30  PERFORM ANALYSIS PRIN
                17:30:26:30  pdel iter                                        0
                17:30:26:30  MAXIMUM E =                           3.150000E+03
                17:30:26:30  MINIMUM E =                           3.150000E+03
                17:30:26:30  MBW DOF BAND=                                    1
                17:30:26:30  NUMBER OF PRIMARY CASES                          1
                17:30:26:30  NUMBER OF CASES                                 52
                17:30:26:30  #OF CASES W/ELEM INMEMORY                       52
                17:30:26:30  Using 64-bit analysis engine
                17:30:26:30  BEFORE SOLVER 1
                17:30:26:31  Start Input for Next Load Case
                17:30:26:31  case no=    1 seq. no=   1 idynl= 0
                17:30:26:31  MASSSET                                          0
                17:30:26:31  LOADEND ISLAVE                                   0
                17:30:26:31  NVPREV                                           0
                17:30:26:31  AMAXNON                               2.100000E+00
                17:30:26:31  IRECSIZL=                                     4000
                17:30:26:32  MTX BLOCKSIZE=                                  12
                17:30:26:32  MI=                                             12
                17:30:26:32  NORECL=                                          1
                17:30:26:32  NORECL1=                                         1
                17:30:26:32  IWORD=                                       32000
                17:30:26:32  JRECSIZE=                                     4000
                17:30:26:32  IWORDJ=                                      32000
                17:30:26:32  IBYTE=                                           4
                17:30:26:32  JOINTS=                                          4
                17:30:26:32  MEMBERS=                                         4
                17:30:26:32  PLATES =                                         0
                17:30:26:32  SOLIDS =                                         0
                17:30:26:32  NO. OF EQUATIONS=                               12
                17:30:26:32  idyn=                                            0
                17:30:26:33  ipd=                                             0
                17:30:26:33  icablanl=                                        0
                17:30:26:33  ++ Processing Element Stiffness Matrix.
                17:30:26:33  NV1                                              1
                17:30:26:44  ++ Calculating Element Forces & Reactions.
                17:30:26:45  COMBINATION CASES=                               0
                17:30:26:45  MAX CM MEMORY (KILOWORDS)                       24
                17:30:26:45  AFTER SOLVER 1
                17:30:26:45  REOPEN AS SEQ                                    0
                17:30:26:45  FINISH
                17:30:26:45  All Commands FINISHed
                17:30:26:46  DATASAVE for SPRO GUI
                17:30:26:46  ++ Creating Displacement File (DSP)...
                17:30:26:47  ++ Creating Reaction File (REA)...
                17:30:26:47  ++ Creating Section Force File (BEN)...
                17:30:26:47  ENTERING SECTNM110 IQ=                           4
                17:30:26:47               NSEC=                              11
                17:30:26:47             ISECTN=                               0
                17:30:26:49  SECTNM110 DO 925
                17:30:26:49  ++ Creating Section Force File (BMD)...
                17:30:26:50  ++ Creating Section Displace File (SEC)...
                17:30:26:50  ENTERING ENVLP1 ITYP1=                          -5
                17:30:26:50  SECT DISPLACE
                17:30:26:54  ++ Creating Section Displace File (SCN)...
                17:30:26:55  ALLOCATED CM MEMORY (KILOWORDS)             300000
                17:30:26:55  MAX CM MEMORY (KILOWORDS)                       24
                17:30:26:55  DBS LONG SEC NAME
* End Of Analysis At Tue Jun  7 17:30:26 2022
* CPU usage = 0.534000
* STAAD Exit Code: 100, Warning Count: 0, Error Count: 0, Duration: 0.534
1 0 0 0.534
****************************************************************************
*                            END OF ANALYSIS                               *
****************************************************************************
